0 info it worked if it ends with ok
1 verbose cli [
1 verbose cli   '/usr/local/bin/node',
1 verbose cli   '/usr/local/bin/npm',
1 verbose cli   'install',
1 verbose cli   '--ignore-scripts',
1 verbose cli   '@types/abbrev@ts3.6',
1 verbose cli   '@types/accepts@ts3.6',
1 verbose cli   '@types/ansi-align@ts3.6',
1 verbose cli   '@types/are-we-there-yet@ts3.6',
1 verbose cli   '@types/asn1@ts3.6',
1 verbose cli   '@types/assert-plus@ts3.6',
1 verbose cli   '@types/aws4@ts3.6',
1 verbose cli   '@types/balanced-match@ts3.6',
1 verbose cli   '@types/body-parser@ts3.6',
1 verbose cli   '@types/brace-expansion@ts3.6',
1 verbose cli   '@types/braces@ts3.6',
1 verbose cli   '@types/bytes@ts3.6',
1 verbose cli   '@types/caseless@ts3.6',
1 verbose cli   '@types/chownr@ts3.6',
1 verbose cli   '@types/color-convert@ts3.6',
1 verbose cli   '@types/color-name@ts3.6',
1 verbose cli   '@types/combined-stream@ts3.6',
1 verbose cli   '@types/concat-map@ts3.6',
1 verbose cli   '@types/configstore@ts3.6',
1 verbose cli   '@types/content-disposition@ts3.6',
1 verbose cli   '@types/content-type@ts3.6',
1 verbose cli   '@types/cookie@ts3.6',
1 verbose cli   '@types/cookie-signature@ts3.6',
1 verbose cli   '@types/dashdash@ts3.6',
1 verbose cli   '@types/debug@ts3.6',
1 verbose cli   '@types/deep-extend@ts3.6',
1 verbose cli   '@types/delegates@ts3.6',
1 verbose cli   '@types/depd@ts3.6',
1 verbose cli   '@types/destroy@ts3.6',
1 verbose cli   '@types/detect-libc@ts3.6',
1 verbose cli   '@types/duplexer3@ts3.6',
1 verbose cli   '@types/ee-first@ts3.6',
1 verbose cli   '@types/encodeurl@ts3.6',
1 verbose cli   '@types/end-of-stream@ts3.6',
1 verbose cli   '@types/escape-html@ts3.6',
1 verbose cli   '@types/etag@ts3.6',
1 verbose cli   '@types/extend@ts3.6',
1 verbose cli   '@types/extsprintf@ts3.6',
1 verbose cli   '@types/fill-range@ts3.6',
1 verbose cli   '@types/finalhandler@ts3.6',
1 verbose cli   '@types/forever-agent@ts3.6',
1 verbose cli   '@types/forwarded@ts3.6',
1 verbose cli   '@types/fresh@ts3.6',
1 verbose cli   '@types/fs-minipass@ts3.6',
1 verbose cli   '@types/gauge@ts3.6',
1 verbose cli   '@types/getpass@ts3.6',
1 verbose cli   '@types/glob-parent@ts3.6',
1 verbose cli   '@types/graceful-fs@ts3.6',
1 verbose cli   '@types/http-cache-semantics@ts3.6',
1 verbose cli   '@types/http-errors@ts3.6',
1 verbose cli   '@types/ignore-walk@ts3.6',
1 verbose cli   '@types/imurmurhash@ts3.6',
1 verbose cli   '@types/inherits@ts3.6',
1 verbose cli   '@types/ini@ts3.6',
1 verbose cli   '@types/is-ci@ts3.6',
1 verbose cli   '@types/is-glob@ts3.6',
1 verbose cli   '@types/is-number@ts3.6',
1 verbose cli   '@types/is-typedarray@ts3.6',
1 verbose cli   '@types/isarray@ts3.6',
1 verbose cli   '@types/isexe@ts3.6',
1 verbose cli   '@types/isstream@ts3.6',
1 verbose cli   '@types/jsbn@ts3.6',
1 verbose cli   '@types/json-buffer@ts3.6',
1 verbose cli   '@types/json-schema@ts3.6',
1 verbose cli   '@types/json-stringify-safe@ts3.6',
1 verbose cli   '@types/media-typer@ts3.6',
1 verbose cli   '@types/merge-descriptors@ts3.6',
1 verbose cli   '@types/methods@ts3.6',
1 verbose cli   '@types/mime@ts3.6',
1 verbose cli   '@types/mime-db@ts3.6',
1 verbose cli   '@types/mime-types@ts3.6',
1 verbose cli   '@types/minimist@ts3.6',
1 verbose cli   '@types/minizlib@ts3.6',
1 verbose cli   '@types/ms@ts3.6',
1 verbose cli   '@types/needle@ts3.6',
1 verbose cli   '@types/negotiator@ts3.6',
1 verbose cli   '@types/nopt@ts3.6',
1 verbose cli   '@types/normalize-path@ts3.6',
1 verbose cli   '@types/npm-packlist@ts3.6',
1 verbose cli   '@types/npmlog@ts3.6',
1 verbose cli   '@types/number-is-nan@ts3.6',
1 verbose cli   '@types/object-assign@ts3.6',
1 verbose cli   '@types/on-finished@ts3.6',
1 verbose cli   '@types/once@ts3.6',
1 verbose cli   '@types/os-homedir@ts3.6',
1 verbose cli   '@types/os-tmpdir@ts3.6',
1 verbose cli   '@types/osenv@ts3.6',
1 verbose cli   '@types/parseurl@ts3.6',
1 verbose cli   '@types/path-is-absolute@ts3.6',
1 verbose cli   '@types/picomatch@ts3.6',
1 verbose cli   '@types/proxy-addr@ts3.6',
1 verbose cli   '@types/psl@ts3.6',
1 verbose cli   '@types/pump@ts3.6',
1 verbose cli   '@types/punycode@ts3.6',
1 verbose cli   '@types/qs@ts3.6',
1 verbose cli   '@types/range-parser@ts3.6',
1 verbose cli   ... 34 more items
1 verbose cli ]
2 info using npm@6.14.6
3 info using node@v12.18.3
4 verbose npm-session cd6c3eb21fd6737a
5 silly install loadCurrentTree
6 silly install readLocalPackageData
7 http fetch GET 200 https://registry.npmjs.org/@types%2fansi-align 1584ms
8 silly fetchPackageMetaData error for @types/ansi-align@ts3.6 No matching version found for @types/ansi-align@ts3.6.
9 http fetch GET 304 https://registry.npmjs.org/@types%2fabbrev 1606ms (from cache)
10 http fetch GET 304 https://registry.npmjs.org/@types%2fare-we-there-yet 1611ms (from cache)
11 http fetch GET 304 https://registry.npmjs.org/@types%2faws4 1604ms (from cache)
12 http fetch GET 304 https://registry.npmjs.org/@types%2fbalanced-match 1605ms (from cache)
13 silly pacote tag manifest for @types/abbrev@ts3.6 fetched in 1641ms
14 http fetch GET 304 https://registry.npmjs.org/@types%2fbrace-expansion 1608ms (from cache)
15 http fetch GET 304 https://registry.npmjs.org/@types%2fbody-parser 1610ms (from cache)
16 silly pacote tag manifest for @types/are-we-there-yet@ts3.6 fetched in 1623ms
17 silly pacote tag manifest for @types/aws4@ts3.6 fetched in 1615ms
18 silly pacote tag manifest for @types/balanced-match@ts3.6 fetched in 1615ms
19 silly pacote tag manifest for @types/brace-expansion@ts3.6 fetched in 1618ms
20 silly pacote tag manifest for @types/body-parser@ts3.6 fetched in 1623ms
21 http fetch GET 304 https://registry.npmjs.org/@types%2fbraces 126ms (from cache)
22 silly pacote tag manifest for @types/braces@ts3.6 fetched in 129ms
23 http fetch GET 304 https://registry.npmjs.org/@types%2fbytes 181ms (from cache)
24 http fetch GET 304 https://registry.npmjs.org/@types%2fcaseless 179ms (from cache)
25 silly pacote tag manifest for @types/bytes@ts3.6 fetched in 188ms
26 silly pacote tag manifest for @types/caseless@ts3.6 fetched in 184ms
27 http fetch GET 304 https://registry.npmjs.org/@types%2fcolor-convert 185ms (from cache)
28 http fetch GET 304 https://registry.npmjs.org/@types%2fchownr 189ms (from cache)
29 http fetch GET 304 https://registry.npmjs.org/@types%2fcolor-name 188ms (from cache)
30 http fetch GET 304 https://registry.npmjs.org/@types%2fcombined-stream 191ms (from cache)
31 silly pacote tag manifest for @types/color-convert@ts3.6 fetched in 202ms
32 silly pacote tag manifest for @types/chownr@ts3.6 fetched in 207ms
33 silly pacote tag manifest for @types/color-name@ts3.6 fetched in 201ms
34 silly pacote tag manifest for @types/combined-stream@ts3.6 fetched in 198ms
35 http fetch GET 304 https://registry.npmjs.org/@types%2fcookie 167ms (from cache)
36 http fetch GET 304 https://registry.npmjs.org/@types%2fcontent-type 170ms (from cache)
37 silly pacote tag manifest for @types/cookie@ts3.6 fetched in 171ms
38 http fetch GET 304 https://registry.npmjs.org/@types%2fcontent-disposition 195ms (from cache)
39 http fetch GET 304 https://registry.npmjs.org/@types%2fcookie-signature 170ms (from cache)
40 silly pacote tag manifest for @types/content-type@ts3.6 fetched in 177ms
41 silly pacote tag manifest for @types/content-disposition@ts3.6 fetched in 200ms
42 silly pacote tag manifest for @types/cookie-signature@ts3.6 fetched in 176ms
43 http fetch GET 304 https://registry.npmjs.org/@types%2faccepts 2077ms (from cache)
44 silly pacote tag manifest for @types/accepts@ts3.6 fetched in 2079ms
45 http fetch GET 304 https://registry.npmjs.org/@types%2fdebug 124ms (from cache)
46 silly pacote tag manifest for @types/debug@ts3.6 fetched in 126ms
47 http fetch GET 304 https://registry.npmjs.org/@types%2fdepd 145ms (from cache)
48 silly pacote tag manifest for @types/depd@ts3.6 fetched in 147ms
49 http fetch GET 304 https://registry.npmjs.org/@types%2fdestroy 122ms (from cache)
50 silly pacote tag manifest for @types/destroy@ts3.6 fetched in 124ms
51 http fetch GET 304 https://registry.npmjs.org/@types%2fee-first 128ms (from cache)
52 silly pacote tag manifest for @types/ee-first@ts3.6 fetched in 129ms
53 http fetch GET 304 https://registry.npmjs.org/@types%2fencodeurl 133ms (from cache)
54 silly pacote tag manifest for @types/encodeurl@ts3.6 fetched in 137ms
55 http fetch GET 200 https://registry.npmjs.org/@types%2fdelegates 708ms
56 silly fetchPackageMetaData error for @types/delegates@ts3.6 No matching version found for @types/delegates@ts3.6.
57 http fetch GET 304 https://registry.npmjs.org/@types%2fassert-plus 2913ms (from cache)
58 http fetch GET 304 https://registry.npmjs.org/@types%2fasn1 2916ms (from cache)
59 silly pacote tag manifest for @types/assert-plus@ts3.6 fetched in 2914ms
60 silly pacote tag manifest for @types/asn1@ts3.6 fetched in 2917ms
61 http fetch GET 304 https://registry.npmjs.org/@types%2fconfigstore 1485ms (from cache)
62 silly pacote tag manifest for @types/configstore@ts3.6 fetched in 1486ms
63 http fetch GET 304 https://registry.npmjs.org/@types%2fconcat-map 1591ms (from cache)
64 silly pacote tag manifest for @types/concat-map@ts3.6 fetched in 1592ms
65 http fetch GET 304 https://registry.npmjs.org/@types%2fduplexer3 1446ms (from cache)
66 silly pacote tag manifest for @types/duplexer3@ts3.6 fetched in 1449ms
67 http fetch GET 304 https://registry.npmjs.org/@types%2fdashdash 2357ms (from cache)
68 silly pacote tag manifest for @types/dashdash@ts3.6 fetched in 2358ms
69 http fetch GET 304 https://registry.npmjs.org/@types%2fescape-html 1554ms (from cache)
70 http fetch GET 304 https://registry.npmjs.org/@types%2fdeep-extend 2265ms (from cache)
71 silly pacote tag manifest for @types/escape-html@ts3.6 fetched in 1556ms
72 silly pacote tag manifest for @types/deep-extend@ts3.6 fetched in 2267ms
73 http fetch GET 304 https://registry.npmjs.org/@types%2ffresh 119ms (from cache)
74 silly pacote tag manifest for @types/fresh@ts3.6 fetched in 121ms
75 http fetch GET 304 https://registry.npmjs.org/@types%2fforwarded 143ms (from cache)
76 silly pacote tag manifest for @types/forwarded@ts3.6 fetched in 146ms
77 http fetch GET 304 https://registry.npmjs.org/@types%2fextend 1567ms (from cache)
78 silly pacote tag manifest for @types/extend@ts3.6 fetched in 1569ms
79 http fetch GET 200 https://registry.npmjs.org/@types%2ffs-minipass 114ms
80 silly fetchPackageMetaData error for @types/fs-minipass@ts3.6 No matching version found for @types/fs-minipass@ts3.6.
81 http fetch GET 200 https://registry.npmjs.org/@types%2fgauge 101ms
82 silly fetchPackageMetaData error for @types/gauge@ts3.6 No matching version found for @types/gauge@ts3.6.
83 http fetch GET 304 https://registry.npmjs.org/@types%2fdetect-libc 2460ms (from cache)
84 silly pacote tag manifest for @types/detect-libc@ts3.6 fetched in 2462ms
85 http fetch GET 304 https://registry.npmjs.org/@types%2fglob-parent 138ms (from cache)
86 http fetch GET 304 https://registry.npmjs.org/@types%2fgraceful-fs 130ms (from cache)
87 silly pacote tag manifest for @types/glob-parent@ts3.6 fetched in 143ms
88 silly pacote tag manifest for @types/graceful-fs@ts3.6 fetched in 135ms
89 http fetch GET 304 https://registry.npmjs.org/@types%2fhttp-cache-semantics 119ms (from cache)
90 silly pacote tag manifest for @types/http-cache-semantics@ts3.6 fetched in 122ms
91 http fetch GET 304 https://registry.npmjs.org/@types%2fhttp-errors 121ms (from cache)
92 silly pacote tag manifest for @types/http-errors@ts3.6 fetched in 124ms
93 http fetch GET 200 https://registry.npmjs.org/@types%2ffill-range 1500ms
94 silly fetchPackageMetaData error for @types/fill-range@ts3.6 No matching version found for @types/fill-range@ts3.6.
95 http fetch GET 304 https://registry.npmjs.org/@types%2fimurmurhash 125ms (from cache)
96 silly pacote tag manifest for @types/imurmurhash@ts3.6 fetched in 128ms
97 http fetch GET 304 https://registry.npmjs.org/@types%2fend-of-stream 2439ms (from cache)
98 silly pacote tag manifest for @types/end-of-stream@ts3.6 fetched in 2441ms
99 http fetch GET 304 https://registry.npmjs.org/@types%2finherits 127ms (from cache)
100 silly pacote tag manifest for @types/inherits@ts3.6 fetched in 130ms
101 http fetch GET 304 https://registry.npmjs.org/@types%2fini 119ms (from cache)
102 silly pacote tag manifest for @types/ini@ts3.6 fetched in 121ms
103 http fetch GET 304 https://registry.npmjs.org/@types%2fis-ci 148ms (from cache)
104 silly pacote tag manifest for @types/is-ci@ts3.6 fetched in 150ms
105 http fetch GET 304 https://registry.npmjs.org/@types%2fis-glob 129ms (from cache)
106 silly pacote tag manifest for @types/is-glob@ts3.6 fetched in 133ms
107 http fetch GET 304 https://registry.npmjs.org/@types%2fis-typedarray 123ms (from cache)
108 silly pacote tag manifest for @types/is-typedarray@ts3.6 fetched in 125ms
109 http fetch GET 304 https://registry.npmjs.org/@types%2fisarray 115ms (from cache)
110 silly pacote tag manifest for @types/isarray@ts3.6 fetched in 116ms
111 http fetch GET 304 https://registry.npmjs.org/@types%2fisexe 117ms (from cache)
112 silly pacote tag manifest for @types/isexe@ts3.6 fetched in 119ms
113 http fetch GET 304 https://registry.npmjs.org/@types%2fisstream 114ms (from cache)
114 silly pacote tag manifest for @types/isstream@ts3.6 fetched in 116ms
115 http fetch GET 304 https://registry.npmjs.org/@types%2ffinalhandler 1585ms (from cache)
116 silly pacote tag manifest for @types/finalhandler@ts3.6 fetched in 1587ms
117 http fetch GET 304 https://registry.npmjs.org/@types%2fgetpass 733ms (from cache)
118 silly pacote tag manifest for @types/getpass@ts3.6 fetched in 734ms
119 http fetch GET 304 https://registry.npmjs.org/@types%2fjsbn 126ms (from cache)
120 silly pacote tag manifest for @types/jsbn@ts3.6 fetched in 128ms
121 http fetch GET 304 https://registry.npmjs.org/@types%2fjson-buffer 105ms (from cache)
122 silly pacote tag manifest for @types/json-buffer@ts3.6 fetched in 107ms
123 http fetch GET 304 https://registry.npmjs.org/@types%2fjson-schema 106ms (from cache)
124 silly pacote tag manifest for @types/json-schema@ts3.6 fetched in 108ms
125 http fetch GET 304 https://registry.npmjs.org/@types%2fjson-stringify-safe 142ms (from cache)
126 silly pacote tag manifest for @types/json-stringify-safe@ts3.6 fetched in 144ms
127 http fetch GET 304 https://registry.npmjs.org/@types%2fetag 2417ms (from cache)
128 silly pacote tag manifest for @types/etag@ts3.6 fetched in 2420ms
129 http fetch GET 304 https://registry.npmjs.org/@types%2fmedia-typer 146ms (from cache)
130 silly pacote tag manifest for @types/media-typer@ts3.6 fetched in 149ms
131 http fetch GET 304 https://registry.npmjs.org/@types%2fmerge-descriptors 153ms (from cache)
132 silly pacote tag manifest for @types/merge-descriptors@ts3.6 fetched in 158ms
133 http fetch GET 304 https://registry.npmjs.org/@types%2fmethods 139ms (from cache)
134 http fetch GET 304 https://registry.npmjs.org/@types%2fmime 125ms (from cache)
135 silly pacote tag manifest for @types/methods@ts3.6 fetched in 145ms
136 silly pacote tag manifest for @types/mime@ts3.6 fetched in 127ms
137 http fetch GET 304 https://registry.npmjs.org/@types%2fmime-db 120ms (from cache)
138 silly pacote tag manifest for @types/mime-db@ts3.6 fetched in 122ms
139 http fetch GET 304 https://registry.npmjs.org/@types%2fmime-types 119ms (from cache)
140 silly pacote tag manifest for @types/mime-types@ts3.6 fetched in 124ms
141 http fetch GET 304 https://registry.npmjs.org/@types%2fminimist 133ms (from cache)
142 silly pacote tag manifest for @types/minimist@ts3.6 fetched in 135ms
143 http fetch GET 304 https://registry.npmjs.org/@types%2fminizlib 116ms (from cache)
144 silly pacote tag manifest for @types/minizlib@ts3.6 fetched in 120ms
145 http fetch GET 304 https://registry.npmjs.org/@types%2fms 132ms (from cache)
146 silly pacote tag manifest for @types/ms@ts3.6 fetched in 134ms
147 http fetch GET 304 https://registry.npmjs.org/@types%2fnegotiator 110ms (from cache)
148 silly pacote tag manifest for @types/negotiator@ts3.6 fetched in 111ms
149 http fetch GET 304 https://registry.npmjs.org/@types%2fnopt 144ms (from cache)
150 silly pacote tag manifest for @types/nopt@ts3.6 fetched in 147ms
151 http fetch GET 304 https://registry.npmjs.org/@types%2fnormalize-path 125ms (from cache)
152 http fetch GET 304 https://registry.npmjs.org/@types%2fnpm-packlist 120ms (from cache)
153 silly pacote tag manifest for @types/normalize-path@ts3.6 fetched in 128ms
154 silly pacote tag manifest for @types/npm-packlist@ts3.6 fetched in 122ms
155 http fetch GET 304 https://registry.npmjs.org/@types%2fnpmlog 117ms (from cache)
156 silly pacote tag manifest for @types/npmlog@ts3.6 fetched in 118ms
157 http fetch GET 304 https://registry.npmjs.org/@types%2fextsprintf 2441ms (from cache)
158 silly pacote tag manifest for @types/extsprintf@ts3.6 fetched in 2443ms
159 http fetch GET 304 https://registry.npmjs.org/@types%2fon-finished 122ms (from cache)
160 silly pacote tag manifest for @types/on-finished@ts3.6 fetched in 124ms
161 http fetch GET 304 https://registry.npmjs.org/@types%2fforever-agent 1581ms (from cache)
162 silly pacote tag manifest for @types/forever-agent@ts3.6 fetched in 1582ms
163 http fetch GET 304 https://registry.npmjs.org/@types%2fos-tmpdir 138ms (from cache)
164 silly pacote tag manifest for @types/os-tmpdir@ts3.6 fetched in 140ms
165 http fetch GET 304 https://registry.npmjs.org/@types%2fparseurl 119ms (from cache)
166 silly pacote tag manifest for @types/parseurl@ts3.6 fetched in 122ms
167 http fetch GET 304 https://registry.npmjs.org/@types%2fpicomatch 112ms (from cache)
168 silly pacote tag manifest for @types/picomatch@ts3.6 fetched in 117ms
169 http fetch GET 304 https://registry.npmjs.org/@types%2fproxy-addr 108ms (from cache)
170 silly pacote tag manifest for @types/proxy-addr@ts3.6 fetched in 111ms
171 http fetch GET 304 https://registry.npmjs.org/@types%2fignore-walk 1553ms (from cache)
172 silly pacote tag manifest for @types/ignore-walk@ts3.6 fetched in 1555ms
173 http fetch GET 304 https://registry.npmjs.org/@types%2fpsl 110ms (from cache)
174 silly pacote tag manifest for @types/psl@ts3.6 fetched in 113ms
175 http fetch GET 304 https://registry.npmjs.org/@types%2fpump 115ms (from cache)
176 silly pacote tag manifest for @types/pump@ts3.6 fetched in 119ms
177 http fetch GET 304 https://registry.npmjs.org/@types%2fpunycode 140ms (from cache)
178 silly pacote tag manifest for @types/punycode@ts3.6 fetched in 143ms
179 http fetch GET 304 https://registry.npmjs.org/@types%2fqs 120ms (from cache)
180 silly pacote tag manifest for @types/qs@ts3.6 fetched in 123ms
181 http fetch GET 304 https://registry.npmjs.org/@types%2frange-parser 138ms (from cache)
182 silly pacote tag manifest for @types/range-parser@ts3.6 fetched in 141ms
183 http fetch GET 304 https://registry.npmjs.org/@types%2freadable-stream 132ms (from cache)
184 silly pacote tag manifest for @types/readable-stream@ts3.6 fetched in 135ms
185 http fetch GET 304 https://registry.npmjs.org/@types%2fobject-assign 1301ms (from cache)
186 silly pacote tag manifest for @types/object-assign@ts3.6 fetched in 1304ms
187 http fetch GET 304 https://registry.npmjs.org/@types%2frequest 128ms (from cache)
188 silly pacote tag manifest for @types/request@ts3.6 fetched in 132ms
189 http fetch GET 304 https://registry.npmjs.org/@types%2fresponselike 133ms (from cache)
190 silly pacote tag manifest for @types/responselike@ts3.6 fetched in 135ms
191 http fetch GET 304 https://registry.npmjs.org/@types%2fis-number 2341ms (from cache)
192 silly pacote tag manifest for @types/is-number@ts3.6 fetched in 2345ms
193 http fetch GET 304 https://registry.npmjs.org/@types%2fsafer-buffer 122ms (from cache)
194 silly pacote tag manifest for @types/safer-buffer@ts3.6 fetched in 124ms
195 http fetch GET 304 https://registry.npmjs.org/@types%2fsax 123ms (from cache)
196 silly pacote tag manifest for @types/sax@ts3.6 fetched in 125ms
197 http fetch GET 304 https://registry.npmjs.org/@types%2fsemver 125ms (from cache)
198 http fetch GET 304 https://registry.npmjs.org/@types%2fpath-is-absolute 1571ms (from cache)
199 silly pacote tag manifest for @types/semver@ts3.6 fetched in 139ms
200 silly pacote tag manifest for @types/path-is-absolute@ts3.6 fetched in 1582ms
201 http fetch GET 304 https://registry.npmjs.org/@types%2fsend 118ms (from cache)
202 silly pacote tag manifest for @types/send@ts3.6 fetched in 122ms
203 http fetch GET 200 https://registry.npmjs.org/@types%2fset-blocking 146ms
204 silly fetchPackageMetaData error for @types/set-blocking@ts3.6 No matching version found for @types/set-blocking@ts3.6.
205 http fetch GET 304 https://registry.npmjs.org/@types%2fserve-static 163ms (from cache)
206 silly pacote tag manifest for @types/serve-static@ts3.6 fetched in 166ms
207 http fetch GET 304 https://registry.npmjs.org/@types%2fsignal-exit 138ms (from cache)
208 silly pacote tag manifest for @types/signal-exit@ts3.6 fetched in 140ms
209 http fetch GET 304 https://registry.npmjs.org/@types%2fsshpk 117ms (from cache)
210 silly pacote tag manifest for @types/sshpk@ts3.6 fetched in 120ms
211 http fetch GET 304 https://registry.npmjs.org/@types%2fstatuses 137ms (from cache)
212 silly pacote tag manifest for @types/statuses@ts3.6 fetched in 153ms
213 http fetch GET 304 https://registry.npmjs.org/@types%2fsupports-color 142ms (from cache)
214 silly pacote tag manifest for @types/supports-color@ts3.6 fetched in 144ms
215 http fetch GET 304 https://registry.npmjs.org/@types%2fneedle 2416ms (from cache)
216 silly pacote tag manifest for @types/needle@ts3.6 fetched in 2419ms
217 http fetch GET 200 https://registry.npmjs.org/@types%2fto-regex-range 151ms
218 silly fetchPackageMetaData error for @types/to-regex-range@ts3.6 No matching version found for @types/to-regex-range@ts3.6.
219 http fetch GET 200 https://registry.npmjs.org/@types%2ftoidentifier 165ms
220 silly fetchPackageMetaData error for @types/toidentifier@ts3.6 No matching version found for @types/toidentifier@ts3.6.
221 http fetch GET 304 https://registry.npmjs.org/@types%2fos-homedir 2350ms (from cache)
222 silly pacote tag manifest for @types/os-homedir@ts3.6 fetched in 2352ms
223 http fetch GET 304 https://registry.npmjs.org/@types%2fnumber-is-nan 2444ms (from cache)
224 http fetch GET 304 https://registry.npmjs.org/@types%2fonce 2380ms (from cache)
225 silly pacote tag manifest for @types/number-is-nan@ts3.6 fetched in 2460ms
226 silly pacote tag manifest for @types/once@ts3.6 fetched in 2398ms
227 http fetch GET 304 https://registry.npmjs.org/@types%2frc 1622ms (from cache)
228 silly pacote tag manifest for @types/rc@ts3.6 fetched in 1626ms
229 http fetch GET 304 https://registry.npmjs.org/@types%2ftough-cookie 152ms (from cache)
230 http fetch GET 304 https://registry.npmjs.org/@types%2ftype-is 131ms (from cache)
231 silly pacote tag manifest for @types/tough-cookie@ts3.6 fetched in 156ms
232 silly pacote tag manifest for @types/type-is@ts3.6 fetched in 144ms
233 http fetch GET 304 https://registry.npmjs.org/@types%2fosenv 2362ms (from cache)
234 silly pacote tag manifest for @types/osenv@ts3.6 fetched in 2365ms
235 http fetch GET 200 https://registry.npmjs.org/@types%2ftypedarray-to-buffer 137ms
236 silly fetchPackageMetaData error for @types/typedarray-to-buffer@ts3.6 No matching version found for @types/typedarray-to-buffer@ts3.6.
237 http fetch GET 304 https://registry.npmjs.org/@types%2futil-deprecate 135ms (from cache)
238 http fetch GET 304 https://registry.npmjs.org/@types%2futils-merge 130ms (from cache)
239 silly pacote tag manifest for @types/util-deprecate@ts3.6 fetched in 138ms
240 silly pacote tag manifest for @types/utils-merge@ts3.6 fetched in 135ms
241 http fetch GET 304 https://registry.npmjs.org/@types%2fuuid 152ms (from cache)
242 silly pacote tag manifest for @types/uuid@ts3.6 fetched in 157ms
243 http fetch GET 304 https://registry.npmjs.org/@types%2fvary 134ms (from cache)
244 silly pacote tag manifest for @types/vary@ts3.6 fetched in 147ms
245 http fetch GET 304 https://registry.npmjs.org/@types%2fverror 126ms (from cache)
246 silly pacote tag manifest for @types/verror@ts3.6 fetched in 129ms
247 http fetch GET 304 https://registry.npmjs.org/@types%2fwhich 128ms (from cache)
248 http fetch GET 304 https://registry.npmjs.org/@types%2fwrite-file-atomic 127ms (from cache)
249 silly pacote tag manifest for @types/which@ts3.6 fetched in 133ms
250 silly pacote tag manifest for @types/write-file-atomic@ts3.6 fetched in 130ms
251 http fetch GET 304 https://registry.npmjs.org/@types%2fyallist 131ms (from cache)
252 silly pacote tag manifest for @types/yallist@ts3.6 fetched in 133ms
253 http fetch GET 304 https://registry.npmjs.org/@types%2fregistry-auth-token 2371ms (from cache)
254 silly pacote tag manifest for @types/registry-auth-token@ts3.6 fetched in 2373ms
255 http fetch GET 304 https://registry.npmjs.org/@types%2ftar 1581ms (from cache)
256 silly pacote tag manifest for @types/tar@ts3.6 fetched in 1584ms
257 http fetch GET 200 https://registry.npmjs.org/@types%2furl-parse-lax 1562ms
258 silly fetchPackageMetaData error for @types/url-parse-lax@ts3.6 No matching version found for @types/url-parse-lax@ts3.6.
259 http fetch GET 304 https://registry.npmjs.org/@types%2ftouch 2316ms (from cache)
260 silly pacote tag manifest for @types/touch@ts3.6 fetched in 2318ms
261 http fetch GET 304 https://registry.npmjs.org/@types%2fupdate-notifier 2419ms (from cache)
262 silly pacote tag manifest for @types/update-notifier@ts3.6 fetched in 2421ms
263 timing stage:rollbackFailedOptional Completed in 1ms
264 timing stage:runTopLevelLifecycles Completed in 10869ms
265 verbose type tag
266 verbose stack @types/ansi-align: No matching version found for @types/ansi-align@ts3.6.
266 verbose stack     at pickManifest (/usr/local/lib/node_modules/npm/node_modules/npm-pick-manifest/index.js:122:13)
266 verbose stack     at /usr/local/lib/node_modules/npm/node_modules/pacote/lib/fetchers/registry/manifest.js:24:14
266 verbose stack     at tryCatcher (/usr/local/lib/node_modules/npm/node_modules/bluebird/js/release/util.js:16:23)
266 verbose stack     at Promise._settlePromiseFromHandler (/usr/local/lib/node_modules/npm/node_modules/bluebird/js/release/promise.js:517:31)
266 verbose stack     at Promise._settlePromise (/usr/local/lib/node_modules/npm/node_modules/bluebird/js/release/promise.js:574:18)
266 verbose stack     at Promise._settlePromise0 (/usr/local/lib/node_modules/npm/node_modules/bluebird/js/release/promise.js:619:10)
266 verbose stack     at Promise._settlePromises (/usr/local/lib/node_modules/npm/node_modules/bluebird/js/release/promise.js:699:18)
266 verbose stack     at _drainQueueStep (/usr/local/lib/node_modules/npm/node_modules/bluebird/js/release/async.js:138:12)
266 verbose stack     at _drainQueue (/usr/local/lib/node_modules/npm/node_modules/bluebird/js/release/async.js:131:9)
266 verbose stack     at Async._drainQueues (/usr/local/lib/node_modules/npm/node_modules/bluebird/js/release/async.js:147:5)
266 verbose stack     at Immediate.Async.drainQueues [as _onImmediate] (/usr/local/lib/node_modules/npm/node_modules/bluebird/js/release/async.js:17:14)
266 verbose stack     at processImmediate (internal/timers.js:456:21)
267 verbose cwd /home/theia/.cache/typescript/3.6
268 verbose Linux 5.15.90.1-microsoft-standard-WSL2
269 verbose argv "/usr/local/bin/node" "/usr/local/bin/npm" "install" "--ignore-scripts" "@types/abbrev@ts3.6" "@types/accepts@ts3.6" "@types/ansi-align@ts3.6" "@types/are-we-there-yet@ts3.6" "@types/asn1@ts3.6" "@types/assert-plus@ts3.6" "@types/aws4@ts3.6" "@types/balanced-match@ts3.6" "@types/body-parser@ts3.6" "@types/brace-expansion@ts3.6" "@types/braces@ts3.6" "@types/bytes@ts3.6" "@types/caseless@ts3.6" "@types/chownr@ts3.6" "@types/color-convert@ts3.6" "@types/color-name@ts3.6" "@types/combined-stream@ts3.6" "@types/concat-map@ts3.6" "@types/configstore@ts3.6" "@types/content-disposition@ts3.6" "@types/content-type@ts3.6" "@types/cookie@ts3.6" "@types/cookie-signature@ts3.6" "@types/dashdash@ts3.6" "@types/debug@ts3.6" "@types/deep-extend@ts3.6" "@types/delegates@ts3.6" "@types/depd@ts3.6" "@types/destroy@ts3.6" "@types/detect-libc@ts3.6" "@types/duplexer3@ts3.6" "@types/ee-first@ts3.6" "@types/encodeurl@ts3.6" "@types/end-of-stream@ts3.6" "@types/escape-html@ts3.6" "@types/etag@ts3.6" "@types/extend@ts3.6" "@types/extsprintf@ts3.6" "@types/fill-range@ts3.6" "@types/finalhandler@ts3.6" "@types/forever-agent@ts3.6" "@types/forwarded@ts3.6" "@types/fresh@ts3.6" "@types/fs-minipass@ts3.6" "@types/gauge@ts3.6" "@types/getpass@ts3.6" "@types/glob-parent@ts3.6" "@types/graceful-fs@ts3.6" "@types/http-cache-semantics@ts3.6" "@types/http-errors@ts3.6" "@types/ignore-walk@ts3.6" "@types/imurmurhash@ts3.6" "@types/inherits@ts3.6" "@types/ini@ts3.6" "@types/is-ci@ts3.6" "@types/is-glob@ts3.6" "@types/is-number@ts3.6" "@types/is-typedarray@ts3.6" "@types/isarray@ts3.6" "@types/isexe@ts3.6" "@types/isstream@ts3.6" "@types/jsbn@ts3.6" "@types/json-buffer@ts3.6" "@types/json-schema@ts3.6" "@types/json-stringify-safe@ts3.6" "@types/media-typer@ts3.6" "@types/merge-descriptors@ts3.6" "@types/methods@ts3.6" "@types/mime@ts3.6" "@types/mime-db@ts3.6" "@types/mime-types@ts3.6" "@types/minimist@ts3.6" "@types/minizlib@ts3.6" "@types/ms@ts3.6" "@types/needle@ts3.6" "@types/negotiator@ts3.6" "@types/nopt@ts3.6" "@types/normalize-path@ts3.6" "@types/npm-packlist@ts3.6" "@types/npmlog@ts3.6" "@types/number-is-nan@ts3.6" "@types/object-assign@ts3.6" "@types/on-finished@ts3.6" "@types/once@ts3.6" "@types/os-homedir@ts3.6" "@types/os-tmpdir@ts3.6" "@types/osenv@ts3.6" "@types/parseurl@ts3.6" "@types/path-is-absolute@ts3.6" "@types/picomatch@ts3.6" "@types/proxy-addr@ts3.6" "@types/psl@ts3.6" "@types/pump@ts3.6" "@types/punycode@ts3.6" "@types/qs@ts3.6" "@types/range-parser@ts3.6" "@types/rc@ts3.6" "@types/readable-stream@ts3.6" "@types/registry-auth-token@ts3.6" "@types/request@ts3.6" "@types/responselike@ts3.6" "@types/safer-buffer@ts3.6" "@types/sax@ts3.6" "@types/semver@ts3.6" "@types/send@ts3.6" "@types/serve-static@ts3.6" "@types/set-blocking@ts3.6" "@types/signal-exit@ts3.6" "@types/sshpk@ts3.6" "@types/statuses@ts3.6" "@types/supports-color@ts3.6" "@types/tar@ts3.6" "@types/to-regex-range@ts3.6" "@types/toidentifier@ts3.6" "@types/touch@ts3.6" "@types/tough-cookie@ts3.6" "@types/type-is@ts3.6" "@types/typedarray-to-buffer@ts3.6" "@types/update-notifier@ts3.6" "@types/url-parse-lax@ts3.6" "@types/util-deprecate@ts3.6" "@types/utils-merge@ts3.6" "@types/uuid@ts3.6" "@types/vary@ts3.6" "@types/verror@ts3.6" "@types/which@ts3.6" "@types/write-file-atomic@ts3.6" "@types/yallist@ts3.6" "--save-dev" "--user-agent=typesInstaller/3.6.3"
270 verbose node v12.18.3
271 verbose npm  v6.14.6
272 error code ETARGET
273 error notarget No matching version found for @types/ansi-align@ts3.6.
274 error notarget In most cases you or one of your dependencies are requesting
274 error notarget a package version that doesn't exist.
275 verbose exit [ 1, true ]
