0 info it worked if it ends with ok
1 verbose cli [
1 verbose cli   '/usr/local/bin/node',
1 verbose cli   '/usr/local/bin/npm',
1 verbose cli   'install',
1 verbose cli   '--ignore-scripts',
1 verbose cli   '@types/abbrev@ts3.6',
1 verbose cli   '@types/accepts@ts3.6',
1 verbose cli   '@types/ansi-align@ts3.6',
1 verbose cli   '@types/are-we-there-yet@ts3.6',
1 verbose cli   '@types/asn1@ts3.6',
1 verbose cli   '@types/assert-plus@ts3.6',
1 verbose cli   '@types/aws4@ts3.6',
1 verbose cli   '@types/balanced-match@ts3.6',
1 verbose cli   '@types/body-parser@ts3.6',
1 verbose cli   '@types/brace-expansion@ts3.6',
1 verbose cli   '@types/braces@ts3.6',
1 verbose cli   '@types/bytes@ts3.6',
1 verbose cli   '@types/caseless@ts3.6',
1 verbose cli   '@types/chownr@ts3.6',
1 verbose cli   '@types/color-convert@ts3.6',
1 verbose cli   '@types/color-name@ts3.6',
1 verbose cli   '@types/color-support@ts3.6',
1 verbose cli   '@types/combined-stream@ts3.6',
1 verbose cli   '@types/concat-map@ts3.6',
1 verbose cli   '@types/configstore@ts3.6',
1 verbose cli   '@types/content-disposition@ts3.6',
1 verbose cli   '@types/content-type@ts3.6',
1 verbose cli   '@types/cookie@ts3.6',
1 verbose cli   '@types/cookie-signature@ts3.6',
1 verbose cli   '@types/dashdash@ts3.6',
1 verbose cli   '@types/debug@ts3.6',
1 verbose cli   '@types/deep-extend@ts3.6',
1 verbose cli   '@types/delegates@ts3.6',
1 verbose cli   '@types/depd@ts3.6',
1 verbose cli   '@types/destroy@ts3.6',
1 verbose cli   '@types/detect-libc@ts3.6',
1 verbose cli   '@types/duplexer3@ts3.6',
1 verbose cli   '@types/ee-first@ts3.6',
1 verbose cli   '@types/encodeurl@ts3.6',
1 verbose cli   '@types/end-of-stream@ts3.6',
1 verbose cli   '@types/escape-html@ts3.6',
1 verbose cli   '@types/etag@ts3.6',
1 verbose cli   '@types/extend@ts3.6',
1 verbose cli   '@types/extsprintf@ts3.6',
1 verbose cli   '@types/fill-range@ts3.6',
1 verbose cli   '@types/finalhandler@ts3.6',
1 verbose cli   '@types/forever-agent@ts3.6',
1 verbose cli   '@types/forwarded@ts3.6',
1 verbose cli   '@types/fresh@ts3.6',
1 verbose cli   '@types/fs-minipass@ts3.6',
1 verbose cli   '@types/gauge@ts3.6',
1 verbose cli   '@types/getpass@ts3.6',
1 verbose cli   '@types/glob-parent@ts3.6',
1 verbose cli   '@types/graceful-fs@ts3.6',
1 verbose cli   '@types/http-cache-semantics@ts3.6',
1 verbose cli   '@types/http-errors@ts3.6',
1 verbose cli   '@types/ignore-walk@ts3.6',
1 verbose cli   '@types/imurmurhash@ts3.6',
1 verbose cli   '@types/inherits@ts3.6',
1 verbose cli   '@types/ini@ts3.6',
1 verbose cli   '@types/is-ci@ts3.6',
1 verbose cli   '@types/is-glob@ts3.6',
1 verbose cli   '@types/is-number@ts3.6',
1 verbose cli   '@types/is-typedarray@ts3.6',
1 verbose cli   '@types/isarray@ts3.6',
1 verbose cli   '@types/isexe@ts3.6',
1 verbose cli   '@types/isstream@ts3.6',
1 verbose cli   '@types/jsbn@ts3.6',
1 verbose cli   '@types/json-buffer@ts3.6',
1 verbose cli   '@types/json-schema@ts3.6',
1 verbose cli   '@types/json-stringify-safe@ts3.6',
1 verbose cli   '@types/jwa@ts3.6',
1 verbose cli   '@types/jws@ts3.6',
1 verbose cli   '@types/lodash.includes@ts3.6',
1 verbose cli   '@types/lodash.isboolean@ts3.6',
1 verbose cli   '@types/lodash.isinteger@ts3.6',
1 verbose cli   '@types/lodash.isnumber@ts3.6',
1 verbose cli   '@types/lodash.isplainobject@ts3.6',
1 verbose cli   '@types/lodash.isstring@ts3.6',
1 verbose cli   '@types/lodash.once@ts3.6',
1 verbose cli   '@types/media-typer@ts3.6',
1 verbose cli   '@types/merge-descriptors@ts3.6',
1 verbose cli   '@types/methods@ts3.6',
1 verbose cli   '@types/mime@ts3.6',
1 verbose cli   '@types/mime-db@ts3.6',
1 verbose cli   '@types/mime-types@ts3.6',
1 verbose cli   '@types/minimist@ts3.6',
1 verbose cli   '@types/minizlib@ts3.6',
1 verbose cli   '@types/ms@ts3.6',
1 verbose cli   '@types/needle@ts3.6',
1 verbose cli   '@types/negotiator@ts3.6',
1 verbose cli   '@types/node-fetch@ts3.6',
1 verbose cli   '@types/nopt@ts3.6',
1 verbose cli   '@types/normalize-path@ts3.6',
1 verbose cli   '@types/npm-packlist@ts3.6',
1 verbose cli   '@types/npmlog@ts3.6',
1 verbose cli   '@types/number-is-nan@ts3.6',
1 verbose cli   '@types/object-assign@ts3.6',
1 verbose cli   '@types/on-finished@ts3.6',
1 verbose cli   '@types/once@ts3.6',
1 verbose cli   '@types/os-homedir@ts3.6',
1 verbose cli   ... 48 more items
1 verbose cli ]
2 info using npm@6.14.6
3 info using node@v12.18.3
4 verbose npm-session 865a8f30fe95fbea
5 silly install loadCurrentTree
6 silly install readLocalPackageData
7 http fetch GET 200 https://registry.npmjs.org/@types%2fare-we-there-yet 90ms (from cache)
8 http fetch GET 200 https://registry.npmjs.org/@types%2faws4 91ms (from cache)
9 http fetch GET 200 https://registry.npmjs.org/@types%2fabbrev 98ms (from cache)
10 http fetch GET 200 https://registry.npmjs.org/@types%2faccepts 97ms (from cache)
11 http fetch GET 200 https://registry.npmjs.org/@types%2fbalanced-match 97ms (from cache)
12 http fetch GET 200 https://registry.npmjs.org/@types%2fassert-plus 98ms (from cache)
13 silly pacote tag manifest for @types/are-we-there-yet@ts3.6 fetched in 102ms
14 silly pacote tag manifest for @types/abbrev@ts3.6 fetched in 110ms
15 silly pacote tag manifest for @types/accepts@ts3.6 fetched in 105ms
16 silly pacote tag manifest for @types/aws4@ts3.6 fetched in 101ms
17 silly pacote tag manifest for @types/assert-plus@ts3.6 fetched in 106ms
18 silly pacote tag manifest for @types/balanced-match@ts3.6 fetched in 106ms
19 http fetch GET 200 https://registry.npmjs.org/@types%2fcaseless 41ms (from cache)
20 http fetch GET 200 https://registry.npmjs.org/@types%2fbraces 45ms (from cache)
21 http fetch GET 200 https://registry.npmjs.org/@types%2fcolor-name 39ms (from cache)
22 silly pacote tag manifest for @types/caseless@ts3.6 fetched in 44ms
23 silly pacote tag manifest for @types/braces@ts3.6 fetched in 50ms
24 silly pacote tag manifest for @types/color-name@ts3.6 fetched in 44ms
25 http fetch GET 200 https://registry.npmjs.org/@types%2fcolor-support 9ms (from cache)
26 silly pacote tag manifest for @types/color-support@ts3.6 fetched in 15ms
27 http fetch GET 304 https://registry.npmjs.org/@types%2fasn1 1534ms (from cache)
28 silly pacote tag manifest for @types/asn1@ts3.6 fetched in 1537ms
29 http fetch GET 304 https://registry.npmjs.org/@types%2fbrace-expansion 1539ms (from cache)
30 http fetch GET 304 https://registry.npmjs.org/@types%2fbody-parser 1544ms (from cache)
31 silly pacote tag manifest for @types/brace-expansion@ts3.6 fetched in 1546ms
32 silly pacote tag manifest for @types/body-parser@ts3.6 fetched in 1551ms
33 http fetch GET 304 https://registry.npmjs.org/@types%2fchownr 1711ms (from cache)
34 http fetch GET 304 https://registry.npmjs.org/@types%2fconcat-map 1665ms (from cache)
35 silly pacote tag manifest for @types/chownr@ts3.6 fetched in 1714ms
36 http fetch GET 304 https://registry.npmjs.org/@types%2fcombined-stream 1669ms (from cache)
37 silly pacote tag manifest for @types/concat-map@ts3.6 fetched in 1668ms
38 silly pacote tag manifest for @types/combined-stream@ts3.6 fetched in 1671ms
39 http fetch GET 200 https://registry.npmjs.org/@types%2fdebug 11ms (from cache)
40 silly pacote tag manifest for @types/debug@ts3.6 fetched in 14ms
41 http fetch GET 304 https://registry.npmjs.org/@types%2fcookie 555ms (from cache)
42 http fetch GET 304 https://registry.npmjs.org/@types%2fcontent-type 559ms (from cache)
43 http fetch GET 304 https://registry.npmjs.org/@types%2fcontent-disposition 574ms (from cache)
44 silly pacote tag manifest for @types/cookie@ts3.6 fetched in 558ms
45 silly pacote tag manifest for @types/content-type@ts3.6 fetched in 562ms
46 silly pacote tag manifest for @types/content-disposition@ts3.6 fetched in 577ms
47 http fetch GET 200 https://registry.npmjs.org/@types%2fdelegates 15ms (from cache)
48 silly registry:manifest no matching version for @types/delegates@ts3.6 in the cache. Forcing revalidation.
49 http fetch GET 200 https://registry.npmjs.org/@types%2fdestroy 16ms (from cache)
50 silly pacote tag manifest for @types/destroy@ts3.6 fetched in 19ms
51 http fetch GET 200 https://registry.npmjs.org/@types%2fdetect-libc 7ms (from cache)
52 silly pacote tag manifest for @types/detect-libc@ts3.6 fetched in 9ms
53 http fetch GET 304 https://registry.npmjs.org/@types%2fdashdash 330ms (from cache)
54 silly pacote tag manifest for @types/dashdash@ts3.6 fetched in 332ms
55 http fetch GET 304 https://registry.npmjs.org/@types%2fcookie-signature 335ms (from cache)
56 silly pacote tag manifest for @types/cookie-signature@ts3.6 fetched in 336ms
57 http fetch GET 200 https://registry.npmjs.org/@types%2fencodeurl 9ms (from cache)
58 silly pacote tag manifest for @types/encodeurl@ts3.6 fetched in 11ms
59 http fetch GET 304 https://registry.npmjs.org/@types%2fdepd 343ms (from cache)
60 silly pacote tag manifest for @types/depd@ts3.6 fetched in 345ms
61 http fetch GET 200 https://registry.npmjs.org/@types%2fescape-html 7ms (from cache)
62 silly pacote tag manifest for @types/escape-html@ts3.6 fetched in 9ms
63 http fetch GET 200 https://registry.npmjs.org/@types%2fetag 19ms (from cache)
64 silly pacote tag manifest for @types/etag@ts3.6 fetched in 21ms
65 http fetch GET 200 https://registry.npmjs.org/@types%2fextend 5ms (from cache)
66 silly pacote tag manifest for @types/extend@ts3.6 fetched in 6ms
67 http fetch GET 200 https://registry.npmjs.org/@types%2fextsprintf 5ms (from cache)
68 silly pacote tag manifest for @types/extsprintf@ts3.6 fetched in 7ms
69 http fetch GET 200 https://registry.npmjs.org/@types%2ffill-range 9ms (from cache)
70 silly registry:manifest no matching version for @types/fill-range@ts3.6 in the cache. Forcing revalidation.
71 http fetch GET 304 https://registry.npmjs.org/@types%2fend-of-stream 492ms (from cache)
72 http fetch GET 304 https://registry.npmjs.org/@types%2fee-first 506ms (from cache)
73 silly pacote tag manifest for @types/end-of-stream@ts3.6 fetched in 495ms
74 silly pacote tag manifest for @types/ee-first@ts3.6 fetched in 509ms
75 http fetch GET 200 https://registry.npmjs.org/@types%2ffill-range 402ms
76 silly fetchPackageMetaData error for @types/fill-range@ts3.6 No matching version found for @types/fill-range@ts3.6.
77 http fetch GET 304 https://registry.npmjs.org/@types%2fansi-align 2916ms (from cache)
78 silly registry:manifest no matching version for @types/ansi-align@ts3.6 in the cache. Forcing revalidation.
79 http fetch GET 304 https://registry.npmjs.org/@types%2ffinalhandler 256ms (from cache)
80 silly pacote tag manifest for @types/finalhandler@ts3.6 fetched in 266ms
81 http fetch GET 200 https://registry.npmjs.org/@types%2fforwarded 15ms (from cache)
82 silly pacote tag manifest for @types/forwarded@ts3.6 fetched in 16ms
83 http fetch GET 200 https://registry.npmjs.org/@types%2ffresh 8ms (from cache)
84 silly pacote tag manifest for @types/fresh@ts3.6 fetched in 12ms
85 http fetch GET 200 https://registry.npmjs.org/@types%2ffs-minipass 9ms (from cache)
86 silly registry:manifest no matching version for @types/fs-minipass@ts3.6 in the cache. Forcing revalidation.
87 http fetch GET 200 https://registry.npmjs.org/@types%2fgauge 8ms (from cache)
88 silly registry:manifest no matching version for @types/gauge@ts3.6 in the cache. Forcing revalidation.
89 http fetch GET 200 https://registry.npmjs.org/@types%2ffs-minipass 204ms
90 silly fetchPackageMetaData error for @types/fs-minipass@ts3.6 No matching version found for @types/fs-minipass@ts3.6.
91 http fetch GET 200 https://registry.npmjs.org/@types%2fgetpass 6ms (from cache)
92 silly pacote tag manifest for @types/getpass@ts3.6 fetched in 8ms
93 http fetch GET 304 https://registry.npmjs.org/@types%2fglob-parent 139ms (from cache)
94 silly pacote tag manifest for @types/glob-parent@ts3.6 fetched in 140ms
95 http fetch GET 200 https://registry.npmjs.org/@types%2fgraceful-fs 4ms (from cache)
96 silly pacote tag manifest for @types/graceful-fs@ts3.6 fetched in 5ms
97 http fetch GET 200 https://registry.npmjs.org/@types%2fhttp-cache-semantics 2ms (from cache)
98 silly pacote tag manifest for @types/http-cache-semantics@ts3.6 fetched in 3ms
99 http fetch GET 200 https://registry.npmjs.org/@types%2fhttp-errors 7ms (from cache)
100 silly pacote tag manifest for @types/http-errors@ts3.6 fetched in 8ms
101 http fetch GET 200 https://registry.npmjs.org/@types%2fignore-walk 2ms (from cache)
102 silly pacote tag manifest for @types/ignore-walk@ts3.6 fetched in 3ms
103 http fetch GET 200 https://registry.npmjs.org/@types%2fimurmurhash 4ms (from cache)
104 silly pacote tag manifest for @types/imurmurhash@ts3.6 fetched in 5ms
105 http fetch GET 200 https://registry.npmjs.org/@types%2finherits 5ms (from cache)
106 silly pacote tag manifest for @types/inherits@ts3.6 fetched in 6ms
107 http fetch GET 304 https://registry.npmjs.org/@types%2fini 125ms (from cache)
108 silly pacote tag manifest for @types/ini@ts3.6 fetched in 126ms
109 http fetch GET 200 https://registry.npmjs.org/@types%2fis-ci 4ms (from cache)
110 silly pacote tag manifest for @types/is-ci@ts3.6 fetched in 4ms
111 http fetch GET 200 https://registry.npmjs.org/@types%2fis-glob 5ms (from cache)
112 silly pacote tag manifest for @types/is-glob@ts3.6 fetched in 6ms
113 http fetch GET 200 https://registry.npmjs.org/@types%2fis-number 6ms (from cache)
114 silly pacote tag manifest for @types/is-number@ts3.6 fetched in 7ms
115 http fetch GET 304 https://registry.npmjs.org/@types%2fis-typedarray 123ms (from cache)
116 silly pacote tag manifest for @types/is-typedarray@ts3.6 fetched in 125ms
117 http fetch GET 304 https://registry.npmjs.org/@types%2fcolor-convert 3529ms (from cache)
118 silly pacote tag manifest for @types/color-convert@ts3.6 fetched in 3530ms
119 http fetch GET 200 https://registry.npmjs.org/@types%2fisexe 5ms (from cache)
120 silly pacote tag manifest for @types/isexe@ts3.6 fetched in 7ms
121 http fetch GET 200 https://registry.npmjs.org/@types%2fisstream 4ms (from cache)
122 silly pacote tag manifest for @types/isstream@ts3.6 fetched in 5ms
123 http fetch GET 304 https://registry.npmjs.org/@types%2fbytes 3562ms (from cache)
124 silly pacote tag manifest for @types/bytes@ts3.6 fetched in 3563ms
125 http fetch GET 304 https://registry.npmjs.org/@types%2fisarray 119ms (from cache)
126 silly pacote tag manifest for @types/isarray@ts3.6 fetched in 120ms
127 http fetch GET 304 https://registry.npmjs.org/@types%2fjsbn 133ms (from cache)
128 silly pacote tag manifest for @types/jsbn@ts3.6 fetched in 134ms
129 http fetch GET 200 https://registry.npmjs.org/@types%2fjson-stringify-safe 3ms (from cache)
130 silly pacote tag manifest for @types/json-stringify-safe@ts3.6 fetched in 4ms
131 http fetch GET 304 https://registry.npmjs.org/@types%2fjson-schema 121ms (from cache)
132 silly pacote tag manifest for @types/json-schema@ts3.6 fetched in 122ms
133 http fetch GET 304 https://registry.npmjs.org/@types%2fjws 114ms (from cache)
134 silly pacote tag manifest for @types/jws@ts3.6 fetched in 116ms
135 http fetch GET 200 https://registry.npmjs.org/@types%2flodash.includes 4ms (from cache)
136 silly pacote tag manifest for @types/lodash.includes@ts3.6 fetched in 6ms
137 http fetch GET 304 https://registry.npmjs.org/@types%2fconfigstore 3898ms (from cache)
138 silly pacote tag manifest for @types/configstore@ts3.6 fetched in 3900ms
139 http fetch GET 304 https://registry.npmjs.org/@types%2flodash.isboolean 126ms (from cache)
140 silly pacote tag manifest for @types/lodash.isboolean@ts3.6 fetched in 127ms
141 http fetch GET 304 https://registry.npmjs.org/@types%2flodash.isnumber 131ms (from cache)
142 silly pacote tag manifest for @types/lodash.isnumber@ts3.6 fetched in 134ms
143 http fetch GET 304 https://registry.npmjs.org/@types%2fdeep-extend 2392ms (from cache)
144 silly pacote tag manifest for @types/deep-extend@ts3.6 fetched in 2394ms
145 http fetch GET 304 https://registry.npmjs.org/@types%2flodash.isplainobject 143ms (from cache)
146 silly pacote tag manifest for @types/lodash.isplainobject@ts3.6 fetched in 145ms
147 http fetch GET 304 https://registry.npmjs.org/@types%2flodash.isstring 139ms (from cache)
148 silly pacote tag manifest for @types/lodash.isstring@ts3.6 fetched in 144ms
149 http fetch GET 304 https://registry.npmjs.org/@types%2flodash.once 138ms (from cache)
150 http fetch GET 304 https://registry.npmjs.org/@types%2fmedia-typer 131ms (from cache)
151 silly pacote tag manifest for @types/lodash.once@ts3.6 fetched in 140ms
152 silly pacote tag manifest for @types/media-typer@ts3.6 fetched in 133ms
153 http fetch GET 200 https://registry.npmjs.org/@types%2fdelegates 2410ms
154 silly fetchPackageMetaData error for @types/delegates@ts3.6 No matching version found for @types/delegates@ts3.6.
155 http fetch GET 304 https://registry.npmjs.org/@types%2fduplexer3 2402ms (from cache)
156 silly pacote tag manifest for @types/duplexer3@ts3.6 fetched in 2403ms
157 http fetch GET 304 https://registry.npmjs.org/@types%2fmethods 146ms (from cache)
158 http fetch GET 304 https://registry.npmjs.org/@types%2fmerge-descriptors 147ms (from cache)
159 silly pacote tag manifest for @types/methods@ts3.6 fetched in 147ms
160 silly pacote tag manifest for @types/merge-descriptors@ts3.6 fetched in 149ms
161 http fetch GET 304 https://registry.npmjs.org/@types%2fmime 159ms (from cache)
162 silly pacote tag manifest for @types/mime@ts3.6 fetched in 160ms
163 http fetch GET 304 https://registry.npmjs.org/@types%2fmime-types 129ms (from cache)
164 silly pacote tag manifest for @types/mime-types@ts3.6 fetched in 130ms
165 http fetch GET 200 https://registry.npmjs.org/@types%2fms 5ms (from cache)
166 silly pacote tag manifest for @types/ms@ts3.6 fetched in 6ms
167 http fetch GET 304 https://registry.npmjs.org/@types%2fminizlib 133ms (from cache)
168 silly pacote tag manifest for @types/minizlib@ts3.6 fetched in 134ms
169 http fetch GET 304 https://registry.npmjs.org/@types%2fneedle 127ms (from cache)
170 silly pacote tag manifest for @types/needle@ts3.6 fetched in 130ms
171 http fetch GET 304 https://registry.npmjs.org/@types%2fforever-agent 2267ms (from cache)
172 silly pacote tag manifest for @types/forever-agent@ts3.6 fetched in 2268ms
173 http fetch GET 200 https://registry.npmjs.org/@types%2fnopt 4ms (from cache)
174 silly pacote tag manifest for @types/nopt@ts3.6 fetched in 6ms
175 http fetch GET 304 https://registry.npmjs.org/@types%2fnegotiator 153ms (from cache)
176 silly pacote tag manifest for @types/negotiator@ts3.6 fetched in 166ms
177 http fetch GET 200 https://registry.npmjs.org/@types%2fnpm-packlist 6ms (from cache)
178 silly pacote tag manifest for @types/npm-packlist@ts3.6 fetched in 9ms
179 http fetch GET 200 https://registry.npmjs.org/@types%2fnpmlog 5ms (from cache)
180 silly pacote tag manifest for @types/npmlog@ts3.6 fetched in 7ms
181 http fetch GET 304 https://registry.npmjs.org/@types%2fnode-fetch 130ms (from cache)
182 silly pacote tag manifest for @types/node-fetch@ts3.6 fetched in 132ms
183 http fetch GET 200 https://registry.npmjs.org/@types%2fobject-assign 13ms (from cache)
184 silly pacote tag manifest for @types/object-assign@ts3.6 fetched in 16ms
185 http fetch GET 200 https://registry.npmjs.org/@types%2fansi-align 2179ms
186 silly fetchPackageMetaData error for @types/ansi-align@ts3.6 No matching version found for @types/ansi-align@ts3.6.
187 http fetch GET 200 https://registry.npmjs.org/@types%2fonce 12ms (from cache)
188 silly pacote tag manifest for @types/once@ts3.6 fetched in 14ms
189 http fetch GET 304 https://registry.npmjs.org/@types%2fon-finished 139ms (from cache)
190 silly pacote tag manifest for @types/on-finished@ts3.6 fetched in 144ms
191 http fetch GET 200 https://registry.npmjs.org/@types%2fos-tmpdir 6ms (from cache)
192 silly pacote tag manifest for @types/os-tmpdir@ts3.6 fetched in 8ms
193 http fetch GET 200 https://registry.npmjs.org/@types%2fgauge 2308ms
194 silly fetchPackageMetaData error for @types/gauge@ts3.6 No matching version found for @types/gauge@ts3.6.
195 http fetch GET 304 https://registry.npmjs.org/@types%2fos-homedir 158ms (from cache)
196 silly pacote tag manifest for @types/os-homedir@ts3.6 fetched in 161ms
197 http fetch GET 304 https://registry.npmjs.org/@types%2fjwa 1485ms (from cache)
198 silly pacote tag manifest for @types/jwa@ts3.6 fetched in 1487ms
199 http fetch GET 304 https://registry.npmjs.org/@types%2fosenv 127ms (from cache)
200 silly pacote tag manifest for @types/osenv@ts3.6 fetched in 129ms
201 http fetch GET 304 https://registry.npmjs.org/@types%2fpath-is-absolute 154ms (from cache)
202 silly pacote tag manifest for @types/path-is-absolute@ts3.6 fetched in 156ms
203 http fetch GET 304 https://registry.npmjs.org/@types%2fparseurl 172ms (from cache)
204 silly pacote tag manifest for @types/parseurl@ts3.6 fetched in 177ms
205 http fetch GET 200 https://registry.npmjs.org/@types%2fpsl 11ms (from cache)
206 silly pacote tag manifest for @types/psl@ts3.6 fetched in 14ms
207 http fetch GET 200 https://registry.npmjs.org/@types%2fpump 12ms (from cache)
208 silly pacote tag manifest for @types/pump@ts3.6 fetched in 18ms
209 http fetch GET 200 https://registry.npmjs.org/@types%2fpunycode 17ms (from cache)
210 silly pacote tag manifest for @types/punycode@ts3.6 fetched in 28ms
211 http fetch GET 304 https://registry.npmjs.org/@types%2flodash.isinteger 1437ms (from cache)
212 silly pacote tag manifest for @types/lodash.isinteger@ts3.6 fetched in 1439ms
213 http fetch GET 200 https://registry.npmjs.org/@types%2frc 5ms (from cache)
214 silly pacote tag manifest for @types/rc@ts3.6 fetched in 6ms
215 http fetch GET 304 https://registry.npmjs.org/@types%2fproxy-addr 180ms (from cache)
216 silly pacote tag manifest for @types/proxy-addr@ts3.6 fetched in 183ms
217 http fetch GET 304 https://registry.npmjs.org/@types%2frange-parser 171ms (from cache)
218 http fetch GET 304 https://registry.npmjs.org/@types%2fqs 186ms (from cache)
219 silly pacote tag manifest for @types/qs@ts3.6 fetched in 188ms
220 silly pacote tag manifest for @types/range-parser@ts3.6 fetched in 175ms
221 http fetch GET 200 https://registry.npmjs.org/@types%2fresponselike 30ms (from cache)
222 silly pacote tag manifest for @types/responselike@ts3.6 fetched in 34ms
223 http fetch GET 304 https://registry.npmjs.org/@types%2freadable-stream 172ms (from cache)
224 http fetch GET 304 https://registry.npmjs.org/@types%2fregistry-auth-token 147ms (from cache)
225 silly pacote tag manifest for @types/readable-stream@ts3.6 fetched in 178ms
226 silly pacote tag manifest for @types/registry-auth-token@ts3.6 fetched in 161ms
227 http fetch GET 200 https://registry.npmjs.org/@types%2fsax 18ms (from cache)
228 http fetch GET 200 https://registry.npmjs.org/@types%2fsemver 11ms (from cache)
229 silly pacote tag manifest for @types/sax@ts3.6 fetched in 25ms
230 silly pacote tag manifest for @types/semver@ts3.6 fetched in 21ms
231 http fetch GET 200 https://registry.npmjs.org/@types%2fserve-static 19ms (from cache)
232 silly pacote tag manifest for @types/serve-static@ts3.6 fetched in 22ms
233 http fetch GET 200 https://registry.npmjs.org/@types%2fset-blocking 16ms (from cache)
234 silly registry:manifest no matching version for @types/set-blocking@ts3.6 in the cache. Forcing revalidation.
235 http fetch GET 304 https://registry.npmjs.org/@types%2frequest 139ms (from cache)
236 silly pacote tag manifest for @types/request@ts3.6 fetched in 141ms
237 http fetch GET 304 https://registry.npmjs.org/@types%2fsafer-buffer 140ms (from cache)
238 silly pacote tag manifest for @types/safer-buffer@ts3.6 fetched in 142ms
239 http fetch GET 200 https://registry.npmjs.org/@types%2fsshpk 10ms (from cache)
240 silly pacote tag manifest for @types/sshpk@ts3.6 fetched in 14ms
241 http fetch GET 200 https://registry.npmjs.org/@types%2fstatuses 7ms (from cache)
242 silly pacote tag manifest for @types/statuses@ts3.6 fetched in 9ms
243 http fetch GET 304 https://registry.npmjs.org/@types%2fsend 154ms (from cache)
244 silly pacote tag manifest for @types/send@ts3.6 fetched in 155ms
245 http fetch GET 200 https://registry.npmjs.org/@types%2ftar 17ms (from cache)
246 silly pacote tag manifest for @types/tar@ts3.6 fetched in 20ms
247 http fetch GET 200 https://registry.npmjs.org/@types%2fset-blocking 145ms
248 silly fetchPackageMetaData error for @types/set-blocking@ts3.6 No matching version found for @types/set-blocking@ts3.6.
249 http fetch GET 304 https://registry.npmjs.org/@types%2fjson-buffer 2246ms (from cache)
250 silly pacote tag manifest for @types/json-buffer@ts3.6 fetched in 2247ms
251 http fetch GET 200 https://registry.npmjs.org/@types%2ftouch 15ms (from cache)
252 silly pacote tag manifest for @types/touch@ts3.6 fetched in 20ms
253 http fetch GET 200 https://registry.npmjs.org/@types%2ftough-cookie 8ms (from cache)
254 http fetch GET 304 https://registry.npmjs.org/@types%2fsignal-exit 149ms (from cache)
255 silly pacote tag manifest for @types/tough-cookie@ts3.6 fetched in 11ms
256 silly pacote tag manifest for @types/signal-exit@ts3.6 fetched in 153ms
257 http fetch GET 200 https://registry.npmjs.org/@types%2ftype-is 11ms (from cache)
258 silly pacote tag manifest for @types/type-is@ts3.6 fetched in 15ms
259 http fetch GET 304 https://registry.npmjs.org/@types%2fminimist 1305ms (from cache)
260 silly pacote tag manifest for @types/minimist@ts3.6 fetched in 1308ms
261 http fetch GET 304 https://registry.npmjs.org/@types%2fpicomatch 695ms (from cache)
262 silly pacote tag manifest for @types/picomatch@ts3.6 fetched in 696ms
263 http fetch GET 304 https://registry.npmjs.org/@types%2fsupports-color 145ms (from cache)
264 silly pacote tag manifest for @types/supports-color@ts3.6 fetched in 147ms
265 http fetch GET 304 https://registry.npmjs.org/@types%2ftoidentifier 131ms (from cache)
266 silly registry:manifest no matching version for @types/toidentifier@ts3.6 in the cache. Forcing revalidation.
267 http fetch GET 304 https://registry.npmjs.org/@types%2ftr46 126ms (from cache)
268 silly registry:manifest no matching version for @types/tr46@ts3.6 in the cache. Forcing revalidation.
269 http fetch GET 304 https://registry.npmjs.org/@types%2futil-deprecate 131ms (from cache)
270 silly pacote tag manifest for @types/util-deprecate@ts3.6 fetched in 134ms
271 http fetch GET 200 https://registry.npmjs.org/@types%2futils-merge 13ms (from cache)
272 silly pacote tag manifest for @types/utils-merge@ts3.6 fetched in 17ms
273 http fetch GET 200 https://registry.npmjs.org/@types%2ftoidentifier 136ms
274 silly fetchPackageMetaData error for @types/toidentifier@ts3.6 No matching version found for @types/toidentifier@ts3.6.
275 http fetch GET 200 https://registry.npmjs.org/@types%2ftr46 142ms
276 silly fetchPackageMetaData error for @types/tr46@ts3.6 No matching version found for @types/tr46@ts3.6.
277 http fetch GET 304 https://registry.npmjs.org/@types%2fuuid 144ms (from cache)
278 silly pacote tag manifest for @types/uuid@ts3.6 fetched in 146ms
279 http fetch GET 304 https://registry.npmjs.org/@types%2fvary 147ms (from cache)
280 silly pacote tag manifest for @types/vary@ts3.6 fetched in 148ms
281 http fetch GET 304 https://registry.npmjs.org/@types%2fwebidl-conversions 122ms (from cache)
282 silly pacote tag manifest for @types/webidl-conversions@ts3.6 fetched in 124ms
283 http fetch GET 200 https://registry.npmjs.org/@types%2fwhich 8ms (from cache)
284 silly pacote tag manifest for @types/which@ts3.6 fetched in 10ms
285 http fetch GET 200 https://registry.npmjs.org/@types%2fwrite-file-atomic 9ms (from cache)
286 silly pacote tag manifest for @types/write-file-atomic@ts3.6 fetched in 11ms
287 http fetch GET 200 https://registry.npmjs.org/@types%2fyallist 11ms (from cache)
288 silly pacote tag manifest for @types/yallist@ts3.6 fetched in 13ms
289 http fetch GET 304 https://registry.npmjs.org/@types%2fwhatwg-url 132ms (from cache)
290 silly pacote tag manifest for @types/whatwg-url@ts3.6 fetched in 134ms
291 http fetch GET 304 https://registry.npmjs.org/@types%2fto-regex-range 687ms (from cache)
292 silly registry:manifest no matching version for @types/to-regex-range@ts3.6 in the cache. Forcing revalidation.
293 http fetch GET 200 https://registry.npmjs.org/@types%2fto-regex-range 128ms
294 silly fetchPackageMetaData error for @types/to-regex-range@ts3.6 No matching version found for @types/to-regex-range@ts3.6.
295 http fetch GET 304 https://registry.npmjs.org/@types%2fmime-db 2224ms (from cache)
296 silly pacote tag manifest for @types/mime-db@ts3.6 fetched in 2225ms
297 http fetch GET 304 https://registry.npmjs.org/@types%2fnormalize-path 2254ms (from cache)
298 silly pacote tag manifest for @types/normalize-path@ts3.6 fetched in 2256ms
299 http fetch GET 304 https://registry.npmjs.org/@types%2fnumber-is-nan 2271ms (from cache)
300 silly pacote tag manifest for @types/number-is-nan@ts3.6 fetched in 2273ms
301 http fetch GET 304 https://registry.npmjs.org/@types%2ftypedarray-to-buffer 2188ms (from cache)
302 silly registry:manifest no matching version for @types/typedarray-to-buffer@ts3.6 in the cache. Forcing revalidation.
303 http fetch GET 304 https://registry.npmjs.org/@types%2fupdate-notifier 2234ms (from cache)
304 silly pacote tag manifest for @types/update-notifier@ts3.6 fetched in 2236ms
305 http fetch GET 304 https://registry.npmjs.org/@types%2furl-parse-lax 2243ms (from cache)
306 silly registry:manifest no matching version for @types/url-parse-lax@ts3.6 in the cache. Forcing revalidation.
307 http fetch GET 304 https://registry.npmjs.org/@types%2fverror 2199ms (from cache)
308 silly pacote tag manifest for @types/verror@ts3.6 fetched in 2202ms
309 http fetch GET 200 https://registry.npmjs.org/@types%2ftypedarray-to-buffer 277ms
310 silly fetchPackageMetaData error for @types/typedarray-to-buffer@ts3.6 No matching version found for @types/typedarray-to-buffer@ts3.6.
311 http fetch GET 200 https://registry.npmjs.org/@types%2furl-parse-lax 1871ms
312 silly fetchPackageMetaData error for @types/url-parse-lax@ts3.6 No matching version found for @types/url-parse-lax@ts3.6.
313 timing stage:rollbackFailedOptional Completed in 1ms
314 timing stage:runTopLevelLifecycles Completed in 10285ms
315 verbose type tag
316 verbose stack @types/fill-range: No matching version found for @types/fill-range@ts3.6.
316 verbose stack     at pickManifest (/usr/local/lib/node_modules/npm/node_modules/npm-pick-manifest/index.js:122:13)
316 verbose stack     at /usr/local/lib/node_modules/npm/node_modules/pacote/lib/fetchers/registry/manifest.js:43:18
316 verbose stack     at tryCatcher (/usr/local/lib/node_modules/npm/node_modules/bluebird/js/release/util.js:16:23)
316 verbose stack     at Promise._settlePromiseFromHandler (/usr/local/lib/node_modules/npm/node_modules/bluebird/js/release/promise.js:517:31)
316 verbose stack     at Promise._settlePromise (/usr/local/lib/node_modules/npm/node_modules/bluebird/js/release/promise.js:574:18)
316 verbose stack     at Promise._settlePromise0 (/usr/local/lib/node_modules/npm/node_modules/bluebird/js/release/promise.js:619:10)
316 verbose stack     at Promise._settlePromises (/usr/local/lib/node_modules/npm/node_modules/bluebird/js/release/promise.js:699:18)
316 verbose stack     at _drainQueueStep (/usr/local/lib/node_modules/npm/node_modules/bluebird/js/release/async.js:138:12)
316 verbose stack     at _drainQueue (/usr/local/lib/node_modules/npm/node_modules/bluebird/js/release/async.js:131:9)
316 verbose stack     at Async._drainQueues (/usr/local/lib/node_modules/npm/node_modules/bluebird/js/release/async.js:147:5)
316 verbose stack     at Immediate.Async.drainQueues [as _onImmediate] (/usr/local/lib/node_modules/npm/node_modules/bluebird/js/release/async.js:17:14)
316 verbose stack     at processImmediate (internal/timers.js:456:21)
317 verbose cwd /home/theia/.cache/typescript/3.6
318 verbose Linux 5.15.90.1-microsoft-standard-WSL2
319 verbose argv "/usr/local/bin/node" "/usr/local/bin/npm" "install" "--ignore-scripts" "@types/abbrev@ts3.6" "@types/accepts@ts3.6" "@types/ansi-align@ts3.6" "@types/are-we-there-yet@ts3.6" "@types/asn1@ts3.6" "@types/assert-plus@ts3.6" "@types/aws4@ts3.6" "@types/balanced-match@ts3.6" "@types/body-parser@ts3.6" "@types/brace-expansion@ts3.6" "@types/braces@ts3.6" "@types/bytes@ts3.6" "@types/caseless@ts3.6" "@types/chownr@ts3.6" "@types/color-convert@ts3.6" "@types/color-name@ts3.6" "@types/color-support@ts3.6" "@types/combined-stream@ts3.6" "@types/concat-map@ts3.6" "@types/configstore@ts3.6" "@types/content-disposition@ts3.6" "@types/content-type@ts3.6" "@types/cookie@ts3.6" "@types/cookie-signature@ts3.6" "@types/dashdash@ts3.6" "@types/debug@ts3.6" "@types/deep-extend@ts3.6" "@types/delegates@ts3.6" "@types/depd@ts3.6" "@types/destroy@ts3.6" "@types/detect-libc@ts3.6" "@types/duplexer3@ts3.6" "@types/ee-first@ts3.6" "@types/encodeurl@ts3.6" "@types/end-of-stream@ts3.6" "@types/escape-html@ts3.6" "@types/etag@ts3.6" "@types/extend@ts3.6" "@types/extsprintf@ts3.6" "@types/fill-range@ts3.6" "@types/finalhandler@ts3.6" "@types/forever-agent@ts3.6" "@types/forwarded@ts3.6" "@types/fresh@ts3.6" "@types/fs-minipass@ts3.6" "@types/gauge@ts3.6" "@types/getpass@ts3.6" "@types/glob-parent@ts3.6" "@types/graceful-fs@ts3.6" "@types/http-cache-semantics@ts3.6" "@types/http-errors@ts3.6" "@types/ignore-walk@ts3.6" "@types/imurmurhash@ts3.6" "@types/inherits@ts3.6" "@types/ini@ts3.6" "@types/is-ci@ts3.6" "@types/is-glob@ts3.6" "@types/is-number@ts3.6" "@types/is-typedarray@ts3.6" "@types/isarray@ts3.6" "@types/isexe@ts3.6" "@types/isstream@ts3.6" "@types/jsbn@ts3.6" "@types/json-buffer@ts3.6" "@types/json-schema@ts3.6" "@types/json-stringify-safe@ts3.6" "@types/jwa@ts3.6" "@types/jws@ts3.6" "@types/lodash.includes@ts3.6" "@types/lodash.isboolean@ts3.6" "@types/lodash.isinteger@ts3.6" "@types/lodash.isnumber@ts3.6" "@types/lodash.isplainobject@ts3.6" "@types/lodash.isstring@ts3.6" "@types/lodash.once@ts3.6" "@types/media-typer@ts3.6" "@types/merge-descriptors@ts3.6" "@types/methods@ts3.6" "@types/mime@ts3.6" "@types/mime-db@ts3.6" "@types/mime-types@ts3.6" "@types/minimist@ts3.6" "@types/minizlib@ts3.6" "@types/ms@ts3.6" "@types/needle@ts3.6" "@types/negotiator@ts3.6" "@types/node-fetch@ts3.6" "@types/nopt@ts3.6" "@types/normalize-path@ts3.6" "@types/npm-packlist@ts3.6" "@types/npmlog@ts3.6" "@types/number-is-nan@ts3.6" "@types/object-assign@ts3.6" "@types/on-finished@ts3.6" "@types/once@ts3.6" "@types/os-homedir@ts3.6" "@types/os-tmpdir@ts3.6" "@types/osenv@ts3.6" "@types/parseurl@ts3.6" "@types/path-is-absolute@ts3.6" "@types/picomatch@ts3.6" "@types/proxy-addr@ts3.6" "@types/psl@ts3.6" "@types/pump@ts3.6" "@types/punycode@ts3.6" "@types/qs@ts3.6" "@types/range-parser@ts3.6" "@types/rc@ts3.6" "@types/readable-stream@ts3.6" "@types/registry-auth-token@ts3.6" "@types/request@ts3.6" "@types/responselike@ts3.6" "@types/safer-buffer@ts3.6" "@types/sax@ts3.6" "@types/semver@ts3.6" "@types/send@ts3.6" "@types/serve-static@ts3.6" "@types/set-blocking@ts3.6" "@types/signal-exit@ts3.6" "@types/sshpk@ts3.6" "@types/statuses@ts3.6" "@types/supports-color@ts3.6" "@types/tar@ts3.6" "@types/to-regex-range@ts3.6" "@types/toidentifier@ts3.6" "@types/touch@ts3.6" "@types/tough-cookie@ts3.6" "@types/tr46@ts3.6" "@types/type-is@ts3.6" "@types/typedarray-to-buffer@ts3.6" "@types/update-notifier@ts3.6" "@types/url-parse-lax@ts3.6" "@types/util-deprecate@ts3.6" "@types/utils-merge@ts3.6" "@types/uuid@ts3.6" "@types/vary@ts3.6" "@types/verror@ts3.6" "@types/webidl-conversions@ts3.6" "@types/whatwg-url@ts3.6" "@types/which@ts3.6" "@types/write-file-atomic@ts3.6" "@types/yallist@ts3.6" "--save-dev" "--user-agent=typesInstaller/3.6.3"
320 verbose node v12.18.3
321 verbose npm  v6.14.6
322 error code ETARGET
323 error notarget No matching version found for @types/fill-range@ts3.6.
324 error notarget In most cases you or one of your dependencies are requesting
324 error notarget a package version that doesn't exist.
325 verbose exit [ 1, true ]
