0 info it worked if it ends with ok
1 verbose cli [
1 verbose cli   '/usr/local/bin/node',
1 verbose cli   '/usr/local/bin/npm',
1 verbose cli   'install',
1 verbose cli   '--ignore-scripts',
1 verbose cli   '@types/memorystream@ts3.6',
1 verbose cli   '@types/merge-descriptors@ts3.6',
1 verbose cli   '@types/merge-stream@ts3.6',
1 verbose cli   '@types/merge2@ts3.6',
1 verbose cli   '@types/methods@ts3.6',
1 verbose cli   '@types/micromatch@ts3.6',
1 verbose cli   '@types/mime@ts3.6',
1 verbose cli   '@types/mime-db@ts3.6',
1 verbose cli   '@types/mime-types@ts3.6',
1 verbose cli   '@types/min-indent@ts3.6',
1 verbose cli   '@types/minimalistic-assert@ts3.6',
1 verbose cli   '@types/minimist@ts3.6',
1 verbose cli   '@types/minizlib@ts3.6',
1 verbose cli   '@types/move-concurrently@ts3.6',
1 verbose cli   '@types/ms@ts3.6',
1 verbose cli   '@types/multicast-dns@ts3.6',
1 verbose cli   '@types/natural-compare@ts3.6',
1 verbose cli   '@types/negotiator@ts3.6',
1 verbose cli   '@types/neo-async@ts3.6',
1 verbose cli   '@types/next-tick@ts3.6',
1 verbose cli   '@types/nice-try@ts3.6',
1 verbose cli   '@types/node-forge@ts3.6',
1 verbose cli   '@types/node-int64@ts3.6',
1 verbose cli   '@types/node-notifier@ts3.6',
1 verbose cli   '@types/normalize-package-data@ts3.6',
1 verbose cli   '@types/normalize-path@ts3.6',
1 verbose cli   '@types/num2fraction@ts3.6',
1 verbose cli   '@types/nwsapi@ts3.6',
1 verbose cli   '@types/object-assign@ts3.6',
1 verbose cli   '@types/object-inspect@ts3.6',
1 verbose cli   '@types/object-keys@ts3.6',
1 verbose cli   '@types/object.fromentries@ts3.6',
1 verbose cli   '@types/object.getownpropertydescriptors@ts3.6',
1 verbose cli   '@types/object.pick@ts3.6',
1 verbose cli   '@types/on-finished@ts3.6',
1 verbose cli   '@types/on-headers@ts3.6',
1 verbose cli   '@types/once@ts3.6',
1 verbose cli   '@types/optimize-css-assets-webpack-plugin@ts3.6',
1 verbose cli   '@types/pako@ts3.6',
1 verbose cli   '@types/parallel-transform@ts3.6',
1 verbose cli   '@types/parse-json@ts3.6',
1 verbose cli   '@types/parseurl@ts3.6',
1 verbose cli   '@types/pascalcase@ts3.6',
1 verbose cli   '@types/path-browserify@ts3.6',
1 verbose cli   '@types/path-is-absolute@ts3.6',
1 verbose cli   '@types/path-is-inside@ts3.6',
1 verbose cli   '@types/path-parse@ts3.6',
1 verbose cli   '@types/pbkdf2@ts3.6',
1 verbose cli   '@types/picomatch@ts3.6',
1 verbose cli   '@types/pify@ts3.6',
1 verbose cli   '@types/postcss-flexbugs-fixes@ts3.6',
1 verbose cli   '@types/postcss-gap-properties@ts3.6',
1 verbose cli   '@types/postcss-modules-extract-imports@ts3.6',
1 verbose cli   '@types/postcss-modules-local-by-default@ts3.6',
1 verbose cli   '@types/postcss-modules-scope@ts3.6',
1 verbose cli   '@types/postcss-modules-values@ts3.6',
1 verbose cli   '@types/postcss-normalize@ts3.6',
1 verbose cli   '@types/postcss-safe-parser@ts3.6',
1 verbose cli   '@types/prelude-ls@ts3.6',
1 verbose cli   '@types/prettier-linter-helpers@ts3.6',
1 verbose cli   '@types/progress@ts3.6',
1 verbose cli   '@types/promise-inflight@ts3.6',
1 verbose cli   '@types/prompts@ts3.6',
1 verbose cli   '@types/prop-types@ts3.6',
1 verbose cli   '@types/proxy-addr@ts3.6',
1 verbose cli   '@types/psl@ts3.6',
1 verbose cli   '@types/pump@ts3.6',
1 verbose cli   '@types/pumpify@ts3.6',
1 verbose cli   '@types/punycode@ts3.6',
1 verbose cli   '@types/q@ts3.6',
1 verbose cli   '@types/qs@ts3.6',
1 verbose cli   '@types/querystringify@ts3.6',
1 verbose cli   '@types/raf@ts3.6',
1 verbose cli   '@types/randombytes@ts3.6',
1 verbose cli   '@types/range-parser@ts3.6',
1 verbose cli   '@types/react-dev-utils@ts3.6',
1 verbose cli   '@types/react-is@ts3.6',
1 verbose cli   '@types/react-refresh@ts3.6',
1 verbose cli   '@types/readable-stream@ts3.6',
1 verbose cli   '@types/recursive-readdir@ts3.6',
1 verbose cli   '@types/regenerate@ts3.6',
1 verbose cli   '@types/regenerator-runtime@ts3.6',
1 verbose cli   '@types/regex-not@ts3.6',
1 verbose cli   '@types/relateurl@ts3.6',
1 verbose cli   '@types/repeat-element@ts3.6',
1 verbose cli   '@types/repeat-string@ts3.6',
1 verbose cli   '@types/require-directory@ts3.6',
1 verbose cli   '@types/require-from-string@ts3.6',
1 verbose cli   '@types/requires-port@ts3.6',
1 verbose cli   '@types/resolve@ts3.6',
1 verbose cli   '@types/retry@ts3.6',
1 verbose cli   '@types/ripemd160@ts3.6',
1 verbose cli   '@types/rsvp@ts3.6',
1 verbose cli   '@types/run-parallel@ts3.6',
1 verbose cli   '@types/safe-regex@ts3.6',
1 verbose cli   '@types/safe-regex-test@ts3.6',
1 verbose cli   ... 98 more items
1 verbose cli ]
2 info using npm@6.14.6
3 info using node@v12.18.3
4 verbose npm-session de73aeeb63e81993
5 silly install loadCurrentTree
6 silly install readLocalPackageData
7 http fetch GET 304 https://registry.npmjs.org/@types%2fmime-db 682ms (from cache)
8 http fetch GET 304 https://registry.npmjs.org/@types%2fmerge-descriptors 689ms (from cache)
9 http fetch GET 304 https://registry.npmjs.org/@types%2fmime-types 682ms (from cache)
10 http fetch GET 304 https://registry.npmjs.org/@types%2fmerge2 686ms (from cache)
11 http fetch GET 304 https://registry.npmjs.org/@types%2fmerge-stream 691ms (from cache)
12 silly pacote tag manifest for @types/mime-db@ts3.6 fetched in 687ms
13 silly pacote tag manifest for @types/merge-descriptors@ts3.6 fetched in 695ms
14 silly pacote tag manifest for @types/merge2@ts3.6 fetched in 691ms
15 http fetch GET 304 https://registry.npmjs.org/@types%2fmime 691ms (from cache)
16 silly pacote tag manifest for @types/mime-types@ts3.6 fetched in 693ms
17 silly pacote tag manifest for @types/merge-stream@ts3.6 fetched in 702ms
18 http fetch GET 304 https://registry.npmjs.org/@types%2fmin-indent 697ms (from cache)
19 silly pacote tag manifest for @types/mime@ts3.6 fetched in 699ms
20 silly pacote tag manifest for @types/min-indent@ts3.6 fetched in 710ms
21 http fetch GET 304 https://registry.npmjs.org/@types%2fmove-concurrently 153ms (from cache)
22 http fetch GET 304 https://registry.npmjs.org/@types%2fminimist 158ms (from cache)
23 http fetch GET 304 https://registry.npmjs.org/@types%2fminizlib 159ms (from cache)
24 http fetch GET 304 https://registry.npmjs.org/@types%2fms 152ms (from cache)
25 silly pacote tag manifest for @types/minimist@ts3.6 fetched in 161ms
26 silly pacote tag manifest for @types/move-concurrently@ts3.6 fetched in 157ms
27 silly pacote tag manifest for @types/minizlib@ts3.6 fetched in 163ms
28 silly pacote tag manifest for @types/ms@ts3.6 fetched in 156ms
29 http fetch GET 304 https://registry.npmjs.org/@types%2fmulticast-dns 164ms (from cache)
30 silly pacote tag manifest for @types/multicast-dns@ts3.6 fetched in 166ms
31 http fetch GET 304 https://registry.npmjs.org/@types%2fnext-tick 145ms (from cache)
32 http fetch GET 304 https://registry.npmjs.org/@types%2fneo-async 147ms (from cache)
33 http fetch GET 304 https://registry.npmjs.org/@types%2fnice-try 145ms (from cache)
34 silly registry:manifest no matching version for @types/neo-async@ts3.6 in the cache. Forcing revalidation.
35 http fetch GET 304 https://registry.npmjs.org/@types%2fnode-forge 131ms (from cache)
36 silly pacote tag manifest for @types/next-tick@ts3.6 fetched in 149ms
37 silly pacote tag manifest for @types/nice-try@ts3.6 fetched in 150ms
38 silly pacote tag manifest for @types/node-forge@ts3.6 fetched in 136ms
39 http fetch GET 304 https://registry.npmjs.org/@types%2fnode-notifier 133ms (from cache)
40 http fetch GET 304 https://registry.npmjs.org/@types%2fnode-int64 136ms (from cache)
41 http fetch GET 304 https://registry.npmjs.org/@types%2fnormalize-package-data 134ms (from cache)
42 silly pacote tag manifest for @types/node-notifier@ts3.6 fetched in 136ms
43 silly pacote tag manifest for @types/node-int64@ts3.6 fetched in 139ms
44 silly pacote tag manifest for @types/normalize-package-data@ts3.6 fetched in 136ms
45 http fetch GET 304 https://registry.npmjs.org/@types%2fnormalize-path 147ms (from cache)
46 http fetch GET 304 https://registry.npmjs.org/@types%2fnwsapi 146ms (from cache)
47 silly pacote tag manifest for @types/normalize-path@ts3.6 fetched in 150ms
48 silly pacote tag manifest for @types/nwsapi@ts3.6 fetched in 149ms
49 http fetch GET 304 https://registry.npmjs.org/@types%2fobject-assign 139ms (from cache)
50 http fetch GET 304 https://registry.npmjs.org/@types%2fobject-inspect 140ms (from cache)
51 silly pacote tag manifest for @types/object-assign@ts3.6 fetched in 141ms
52 silly pacote tag manifest for @types/object-inspect@ts3.6 fetched in 143ms
53 http fetch GET 304 https://registry.npmjs.org/@types%2fobject.fromentries 136ms (from cache)
54 http fetch GET 304 https://registry.npmjs.org/@types%2fobject-keys 140ms (from cache)
55 silly pacote tag manifest for @types/object.fromentries@ts3.6 fetched in 139ms
56 silly pacote tag manifest for @types/object-keys@ts3.6 fetched in 143ms
57 http fetch GET 304 https://registry.npmjs.org/@types%2fobject.pick 140ms (from cache)
58 http fetch GET 304 https://registry.npmjs.org/@types%2fobject.getownpropertydescriptors 141ms (from cache)
59 silly pacote tag manifest for @types/object.getownpropertydescriptors@ts3.6 fetched in 143ms
60 silly pacote tag manifest for @types/object.pick@ts3.6 fetched in 143ms
61 http fetch GET 304 https://registry.npmjs.org/@types%2fon-headers 136ms (from cache)
62 http fetch GET 304 https://registry.npmjs.org/@types%2fon-finished 138ms (from cache)
63 silly pacote tag manifest for @types/on-headers@ts3.6 fetched in 140ms
64 silly pacote tag manifest for @types/on-finished@ts3.6 fetched in 141ms
65 http fetch GET 304 https://registry.npmjs.org/@types%2foptimize-css-assets-webpack-plugin 141ms (from cache)
66 http fetch GET 304 https://registry.npmjs.org/@types%2fonce 142ms (from cache)
67 silly pacote tag manifest for @types/optimize-css-assets-webpack-plugin@ts3.6 fetched in 144ms
68 silly pacote tag manifest for @types/once@ts3.6 fetched in 146ms
69 http fetch GET 304 https://registry.npmjs.org/@types%2fmethods 2072ms (from cache)
70 silly pacote tag manifest for @types/methods@ts3.6 fetched in 2075ms
71 http fetch GET 304 https://registry.npmjs.org/@types%2fpako 138ms (from cache)
72 silly pacote tag manifest for @types/pako@ts3.6 fetched in 141ms
73 http fetch GET 304 https://registry.npmjs.org/@types%2fparallel-transform 154ms (from cache)
74 silly pacote tag manifest for @types/parallel-transform@ts3.6 fetched in 157ms
75 http fetch GET 304 https://registry.npmjs.org/@types%2fparse-json 155ms (from cache)
76 silly pacote tag manifest for @types/parse-json@ts3.6 fetched in 158ms
77 http fetch GET 304 https://registry.npmjs.org/@types%2fpascalcase 119ms (from cache)
78 silly pacote tag manifest for @types/pascalcase@ts3.6 fetched in 121ms
79 http fetch GET 304 https://registry.npmjs.org/@types%2fpath-browserify 131ms (from cache)
80 silly registry:manifest no matching version for @types/path-browserify@ts3.6 in the cache. Forcing revalidation.
81 http fetch GET 200 https://registry.npmjs.org/@types%2fneo-async 1548ms
82 silly fetchPackageMetaData error for @types/neo-async@ts3.6 No matching version found for @types/neo-async@ts3.6.
83 http fetch GET 304 https://registry.npmjs.org/@types%2fmemorystream 2794ms (from cache)
84 silly pacote tag manifest for @types/memorystream@ts3.6 fetched in 2803ms
85 http fetch GET 304 https://registry.npmjs.org/@types%2fmicromatch 2898ms (from cache)
86 silly pacote tag manifest for @types/micromatch@ts3.6 fetched in 2901ms
87 http fetch GET 304 https://registry.npmjs.org/@types%2fpath-parse 124ms (from cache)
88 silly pacote tag manifest for @types/path-parse@ts3.6 fetched in 125ms
89 http fetch GET 304 https://registry.npmjs.org/@types%2fpicomatch 137ms (from cache)
90 silly pacote tag manifest for @types/picomatch@ts3.6 fetched in 141ms
91 http fetch GET 304 https://registry.npmjs.org/@types%2fnatural-compare 2357ms (from cache)
92 silly pacote tag manifest for @types/natural-compare@ts3.6 fetched in 2359ms
93 http fetch GET 304 https://registry.npmjs.org/@types%2fminimalistic-assert 2423ms (from cache)
94 silly pacote tag manifest for @types/minimalistic-assert@ts3.6 fetched in 2425ms
95 http fetch GET 304 https://registry.npmjs.org/@types%2fpify 126ms (from cache)
96 silly pacote tag manifest for @types/pify@ts3.6 fetched in 128ms
97 http fetch GET 304 https://registry.npmjs.org/@types%2fpostcss-flexbugs-fixes 123ms (from cache)
98 silly pacote tag manifest for @types/postcss-flexbugs-fixes@ts3.6 fetched in 125ms
99 http fetch GET 304 https://registry.npmjs.org/@types%2fpostcss-gap-properties 135ms (from cache)
100 silly pacote tag manifest for @types/postcss-gap-properties@ts3.6 fetched in 137ms
101 http fetch GET 304 https://registry.npmjs.org/@types%2fpostcss-modules-extract-imports 133ms (from cache)
102 http fetch GET 304 https://registry.npmjs.org/@types%2fpostcss-modules-local-by-default 121ms (from cache)
103 silly pacote tag manifest for @types/postcss-modules-extract-imports@ts3.6 fetched in 136ms
104 silly pacote tag manifest for @types/postcss-modules-local-by-default@ts3.6 fetched in 124ms
105 http fetch GET 304 https://registry.npmjs.org/@types%2fnegotiator 2487ms (from cache)
106 silly pacote tag manifest for @types/negotiator@ts3.6 fetched in 2488ms
107 http fetch GET 304 https://registry.npmjs.org/@types%2fpostcss-modules-scope 117ms (from cache)
108 silly pacote tag manifest for @types/postcss-modules-scope@ts3.6 fetched in 120ms
109 http fetch GET 304 https://registry.npmjs.org/@types%2fpostcss-normalize 124ms (from cache)
110 silly pacote tag manifest for @types/postcss-normalize@ts3.6 fetched in 125ms
111 http fetch GET 304 https://registry.npmjs.org/@types%2fnum2fraction 2320ms (from cache)
112 silly pacote tag manifest for @types/num2fraction@ts3.6 fetched in 2323ms
113 http fetch GET 304 https://registry.npmjs.org/@types%2fpostcss-safe-parser 129ms (from cache)
114 silly pacote tag manifest for @types/postcss-safe-parser@ts3.6 fetched in 131ms
115 http fetch GET 304 https://registry.npmjs.org/@types%2fprettier-linter-helpers 119ms (from cache)
116 silly pacote tag manifest for @types/prettier-linter-helpers@ts3.6 fetched in 121ms
117 http fetch GET 304 https://registry.npmjs.org/@types%2fprogress 125ms (from cache)
118 silly pacote tag manifest for @types/progress@ts3.6 fetched in 127ms
119 http fetch GET 304 https://registry.npmjs.org/@types%2fprompts 146ms (from cache)
120 http fetch GET 304 https://registry.npmjs.org/@types%2fparseurl 1573ms (from cache)
121 http fetch GET 304 https://registry.npmjs.org/@types%2fprop-types 128ms (from cache)
122 silly pacote tag manifest for @types/parseurl@ts3.6 fetched in 1576ms
123 silly pacote tag manifest for @types/prompts@ts3.6 fetched in 152ms
124 silly pacote tag manifest for @types/prop-types@ts3.6 fetched in 132ms
125 http fetch GET 304 https://registry.npmjs.org/@types%2fpath-is-absolute 1520ms (from cache)
126 silly pacote tag manifest for @types/path-is-absolute@ts3.6 fetched in 1522ms
127 http fetch GET 304 https://registry.npmjs.org/@types%2fpsl 128ms (from cache)
128 silly pacote tag manifest for @types/psl@ts3.6 fetched in 131ms
129 http fetch GET 200 https://registry.npmjs.org/@types%2fpath-browserify 1504ms
130 silly fetchPackageMetaData error for @types/path-browserify@ts3.6 No matching version found for @types/path-browserify@ts3.6.
131 http fetch GET 304 https://registry.npmjs.org/@types%2fpump 163ms (from cache)
132 http fetch GET 304 https://registry.npmjs.org/@types%2fproxy-addr 166ms (from cache)
133 silly pacote tag manifest for @types/pump@ts3.6 fetched in 165ms
134 silly pacote tag manifest for @types/proxy-addr@ts3.6 fetched in 167ms
135 http fetch GET 304 https://registry.npmjs.org/@types%2fpumpify 119ms (from cache)
136 silly pacote tag manifest for @types/pumpify@ts3.6 fetched in 122ms
137 http fetch GET 304 https://registry.npmjs.org/@types%2fq 123ms (from cache)
138 silly pacote tag manifest for @types/q@ts3.6 fetched in 128ms
139 http fetch GET 304 https://registry.npmjs.org/@types%2fqs 125ms (from cache)
140 silly pacote tag manifest for @types/qs@ts3.6 fetched in 127ms
141 http fetch GET 304 https://registry.npmjs.org/@types%2fquerystringify 128ms (from cache)
142 silly pacote tag manifest for @types/querystringify@ts3.6 fetched in 131ms
143 http fetch GET 304 https://registry.npmjs.org/@types%2fraf 113ms (from cache)
144 silly pacote tag manifest for @types/raf@ts3.6 fetched in 116ms
145 http fetch GET 304 https://registry.npmjs.org/@types%2fpath-is-inside 1505ms (from cache)
146 silly pacote tag manifest for @types/path-is-inside@ts3.6 fetched in 1506ms
147 http fetch GET 304 https://registry.npmjs.org/@types%2freact-dev-utils 135ms (from cache)
148 silly pacote tag manifest for @types/react-dev-utils@ts3.6 fetched in 140ms
149 http fetch GET 304 https://registry.npmjs.org/@types%2freact-is 119ms (from cache)
150 silly pacote tag manifest for @types/react-is@ts3.6 fetched in 123ms
151 http fetch GET 304 https://registry.npmjs.org/@types%2freact-refresh 187ms (from cache)
152 silly registry:manifest no matching version for @types/react-refresh@ts3.6 in the cache. Forcing revalidation.
153 http fetch GET 304 https://registry.npmjs.org/@types%2freadable-stream 125ms (from cache)
154 silly pacote tag manifest for @types/readable-stream@ts3.6 fetched in 128ms
155 http fetch GET 304 https://registry.npmjs.org/@types%2frecursive-readdir 132ms (from cache)
156 silly pacote tag manifest for @types/recursive-readdir@ts3.6 fetched in 134ms
157 http fetch GET 200 https://registry.npmjs.org/@types%2freact-refresh 126ms
158 silly fetchPackageMetaData error for @types/react-refresh@ts3.6 No matching version found for @types/react-refresh@ts3.6.
159 http fetch GET 304 https://registry.npmjs.org/@types%2fregenerate 127ms (from cache)
160 silly registry:manifest no matching version for @types/regenerate@ts3.6 in the cache. Forcing revalidation.
161 http fetch GET 304 https://registry.npmjs.org/@types%2fregenerator-runtime 127ms (from cache)
162 silly pacote tag manifest for @types/regenerator-runtime@ts3.6 fetched in 129ms
163 http fetch GET 304 https://registry.npmjs.org/@types%2fpbkdf2 1551ms (from cache)
164 silly pacote tag manifest for @types/pbkdf2@ts3.6 fetched in 1553ms
165 http fetch GET 304 https://registry.npmjs.org/@types%2fregex-not 140ms (from cache)
166 silly registry:manifest no matching version for @types/regex-not@ts3.6 in the cache. Forcing revalidation.
167 http fetch GET 200 https://registry.npmjs.org/@types%2fregenerate 120ms
168 silly fetchPackageMetaData error for @types/regenerate@ts3.6 No matching version found for @types/regenerate@ts3.6.
169 http fetch GET 200 https://registry.npmjs.org/@types%2fregex-not 129ms
170 silly fetchPackageMetaData error for @types/regex-not@ts3.6 No matching version found for @types/regex-not@ts3.6.
171 http fetch GET 304 https://registry.npmjs.org/@types%2frepeat-string 116ms (from cache)
172 silly pacote tag manifest for @types/repeat-string@ts3.6 fetched in 117ms
173 http fetch GET 304 https://registry.npmjs.org/@types%2frequire-directory 137ms (from cache)
174 http fetch GET 304 https://registry.npmjs.org/@types%2frequire-from-string 122ms (from cache)
175 silly pacote tag manifest for @types/require-directory@ts3.6 fetched in 140ms
176 silly pacote tag manifest for @types/require-from-string@ts3.6 fetched in 124ms
177 http fetch GET 304 https://registry.npmjs.org/@types%2fresolve 120ms (from cache)
178 silly pacote tag manifest for @types/resolve@ts3.6 fetched in 122ms
179 http fetch GET 304 https://registry.npmjs.org/@types%2fprelude-ls 1580ms (from cache)
180 silly pacote tag manifest for @types/prelude-ls@ts3.6 fetched in 1582ms
181 http fetch GET 304 https://registry.npmjs.org/@types%2fretry 122ms (from cache)
182 silly pacote tag manifest for @types/retry@ts3.6 fetched in 125ms
183 http fetch GET 304 https://registry.npmjs.org/@types%2frsvp 146ms (from cache)
184 silly pacote tag manifest for @types/rsvp@ts3.6 fetched in 149ms
185 http fetch GET 304 https://registry.npmjs.org/@types%2frun-parallel 140ms (from cache)
186 silly pacote tag manifest for @types/run-parallel@ts3.6 fetched in 144ms
187 http fetch GET 304 https://registry.npmjs.org/@types%2fsafe-regex 141ms (from cache)
188 silly pacote tag manifest for @types/safe-regex@ts3.6 fetched in 143ms
189 http fetch GET 304 https://registry.npmjs.org/@types%2frandombytes 1499ms (from cache)
190 silly pacote tag manifest for @types/randombytes@ts3.6 fetched in 1502ms
191 http fetch GET 304 https://registry.npmjs.org/@types%2fsafe-regex-test 154ms (from cache)
192 silly registry:manifest no matching version for @types/safe-regex-test@ts3.6 in the cache. Forcing revalidation.
193 http fetch GET 304 https://registry.npmjs.org/@types%2frepeat-element 1264ms (from cache)
194 silly pacote tag manifest for @types/repeat-element@ts3.6 fetched in 1268ms
195 http fetch GET 200 https://registry.npmjs.org/@types%2fsafe-regex-test 112ms
196 silly fetchPackageMetaData error for @types/safe-regex-test@ts3.6 No matching version found for @types/safe-regex-test@ts3.6.
197 http fetch GET 304 https://registry.npmjs.org/@types%2fpostcss-modules-values 2425ms (from cache)
198 silly pacote tag manifest for @types/postcss-modules-values@ts3.6 fetched in 2426ms
199 http fetch GET 304 https://registry.npmjs.org/@types%2fsass-loader 137ms (from cache)
200 http fetch GET 304 https://registry.npmjs.org/@types%2fsax 123ms (from cache)
201 silly pacote tag manifest for @types/sass-loader@ts3.6 fetched in 139ms
202 silly pacote tag manifest for @types/sax@ts3.6 fetched in 125ms
203 http fetch GET 304 https://registry.npmjs.org/@types%2frelateurl 1484ms (from cache)
204 silly pacote tag manifest for @types/relateurl@ts3.6 fetched in 1487ms
205 http fetch GET 304 https://registry.npmjs.org/@types%2fpromise-inflight 2468ms (from cache)
206 silly pacote tag manifest for @types/promise-inflight@ts3.6 fetched in 2469ms
207 http fetch GET 304 https://registry.npmjs.org/@types%2fscheduler 132ms (from cache)
208 silly pacote tag manifest for @types/scheduler@ts3.6 fetched in 134ms
209 http fetch GET 304 https://registry.npmjs.org/@types%2fselfsigned 141ms (from cache)
210 silly registry:manifest no matching version for @types/selfsigned@ts3.6 in the cache. Forcing revalidation.
211 http fetch GET 304 https://registry.npmjs.org/@types%2fsemver 124ms (from cache)
212 silly pacote tag manifest for @types/semver@ts3.6 fetched in 128ms
213 http fetch GET 304 https://registry.npmjs.org/@types%2fsemver-compare 135ms (from cache)
214 silly pacote tag manifest for @types/semver-compare@ts3.6 fetched in 138ms
215 http fetch GET 200 https://registry.npmjs.org/@types%2fselfsigned 116ms
216 http fetch GET 304 https://registry.npmjs.org/@types%2fsend 125ms (from cache)
217 silly fetchPackageMetaData error for @types/selfsigned@ts3.6 No matching version found for @types/selfsigned@ts3.6.
218 silly pacote tag manifest for @types/send@ts3.6 fetched in 128ms
219 http fetch GET 304 https://registry.npmjs.org/@types%2fpunycode 2395ms (from cache)
220 http fetch GET 304 https://registry.npmjs.org/@types%2fserve-index 170ms (from cache)
221 silly pacote tag manifest for @types/punycode@ts3.6 fetched in 2397ms
222 silly pacote tag manifest for @types/serve-index@ts3.6 fetched in 173ms
223 http fetch GET 304 https://registry.npmjs.org/@types%2fserve-static 139ms (from cache)
224 silly pacote tag manifest for @types/serve-static@ts3.6 fetched in 141ms
225 http fetch GET 304 https://registry.npmjs.org/@types%2frange-parser 2315ms (from cache)
226 silly pacote tag manifest for @types/range-parser@ts3.6 fetched in 2319ms
227 http fetch GET 304 https://registry.npmjs.org/@types%2fsetimmediate 137ms (from cache)
228 http fetch GET 304 https://registry.npmjs.org/@types%2fset-value 140ms (from cache)
229 silly pacote tag manifest for @types/setimmediate@ts3.6 fetched in 139ms
230 silly pacote tag manifest for @types/set-value@ts3.6 fetched in 143ms
231 http fetch GET 304 https://registry.npmjs.org/@types%2fsane 750ms (from cache)
232 silly pacote tag manifest for @types/sane@ts3.6 fetched in 752ms
233 http fetch GET 304 https://registry.npmjs.org/@types%2fshebang-command 150ms (from cache)
234 silly pacote tag manifest for @types/shebang-command@ts3.6 fetched in 153ms
235 http fetch GET 304 https://registry.npmjs.org/@types%2fripemd160 1543ms (from cache)
236 silly pacote tag manifest for @types/ripemd160@ts3.6 fetched in 1545ms
237 http fetch GET 304 https://registry.npmjs.org/@types%2fsignal-exit 127ms (from cache)
238 silly pacote tag manifest for @types/signal-exit@ts3.6 fetched in 128ms
239 http fetch GET 304 https://registry.npmjs.org/@types%2fsockjs-client 133ms (from cache)
240 http fetch GET 304 https://registry.npmjs.org/@types%2fsockjs 158ms (from cache)
241 silly pacote tag manifest for @types/sockjs-client@ts3.6 fetched in 136ms
242 silly pacote tag manifest for @types/sockjs@ts3.6 fetched in 162ms
243 http fetch GET 304 https://registry.npmjs.org/@types%2fsource-map-support 143ms (from cache)
244 http fetch GET 304 https://registry.npmjs.org/@types%2fsource-list-map 145ms (from cache)
245 silly pacote tag manifest for @types/source-map-support@ts3.6 fetched in 145ms
246 silly pacote tag manifest for @types/source-list-map@ts3.6 fetched in 146ms
247 http fetch GET 304 https://registry.npmjs.org/@types%2fspdx-correct 131ms (from cache)
248 silly pacote tag manifest for @types/spdx-correct@ts3.6 fetched in 133ms
249 http fetch GET 304 https://registry.npmjs.org/@types%2frequires-port 2428ms (from cache)
250 silly pacote tag manifest for @types/requires-port@ts3.6 fetched in 2432ms
251 http fetch GET 304 https://registry.npmjs.org/@types%2fsprintf 133ms (from cache)
252 silly pacote tag manifest for @types/sprintf@ts3.6 fetched in 136ms
253 http fetch GET 304 https://registry.npmjs.org/@types%2fsprintf-js 122ms (from cache)
254 silly pacote tag manifest for @types/sprintf-js@ts3.6 fetched in 124ms
255 http fetch GET 200 https://registry.npmjs.org/@types%2fset-blocking 1576ms
256 silly fetchPackageMetaData error for @types/set-blocking@ts3.6 No matching version found for @types/set-blocking@ts3.6.
257 http fetch GET 304 https://registry.npmjs.org/@types%2fsafer-buffer 2383ms (from cache)
258 silly pacote tag manifest for @types/safer-buffer@ts3.6 fetched in 2386ms
259 http fetch GET 304 https://registry.npmjs.org/@types%2fstatuses 140ms (from cache)
260 silly pacote tag manifest for @types/statuses@ts3.6 fetched in 144ms
261 http fetch GET 304 https://registry.npmjs.org/@types%2fserialize-javascript 2421ms (from cache)
262 silly pacote tag manifest for @types/serialize-javascript@ts3.6 fetched in 2424ms
263 http fetch GET 304 https://registry.npmjs.org/@types%2fspdy 1558ms (from cache)
264 silly pacote tag manifest for @types/spdy@ts3.6 fetched in 1560ms
265 http fetch GET 304 https://registry.npmjs.org/@types%2fstream-shift 134ms (from cache)
266 silly pacote tag manifest for @types/stream-shift@ts3.6 fetched in 136ms
267 http fetch GET 304 https://registry.npmjs.org/@types%2fsha.js 2361ms (from cache)
268 silly pacote tag manifest for @types/sha.js@ts3.6 fetched in 2364ms
269 http fetch GET 304 https://registry.npmjs.org/@types%2fstring-natural-compare 124ms (from cache)
270 silly pacote tag manifest for @types/string-natural-compare@ts3.6 fetched in 126ms
271 http fetch GET 304 https://registry.npmjs.org/@types%2fsimple-swizzle 2312ms (from cache)
272 silly registry:manifest no matching version for @types/simple-swizzle@ts3.6 in the cache. Forcing revalidation.
273 http fetch GET 304 https://registry.npmjs.org/@types%2fshell-quote 2406ms (from cache)
274 silly pacote tag manifest for @types/shell-quote@ts3.6 fetched in 2408ms
275 http fetch GET 304 https://registry.npmjs.org/@types%2fstringify-object 131ms (from cache)
276 silly pacote tag manifest for @types/stringify-object@ts3.6 fetched in 134ms
277 http fetch GET 304 https://registry.npmjs.org/@types%2fslice-ansi 2400ms (from cache)
278 silly pacote tag manifest for @types/slice-ansi@ts3.6 fetched in 2401ms
279 http fetch GET 304 https://registry.npmjs.org/@types%2fsupports-color 132ms (from cache)
280 http fetch GET 304 https://registry.npmjs.org/@types%2fstrip-final-newline 153ms (from cache)
281 silly pacote tag manifest for @types/supports-color@ts3.6 fetched in 135ms
282 silly pacote tag manifest for @types/strip-final-newline@ts3.6 fetched in 157ms
283 http fetch GET 304 https://registry.npmjs.org/@types%2fspdx-expression-parse 2352ms (from cache)
284 http fetch GET 304 https://registry.npmjs.org/@types%2fsvg-parser 137ms (from cache)
285 silly pacote tag manifest for @types/spdx-expression-parse@ts3.6 fetched in 2355ms
286 silly pacote tag manifest for @types/svg-parser@ts3.6 fetched in 140ms
287 http fetch GET 304 https://registry.npmjs.org/@types%2fstack-utils 1525ms (from cache)
288 silly pacote tag manifest for @types/stack-utils@ts3.6 fetched in 1528ms
289 http fetch GET 304 https://registry.npmjs.org/@types%2ftapable 127ms (from cache)
290 silly pacote tag manifest for @types/tapable@ts3.6 fetched in 131ms
291 http fetch GET 304 https://registry.npmjs.org/@types%2ftext-table 135ms (from cache)
292 silly pacote tag manifest for @types/text-table@ts3.6 fetched in 138ms
293 http fetch GET 304 https://registry.npmjs.org/@types%2fstream-each 1511ms (from cache)
294 silly pacote tag manifest for @types/stream-each@ts3.6 fetched in 1514ms
295 http fetch GET 304 https://registry.npmjs.org/@types%2fssri 2341ms (from cache)
296 silly pacote tag manifest for @types/ssri@ts3.6 fetched in 2344ms
297 http fetch GET 304 https://registry.npmjs.org/@types%2fthunky 131ms (from cache)
298 silly pacote tag manifest for @types/thunky@ts3.6 fetched in 133ms
299 http fetch GET 304 https://registry.npmjs.org/@types%2fstrict-uri-encode 1564ms (from cache)
300 silly pacote tag manifest for @types/strict-uri-encode@ts3.6 fetched in 1567ms
301 http fetch GET 304 https://registry.npmjs.org/@types%2fstrip-comments 1466ms (from cache)
302 http fetch GET 304 https://registry.npmjs.org/@types%2fthrough2 724ms (from cache)
303 silly pacote tag manifest for @types/strip-comments@ts3.6 fetched in 1469ms
304 silly pacote tag manifest for @types/through2@ts3.6 fetched in 727ms
305 http fetch GET 200 https://registry.npmjs.org/@types%2fsimple-swizzle 1527ms
306 silly fetchPackageMetaData error for @types/simple-swizzle@ts3.6 No matching version found for @types/simple-swizzle@ts3.6.
307 http fetch GET 200 https://registry.npmjs.org/@types%2fto-regex-range 147ms
308 silly fetchPackageMetaData error for @types/to-regex-range@ts3.6 No matching version found for @types/to-regex-range@ts3.6.
309 http fetch GET 200 https://registry.npmjs.org/@types%2ftoidentifier 118ms
310 silly fetchPackageMetaData error for @types/toidentifier@ts3.6 No matching version found for @types/toidentifier@ts3.6.
311 http fetch GET 304 https://registry.npmjs.org/@types%2ftough-cookie 137ms (from cache)
312 silly pacote tag manifest for @types/tough-cookie@ts3.6 fetched in 142ms
313 http fetch GET 304 https://registry.npmjs.org/@types%2ftar 1577ms (from cache)
314 silly pacote tag manifest for @types/tar@ts3.6 fetched in 1580ms
315 http fetch GET 304 https://registry.npmjs.org/@types%2ftest-exclude 1558ms (from cache)
316 silly registry:manifest no matching version for @types/test-exclude@ts3.6 in the cache. Forcing revalidation.
317 http fetch GET 304 https://registry.npmjs.org/@types%2fstring.prototype.matchall 2353ms (from cache)
318 silly pacote tag manifest for @types/string.prototype.matchall@ts3.6 fetched in 2356ms
319 http fetch GET 304 https://registry.npmjs.org/@types%2ftimsort 1166ms (from cache)
320 http fetch GET 304 https://registry.npmjs.org/@types%2ftype-detect 126ms (from cache)
321 silly pacote tag manifest for @types/timsort@ts3.6 fetched in 1170ms
322 silly pacote tag manifest for @types/type-detect@ts3.6 fetched in 128ms
323 http fetch GET 200 https://registry.npmjs.org/@types%2ftypedarray-to-buffer 147ms
324 silly fetchPackageMetaData error for @types/typedarray-to-buffer@ts3.6 No matching version found for @types/typedarray-to-buffer@ts3.6.
325 http fetch GET 304 https://registry.npmjs.org/@types%2fsymbol-tree 2376ms (from cache)
326 http fetch GET 304 https://registry.npmjs.org/@types%2funbox-primitive 132ms (from cache)
327 silly registry:manifest no matching version for @types/unbox-primitive@ts3.6 in the cache. Forcing revalidation.
328 silly pacote tag manifest for @types/symbol-tree@ts3.6 fetched in 2381ms
329 http fetch GET 200 https://registry.npmjs.org/@types%2funbox-primitive 131ms
330 silly fetchPackageMetaData error for @types/unbox-primitive@ts3.6 No matching version found for @types/unbox-primitive@ts3.6.
331 http fetch GET 304 https://registry.npmjs.org/@types%2funiq 130ms (from cache)
332 silly pacote tag manifest for @types/uniq@ts3.6 fetched in 134ms
333 http fetch GET 304 https://registry.npmjs.org/@types%2funiversalify 153ms (from cache)
334 http fetch GET 304 https://registry.npmjs.org/@types%2furix 147ms (from cache)
335 silly pacote tag manifest for @types/universalify@ts3.6 fetched in 155ms
336 silly pacote tag manifest for @types/urix@ts3.6 fetched in 150ms
337 http fetch GET 304 https://registry.npmjs.org/@types%2fthrough 2396ms (from cache)
338 http fetch GET 304 https://registry.npmjs.org/@types%2futil-deprecate 137ms (from cache)
339 silly pacote tag manifest for @types/through@ts3.6 fetched in 2398ms
340 silly pacote tag manifest for @types/util-deprecate@ts3.6 fetched in 141ms
341 http fetch GET 304 https://registry.npmjs.org/@types%2fto-regex 1571ms (from cache)
342 silly registry:manifest no matching version for @types/to-regex@ts3.6 in the cache. Forcing revalidation.
343 http fetch GET 200 https://registry.npmjs.org/@types%2fto-regex 126ms
344 silly fetchPackageMetaData error for @types/to-regex@ts3.6 No matching version found for @types/to-regex@ts3.6.
345 http fetch GET 304 https://registry.npmjs.org/@types%2ftr46 1535ms (from cache)
346 silly registry:manifest no matching version for @types/tr46@ts3.6 in the cache. Forcing revalidation.
347 http fetch GET 304 https://registry.npmjs.org/@types%2futil.promisify 140ms (from cache)
348 silly pacote tag manifest for @types/util.promisify@ts3.6 fetched in 148ms
349 http fetch GET 304 https://registry.npmjs.org/@types%2fuuid 139ms (from cache)
350 http fetch GET 304 https://registry.npmjs.org/@types%2fvalidate-npm-package-license 132ms (from cache)
351 silly pacote tag manifest for @types/uuid@ts3.6 fetched in 142ms
352 silly pacote tag manifest for @types/validate-npm-package-license@ts3.6 fetched in 135ms
353 http fetch GET 304 https://registry.npmjs.org/@types%2fvary 128ms (from cache)
354 silly pacote tag manifest for @types/vary@ts3.6 fetched in 133ms
355 http fetch GET 200 https://registry.npmjs.org/@types%2ftest-exclude 1485ms
356 silly fetchPackageMetaData error for @types/test-exclude@ts3.6 No matching version found for @types/test-exclude@ts3.6.
357 http fetch GET 304 https://registry.npmjs.org/@types%2ftype-check 1548ms (from cache)
358 silly pacote tag manifest for @types/type-check@ts3.6 fetched in 1555ms
359 http fetch GET 304 https://registry.npmjs.org/@types%2fw3c-xmlserializer 289ms (from cache)
360 http fetch GET 304 https://registry.npmjs.org/@types%2ftmpl 2468ms (from cache)
361 silly registry:manifest no matching version for @types/tmpl@ts3.6 in the cache. Forcing revalidation.
362 silly pacote tag manifest for @types/w3c-xmlserializer@ts3.6 fetched in 294ms
363 http fetch GET 304 https://registry.npmjs.org/@types%2ftype-is 1542ms (from cache)
364 silly pacote tag manifest for @types/type-is@ts3.6 fetched in 1545ms
365 http fetch GET 200 https://registry.npmjs.org/@types%2ftmpl 248ms
366 silly fetchPackageMetaData error for @types/tmpl@ts3.6 No matching version found for @types/tmpl@ts3.6.
367 http fetch GET 304 https://registry.npmjs.org/@types%2fwebpack 249ms (from cache)
368 silly pacote tag manifest for @types/webpack@ts3.6 fetched in 253ms
369 http fetch GET 304 https://registry.npmjs.org/@types%2ftryer 2347ms (from cache)
370 http fetch GET 304 https://registry.npmjs.org/@types%2fwebpack-manifest-plugin 244ms (from cache)
371 silly pacote tag manifest for @types/tryer@ts3.6 fetched in 2351ms
372 silly pacote tag manifest for @types/webpack-manifest-plugin@ts3.6 fetched in 248ms
373 http fetch GET 304 https://registry.npmjs.org/@types%2fwhatwg-encoding 273ms (from cache)
374 http fetch GET 304 https://registry.npmjs.org/@types%2fwebpack-sources 279ms (from cache)
375 silly pacote tag manifest for @types/webpack-sources@ts3.6 fetched in 283ms
376 silly pacote tag manifest for @types/whatwg-encoding@ts3.6 fetched in 277ms
377 http fetch GET 304 https://registry.npmjs.org/@types%2fwatchpack 799ms (from cache)
378 http fetch GET 304 https://registry.npmjs.org/@types%2fwebidl-conversions 787ms (from cache)
379 silly pacote tag manifest for @types/watchpack@ts3.6 fetched in 802ms
380 silly pacote tag manifest for @types/webidl-conversions@ts3.6 fetched in 789ms
381 http fetch GET 304 https://registry.npmjs.org/@types%2fwhatwg-mimetype 278ms (from cache)
382 http fetch GET 304 https://registry.npmjs.org/@types%2fwhatwg-url 279ms (from cache)
383 silly pacote tag manifest for @types/whatwg-mimetype@ts3.6 fetched in 283ms
384 silly pacote tag manifest for @types/whatwg-url@ts3.6 fetched in 282ms
385 http fetch GET 304 https://registry.npmjs.org/@types%2fwhich-boxed-primitive 251ms (from cache)
386 silly registry:manifest no matching version for @types/which-boxed-primitive@ts3.6 in the cache. Forcing revalidation.
387 http fetch GET 304 https://registry.npmjs.org/@types%2furl-parse 1630ms (from cache)
388 http fetch GET 304 https://registry.npmjs.org/@types%2fwhich 254ms (from cache)
389 http fetch GET 304 https://registry.npmjs.org/@types%2fworkbox-sw 233ms (from cache)
390 silly pacote tag manifest for @types/url-parse@ts3.6 fetched in 1637ms
391 silly pacote tag manifest for @types/which@ts3.6 fetched in 261ms
392 silly pacote tag manifest for @types/workbox-sw@ts3.6 fetched in 240ms
393 http fetch GET 304 https://registry.npmjs.org/@types%2fwrap-ansi 288ms (from cache)
394 silly pacote tag manifest for @types/wrap-ansi@ts3.6 fetched in 291ms
395 http fetch GET 200 https://registry.npmjs.org/@types%2fwhich-boxed-primitive 260ms
396 http fetch GET 200 https://registry.npmjs.org/@types%2ftr46 1610ms
397 silly fetchPackageMetaData error for @types/which-boxed-primitive@ts3.6 No matching version found for @types/which-boxed-primitive@ts3.6.
398 silly fetchPackageMetaData error for @types/tr46@ts3.6 No matching version found for @types/tr46@ts3.6.
399 http fetch GET 304 https://registry.npmjs.org/@types%2fxml-name-validator 256ms (from cache)
400 silly registry:manifest no matching version for @types/xml-name-validator@ts3.6 in the cache. Forcing revalidation.
401 http fetch GET 304 https://registry.npmjs.org/@types%2fws 258ms (from cache)
402 http fetch GET 304 https://registry.npmjs.org/@types%2fxtend 258ms (from cache)
403 silly pacote tag manifest for @types/ws@ts3.6 fetched in 268ms
404 silly pacote tag manifest for @types/xtend@ts3.6 fetched in 267ms
405 http fetch GET 304 https://registry.npmjs.org/@types%2fw3c-hr-time 1590ms (from cache)
406 http fetch GET 304 https://registry.npmjs.org/@types%2fyallist 218ms (from cache)
407 silly pacote tag manifest for @types/w3c-hr-time@ts3.6 fetched in 1592ms
408 silly pacote tag manifest for @types/yallist@ts3.6 fetched in 220ms
409 http fetch GET 304 https://registry.npmjs.org/@types%2fyargs 251ms (from cache)
410 http fetch GET 304 https://registry.npmjs.org/@types%2fyargs-parser 253ms (from cache)
411 silly pacote tag manifest for @types/yargs@ts3.6 fetched in 255ms
412 silly pacote tag manifest for @types/yargs-parser@ts3.6 fetched in 257ms
413 http fetch GET 304 https://registry.npmjs.org/@types%2fwhich-pm-runs 756ms (from cache)
414 silly pacote tag manifest for @types/which-pm-runs@ts3.6 fetched in 758ms
415 http fetch GET 304 https://registry.npmjs.org/@types%2fwrite-file-atomic 774ms (from cache)
416 silly pacote tag manifest for @types/write-file-atomic@ts3.6 fetched in 776ms
417 http fetch GET 304 https://registry.npmjs.org/@types%2futils-merge 2500ms (from cache)
418 silly pacote tag manifest for @types/utils-merge@ts3.6 fetched in 2504ms
419 http fetch GET 200 https://registry.npmjs.org/@types%2fxml-name-validator 1656ms
420 silly fetchPackageMetaData error for @types/xml-name-validator@ts3.6 No matching version found for @types/xml-name-validator@ts3.6.
421 timing stage:rollbackFailedOptional Completed in 1ms
422 timing stage:runTopLevelLifecycles Completed in 15467ms
423 verbose type tag
424 verbose stack @types/neo-async: No matching version found for @types/neo-async@ts3.6.
424 verbose stack     at pickManifest (/usr/local/lib/node_modules/npm/node_modules/npm-pick-manifest/index.js:122:13)
424 verbose stack     at /usr/local/lib/node_modules/npm/node_modules/pacote/lib/fetchers/registry/manifest.js:43:18
424 verbose stack     at tryCatcher (/usr/local/lib/node_modules/npm/node_modules/bluebird/js/release/util.js:16:23)
424 verbose stack     at Promise._settlePromiseFromHandler (/usr/local/lib/node_modules/npm/node_modules/bluebird/js/release/promise.js:517:31)
424 verbose stack     at Promise._settlePromise (/usr/local/lib/node_modules/npm/node_modules/bluebird/js/release/promise.js:574:18)
424 verbose stack     at Promise._settlePromise0 (/usr/local/lib/node_modules/npm/node_modules/bluebird/js/release/promise.js:619:10)
424 verbose stack     at Promise._settlePromises (/usr/local/lib/node_modules/npm/node_modules/bluebird/js/release/promise.js:699:18)
424 verbose stack     at _drainQueueStep (/usr/local/lib/node_modules/npm/node_modules/bluebird/js/release/async.js:138:12)
424 verbose stack     at _drainQueue (/usr/local/lib/node_modules/npm/node_modules/bluebird/js/release/async.js:131:9)
424 verbose stack     at Async._drainQueues (/usr/local/lib/node_modules/npm/node_modules/bluebird/js/release/async.js:147:5)
424 verbose stack     at Immediate.Async.drainQueues [as _onImmediate] (/usr/local/lib/node_modules/npm/node_modules/bluebird/js/release/async.js:17:14)
424 verbose stack     at processImmediate (internal/timers.js:456:21)
425 verbose cwd /home/theia/.cache/typescript/3.6
426 verbose Linux 5.15.90.1-microsoft-standard-WSL2
427 verbose argv "/usr/local/bin/node" "/usr/local/bin/npm" "install" "--ignore-scripts" "@types/memorystream@ts3.6" "@types/merge-descriptors@ts3.6" "@types/merge-stream@ts3.6" "@types/merge2@ts3.6" "@types/methods@ts3.6" "@types/micromatch@ts3.6" "@types/mime@ts3.6" "@types/mime-db@ts3.6" "@types/mime-types@ts3.6" "@types/min-indent@ts3.6" "@types/minimalistic-assert@ts3.6" "@types/minimist@ts3.6" "@types/minizlib@ts3.6" "@types/move-concurrently@ts3.6" "@types/ms@ts3.6" "@types/multicast-dns@ts3.6" "@types/natural-compare@ts3.6" "@types/negotiator@ts3.6" "@types/neo-async@ts3.6" "@types/next-tick@ts3.6" "@types/nice-try@ts3.6" "@types/node-forge@ts3.6" "@types/node-int64@ts3.6" "@types/node-notifier@ts3.6" "@types/normalize-package-data@ts3.6" "@types/normalize-path@ts3.6" "@types/num2fraction@ts3.6" "@types/nwsapi@ts3.6" "@types/object-assign@ts3.6" "@types/object-inspect@ts3.6" "@types/object-keys@ts3.6" "@types/object.fromentries@ts3.6" "@types/object.getownpropertydescriptors@ts3.6" "@types/object.pick@ts3.6" "@types/on-finished@ts3.6" "@types/on-headers@ts3.6" "@types/once@ts3.6" "@types/optimize-css-assets-webpack-plugin@ts3.6" "@types/pako@ts3.6" "@types/parallel-transform@ts3.6" "@types/parse-json@ts3.6" "@types/parseurl@ts3.6" "@types/pascalcase@ts3.6" "@types/path-browserify@ts3.6" "@types/path-is-absolute@ts3.6" "@types/path-is-inside@ts3.6" "@types/path-parse@ts3.6" "@types/pbkdf2@ts3.6" "@types/picomatch@ts3.6" "@types/pify@ts3.6" "@types/postcss-flexbugs-fixes@ts3.6" "@types/postcss-gap-properties@ts3.6" "@types/postcss-modules-extract-imports@ts3.6" "@types/postcss-modules-local-by-default@ts3.6" "@types/postcss-modules-scope@ts3.6" "@types/postcss-modules-values@ts3.6" "@types/postcss-normalize@ts3.6" "@types/postcss-safe-parser@ts3.6" "@types/prelude-ls@ts3.6" "@types/prettier-linter-helpers@ts3.6" "@types/progress@ts3.6" "@types/promise-inflight@ts3.6" "@types/prompts@ts3.6" "@types/prop-types@ts3.6" "@types/proxy-addr@ts3.6" "@types/psl@ts3.6" "@types/pump@ts3.6" "@types/pumpify@ts3.6" "@types/punycode@ts3.6" "@types/q@ts3.6" "@types/qs@ts3.6" "@types/querystringify@ts3.6" "@types/raf@ts3.6" "@types/randombytes@ts3.6" "@types/range-parser@ts3.6" "@types/react-dev-utils@ts3.6" "@types/react-is@ts3.6" "@types/react-refresh@ts3.6" "@types/readable-stream@ts3.6" "@types/recursive-readdir@ts3.6" "@types/regenerate@ts3.6" "@types/regenerator-runtime@ts3.6" "@types/regex-not@ts3.6" "@types/relateurl@ts3.6" "@types/repeat-element@ts3.6" "@types/repeat-string@ts3.6" "@types/require-directory@ts3.6" "@types/require-from-string@ts3.6" "@types/requires-port@ts3.6" "@types/resolve@ts3.6" "@types/retry@ts3.6" "@types/ripemd160@ts3.6" "@types/rsvp@ts3.6" "@types/run-parallel@ts3.6" "@types/safe-regex@ts3.6" "@types/safe-regex-test@ts3.6" "@types/safer-buffer@ts3.6" "@types/sane@ts3.6" "@types/sass-loader@ts3.6" "@types/sax@ts3.6" "@types/scheduler@ts3.6" "@types/selfsigned@ts3.6" "@types/semver@ts3.6" "@types/semver-compare@ts3.6" "@types/send@ts3.6" "@types/serialize-javascript@ts3.6" "@types/serve-index@ts3.6" "@types/serve-static@ts3.6" "@types/set-blocking@ts3.6" "@types/set-value@ts3.6" "@types/setimmediate@ts3.6" "@types/sha.js@ts3.6" "@types/shebang-command@ts3.6" "@types/shell-quote@ts3.6" "@types/signal-exit@ts3.6" "@types/simple-swizzle@ts3.6" "@types/slice-ansi@ts3.6" "@types/sockjs@ts3.6" "@types/sockjs-client@ts3.6" "@types/source-list-map@ts3.6" "@types/source-map-support@ts3.6" "@types/spdx-correct@ts3.6" "@types/spdx-expression-parse@ts3.6" "@types/spdy@ts3.6" "@types/sprintf@ts3.6" "@types/sprintf-js@ts3.6" "@types/ssri@ts3.6" "@types/stack-utils@ts3.6" "@types/statuses@ts3.6" "@types/stream-each@ts3.6" "@types/stream-shift@ts3.6" "@types/strict-uri-encode@ts3.6" "@types/string-natural-compare@ts3.6" "@types/string.prototype.matchall@ts3.6" "@types/stringify-object@ts3.6" "@types/strip-comments@ts3.6" "@types/strip-final-newline@ts3.6" "@types/supports-color@ts3.6" "@types/svg-parser@ts3.6" "@types/symbol-tree@ts3.6" "@types/tapable@ts3.6" "@types/tar@ts3.6" "@types/test-exclude@ts3.6" "@types/text-table@ts3.6" "@types/through@ts3.6" "@types/through2@ts3.6" "@types/thunky@ts3.6" "@types/timsort@ts3.6" "@types/tmpl@ts3.6" "@types/to-regex@ts3.6" "@types/to-regex-range@ts3.6" "@types/toidentifier@ts3.6" "@types/tough-cookie@ts3.6" "@types/tr46@ts3.6" "@types/tryer@ts3.6" "@types/type-check@ts3.6" "@types/type-detect@ts3.6" "@types/type-is@ts3.6" "@types/typedarray-to-buffer@ts3.6" "@types/unbox-primitive@ts3.6" "@types/uniq@ts3.6" "@types/universalify@ts3.6" "@types/urix@ts3.6" "@types/url-parse@ts3.6" "@types/util-deprecate@ts3.6" "@types/util.promisify@ts3.6" "@types/utils-merge@ts3.6" "@types/uuid@ts3.6" "@types/validate-npm-package-license@ts3.6" "@types/vary@ts3.6" "@types/w3c-hr-time@ts3.6" "@types/w3c-xmlserializer@ts3.6" "@types/watchpack@ts3.6" "@types/webidl-conversions@ts3.6" "@types/webpack@ts3.6" "@types/webpack-manifest-plugin@ts3.6" "@types/webpack-sources@ts3.6" "@types/whatwg-encoding@ts3.6" "@types/whatwg-mimetype@ts3.6" "@types/whatwg-url@ts3.6" "@types/which@ts3.6" "@types/which-boxed-primitive@ts3.6" "@types/which-pm-runs@ts3.6" "@types/workbox-sw@ts3.6" "@types/wrap-ansi@ts3.6" "@types/write-file-atomic@ts3.6" "@types/ws@ts3.6" "@types/xml-name-validator@ts3.6" "@types/xtend@ts3.6" "@types/yallist@ts3.6" "@types/yargs@ts3.6" "@types/yargs-parser@ts3.6" "--save-dev" "--user-agent=typesInstaller/3.6.3"
428 verbose node v12.18.3
429 verbose npm  v6.14.6
430 error code ETARGET
431 error notarget No matching version found for @types/neo-async@ts3.6.
432 error notarget In most cases you or one of your dependencies are requesting
432 error notarget a package version that doesn't exist.
433 verbose exit [ 1, true ]
