0 info it worked if it ends with ok
1 verbose cli [
1 verbose cli   '/usr/local/bin/node',
1 verbose cli   '/usr/local/bin/npm',
1 verbose cli   'install',
1 verbose cli   '--ignore-scripts',
1 verbose cli   '@types/accepts@ts3.6',
1 verbose cli   '@types/argparse@ts3.6',
1 verbose cli   '@types/aria-query@ts3.6',
1 verbose cli   '@types/arr-diff@ts3.6',
1 verbose cli   '@types/arr-union@ts3.6',
1 verbose cli   '@types/array-unique@ts3.6',
1 verbose cli   '@types/array.prototype.flat@ts3.6',
1 verbose cli   '@types/array.prototype.flatmap@ts3.6',
1 verbose cli   '@types/asap@ts3.6',
1 verbose cli   '@types/assert@ts3.6',
1 verbose cli   '@types/async@ts3.6',
1 verbose cli   '@types/atob@ts3.6',
1 verbose cli   '@types/babel-plugin-macros@ts3.6',
1 verbose cli   '@types/babylon@ts3.6',
1 verbose cli   '@types/balanced-match@ts3.6',
1 verbose cli   '@types/big.js@ts3.6',
1 verbose cli   '@types/bn.js@ts3.6',
1 verbose cli   '@types/body-parser@ts3.6',
1 verbose cli   '@types/bonjour@ts3.6',
1 verbose cli   '@types/boolbase@ts3.6',
1 verbose cli   '@types/brace-expansion@ts3.6',
1 verbose cli   '@types/braces@ts3.6',
1 verbose cli   '@types/brorand@ts3.6',
1 verbose cli   '@types/bser@ts3.6',
1 verbose cli   '@types/buffer-from@ts3.6',
1 verbose cli   '@types/buffer-xor@ts3.6',
1 verbose cli   '@types/bytes@ts3.6',
1 verbose cli   '@types/cacache@ts3.6',
1 verbose cli   '@types/call-bind@ts3.6',
1 verbose cli   '@types/caniuse-api@ts3.6',
1 verbose cli   '@types/caniuse-lite@ts3.6',
1 verbose cli   '@types/case-sensitive-paths-webpack-plugin@ts3.6',
1 verbose cli   '@types/check-types@ts3.6',
1 verbose cli   '@types/chownr@ts3.6',
1 verbose cli   '@types/cipher-base@ts3.6',
1 verbose cli   '@types/clean-css@ts3.6',
1 verbose cli   '@types/color@ts3.6',
1 verbose cli   '@types/color-convert@ts3.6',
1 verbose cli   '@types/color-name@ts3.6',
1 verbose cli   '@types/color-string@ts3.6',
1 verbose cli   '@types/combined-stream@ts3.6',
1 verbose cli   '@types/common-tags@ts3.6',
1 verbose cli   '@types/commondir@ts3.6',
1 verbose cli   '@types/component-emitter@ts3.6',
1 verbose cli   '@types/compose-function@ts3.6',
1 verbose cli   '@types/compressible@ts3.6',
1 verbose cli   '@types/compression@ts3.6',
1 verbose cli   '@types/concat-map@ts3.6',
1 verbose cli   '@types/concat-stream@ts3.6',
1 verbose cli   '@types/confusing-browser-globals@ts3.6',
1 verbose cli   '@types/connect-history-api-fallback@ts3.6',
1 verbose cli   '@types/content-disposition@ts3.6',
1 verbose cli   '@types/content-type@ts3.6',
1 verbose cli   '@types/convert-source-map@ts3.6',
1 verbose cli   '@types/cookie@ts3.6',
1 verbose cli   '@types/cookie-signature@ts3.6',
1 verbose cli   '@types/core-js@ts3.6',
1 verbose cli   '@types/create-hash@ts3.6',
1 verbose cli   '@types/create-hmac@ts3.6',
1 verbose cli   '@types/cross-spawn@ts3.6',
1 verbose cli   '@types/css@ts3.6',
1 verbose cli   '@types/css-declaration-sorter@ts3.6',
1 verbose cli   '@types/css-tree@ts3.6',
1 verbose cli   '@types/css.escape@ts3.6',
1 verbose cli   '@types/cssesc@ts3.6',
1 verbose cli   '@types/csso@ts3.6',
1 verbose cli   '@types/cssom@ts3.6',
1 verbose cli   '@types/cssstyle@ts3.6',
1 verbose cli   '@types/damerau-levenshtein@ts3.6',
1 verbose cli   '@types/data-urls@ts3.6',
1 verbose cli   '@types/debug@ts3.6',
1 verbose cli   '@types/decode-uri-component@ts3.6',
1 verbose cli   '@types/dedent@ts3.6',
1 verbose cli   '@types/deep-equal@ts3.6',
1 verbose cli   '@types/default-gateway@ts3.6',
1 verbose cli   '@types/define-properties@ts3.6',
1 verbose cli   '@types/depd@ts3.6',
1 verbose cli   '@types/destroy@ts3.6',
1 verbose cli   '@types/detect-node@ts3.6',
1 verbose cli   '@types/diffie-hellman@ts3.6',
1 verbose cli   '@types/dir-glob@ts3.6',
1 verbose cli   '@types/dns-packet@ts3.6',
1 verbose cli   '@types/dns-txt@ts3.6',
1 verbose cli   '@types/doctrine@ts3.6',
1 verbose cli   '@types/domexception@ts3.6',
1 verbose cli   '@types/domutils@ts3.6',
1 verbose cli   '@types/duplexify@ts3.6',
1 verbose cli   '@types/ee-first@ts3.6',
1 verbose cli   '@types/ejs@ts3.6',
1 verbose cli   '@types/elliptic@ts3.6',
1 verbose cli   '@types/encodeurl@ts3.6',
1 verbose cli   '@types/end-of-stream@ts3.6',
1 verbose cli   '@types/es-abstract@ts3.6',
1 verbose cli   '@types/es-to-primitive@ts3.6',
1 verbose cli   '@types/escape-html@ts3.6',
1 verbose cli   '@types/escodegen@ts3.6',
1 verbose cli   ... 99 more items
1 verbose cli ]
2 info using npm@6.14.6
3 info using node@v12.18.3
4 verbose npm-session bba3530b4ab12837
5 silly install loadCurrentTree
6 silly install readLocalPackageData
7 http fetch GET 304 https://registry.npmjs.org/@types%2fasap 519ms (from cache)
8 http fetch GET 304 https://registry.npmjs.org/@types%2fargparse 527ms (from cache)
9 http fetch GET 304 https://registry.npmjs.org/@types%2farray-unique 520ms (from cache)
10 http fetch GET 304 https://registry.npmjs.org/@types%2faria-query 527ms (from cache)
11 http fetch GET 304 https://registry.npmjs.org/@types%2farray.prototype.flatmap 520ms (from cache)
12 http fetch GET 304 https://registry.npmjs.org/@types%2farray.prototype.flat 525ms (from cache)
13 silly pacote tag manifest for @types/array-unique@ts3.6 fetched in 529ms
14 http fetch GET 304 https://registry.npmjs.org/@types%2farr-diff 533ms (from cache)
15 silly pacote tag manifest for @types/aria-query@ts3.6 fetched in 537ms
16 http fetch GET 304 https://registry.npmjs.org/@types%2farr-union 536ms (from cache)
17 silly pacote tag manifest for @types/argparse@ts3.6 fetched in 542ms
18 silly pacote tag manifest for @types/array.prototype.flatmap@ts3.6 fetched in 534ms
19 silly pacote tag manifest for @types/asap@ts3.6 fetched in 534ms
20 silly pacote tag manifest for @types/array.prototype.flat@ts3.6 fetched in 539ms
21 silly pacote tag manifest for @types/arr-diff@ts3.6 fetched in 547ms
22 silly pacote tag manifest for @types/arr-union@ts3.6 fetched in 544ms
23 http fetch GET 304 https://registry.npmjs.org/@types%2fassert 552ms (from cache)
24 silly pacote tag manifest for @types/assert@ts3.6 fetched in 584ms
25 http fetch GET 304 https://registry.npmjs.org/@types%2fbabel-plugin-macros 181ms (from cache)
26 http fetch GET 304 https://registry.npmjs.org/@types%2fatob 186ms (from cache)
27 http fetch GET 304 https://registry.npmjs.org/@types%2fasync 197ms (from cache)
28 silly pacote tag manifest for @types/babel-plugin-macros@ts3.6 fetched in 195ms
29 silly pacote tag manifest for @types/atob@ts3.6 fetched in 202ms
30 silly pacote tag manifest for @types/async@ts3.6 fetched in 208ms
31 http fetch GET 304 https://registry.npmjs.org/@types%2fbn.js 214ms (from cache)
32 http fetch GET 304 https://registry.npmjs.org/@types%2fbalanced-match 230ms (from cache)
33 http fetch GET 304 https://registry.npmjs.org/@types%2fbabylon 230ms (from cache)
34 http fetch GET 304 https://registry.npmjs.org/@types%2fbig.js 227ms (from cache)
35 silly pacote tag manifest for @types/bn.js@ts3.6 fetched in 222ms
36 http fetch GET 304 https://registry.npmjs.org/@types%2fbody-parser 221ms (from cache)
37 silly pacote tag manifest for @types/babylon@ts3.6 fetched in 235ms
38 silly pacote tag manifest for @types/balanced-match@ts3.6 fetched in 236ms
39 silly pacote tag manifest for @types/big.js@ts3.6 fetched in 235ms
40 silly pacote tag manifest for @types/body-parser@ts3.6 fetched in 229ms
41 http fetch GET 304 https://registry.npmjs.org/@types%2fbonjour 200ms (from cache)
42 silly pacote tag manifest for @types/bonjour@ts3.6 fetched in 210ms
43 http fetch GET 304 https://registry.npmjs.org/@types%2fbrace-expansion 153ms (from cache)
44 http fetch GET 304 https://registry.npmjs.org/@types%2fbraces 147ms (from cache)
45 silly pacote tag manifest for @types/brace-expansion@ts3.6 fetched in 156ms
46 silly pacote tag manifest for @types/braces@ts3.6 fetched in 151ms
47 http fetch GET 304 https://registry.npmjs.org/@types%2fbrorand 159ms (from cache)
48 http fetch GET 304 https://registry.npmjs.org/@types%2fboolbase 200ms (from cache)
49 http fetch GET 304 https://registry.npmjs.org/@types%2fbuffer-xor 157ms (from cache)
50 silly pacote tag manifest for @types/brorand@ts3.6 fetched in 163ms
51 silly pacote tag manifest for @types/boolbase@ts3.6 fetched in 203ms
52 silly pacote tag manifest for @types/buffer-xor@ts3.6 fetched in 161ms
53 http fetch GET 304 https://registry.npmjs.org/@types%2fbuffer-from 172ms (from cache)
54 http fetch GET 304 https://registry.npmjs.org/@types%2fcacache 158ms (from cache)
55 silly pacote tag manifest for @types/buffer-from@ts3.6 fetched in 189ms
56 silly pacote tag manifest for @types/cacache@ts3.6 fetched in 167ms
57 http fetch GET 304 https://registry.npmjs.org/@types%2fbytes 196ms (from cache)
58 silly pacote tag manifest for @types/bytes@ts3.6 fetched in 198ms
59 http fetch GET 304 https://registry.npmjs.org/@types%2fcall-bind 125ms (from cache)
60 silly registry:manifest no matching version for @types/call-bind@ts3.6 in the cache. Forcing revalidation.
61 http fetch GET 304 https://registry.npmjs.org/@types%2fcaniuse-api 146ms (from cache)
62 silly pacote tag manifest for @types/caniuse-api@ts3.6 fetched in 148ms
63 http fetch GET 304 https://registry.npmjs.org/@types%2fcaniuse-lite 127ms (from cache)
64 silly pacote tag manifest for @types/caniuse-lite@ts3.6 fetched in 131ms
65 http fetch GET 304 https://registry.npmjs.org/@types%2fcase-sensitive-paths-webpack-plugin 148ms (from cache)
66 silly pacote tag manifest for @types/case-sensitive-paths-webpack-plugin@ts3.6 fetched in 151ms
67 http fetch GET 304 https://registry.npmjs.org/@types%2fcipher-base 137ms (from cache)
68 http fetch GET 304 https://registry.npmjs.org/@types%2fchownr 141ms (from cache)
69 silly pacote tag manifest for @types/cipher-base@ts3.6 fetched in 139ms
70 silly pacote tag manifest for @types/chownr@ts3.6 fetched in 143ms
71 http fetch GET 304 https://registry.npmjs.org/@types%2fclean-css 153ms (from cache)
72 silly pacote tag manifest for @types/clean-css@ts3.6 fetched in 156ms
73 http fetch GET 200 https://registry.npmjs.org/@types%2fcall-bind 125ms
74 silly fetchPackageMetaData error for @types/call-bind@ts3.6 No matching version found for @types/call-bind@ts3.6.
75 http fetch GET 304 https://registry.npmjs.org/@types%2fcolor 129ms (from cache)
76 silly pacote tag manifest for @types/color@ts3.6 fetched in 132ms
77 http fetch GET 304 https://registry.npmjs.org/@types%2fcolor-convert 130ms (from cache)
78 silly pacote tag manifest for @types/color-convert@ts3.6 fetched in 134ms
79 http fetch GET 304 https://registry.npmjs.org/@types%2fcolor-name 123ms (from cache)
80 silly pacote tag manifest for @types/color-name@ts3.6 fetched in 128ms
81 http fetch GET 304 https://registry.npmjs.org/@types%2fcombined-stream 129ms (from cache)
82 silly pacote tag manifest for @types/combined-stream@ts3.6 fetched in 134ms
83 http fetch GET 304 https://registry.npmjs.org/@types%2fcolor-string 144ms (from cache)
84 silly pacote tag manifest for @types/color-string@ts3.6 fetched in 147ms
85 http fetch GET 304 https://registry.npmjs.org/@types%2fcommondir 126ms (from cache)
86 http fetch GET 304 https://registry.npmjs.org/@types%2fcommon-tags 137ms (from cache)
87 silly pacote tag manifest for @types/common-tags@ts3.6 fetched in 138ms
88 silly pacote tag manifest for @types/commondir@ts3.6 fetched in 132ms
89 http fetch GET 304 https://registry.npmjs.org/@types%2fcomponent-emitter 126ms (from cache)
90 silly pacote tag manifest for @types/component-emitter@ts3.6 fetched in 128ms
91 http fetch GET 304 https://registry.npmjs.org/@types%2fcompose-function 161ms (from cache)
92 silly pacote tag manifest for @types/compose-function@ts3.6 fetched in 166ms
93 http fetch GET 304 https://registry.npmjs.org/@types%2fconcat-map 136ms (from cache)
94 http fetch GET 304 https://registry.npmjs.org/@types%2fcompression 149ms (from cache)
95 silly pacote tag manifest for @types/concat-map@ts3.6 fetched in 140ms
96 silly pacote tag manifest for @types/compression@ts3.6 fetched in 155ms
97 http fetch GET 304 https://registry.npmjs.org/@types%2fconnect-history-api-fallback 129ms (from cache)
98 silly pacote tag manifest for @types/connect-history-api-fallback@ts3.6 fetched in 133ms
99 http fetch GET 304 https://registry.npmjs.org/@types%2fconvert-source-map 169ms (from cache)
100 http fetch GET 304 https://registry.npmjs.org/@types%2fcontent-type 172ms (from cache)
101 silly pacote tag manifest for @types/convert-source-map@ts3.6 fetched in 172ms
102 silly pacote tag manifest for @types/content-type@ts3.6 fetched in 175ms
103 http fetch GET 304 https://registry.npmjs.org/@types%2fcookie 156ms (from cache)
104 silly pacote tag manifest for @types/cookie@ts3.6 fetched in 161ms
105 http fetch GET 304 https://registry.npmjs.org/@types%2fcore-js 137ms (from cache)
106 silly pacote tag manifest for @types/core-js@ts3.6 fetched in 143ms
107 http fetch GET 304 https://registry.npmjs.org/@types%2fcookie-signature 150ms (from cache)
108 http fetch GET 304 https://registry.npmjs.org/@types%2fcreate-hash 127ms (from cache)
109 silly pacote tag manifest for @types/cookie-signature@ts3.6 fetched in 153ms
110 silly pacote tag manifest for @types/create-hash@ts3.6 fetched in 130ms
111 http fetch GET 304 https://registry.npmjs.org/@types%2fcreate-hmac 141ms (from cache)
112 silly pacote tag manifest for @types/create-hmac@ts3.6 fetched in 146ms
113 http fetch GET 304 https://registry.npmjs.org/@types%2fcss 138ms (from cache)
114 http fetch GET 304 https://registry.npmjs.org/@types%2fcross-spawn 143ms (from cache)
115 silly pacote tag manifest for @types/css@ts3.6 fetched in 142ms
116 silly pacote tag manifest for @types/cross-spawn@ts3.6 fetched in 147ms
117 http fetch GET 304 https://registry.npmjs.org/@types%2fcss-declaration-sorter 129ms (from cache)
118 silly pacote tag manifest for @types/css-declaration-sorter@ts3.6 fetched in 133ms
119 http fetch GET 304 https://registry.npmjs.org/@types%2fcssesc 143ms (from cache)
120 silly pacote tag manifest for @types/cssesc@ts3.6 fetched in 147ms
121 http fetch GET 304 https://registry.npmjs.org/@types%2fcsso 140ms (from cache)
122 silly pacote tag manifest for @types/csso@ts3.6 fetched in 143ms
123 http fetch GET 304 https://registry.npmjs.org/@types%2fbser 1546ms (from cache)
124 silly pacote tag manifest for @types/bser@ts3.6 fetched in 1548ms
125 http fetch GET 304 https://registry.npmjs.org/@types%2fcssom 119ms (from cache)
126 silly pacote tag manifest for @types/cssom@ts3.6 fetched in 123ms
127 http fetch GET 304 https://registry.npmjs.org/@types%2fcompressible 1257ms (from cache)
128 silly pacote tag manifest for @types/compressible@ts3.6 fetched in 1259ms
129 http fetch GET 304 https://registry.npmjs.org/@types%2fdamerau-levenshtein 128ms (from cache)
130 silly pacote tag manifest for @types/damerau-levenshtein@ts3.6 fetched in 131ms
131 http fetch GET 304 https://registry.npmjs.org/@types%2fcontent-disposition 1206ms (from cache)
132 silly pacote tag manifest for @types/content-disposition@ts3.6 fetched in 1208ms
133 http fetch GET 304 https://registry.npmjs.org/@types%2fdata-urls 127ms (from cache)
134 silly pacote tag manifest for @types/data-urls@ts3.6 fetched in 130ms
135 http fetch GET 304 https://registry.npmjs.org/@types%2fdebug 129ms (from cache)
136 silly pacote tag manifest for @types/debug@ts3.6 fetched in 132ms
137 http fetch GET 304 https://registry.npmjs.org/@types%2fdedent 164ms (from cache)
138 silly pacote tag manifest for @types/dedent@ts3.6 fetched in 167ms
139 http fetch GET 304 https://registry.npmjs.org/@types%2faccepts 2799ms (from cache)
140 http fetch GET 304 https://registry.npmjs.org/@types%2fdeep-equal 120ms (from cache)
141 silly pacote tag manifest for @types/accepts@ts3.6 fetched in 2807ms
142 silly pacote tag manifest for @types/deep-equal@ts3.6 fetched in 127ms
143 http fetch GET 304 https://registry.npmjs.org/@types%2fconcat-stream 1623ms (from cache)
144 http fetch GET 304 https://registry.npmjs.org/@types%2fdefault-gateway 130ms (from cache)
145 silly pacote tag manifest for @types/concat-stream@ts3.6 fetched in 1627ms
146 silly pacote tag manifest for @types/default-gateway@ts3.6 fetched in 133ms
147 http fetch GET 304 https://registry.npmjs.org/@types%2fdepd 126ms (from cache)
148 silly pacote tag manifest for @types/depd@ts3.6 fetched in 129ms
149 http fetch GET 304 https://registry.npmjs.org/@types%2fdetect-node 159ms (from cache)
150 http fetch GET 304 https://registry.npmjs.org/@types%2fdiffie-hellman 137ms (from cache)
151 silly pacote tag manifest for @types/detect-node@ts3.6 fetched in 164ms
152 silly pacote tag manifest for @types/diffie-hellman@ts3.6 fetched in 143ms
153 http fetch GET 304 https://registry.npmjs.org/@types%2fdestroy 176ms (from cache)
154 silly pacote tag manifest for @types/destroy@ts3.6 fetched in 179ms
155 http fetch GET 304 https://registry.npmjs.org/@types%2fdir-glob 135ms (from cache)
156 silly pacote tag manifest for @types/dir-glob@ts3.6 fetched in 139ms
157 http fetch GET 304 https://registry.npmjs.org/@types%2fdns-txt 146ms (from cache)
158 silly registry:manifest no matching version for @types/dns-txt@ts3.6 in the cache. Forcing revalidation.
159 http fetch GET 304 https://registry.npmjs.org/@types%2fdoctrine 137ms (from cache)
160 silly pacote tag manifest for @types/doctrine@ts3.6 fetched in 142ms
161 http fetch GET 200 https://registry.npmjs.org/@types%2fdns-txt 125ms
162 silly fetchPackageMetaData error for @types/dns-txt@ts3.6 No matching version found for @types/dns-txt@ts3.6.
163 http fetch GET 304 https://registry.npmjs.org/@types%2fcheck-types 2519ms (from cache)
164 silly pacote tag manifest for @types/check-types@ts3.6 fetched in 2522ms
165 http fetch GET 304 https://registry.npmjs.org/@types%2fdomutils 132ms (from cache)
166 http fetch GET 304 https://registry.npmjs.org/@types%2fdomexception 144ms (from cache)
167 silly pacote tag manifest for @types/domutils@ts3.6 fetched in 137ms
168 silly pacote tag manifest for @types/domexception@ts3.6 fetched in 149ms
169 http fetch GET 304 https://registry.npmjs.org/@types%2fduplexify 145ms (from cache)
170 silly pacote tag manifest for @types/duplexify@ts3.6 fetched in 150ms
171 http fetch GET 304 https://registry.npmjs.org/@types%2fejs 134ms (from cache)
172 silly pacote tag manifest for @types/ejs@ts3.6 fetched in 137ms
173 http fetch GET 304 https://registry.npmjs.org/@types%2felliptic 140ms (from cache)
174 silly pacote tag manifest for @types/elliptic@ts3.6 fetched in 143ms
175 http fetch GET 304 https://registry.npmjs.org/@types%2fencodeurl 132ms (from cache)
176 http fetch GET 304 https://registry.npmjs.org/@types%2fconfusing-browser-globals 2492ms (from cache)
177 silly pacote tag manifest for @types/encodeurl@ts3.6 fetched in 134ms
178 silly pacote tag manifest for @types/confusing-browser-globals@ts3.6 fetched in 2496ms
179 http fetch GET 304 https://registry.npmjs.org/@types%2fcssstyle 1504ms (from cache)
180 silly pacote tag manifest for @types/cssstyle@ts3.6 fetched in 1506ms
181 http fetch GET 304 https://registry.npmjs.org/@types%2fend-of-stream 119ms (from cache)
182 silly pacote tag manifest for @types/end-of-stream@ts3.6 fetched in 121ms
183 http fetch GET 304 https://registry.npmjs.org/@types%2fes-abstract 126ms (from cache)
184 silly pacote tag manifest for @types/es-abstract@ts3.6 fetched in 130ms
185 http fetch GET 304 https://registry.npmjs.org/@types%2fescape-html 123ms (from cache)
186 silly pacote tag manifest for @types/escape-html@ts3.6 fetched in 127ms
187 http fetch GET 304 https://registry.npmjs.org/@types%2fescodegen 117ms (from cache)
188 silly pacote tag manifest for @types/escodegen@ts3.6 fetched in 120ms
189 http fetch GET 304 https://registry.npmjs.org/@types%2feslint-scope 116ms (from cache)
190 silly pacote tag manifest for @types/eslint-scope@ts3.6 fetched in 119ms
191 http fetch GET 304 https://registry.npmjs.org/@types%2fesquery 123ms (from cache)
192 http fetch GET 304 https://registry.npmjs.org/@types%2fesprima 152ms (from cache)
193 silly pacote tag manifest for @types/esquery@ts3.6 fetched in 126ms
194 silly pacote tag manifest for @types/esprima@ts3.6 fetched in 156ms
195 http fetch GET 304 https://registry.npmjs.org/@types%2fcss.escape 2428ms (from cache)
196 silly registry:manifest no matching version for @types/css.escape@ts3.6 in the cache. Forcing revalidation.
197 http fetch GET 304 https://registry.npmjs.org/@types%2fesutils 151ms (from cache)
198 http fetch GET 304 https://registry.npmjs.org/@types%2festraverse 152ms (from cache)
199 silly pacote tag manifest for @types/estraverse@ts3.6 fetched in 156ms
200 silly pacote tag manifest for @types/esutils@ts3.6 fetched in 156ms
201 http fetch GET 304 https://registry.npmjs.org/@types%2fcss-tree 2498ms (from cache)
202 silly pacote tag manifest for @types/css-tree@ts3.6 fetched in 2500ms
203 http fetch GET 304 https://registry.npmjs.org/@types%2fdefine-properties 1577ms (from cache)
204 silly pacote tag manifest for @types/define-properties@ts3.6 fetched in 1582ms
205 http fetch GET 200 https://registry.npmjs.org/@types%2fcss.escape 144ms
206 silly fetchPackageMetaData error for @types/css.escape@ts3.6 No matching version found for @types/css.escape@ts3.6.
207 http fetch GET 304 https://registry.npmjs.org/@types%2fetag 142ms (from cache)
208 silly pacote tag manifest for @types/etag@ts3.6 fetched in 147ms
209 http fetch GET 304 https://registry.npmjs.org/@types%2fevents 161ms (from cache)
210 silly pacote tag manifest for @types/events@ts3.6 fetched in 164ms
211 http fetch GET 304 https://registry.npmjs.org/@types%2feventsource 131ms (from cache)
212 silly pacote tag manifest for @types/eventsource@ts3.6 fetched in 133ms
213 http fetch GET 304 https://registry.npmjs.org/@types%2fexit 143ms (from cache)
214 silly pacote tag manifest for @types/exit@ts3.6 fetched in 147ms
215 http fetch GET 304 https://registry.npmjs.org/@types%2ffast-levenshtein 121ms (from cache)
216 silly pacote tag manifest for @types/fast-levenshtein@ts3.6 fetched in 124ms
217 http fetch GET 304 https://registry.npmjs.org/@types%2ffb-watchman 135ms (from cache)
218 silly pacote tag manifest for @types/fb-watchman@ts3.6 fetched in 138ms
219 http fetch GET 304 https://registry.npmjs.org/@types%2ffile-entry-cache 134ms (from cache)
220 silly pacote tag manifest for @types/file-entry-cache@ts3.6 fetched in 136ms
221 http fetch GET 304 https://registry.npmjs.org/@types%2ffile-loader 120ms (from cache)
222 silly pacote tag manifest for @types/file-loader@ts3.6 fetched in 122ms
223 http fetch GET 200 https://registry.npmjs.org/@types%2ffill-range 144ms
224 silly fetchPackageMetaData error for @types/fill-range@ts3.6 No matching version found for @types/fill-range@ts3.6.
225 http fetch GET 304 https://registry.npmjs.org/@types%2ffinalhandler 131ms (from cache)
226 silly pacote tag manifest for @types/finalhandler@ts3.6 fetched in 135ms
227 http fetch GET 304 https://registry.npmjs.org/@types%2fflat-cache 126ms (from cache)
228 silly pacote tag manifest for @types/flat-cache@ts3.6 fetched in 128ms
229 http fetch GET 304 https://registry.npmjs.org/@types%2fflush-write-stream 130ms (from cache)
230 silly pacote tag manifest for @types/flush-write-stream@ts3.6 fetched in 133ms
231 http fetch GET 304 https://registry.npmjs.org/@types%2ffresh 151ms (from cache)
232 silly pacote tag manifest for @types/fresh@ts3.6 fetched in 155ms
233 http fetch GET 304 https://registry.npmjs.org/@types%2ffrom2 140ms (from cache)
234 silly pacote tag manifest for @types/from2@ts3.6 fetched in 146ms
235 http fetch GET 304 https://registry.npmjs.org/@types%2fdecode-uri-component 2361ms (from cache)
236 silly pacote tag manifest for @types/decode-uri-component@ts3.6 fetched in 2365ms
237 http fetch GET 304 https://registry.npmjs.org/@types%2ffunction-bind 164ms (from cache)
238 http fetch GET 304 https://registry.npmjs.org/@types%2ffunctional-red-black-tree 129ms (from cache)
239 silly pacote tag manifest for @types/function-bind@ts3.6 fetched in 168ms
240 http fetch GET 200 https://registry.npmjs.org/@types%2ffs-minipass 178ms
241 silly fetchPackageMetaData error for @types/fs-minipass@ts3.6 No matching version found for @types/fs-minipass@ts3.6.
242 silly pacote tag manifest for @types/functional-red-black-tree@ts3.6 fetched in 135ms
243 http fetch GET 304 https://registry.npmjs.org/@types%2fee-first 1596ms (from cache)
244 silly pacote tag manifest for @types/ee-first@ts3.6 fetched in 1600ms
245 http fetch GET 304 https://registry.npmjs.org/@types%2fgensync 151ms (from cache)
246 silly registry:manifest no matching version for @types/gensync@ts3.6 in the cache. Forcing revalidation.
247 http fetch GET 304 https://registry.npmjs.org/@types%2fget-value 147ms (from cache)
248 silly pacote tag manifest for @types/get-value@ts3.6 fetched in 151ms
249 http fetch GET 304 https://registry.npmjs.org/@types%2fglob-parent 130ms (from cache)
250 silly pacote tag manifest for @types/glob-parent@ts3.6 fetched in 136ms
251 http fetch GET 304 https://registry.npmjs.org/@types%2fglobal-prefix 132ms (from cache)
252 silly pacote tag manifest for @types/global-prefix@ts3.6 fetched in 135ms
253 http fetch GET 304 https://registry.npmjs.org/@types%2fdns-packet 2427ms (from cache)
254 silly pacote tag manifest for @types/dns-packet@ts3.6 fetched in 2430ms
255 http fetch GET 304 https://registry.npmjs.org/@types%2fglobalthis 730ms (from cache)
256 silly pacote tag manifest for @types/globalthis@ts3.6 fetched in 733ms
257 http fetch GET 304 https://registry.npmjs.org/@types%2fes-to-primitive 2441ms (from cache)
258 silly pacote tag manifest for @types/es-to-primitive@ts3.6 fetched in 2444ms
259 http fetch GET 304 https://registry.npmjs.org/@types%2ffollow-redirects 1566ms (from cache)
260 http fetch GET 304 https://registry.npmjs.org/@types%2fgraceful-fs 134ms (from cache)
261 silly pacote tag manifest for @types/follow-redirects@ts3.6 fetched in 1569ms
262 silly pacote tag manifest for @types/graceful-fs@ts3.6 fetched in 136ms
263 http fetch GET 304 https://registry.npmjs.org/@types%2fforwarded 1614ms (from cache)
264 silly pacote tag manifest for @types/forwarded@ts3.6 fetched in 1617ms
265 http fetch GET 304 https://registry.npmjs.org/@types%2feslint-utils 2398ms (from cache)
266 silly pacote tag manifest for @types/eslint-utils@ts3.6 fetched in 2400ms
267 http fetch GET 304 https://registry.npmjs.org/@types%2fhas-symbols 132ms (from cache)
268 http fetch GET 304 https://registry.npmjs.org/@types%2fhas-bigints 135ms (from cache)
269 silly registry:manifest no matching version for @types/has-bigints@ts3.6 in the cache. Forcing revalidation.
270 silly pacote tag manifest for @types/has-symbols@ts3.6 fetched in 141ms
271 http fetch GET 304 https://registry.npmjs.org/@types%2fhas-values 139ms (from cache)
272 silly registry:manifest no matching version for @types/has-values@ts3.6 in the cache. Forcing revalidation.
273 http fetch GET 304 https://registry.npmjs.org/@types%2fhex-color-regex 142ms (from cache)
274 silly pacote tag manifest for @types/hex-color-regex@ts3.6 fetched in 146ms
275 http fetch GET 200 https://registry.npmjs.org/@types%2fhas-values 125ms
276 silly fetchPackageMetaData error for @types/has-values@ts3.6 No matching version found for @types/has-values@ts3.6.
277 http fetch GET 304 https://registry.npmjs.org/@types%2fhosted-git-info 161ms (from cache)
278 silly pacote tag manifest for @types/hosted-git-info@ts3.6 fetched in 163ms
279 http fetch GET 304 https://registry.npmjs.org/@types%2fget-intrinsic 1620ms (from cache)
280 silly registry:manifest no matching version for @types/get-intrinsic@ts3.6 in the cache. Forcing revalidation.
281 http fetch GET 304 https://registry.npmjs.org/@types%2fhtml-encoding-sniffer 122ms (from cache)
282 silly pacote tag manifest for @types/html-encoding-sniffer@ts3.6 fetched in 125ms
283 http fetch GET 200 https://registry.npmjs.org/@types%2fget-intrinsic 137ms
284 silly fetchPackageMetaData error for @types/get-intrinsic@ts3.6 No matching version found for @types/get-intrinsic@ts3.6.
285 http fetch GET 304 https://registry.npmjs.org/@types%2fhtml-escaper 161ms (from cache)
286 silly pacote tag manifest for @types/html-escaper@ts3.6 fetched in 164ms
287 http fetch GET 304 https://registry.npmjs.org/@types%2fhtml-minifier-terser 144ms (from cache)
288 silly pacote tag manifest for @types/html-minifier-terser@ts3.6 fetched in 149ms
289 http fetch GET 304 https://registry.npmjs.org/@types%2fhas 724ms (from cache)
290 silly pacote tag manifest for @types/has@ts3.6 fetched in 729ms
291 http fetch GET 304 https://registry.npmjs.org/@types%2fhttp-errors 151ms (from cache)
292 http fetch GET 304 https://registry.npmjs.org/@types%2ficss-utils 123ms (from cache)
293 silly pacote tag manifest for @types/http-errors@ts3.6 fetched in 156ms
294 silly pacote tag manifest for @types/icss-utils@ts3.6 fetched in 128ms
295 http fetch GET 304 https://registry.npmjs.org/@types%2fhttp-proxy 150ms (from cache)
296 silly pacote tag manifest for @types/http-proxy@ts3.6 fetched in 153ms
297 http fetch GET 304 https://registry.npmjs.org/@types%2fiferr 131ms (from cache)
298 silly pacote tag manifest for @types/iferr@ts3.6 fetched in 134ms
299 http fetch GET 304 https://registry.npmjs.org/@types%2ffind-cache-dir 2510ms (from cache)
300 silly pacote tag manifest for @types/find-cache-dir@ts3.6 fetched in 2514ms
301 http fetch GET 304 https://registry.npmjs.org/@types%2fimport-local 133ms (from cache)
302 silly registry:manifest no matching version for @types/import-local@ts3.6 in the cache. Forcing revalidation.
303 http fetch GET 304 https://registry.npmjs.org/@types%2finherits 162ms (from cache)
304 silly pacote tag manifest for @types/inherits@ts3.6 fetched in 165ms
305 http fetch GET 304 https://registry.npmjs.org/@types%2finternal-slot 140ms (from cache)
306 http fetch GET 200 https://registry.npmjs.org/@types%2fimport-local 124ms
307 silly fetchPackageMetaData error for @types/import-local@ts3.6 No matching version found for @types/import-local@ts3.6.
308 http fetch GET 304 https://registry.npmjs.org/@types%2fini 165ms (from cache)
309 silly pacote tag manifest for @types/internal-slot@ts3.6 fetched in 144ms
310 silly pacote tag manifest for @types/ini@ts3.6 fetched in 169ms
311 http fetch GET 304 https://registry.npmjs.org/@types%2fip 133ms (from cache)
312 silly pacote tag manifest for @types/ip@ts3.6 fetched in 137ms
313 http fetch GET 304 https://registry.npmjs.org/@types%2fis-boolean-object 137ms (from cache)
314 silly registry:manifest no matching version for @types/is-boolean-object@ts3.6 in the cache. Forcing revalidation.
315 http fetch GET 304 https://registry.npmjs.org/@types%2fis-bigint 141ms (from cache)
316 silly registry:manifest no matching version for @types/is-bigint@ts3.6 in the cache. Forcing revalidation.
317 http fetch GET 304 https://registry.npmjs.org/@types%2fis-buffer 130ms (from cache)
318 silly pacote tag manifest for @types/is-buffer@ts3.6 fetched in 133ms
319 http fetch GET 200 https://registry.npmjs.org/@types%2fis-bigint 125ms
320 silly fetchPackageMetaData error for @types/is-bigint@ts3.6 No matching version found for @types/is-bigint@ts3.6.
321 http fetch GET 200 https://registry.npmjs.org/@types%2fis-boolean-object 142ms
322 silly fetchPackageMetaData error for @types/is-boolean-object@ts3.6 No matching version found for @types/is-boolean-object@ts3.6.
323 http fetch GET 304 https://registry.npmjs.org/@types%2fis-callable 119ms (from cache)
324 silly pacote tag manifest for @types/is-callable@ts3.6 fetched in 122ms
325 http fetch GET 200 https://registry.npmjs.org/@types%2fgensync 2394ms
326 silly fetchPackageMetaData error for @types/gensync@ts3.6 No matching version found for @types/gensync@ts3.6.
327 http fetch GET 304 https://registry.npmjs.org/@types%2fis-core-module 133ms (from cache)
328 silly pacote tag manifest for @types/is-core-module@ts3.6 fetched in 135ms
329 http fetch GET 304 https://registry.npmjs.org/@types%2fglobal-modules 2476ms (from cache)
330 silly pacote tag manifest for @types/global-modules@ts3.6 fetched in 2479ms
331 http fetch GET 304 https://registry.npmjs.org/@types%2fis-data-descriptor 138ms (from cache)
332 silly registry:manifest no matching version for @types/is-data-descriptor@ts3.6 in the cache. Forcing revalidation.
333 http fetch GET 304 https://registry.npmjs.org/@types%2fimurmurhash 733ms (from cache)
334 silly pacote tag manifest for @types/imurmurhash@ts3.6 fetched in 739ms
335 http fetch GET 304 https://registry.npmjs.org/@types%2fis-date-object 118ms (from cache)
336 silly pacote tag manifest for @types/is-date-object@ts3.6 fetched in 120ms
337 http fetch GET 304 https://registry.npmjs.org/@types%2fis-number 140ms (from cache)
338 silly pacote tag manifest for @types/is-number@ts3.6 fetched in 143ms
339 http fetch GET 304 https://registry.npmjs.org/@types%2fis-regex 121ms (from cache)
340 silly pacote tag manifest for @types/is-regex@ts3.6 fetched in 126ms
341 http fetch GET 304 https://registry.npmjs.org/@types%2fhe 1549ms (from cache)
342 silly pacote tag manifest for @types/he@ts3.6 fetched in 1552ms
343 http fetch GET 304 https://registry.npmjs.org/@types%2fgopd 2454ms (from cache)
344 silly registry:manifest no matching version for @types/gopd@ts3.6 in the cache. Forcing revalidation.
345 http fetch GET 304 https://registry.npmjs.org/@types%2fis-symbol 122ms (from cache)
346 silly registry:manifest no matching version for @types/is-symbol@ts3.6 in the cache. Forcing revalidation.
347 http fetch GET 304 https://registry.npmjs.org/@types%2fis-typedarray 130ms (from cache)
348 silly pacote tag manifest for @types/is-typedarray@ts3.6 fetched in 132ms
349 http fetch GET 200 https://registry.npmjs.org/@types%2fhas-bigints 1628ms
350 silly fetchPackageMetaData error for @types/has-bigints@ts3.6 No matching version found for @types/has-bigints@ts3.6.
351 http fetch GET 304 https://registry.npmjs.org/@types%2fis-windows 146ms (from cache)
352 silly pacote tag manifest for @types/is-windows@ts3.6 fetched in 149ms
353 http fetch GET 200 https://registry.npmjs.org/@types%2fgopd 121ms
354 silly fetchPackageMetaData error for @types/gopd@ts3.6 No matching version found for @types/gopd@ts3.6.
355 http fetch GET 200 https://registry.npmjs.org/@types%2fis-symbol 130ms
356 silly fetchPackageMetaData error for @types/is-symbol@ts3.6 No matching version found for @types/is-symbol@ts3.6.
357 http fetch GET 304 https://registry.npmjs.org/@types%2fisarray 142ms (from cache)
358 silly pacote tag manifest for @types/isarray@ts3.6 fetched in 146ms
359 http fetch GET 304 https://registry.npmjs.org/@types%2fisexe 137ms (from cache)
360 silly pacote tag manifest for @types/isexe@ts3.6 fetched in 146ms
361 http fetch GET 304 https://registry.npmjs.org/@types%2fistanbul-lib-coverage 123ms (from cache)
362 silly pacote tag manifest for @types/istanbul-lib-coverage@ts3.6 fetched in 126ms
363 http fetch GET 304 https://registry.npmjs.org/@types%2fistanbul-lib-instrument 126ms (from cache)
364 silly pacote tag manifest for @types/istanbul-lib-instrument@ts3.6 fetched in 130ms
365 http fetch GET 304 https://registry.npmjs.org/@types%2fistanbul-lib-report 134ms (from cache)
366 silly pacote tag manifest for @types/istanbul-lib-report@ts3.6 fetched in 137ms
367 http fetch GET 304 https://registry.npmjs.org/@types%2fistanbul-lib-source-maps 122ms (from cache)
368 silly pacote tag manifest for @types/istanbul-lib-source-maps@ts3.6 fetched in 126ms
369 http fetch GET 304 https://registry.npmjs.org/@types%2fistanbul-reports 155ms (from cache)
370 silly pacote tag manifest for @types/istanbul-reports@ts3.6 fetched in 158ms
371 http fetch GET 304 https://registry.npmjs.org/@types%2fjs-yaml 132ms (from cache)
372 silly pacote tag manifest for @types/js-yaml@ts3.6 fetched in 139ms
373 http fetch GET 304 https://registry.npmjs.org/@types%2fjsdom 130ms (from cache)
374 silly pacote tag manifest for @types/jsdom@ts3.6 fetched in 135ms
375 http fetch GET 304 https://registry.npmjs.org/@types%2fjsesc 149ms (from cache)
376 silly pacote tag manifest for @types/jsesc@ts3.6 fetched in 155ms
377 http fetch GET 304 https://registry.npmjs.org/@types%2fjson-parse-better-errors 136ms (from cache)
378 silly pacote tag manifest for @types/json-parse-better-errors@ts3.6 fetched in 139ms
379 http fetch GET 304 https://registry.npmjs.org/@types%2fjson-stable-stringify-without-jsonify 136ms (from cache)
380 silly registry:manifest no matching version for @types/json-stable-stringify-without-jsonify@ts3.6 in the cache. Forcing revalidation.
381 http fetch GET 304 https://registry.npmjs.org/@types%2fjsonfile 138ms (from cache)
382 http fetch GET 304 https://registry.npmjs.org/@types%2fis-string 722ms (from cache)
383 silly registry:manifest no matching version for @types/is-string@ts3.6 in the cache. Forcing revalidation.
384 silly pacote tag manifest for @types/jsonfile@ts3.6 fetched in 143ms
385 http fetch GET 304 https://registry.npmjs.org/@types%2flanguage-tags 136ms (from cache)
386 silly registry:manifest no matching version for @types/language-tags@ts3.6 in the cache. Forcing revalidation.
387 http fetch GET 304 https://registry.npmjs.org/@types%2floader-runner 141ms (from cache)
388 silly pacote tag manifest for @types/loader-runner@ts3.6 fetched in 145ms
389 http fetch GET 200 https://registry.npmjs.org/@types%2fjson-stable-stringify-without-jsonify 124ms
390 silly fetchPackageMetaData error for @types/json-stable-stringify-without-jsonify@ts3.6 No matching version found for @types/json-stable-stringify-without-jsonify@ts3.6.
391 http fetch GET 304 https://registry.npmjs.org/@types%2floader-utils 120ms (from cache)
392 silly pacote tag manifest for @types/loader-utils@ts3.6 fetched in 122ms
393 http fetch GET 200 https://registry.npmjs.org/@types%2flanguage-tags 125ms
394 silly fetchPackageMetaData error for @types/language-tags@ts3.6 No matching version found for @types/language-tags@ts3.6.
395 http fetch GET 304 https://registry.npmjs.org/@types%2flodash 137ms (from cache)
396 silly pacote tag manifest for @types/lodash@ts3.6 fetched in 146ms
397 http fetch GET 304 https://registry.npmjs.org/@types%2flodash.debounce 137ms (from cache)
398 silly pacote tag manifest for @types/lodash.debounce@ts3.6 fetched in 141ms
399 http fetch GET 304 https://registry.npmjs.org/@types%2flodash.merge 136ms (from cache)
400 silly pacote tag manifest for @types/lodash.merge@ts3.6 fetched in 140ms
401 http fetch GET 304 https://registry.npmjs.org/@types%2flodash.template 142ms (from cache)
402 silly pacote tag manifest for @types/lodash.template@ts3.6 fetched in 146ms
403 http fetch GET 304 https://registry.npmjs.org/@types%2fis-arguments 1609ms (from cache)
404 silly pacote tag manifest for @types/is-arguments@ts3.6 fetched in 1613ms
405 http fetch GET 304 https://registry.npmjs.org/@types%2flodash.uniq 157ms (from cache)
406 silly pacote tag manifest for @types/lodash.uniq@ts3.6 fetched in 159ms
407 http fetch GET 304 https://registry.npmjs.org/@types%2fmedia-typer 127ms (from cache)
408 silly pacote tag manifest for @types/media-typer@ts3.6 fetched in 131ms
409 http fetch GET 304 https://registry.npmjs.org/@types%2fmemory-fs 125ms (from cache)
410 silly pacote tag manifest for @types/memory-fs@ts3.6 fetched in 128ms
411 http fetch GET 304 https://registry.npmjs.org/@types%2fis-ci 1557ms (from cache)
412 silly pacote tag manifest for @types/is-ci@ts3.6 fetched in 1561ms
413 http fetch GET 304 https://registry.npmjs.org/@types%2fkind-of 736ms (from cache)
414 silly pacote tag manifest for @types/kind-of@ts3.6 fetched in 738ms
415 http fetch GET 304 https://registry.npmjs.org/@types%2fis-glob 1503ms (from cache)
416 silly pacote tag manifest for @types/is-glob@ts3.6 fetched in 1507ms
417 http fetch GET 200 https://registry.npmjs.org/@types%2fis-data-descriptor 1563ms
418 silly fetchPackageMetaData error for @types/is-data-descriptor@ts3.6 No matching version found for @types/is-data-descriptor@ts3.6.
419 http fetch GET 304 https://registry.npmjs.org/@types%2flodash.memoize 728ms (from cache)
420 silly pacote tag manifest for @types/lodash.memoize@ts3.6 fetched in 732ms
421 http fetch GET 304 https://registry.npmjs.org/@types%2flodash.truncate 741ms (from cache)
422 silly pacote tag manifest for @types/lodash.truncate@ts3.6 fetched in 744ms
423 http fetch GET 200 https://registry.npmjs.org/@types%2fis-string 1510ms
424 silly fetchPackageMetaData error for @types/is-string@ts3.6 No matching version found for @types/is-string@ts3.6.
425 timing stage:rollbackFailedOptional Completed in 1ms
426 timing stage:runTopLevelLifecycles Completed in 10170ms
427 verbose type tag
428 verbose stack @types/call-bind: No matching version found for @types/call-bind@ts3.6.
428 verbose stack     at pickManifest (/usr/local/lib/node_modules/npm/node_modules/npm-pick-manifest/index.js:122:13)
428 verbose stack     at /usr/local/lib/node_modules/npm/node_modules/pacote/lib/fetchers/registry/manifest.js:43:18
428 verbose stack     at tryCatcher (/usr/local/lib/node_modules/npm/node_modules/bluebird/js/release/util.js:16:23)
428 verbose stack     at Promise._settlePromiseFromHandler (/usr/local/lib/node_modules/npm/node_modules/bluebird/js/release/promise.js:517:31)
428 verbose stack     at Promise._settlePromise (/usr/local/lib/node_modules/npm/node_modules/bluebird/js/release/promise.js:574:18)
428 verbose stack     at Promise._settlePromise0 (/usr/local/lib/node_modules/npm/node_modules/bluebird/js/release/promise.js:619:10)
428 verbose stack     at Promise._settlePromises (/usr/local/lib/node_modules/npm/node_modules/bluebird/js/release/promise.js:699:18)
428 verbose stack     at _drainQueueStep (/usr/local/lib/node_modules/npm/node_modules/bluebird/js/release/async.js:138:12)
428 verbose stack     at _drainQueue (/usr/local/lib/node_modules/npm/node_modules/bluebird/js/release/async.js:131:9)
428 verbose stack     at Async._drainQueues (/usr/local/lib/node_modules/npm/node_modules/bluebird/js/release/async.js:147:5)
428 verbose stack     at Immediate.Async.drainQueues [as _onImmediate] (/usr/local/lib/node_modules/npm/node_modules/bluebird/js/release/async.js:17:14)
428 verbose stack     at processImmediate (internal/timers.js:456:21)
429 verbose cwd /home/theia/.cache/typescript/3.6
430 verbose Linux 5.15.90.1-microsoft-standard-WSL2
431 verbose argv "/usr/local/bin/node" "/usr/local/bin/npm" "install" "--ignore-scripts" "@types/accepts@ts3.6" "@types/argparse@ts3.6" "@types/aria-query@ts3.6" "@types/arr-diff@ts3.6" "@types/arr-union@ts3.6" "@types/array-unique@ts3.6" "@types/array.prototype.flat@ts3.6" "@types/array.prototype.flatmap@ts3.6" "@types/asap@ts3.6" "@types/assert@ts3.6" "@types/async@ts3.6" "@types/atob@ts3.6" "@types/babel-plugin-macros@ts3.6" "@types/babylon@ts3.6" "@types/balanced-match@ts3.6" "@types/big.js@ts3.6" "@types/bn.js@ts3.6" "@types/body-parser@ts3.6" "@types/bonjour@ts3.6" "@types/boolbase@ts3.6" "@types/brace-expansion@ts3.6" "@types/braces@ts3.6" "@types/brorand@ts3.6" "@types/bser@ts3.6" "@types/buffer-from@ts3.6" "@types/buffer-xor@ts3.6" "@types/bytes@ts3.6" "@types/cacache@ts3.6" "@types/call-bind@ts3.6" "@types/caniuse-api@ts3.6" "@types/caniuse-lite@ts3.6" "@types/case-sensitive-paths-webpack-plugin@ts3.6" "@types/check-types@ts3.6" "@types/chownr@ts3.6" "@types/cipher-base@ts3.6" "@types/clean-css@ts3.6" "@types/color@ts3.6" "@types/color-convert@ts3.6" "@types/color-name@ts3.6" "@types/color-string@ts3.6" "@types/combined-stream@ts3.6" "@types/common-tags@ts3.6" "@types/commondir@ts3.6" "@types/component-emitter@ts3.6" "@types/compose-function@ts3.6" "@types/compressible@ts3.6" "@types/compression@ts3.6" "@types/concat-map@ts3.6" "@types/concat-stream@ts3.6" "@types/confusing-browser-globals@ts3.6" "@types/connect-history-api-fallback@ts3.6" "@types/content-disposition@ts3.6" "@types/content-type@ts3.6" "@types/convert-source-map@ts3.6" "@types/cookie@ts3.6" "@types/cookie-signature@ts3.6" "@types/core-js@ts3.6" "@types/create-hash@ts3.6" "@types/create-hmac@ts3.6" "@types/cross-spawn@ts3.6" "@types/css@ts3.6" "@types/css-declaration-sorter@ts3.6" "@types/css-tree@ts3.6" "@types/css.escape@ts3.6" "@types/cssesc@ts3.6" "@types/csso@ts3.6" "@types/cssom@ts3.6" "@types/cssstyle@ts3.6" "@types/damerau-levenshtein@ts3.6" "@types/data-urls@ts3.6" "@types/debug@ts3.6" "@types/decode-uri-component@ts3.6" "@types/dedent@ts3.6" "@types/deep-equal@ts3.6" "@types/default-gateway@ts3.6" "@types/define-properties@ts3.6" "@types/depd@ts3.6" "@types/destroy@ts3.6" "@types/detect-node@ts3.6" "@types/diffie-hellman@ts3.6" "@types/dir-glob@ts3.6" "@types/dns-packet@ts3.6" "@types/dns-txt@ts3.6" "@types/doctrine@ts3.6" "@types/domexception@ts3.6" "@types/domutils@ts3.6" "@types/duplexify@ts3.6" "@types/ee-first@ts3.6" "@types/ejs@ts3.6" "@types/elliptic@ts3.6" "@types/encodeurl@ts3.6" "@types/end-of-stream@ts3.6" "@types/es-abstract@ts3.6" "@types/es-to-primitive@ts3.6" "@types/escape-html@ts3.6" "@types/escodegen@ts3.6" "@types/eslint-scope@ts3.6" "@types/eslint-utils@ts3.6" "@types/esprima@ts3.6" "@types/esquery@ts3.6" "@types/estraverse@ts3.6" "@types/esutils@ts3.6" "@types/etag@ts3.6" "@types/events@ts3.6" "@types/eventsource@ts3.6" "@types/exit@ts3.6" "@types/fast-levenshtein@ts3.6" "@types/fb-watchman@ts3.6" "@types/file-entry-cache@ts3.6" "@types/file-loader@ts3.6" "@types/fill-range@ts3.6" "@types/finalhandler@ts3.6" "@types/find-cache-dir@ts3.6" "@types/flat-cache@ts3.6" "@types/flush-write-stream@ts3.6" "@types/follow-redirects@ts3.6" "@types/forwarded@ts3.6" "@types/fresh@ts3.6" "@types/from2@ts3.6" "@types/fs-minipass@ts3.6" "@types/function-bind@ts3.6" "@types/functional-red-black-tree@ts3.6" "@types/gensync@ts3.6" "@types/get-intrinsic@ts3.6" "@types/get-value@ts3.6" "@types/glob-parent@ts3.6" "@types/global-modules@ts3.6" "@types/global-prefix@ts3.6" "@types/globalthis@ts3.6" "@types/gopd@ts3.6" "@types/graceful-fs@ts3.6" "@types/has@ts3.6" "@types/has-bigints@ts3.6" "@types/has-symbols@ts3.6" "@types/has-values@ts3.6" "@types/he@ts3.6" "@types/hex-color-regex@ts3.6" "@types/hosted-git-info@ts3.6" "@types/html-encoding-sniffer@ts3.6" "@types/html-escaper@ts3.6" "@types/html-minifier-terser@ts3.6" "@types/http-errors@ts3.6" "@types/http-proxy@ts3.6" "@types/icss-utils@ts3.6" "@types/iferr@ts3.6" "@types/import-local@ts3.6" "@types/imurmurhash@ts3.6" "@types/inherits@ts3.6" "@types/ini@ts3.6" "@types/internal-slot@ts3.6" "@types/ip@ts3.6" "@types/is-arguments@ts3.6" "@types/is-bigint@ts3.6" "@types/is-boolean-object@ts3.6" "@types/is-buffer@ts3.6" "@types/is-callable@ts3.6" "@types/is-ci@ts3.6" "@types/is-core-module@ts3.6" "@types/is-data-descriptor@ts3.6" "@types/is-date-object@ts3.6" "@types/is-glob@ts3.6" "@types/is-number@ts3.6" "@types/is-regex@ts3.6" "@types/is-string@ts3.6" "@types/is-symbol@ts3.6" "@types/is-typedarray@ts3.6" "@types/is-windows@ts3.6" "@types/isarray@ts3.6" "@types/isexe@ts3.6" "@types/istanbul-lib-coverage@ts3.6" "@types/istanbul-lib-instrument@ts3.6" "@types/istanbul-lib-report@ts3.6" "@types/istanbul-lib-source-maps@ts3.6" "@types/istanbul-reports@ts3.6" "@types/js-yaml@ts3.6" "@types/jsdom@ts3.6" "@types/jsesc@ts3.6" "@types/json-parse-better-errors@ts3.6" "@types/json-stable-stringify-without-jsonify@ts3.6" "@types/jsonfile@ts3.6" "@types/kind-of@ts3.6" "@types/language-tags@ts3.6" "@types/loader-runner@ts3.6" "@types/loader-utils@ts3.6" "@types/lodash@ts3.6" "@types/lodash.debounce@ts3.6" "@types/lodash.memoize@ts3.6" "@types/lodash.merge@ts3.6" "@types/lodash.template@ts3.6" "@types/lodash.truncate@ts3.6" "@types/lodash.uniq@ts3.6" "@types/media-typer@ts3.6" "@types/memory-fs@ts3.6" "--save-dev" "--user-agent=typesInstaller/3.6.3"
432 verbose node v12.18.3
433 verbose npm  v6.14.6
434 error code ETARGET
435 error notarget No matching version found for @types/call-bind@ts3.6.
436 error notarget In most cases you or one of your dependencies are requesting
436 error notarget a package version that doesn't exist.
437 verbose exit [ 1, true ]
