0 info it worked if it ends with ok
1 verbose cli [
1 verbose cli   '/usr/local/bin/node',
1 verbose cli   '/usr/local/bin/npm',
1 verbose cli   'install',
1 verbose cli   '--ignore-scripts',
1 verbose cli   '@types/accepts@ts3.6',
1 verbose cli   '@types/argparse@ts3.6',
1 verbose cli   '@types/aria-query@ts3.6',
1 verbose cli   '@types/arr-diff@ts3.6',
1 verbose cli   '@types/arr-union@ts3.6',
1 verbose cli   '@types/array-unique@ts3.6',
1 verbose cli   '@types/array.prototype.flat@ts3.6',
1 verbose cli   '@types/array.prototype.flatmap@ts3.6',
1 verbose cli   '@types/asap@ts3.6',
1 verbose cli   '@types/assert@ts3.6',
1 verbose cli   '@types/async@ts3.6',
1 verbose cli   '@types/atob@ts3.6',
1 verbose cli   '@types/babel-plugin-macros@ts3.6',
1 verbose cli   '@types/babylon@ts3.6',
1 verbose cli   '@types/balanced-match@ts3.6',
1 verbose cli   '@types/big.js@ts3.6',
1 verbose cli   '@types/bn.js@ts3.6',
1 verbose cli   '@types/body-parser@ts3.6',
1 verbose cli   '@types/bonjour@ts3.6',
1 verbose cli   '@types/boolbase@ts3.6',
1 verbose cli   '@types/brace-expansion@ts3.6',
1 verbose cli   '@types/braces@ts3.6',
1 verbose cli   '@types/brorand@ts3.6',
1 verbose cli   '@types/bser@ts3.6',
1 verbose cli   '@types/buffer-from@ts3.6',
1 verbose cli   '@types/buffer-xor@ts3.6',
1 verbose cli   '@types/bytes@ts3.6',
1 verbose cli   '@types/cacache@ts3.6',
1 verbose cli   '@types/call-bind@ts3.6',
1 verbose cli   '@types/caniuse-api@ts3.6',
1 verbose cli   '@types/caniuse-lite@ts3.6',
1 verbose cli   '@types/case-sensitive-paths-webpack-plugin@ts3.6',
1 verbose cli   '@types/check-types@ts3.6',
1 verbose cli   '@types/chownr@ts3.6',
1 verbose cli   '@types/cipher-base@ts3.6',
1 verbose cli   '@types/clean-css@ts3.6',
1 verbose cli   '@types/color@ts3.6',
1 verbose cli   '@types/color-convert@ts3.6',
1 verbose cli   '@types/color-name@ts3.6',
1 verbose cli   '@types/color-string@ts3.6',
1 verbose cli   '@types/combined-stream@ts3.6',
1 verbose cli   '@types/common-tags@ts3.6',
1 verbose cli   '@types/commondir@ts3.6',
1 verbose cli   '@types/component-emitter@ts3.6',
1 verbose cli   '@types/compose-function@ts3.6',
1 verbose cli   '@types/compressible@ts3.6',
1 verbose cli   '@types/compression@ts3.6',
1 verbose cli   '@types/concat-map@ts3.6',
1 verbose cli   '@types/concat-stream@ts3.6',
1 verbose cli   '@types/confusing-browser-globals@ts3.6',
1 verbose cli   '@types/connect-history-api-fallback@ts3.6',
1 verbose cli   '@types/content-disposition@ts3.6',
1 verbose cli   '@types/content-type@ts3.6',
1 verbose cli   '@types/convert-source-map@ts3.6',
1 verbose cli   '@types/cookie@ts3.6',
1 verbose cli   '@types/cookie-signature@ts3.6',
1 verbose cli   '@types/core-js@ts3.6',
1 verbose cli   '@types/create-hash@ts3.6',
1 verbose cli   '@types/create-hmac@ts3.6',
1 verbose cli   '@types/cross-spawn@ts3.6',
1 verbose cli   '@types/css@ts3.6',
1 verbose cli   '@types/css-declaration-sorter@ts3.6',
1 verbose cli   '@types/css-tree@ts3.6',
1 verbose cli   '@types/css.escape@ts3.6',
1 verbose cli   '@types/cssesc@ts3.6',
1 verbose cli   '@types/csso@ts3.6',
1 verbose cli   '@types/cssom@ts3.6',
1 verbose cli   '@types/cssstyle@ts3.6',
1 verbose cli   '@types/damerau-levenshtein@ts3.6',
1 verbose cli   '@types/data-urls@ts3.6',
1 verbose cli   '@types/debug@ts3.6',
1 verbose cli   '@types/decode-uri-component@ts3.6',
1 verbose cli   '@types/dedent@ts3.6',
1 verbose cli   '@types/deep-equal@ts3.6',
1 verbose cli   '@types/default-gateway@ts3.6',
1 verbose cli   '@types/define-properties@ts3.6',
1 verbose cli   '@types/depd@ts3.6',
1 verbose cli   '@types/destroy@ts3.6',
1 verbose cli   '@types/detect-node@ts3.6',
1 verbose cli   '@types/diffie-hellman@ts3.6',
1 verbose cli   '@types/dir-glob@ts3.6',
1 verbose cli   '@types/dns-packet@ts3.6',
1 verbose cli   '@types/dns-txt@ts3.6',
1 verbose cli   '@types/doctrine@ts3.6',
1 verbose cli   '@types/domexception@ts3.6',
1 verbose cli   '@types/domutils@ts3.6',
1 verbose cli   '@types/duplexify@ts3.6',
1 verbose cli   '@types/ee-first@ts3.6',
1 verbose cli   '@types/ejs@ts3.6',
1 verbose cli   '@types/elliptic@ts3.6',
1 verbose cli   '@types/encodeurl@ts3.6',
1 verbose cli   '@types/end-of-stream@ts3.6',
1 verbose cli   '@types/es-abstract@ts3.6',
1 verbose cli   '@types/es-to-primitive@ts3.6',
1 verbose cli   '@types/escape-html@ts3.6',
1 verbose cli   '@types/escodegen@ts3.6',
1 verbose cli   ... 99 more items
1 verbose cli ]
2 info using npm@6.14.6
3 info using node@v12.18.3
4 verbose npm-session 19c9582786019375
5 silly install loadCurrentTree
6 silly install readLocalPackageData
7 http fetch GET 304 https://registry.npmjs.org/@types%2farray-unique 651ms (from cache)
8 http fetch GET 304 https://registry.npmjs.org/@types%2fargparse 657ms (from cache)
9 http fetch GET 304 https://registry.npmjs.org/@types%2farr-diff 656ms (from cache)
10 http fetch GET 304 https://registry.npmjs.org/@types%2fasap 654ms (from cache)
11 http fetch GET 304 https://registry.npmjs.org/@types%2farr-union 658ms (from cache)
12 http fetch GET 304 https://registry.npmjs.org/@types%2faria-query 661ms (from cache)
13 silly pacote tag manifest for @types/array-unique@ts3.6 fetched in 657ms
14 silly pacote tag manifest for @types/argparse@ts3.6 fetched in 666ms
15 silly pacote tag manifest for @types/arr-diff@ts3.6 fetched in 665ms
16 silly pacote tag manifest for @types/asap@ts3.6 fetched in 661ms
17 silly pacote tag manifest for @types/aria-query@ts3.6 fetched in 670ms
18 silly pacote tag manifest for @types/arr-union@ts3.6 fetched in 668ms
19 http fetch GET 304 https://registry.npmjs.org/@types%2fatob 188ms (from cache)
20 http fetch GET 304 https://registry.npmjs.org/@types%2farray.prototype.flatmap 850ms (from cache)
21 http fetch GET 304 https://registry.npmjs.org/@types%2fbalanced-match 188ms (from cache)
22 silly pacote tag manifest for @types/atob@ts3.6 fetched in 194ms
23 silly pacote tag manifest for @types/array.prototype.flatmap@ts3.6 fetched in 855ms
24 silly pacote tag manifest for @types/balanced-match@ts3.6 fetched in 193ms
25 http fetch GET 304 https://registry.npmjs.org/@types%2farray.prototype.flat 913ms (from cache)
26 silly pacote tag manifest for @types/array.prototype.flat@ts3.6 fetched in 917ms
27 http fetch GET 304 https://registry.npmjs.org/@types%2fbody-parser 167ms (from cache)
28 http fetch GET 304 https://registry.npmjs.org/@types%2fbonjour 169ms (from cache)
29 http fetch GET 304 https://registry.npmjs.org/@types%2fbn.js 174ms (from cache)
30 silly pacote tag manifest for @types/bonjour@ts3.6 fetched in 174ms
31 silly pacote tag manifest for @types/body-parser@ts3.6 fetched in 179ms
32 silly pacote tag manifest for @types/bn.js@ts3.6 fetched in 183ms
33 http fetch GET 304 https://registry.npmjs.org/@types%2fboolbase 166ms (from cache)
34 silly pacote tag manifest for @types/boolbase@ts3.6 fetched in 171ms
35 http fetch GET 304 https://registry.npmjs.org/@types%2fbrorand 164ms (from cache)
36 silly pacote tag manifest for @types/brorand@ts3.6 fetched in 168ms
37 http fetch GET 304 https://registry.npmjs.org/@types%2fbraces 197ms (from cache)
38 silly pacote tag manifest for @types/braces@ts3.6 fetched in 200ms
39 http fetch GET 304 https://registry.npmjs.org/@types%2fbig.js 734ms (from cache)
40 http fetch GET 304 https://registry.npmjs.org/@types%2fbuffer-xor 167ms (from cache)
41 silly pacote tag manifest for @types/big.js@ts3.6 fetched in 737ms
42 silly pacote tag manifest for @types/buffer-xor@ts3.6 fetched in 170ms
43 http fetch GET 304 https://registry.npmjs.org/@types%2fbrace-expansion 442ms (from cache)
44 silly pacote tag manifest for @types/brace-expansion@ts3.6 fetched in 445ms
45 http fetch GET 304 https://registry.npmjs.org/@types%2fcacache 133ms (from cache)
46 silly pacote tag manifest for @types/cacache@ts3.6 fetched in 135ms
47 http fetch GET 304 https://registry.npmjs.org/@types%2fbytes 194ms (from cache)
48 silly pacote tag manifest for @types/bytes@ts3.6 fetched in 197ms
49 http fetch GET 200 https://registry.npmjs.org/@types%2fcall-bind 146ms
50 silly fetchPackageMetaData error for @types/call-bind@ts3.6 No matching version found for @types/call-bind@ts3.6.
51 http fetch GET 304 https://registry.npmjs.org/@types%2faccepts 1692ms (from cache)
52 silly pacote tag manifest for @types/accepts@ts3.6 fetched in 1712ms
53 http fetch GET 304 https://registry.npmjs.org/@types%2fcase-sensitive-paths-webpack-plugin 144ms (from cache)
54 silly pacote tag manifest for @types/case-sensitive-paths-webpack-plugin@ts3.6 fetched in 148ms
55 http fetch GET 304 https://registry.npmjs.org/@types%2fcaniuse-api 248ms (from cache)
56 silly pacote tag manifest for @types/caniuse-api@ts3.6 fetched in 251ms
57 http fetch GET 304 https://registry.npmjs.org/@types%2fchownr 144ms (from cache)
58 http fetch GET 304 https://registry.npmjs.org/@types%2fcipher-base 128ms (from cache)
59 silly pacote tag manifest for @types/chownr@ts3.6 fetched in 148ms
60 silly pacote tag manifest for @types/cipher-base@ts3.6 fetched in 132ms
61 http fetch GET 304 https://registry.npmjs.org/@types%2fclean-css 129ms (from cache)
62 silly pacote tag manifest for @types/clean-css@ts3.6 fetched in 132ms
63 http fetch GET 304 https://registry.npmjs.org/@types%2fcolor 133ms (from cache)
64 silly pacote tag manifest for @types/color@ts3.6 fetched in 139ms
65 http fetch GET 304 https://registry.npmjs.org/@types%2fcolor-convert 140ms (from cache)
66 http fetch GET 304 https://registry.npmjs.org/@types%2fcolor-name 132ms (from cache)
67 silly pacote tag manifest for @types/color-convert@ts3.6 fetched in 143ms
68 silly pacote tag manifest for @types/color-name@ts3.6 fetched in 136ms
69 http fetch GET 304 https://registry.npmjs.org/@types%2fcombined-stream 128ms (from cache)
70 silly pacote tag manifest for @types/combined-stream@ts3.6 fetched in 130ms
71 http fetch GET 304 https://registry.npmjs.org/@types%2fcolor-string 143ms (from cache)
72 silly pacote tag manifest for @types/color-string@ts3.6 fetched in 147ms
73 http fetch GET 304 https://registry.npmjs.org/@types%2fcommon-tags 149ms (from cache)
74 silly pacote tag manifest for @types/common-tags@ts3.6 fetched in 152ms
75 http fetch GET 304 https://registry.npmjs.org/@types%2fcomponent-emitter 136ms (from cache)
76 silly pacote tag manifest for @types/component-emitter@ts3.6 fetched in 140ms
77 http fetch GET 304 https://registry.npmjs.org/@types%2fassert 2710ms (from cache)
78 silly pacote tag manifest for @types/assert@ts3.6 fetched in 2713ms
79 http fetch GET 304 https://registry.npmjs.org/@types%2fcompose-function 134ms (from cache)
80 http fetch GET 304 https://registry.npmjs.org/@types%2fcommondir 413ms (from cache)
81 silly pacote tag manifest for @types/compose-function@ts3.6 fetched in 137ms
82 silly pacote tag manifest for @types/commondir@ts3.6 fetched in 416ms
83 http fetch GET 304 https://registry.npmjs.org/@types%2fcompressible 140ms (from cache)
84 silly pacote tag manifest for @types/compressible@ts3.6 fetched in 145ms
85 http fetch GET 304 https://registry.npmjs.org/@types%2fcompression 144ms (from cache)
86 silly pacote tag manifest for @types/compression@ts3.6 fetched in 149ms
87 http fetch GET 304 https://registry.npmjs.org/@types%2fconcat-map 150ms (from cache)
88 silly pacote tag manifest for @types/concat-map@ts3.6 fetched in 158ms
89 http fetch GET 304 https://registry.npmjs.org/@types%2fbabylon 2260ms (from cache)
90 silly pacote tag manifest for @types/babylon@ts3.6 fetched in 2265ms
91 http fetch GET 304 https://registry.npmjs.org/@types%2fbabel-plugin-macros 2267ms (from cache)
92 http fetch GET 304 https://registry.npmjs.org/@types%2fcheck-types 1242ms (from cache)
93 silly pacote tag manifest for @types/babel-plugin-macros@ts3.6 fetched in 2271ms
94 silly pacote tag manifest for @types/check-types@ts3.6 fetched in 1248ms
95 http fetch GET 304 https://registry.npmjs.org/@types%2fconcat-stream 161ms (from cache)
96 silly pacote tag manifest for @types/concat-stream@ts3.6 fetched in 167ms
97 http fetch GET 304 https://registry.npmjs.org/@types%2fcontent-disposition 136ms (from cache)
98 silly pacote tag manifest for @types/content-disposition@ts3.6 fetched in 139ms
99 http fetch GET 304 https://registry.npmjs.org/@types%2fcontent-type 158ms (from cache)
100 silly pacote tag manifest for @types/content-type@ts3.6 fetched in 163ms
101 http fetch GET 304 https://registry.npmjs.org/@types%2fcore-js 170ms (from cache)
102 http fetch GET 304 https://registry.npmjs.org/@types%2fasync 2615ms (from cache)
103 silly pacote tag manifest for @types/core-js@ts3.6 fetched in 182ms
104 silly pacote tag manifest for @types/async@ts3.6 fetched in 2624ms
105 http fetch GET 304 https://registry.npmjs.org/@types%2fbser 2242ms (from cache)
106 silly pacote tag manifest for @types/bser@ts3.6 fetched in 2245ms
107 http fetch GET 304 https://registry.npmjs.org/@types%2fconnect-history-api-fallback 415ms (from cache)
108 silly pacote tag manifest for @types/connect-history-api-fallback@ts3.6 fetched in 419ms
109 http fetch GET 304 https://registry.npmjs.org/@types%2fcross-spawn 139ms (from cache)
110 silly pacote tag manifest for @types/cross-spawn@ts3.6 fetched in 141ms
111 http fetch GET 304 https://registry.npmjs.org/@types%2fcookie-signature 434ms (from cache)
112 http fetch GET 304 https://registry.npmjs.org/@types%2fcookie 479ms (from cache)
113 silly pacote tag manifest for @types/cookie-signature@ts3.6 fetched in 439ms
114 silly pacote tag manifest for @types/cookie@ts3.6 fetched in 484ms
115 http fetch GET 304 https://registry.npmjs.org/@types%2fcss 199ms (from cache)
116 http fetch GET 304 https://registry.npmjs.org/@types%2fbuffer-from 2332ms (from cache)
117 silly pacote tag manifest for @types/css@ts3.6 fetched in 202ms
118 silly pacote tag manifest for @types/buffer-from@ts3.6 fetched in 2335ms
119 http fetch GET 304 https://registry.npmjs.org/@types%2fcss-tree 130ms (from cache)
120 silly pacote tag manifest for @types/css-tree@ts3.6 fetched in 132ms
121 http fetch GET 200 https://registry.npmjs.org/@types%2fcss.escape 144ms
122 silly fetchPackageMetaData error for @types/css.escape@ts3.6 No matching version found for @types/css.escape@ts3.6.
123 http fetch GET 304 https://registry.npmjs.org/@types%2fcreate-hmac 413ms (from cache)
124 http fetch GET 304 https://registry.npmjs.org/@types%2fcsso 151ms (from cache)
125 silly pacote tag manifest for @types/csso@ts3.6 fetched in 153ms
126 silly pacote tag manifest for @types/create-hmac@ts3.6 fetched in 417ms
127 http fetch GET 304 https://registry.npmjs.org/@types%2fcssom 131ms (from cache)
128 silly pacote tag manifest for @types/cssom@ts3.6 fetched in 136ms
129 http fetch GET 304 https://registry.npmjs.org/@types%2fcssstyle 142ms (from cache)
130 silly pacote tag manifest for @types/cssstyle@ts3.6 fetched in 145ms
131 http fetch GET 304 https://registry.npmjs.org/@types%2fdamerau-levenshtein 173ms (from cache)
132 silly pacote tag manifest for @types/damerau-levenshtein@ts3.6 fetched in 177ms
133 http fetch GET 304 https://registry.npmjs.org/@types%2fcaniuse-lite 2298ms (from cache)
134 silly pacote tag manifest for @types/caniuse-lite@ts3.6 fetched in 2301ms
135 http fetch GET 304 https://registry.npmjs.org/@types%2fdebug 142ms (from cache)
136 silly pacote tag manifest for @types/debug@ts3.6 fetched in 147ms
137 http fetch GET 304 https://registry.npmjs.org/@types%2fdecode-uri-component 157ms (from cache)
138 silly pacote tag manifest for @types/decode-uri-component@ts3.6 fetched in 162ms
139 http fetch GET 304 https://registry.npmjs.org/@types%2fdedent 148ms (from cache)
140 silly pacote tag manifest for @types/dedent@ts3.6 fetched in 151ms
141 http fetch GET 200 https://registry.npmjs.org/@types%2fdefault-gateway 138ms
142 silly pacote tag manifest for @types/default-gateway@ts3.6 fetched in 143ms
143 http fetch GET 304 https://registry.npmjs.org/@types%2fdeep-equal 436ms (from cache)
144 silly pacote tag manifest for @types/deep-equal@ts3.6 fetched in 439ms
145 http fetch GET 304 https://registry.npmjs.org/@types%2fconfusing-browser-globals 1485ms (from cache)
146 silly pacote tag manifest for @types/confusing-browser-globals@ts3.6 fetched in 1488ms
147 http fetch GET 304 https://registry.npmjs.org/@types%2fconvert-source-map 1470ms (from cache)
148 silly pacote tag manifest for @types/convert-source-map@ts3.6 fetched in 1471ms
149 http fetch GET 304 https://registry.npmjs.org/@types%2fdepd 401ms (from cache)
150 silly pacote tag manifest for @types/depd@ts3.6 fetched in 404ms
151 http fetch GET 304 https://registry.npmjs.org/@types%2fdetect-node 147ms (from cache)
152 silly pacote tag manifest for @types/detect-node@ts3.6 fetched in 150ms
153 http fetch GET 304 https://registry.npmjs.org/@types%2fdiffie-hellman 128ms (from cache)
154 silly pacote tag manifest for @types/diffie-hellman@ts3.6 fetched in 133ms
155 http fetch GET 304 https://registry.npmjs.org/@types%2fdns-packet 123ms (from cache)
156 silly pacote tag manifest for @types/dns-packet@ts3.6 fetched in 126ms
157 http fetch GET 200 https://registry.npmjs.org/@types%2fdns-txt 141ms
158 silly fetchPackageMetaData error for @types/dns-txt@ts3.6 No matching version found for @types/dns-txt@ts3.6.
159 http fetch GET 304 https://registry.npmjs.org/@types%2fdoctrine 130ms (from cache)
160 silly pacote tag manifest for @types/doctrine@ts3.6 fetched in 135ms
161 http fetch GET 304 https://registry.npmjs.org/@types%2fdomexception 141ms (from cache)
162 silly pacote tag manifest for @types/domexception@ts3.6 fetched in 144ms
163 http fetch GET 304 https://registry.npmjs.org/@types%2fdomutils 166ms (from cache)
164 http fetch GET 304 https://registry.npmjs.org/@types%2fduplexify 138ms (from cache)
165 silly pacote tag manifest for @types/domutils@ts3.6 fetched in 172ms
166 silly pacote tag manifest for @types/duplexify@ts3.6 fetched in 143ms
167 http fetch GET 304 https://registry.npmjs.org/@types%2fee-first 148ms (from cache)
168 silly pacote tag manifest for @types/ee-first@ts3.6 fetched in 153ms
169 http fetch GET 304 https://registry.npmjs.org/@types%2fejs 153ms (from cache)
170 http fetch GET 304 https://registry.npmjs.org/@types%2felliptic 154ms (from cache)
171 silly pacote tag manifest for @types/ejs@ts3.6 fetched in 158ms
172 silly pacote tag manifest for @types/elliptic@ts3.6 fetched in 156ms
173 http fetch GET 304 https://registry.npmjs.org/@types%2fcss-declaration-sorter 1516ms (from cache)
174 silly pacote tag manifest for @types/css-declaration-sorter@ts3.6 fetched in 1522ms
175 http fetch GET 304 https://registry.npmjs.org/@types%2fencodeurl 152ms (from cache)
176 silly pacote tag manifest for @types/encodeurl@ts3.6 fetched in 155ms
177 http fetch GET 304 https://registry.npmjs.org/@types%2fes-abstract 147ms (from cache)
178 silly pacote tag manifest for @types/es-abstract@ts3.6 fetched in 168ms
179 http fetch GET 304 https://registry.npmjs.org/@types%2fes-to-primitive 160ms (from cache)
180 http fetch GET 304 https://registry.npmjs.org/@types%2fend-of-stream 193ms (from cache)
181 silly pacote tag manifest for @types/es-to-primitive@ts3.6 fetched in 163ms
182 silly pacote tag manifest for @types/end-of-stream@ts3.6 fetched in 197ms
183 http fetch GET 304 https://registry.npmjs.org/@types%2fescape-html 153ms (from cache)
184 silly pacote tag manifest for @types/escape-html@ts3.6 fetched in 162ms
185 http fetch GET 304 https://registry.npmjs.org/@types%2fescodegen 168ms (from cache)
186 silly pacote tag manifest for @types/escodegen@ts3.6 fetched in 177ms
187 http fetch GET 304 https://registry.npmjs.org/@types%2fesprima 145ms (from cache)
188 http fetch GET 304 https://registry.npmjs.org/@types%2feslint-utils 157ms (from cache)
189 silly pacote tag manifest for @types/esprima@ts3.6 fetched in 148ms
190 silly pacote tag manifest for @types/eslint-utils@ts3.6 fetched in 161ms
191 http fetch GET 304 https://registry.npmjs.org/@types%2fesquery 141ms (from cache)
192 http fetch GET 304 https://registry.npmjs.org/@types%2festraverse 134ms (from cache)
193 silly pacote tag manifest for @types/esquery@ts3.6 fetched in 150ms
194 silly pacote tag manifest for @types/estraverse@ts3.6 fetched in 142ms
195 http fetch GET 304 https://registry.npmjs.org/@types%2feslint-scope 411ms (from cache)
196 silly pacote tag manifest for @types/eslint-scope@ts3.6 fetched in 414ms
197 http fetch GET 304 https://registry.npmjs.org/@types%2fetag 127ms (from cache)
198 silly pacote tag manifest for @types/etag@ts3.6 fetched in 129ms
199 http fetch GET 304 https://registry.npmjs.org/@types%2fcreate-hash 2363ms (from cache)
200 silly pacote tag manifest for @types/create-hash@ts3.6 fetched in 2366ms
201 http fetch GET 304 https://registry.npmjs.org/@types%2feventsource 130ms (from cache)
202 silly pacote tag manifest for @types/eventsource@ts3.6 fetched in 133ms
203 http fetch GET 304 https://registry.npmjs.org/@types%2fexit 135ms (from cache)
204 silly pacote tag manifest for @types/exit@ts3.6 fetched in 139ms
205 http fetch GET 304 https://registry.npmjs.org/@types%2fesutils 426ms (from cache)
206 silly pacote tag manifest for @types/esutils@ts3.6 fetched in 429ms
207 http fetch GET 304 https://registry.npmjs.org/@types%2ffast-levenshtein 128ms (from cache)
208 silly pacote tag manifest for @types/fast-levenshtein@ts3.6 fetched in 132ms
209 http fetch GET 304 https://registry.npmjs.org/@types%2fcssesc 2261ms (from cache)
210 silly pacote tag manifest for @types/cssesc@ts3.6 fetched in 2266ms
211 http fetch GET 304 https://registry.npmjs.org/@types%2ffb-watchman 128ms (from cache)
212 silly pacote tag manifest for @types/fb-watchman@ts3.6 fetched in 131ms
213 http fetch GET 304 https://registry.npmjs.org/@types%2ffile-entry-cache 148ms (from cache)
214 silly pacote tag manifest for @types/file-entry-cache@ts3.6 fetched in 154ms
215 http fetch GET 304 https://registry.npmjs.org/@types%2ffile-loader 147ms (from cache)
216 http fetch GET 304 https://registry.npmjs.org/@types%2fevents 431ms (from cache)
217 silly pacote tag manifest for @types/file-loader@ts3.6 fetched in 149ms
218 silly pacote tag manifest for @types/events@ts3.6 fetched in 434ms
219 http fetch GET 304 https://registry.npmjs.org/@types%2ffill-range 193ms (from cache)
220 silly registry:manifest no matching version for @types/fill-range@ts3.6 in the cache. Forcing revalidation.
221 http fetch GET 304 https://registry.npmjs.org/@types%2ffinalhandler 172ms (from cache)
222 http fetch GET 304 https://registry.npmjs.org/@types%2fdata-urls 2282ms (from cache)
223 silly pacote tag manifest for @types/data-urls@ts3.6 fetched in 2289ms
224 silly pacote tag manifest for @types/finalhandler@ts3.6 fetched in 181ms
225 http fetch GET 304 https://registry.npmjs.org/@types%2ffind-cache-dir 156ms (from cache)
226 silly pacote tag manifest for @types/find-cache-dir@ts3.6 fetched in 171ms
227 http fetch GET 304 https://registry.npmjs.org/@types%2fflat-cache 138ms (from cache)
228 silly pacote tag manifest for @types/flat-cache@ts3.6 fetched in 141ms
229 http fetch GET 304 https://registry.npmjs.org/@types%2fflush-write-stream 149ms (from cache)
230 silly pacote tag manifest for @types/flush-write-stream@ts3.6 fetched in 152ms
231 http fetch GET 304 https://registry.npmjs.org/@types%2ffollow-redirects 165ms (from cache)
232 silly pacote tag manifest for @types/follow-redirects@ts3.6 fetched in 168ms
233 http fetch GET 304 https://registry.npmjs.org/@types%2ffrom2 171ms (from cache)
234 http fetch GET 304 https://registry.npmjs.org/@types%2fforwarded 194ms (from cache)
235 http fetch GET 304 https://registry.npmjs.org/@types%2ffresh 196ms (from cache)
236 http fetch GET 304 https://registry.npmjs.org/@types%2ffs-minipass 157ms (from cache)
237 silly registry:manifest no matching version for @types/fs-minipass@ts3.6 in the cache. Forcing revalidation.
238 silly pacote tag manifest for @types/from2@ts3.6 fetched in 178ms
239 silly pacote tag manifest for @types/forwarded@ts3.6 fetched in 208ms
240 silly pacote tag manifest for @types/fresh@ts3.6 fetched in 209ms
241 http fetch GET 304 https://registry.npmjs.org/@types%2ffunctional-red-black-tree 166ms (from cache)
242 silly pacote tag manifest for @types/functional-red-black-tree@ts3.6 fetched in 177ms
243 http fetch GET 304 https://registry.npmjs.org/@types%2fdefine-properties 2338ms (from cache)
244 silly pacote tag manifest for @types/define-properties@ts3.6 fetched in 2341ms
245 http fetch GET 200 https://registry.npmjs.org/@types%2ffs-minipass 138ms
246 silly fetchPackageMetaData error for @types/fs-minipass@ts3.6 No matching version found for @types/fs-minipass@ts3.6.
247 http fetch GET 304 https://registry.npmjs.org/@types%2fget-value 150ms (from cache)
248 silly pacote tag manifest for @types/get-value@ts3.6 fetched in 152ms
249 http fetch GET 304 https://registry.npmjs.org/@types%2fglob-parent 133ms (from cache)
250 silly pacote tag manifest for @types/glob-parent@ts3.6 fetched in 135ms
251 http fetch GET 304 https://registry.npmjs.org/@types%2fdestroy 2390ms (from cache)
252 http fetch GET 304 https://registry.npmjs.org/@types%2fglobal-prefix 134ms (from cache)
253 silly pacote tag manifest for @types/destroy@ts3.6 fetched in 2395ms
254 silly pacote tag manifest for @types/global-prefix@ts3.6 fetched in 139ms
255 http fetch GET 200 https://registry.npmjs.org/@types%2fgopd 125ms
256 http fetch GET 304 https://registry.npmjs.org/@types%2fglobal-modules 204ms (from cache)
257 silly fetchPackageMetaData error for @types/gopd@ts3.6 No matching version found for @types/gopd@ts3.6.
258 silly pacote tag manifest for @types/global-modules@ts3.6 fetched in 208ms
259 http fetch GET 304 https://registry.npmjs.org/@types%2fgraceful-fs 155ms (from cache)
260 silly pacote tag manifest for @types/graceful-fs@ts3.6 fetched in 157ms
261 http fetch GET 304 https://registry.npmjs.org/@types%2fhas-symbols 126ms (from cache)
262 silly pacote tag manifest for @types/has-symbols@ts3.6 fetched in 130ms
263 http fetch GET 200 https://registry.npmjs.org/@types%2fhas-bigints 158ms
264 silly fetchPackageMetaData error for @types/has-bigints@ts3.6 No matching version found for @types/has-bigints@ts3.6.
265 http fetch GET 304 https://registry.npmjs.org/@types%2fdir-glob 2283ms (from cache)
266 silly pacote tag manifest for @types/dir-glob@ts3.6 fetched in 2286ms
267 http fetch GET 200 https://registry.npmjs.org/@types%2fhas-values 131ms
268 silly fetchPackageMetaData error for @types/has-values@ts3.6 No matching version found for @types/has-values@ts3.6.
269 http fetch GET 304 https://registry.npmjs.org/@types%2fglobalthis 418ms (from cache)
270 silly pacote tag manifest for @types/globalthis@ts3.6 fetched in 423ms
271 http fetch GET 304 https://registry.npmjs.org/@types%2fhe 136ms (from cache)
272 silly pacote tag manifest for @types/he@ts3.6 fetched in 140ms
273 http fetch GET 304 https://registry.npmjs.org/@types%2fhosted-git-info 130ms (from cache)
274 silly pacote tag manifest for @types/hosted-git-info@ts3.6 fetched in 133ms
275 http fetch GET 304 https://registry.npmjs.org/@types%2fhtml-encoding-sniffer 163ms (from cache)
276 http fetch GET 304 https://registry.npmjs.org/@types%2fhtml-escaper 140ms (from cache)
277 silly pacote tag manifest for @types/html-encoding-sniffer@ts3.6 fetched in 166ms
278 http fetch GET 304 https://registry.npmjs.org/@types%2fhas 452ms (from cache)
279 silly pacote tag manifest for @types/html-escaper@ts3.6 fetched in 143ms
280 silly pacote tag manifest for @types/has@ts3.6 fetched in 454ms
281 http fetch GET 304 https://registry.npmjs.org/@types%2fhtml-minifier-terser 168ms (from cache)
282 silly pacote tag manifest for @types/html-minifier-terser@ts3.6 fetched in 172ms
283 http fetch GET 304 https://registry.npmjs.org/@types%2fhttp-errors 153ms (from cache)
284 silly pacote tag manifest for @types/http-errors@ts3.6 fetched in 157ms
285 http fetch GET 304 https://registry.npmjs.org/@types%2fhttp-proxy 137ms (from cache)
286 silly pacote tag manifest for @types/http-proxy@ts3.6 fetched in 141ms
287 http fetch GET 304 https://registry.npmjs.org/@types%2fiferr 146ms (from cache)
288 silly pacote tag manifest for @types/iferr@ts3.6 fetched in 150ms
289 http fetch GET 304 https://registry.npmjs.org/@types%2fhex-color-regex 418ms (from cache)
290 silly pacote tag manifest for @types/hex-color-regex@ts3.6 fetched in 421ms
291 http fetch GET 304 https://registry.npmjs.org/@types%2fimurmurhash 167ms (from cache)
292 silly pacote tag manifest for @types/imurmurhash@ts3.6 fetched in 169ms
293 http fetch GET 304 https://registry.npmjs.org/@types%2fini 132ms (from cache)
294 silly pacote tag manifest for @types/ini@ts3.6 fetched in 133ms
295 http fetch GET 304 https://registry.npmjs.org/@types%2finternal-slot 129ms (from cache)
296 silly pacote tag manifest for @types/internal-slot@ts3.6 fetched in 132ms
297 http fetch GET 304 https://registry.npmjs.org/@types%2fip 127ms (from cache)
298 silly pacote tag manifest for @types/ip@ts3.6 fetched in 129ms
299 http fetch GET 304 https://registry.npmjs.org/@types%2ficss-utils 415ms (from cache)
300 http fetch GET 304 https://registry.npmjs.org/@types%2fis-arguments 129ms (from cache)
301 silly pacote tag manifest for @types/icss-utils@ts3.6 fetched in 417ms
302 silly pacote tag manifest for @types/is-arguments@ts3.6 fetched in 133ms
303 http fetch GET 200 https://registry.npmjs.org/@types%2fis-bigint 135ms
304 silly fetchPackageMetaData error for @types/is-bigint@ts3.6 No matching version found for @types/is-bigint@ts3.6.
305 http fetch GET 200 https://registry.npmjs.org/@types%2fimport-local 417ms
306 silly fetchPackageMetaData error for @types/import-local@ts3.6 No matching version found for @types/import-local@ts3.6.
307 http fetch GET 304 https://registry.npmjs.org/@types%2fis-callable 127ms (from cache)
308 silly pacote tag manifest for @types/is-callable@ts3.6 fetched in 131ms
309 http fetch GET 304 https://registry.npmjs.org/@types%2fis-core-module 140ms (from cache)
310 silly pacote tag manifest for @types/is-core-module@ts3.6 fetched in 142ms
311 http fetch GET 304 https://registry.npmjs.org/@types%2fis-ci 160ms (from cache)
312 silly pacote tag manifest for @types/is-ci@ts3.6 fetched in 166ms
313 http fetch GET 200 https://registry.npmjs.org/@types%2fis-data-descriptor 154ms
314 silly fetchPackageMetaData error for @types/is-data-descriptor@ts3.6 No matching version found for @types/is-data-descriptor@ts3.6.
315 http fetch GET 304 https://registry.npmjs.org/@types%2ffunction-bind 1574ms (from cache)
316 silly pacote tag manifest for @types/function-bind@ts3.6 fetched in 1578ms
317 http fetch GET 304 https://registry.npmjs.org/@types%2fis-glob 144ms (from cache)
318 http fetch GET 304 https://registry.npmjs.org/@types%2fis-date-object 153ms (from cache)
319 silly pacote tag manifest for @types/is-date-object@ts3.6 fetched in 156ms
320 silly pacote tag manifest for @types/is-glob@ts3.6 fetched in 152ms
321 http fetch GET 200 https://registry.npmjs.org/@types%2fis-boolean-object 418ms
322 silly fetchPackageMetaData error for @types/is-boolean-object@ts3.6 No matching version found for @types/is-boolean-object@ts3.6.
323 http fetch GET 200 https://registry.npmjs.org/@types%2fget-intrinsic 1523ms
324 silly fetchPackageMetaData error for @types/get-intrinsic@ts3.6 No matching version found for @types/get-intrinsic@ts3.6.
325 http fetch GET 304 https://registry.npmjs.org/@types%2fis-regex 159ms (from cache)
326 http fetch GET 304 https://registry.npmjs.org/@types%2fis-number 168ms (from cache)
327 silly pacote tag manifest for @types/is-regex@ts3.6 fetched in 164ms
328 silly pacote tag manifest for @types/is-number@ts3.6 fetched in 173ms
329 http fetch GET 200 https://registry.npmjs.org/@types%2fis-string 141ms
330 silly fetchPackageMetaData error for @types/is-string@ts3.6 No matching version found for @types/is-string@ts3.6.
331 http fetch GET 304 https://registry.npmjs.org/@types%2fis-windows 153ms (from cache)
332 silly pacote tag manifest for @types/is-windows@ts3.6 fetched in 157ms
333 http fetch GET 304 https://registry.npmjs.org/@types%2fisarray 139ms (from cache)
334 silly pacote tag manifest for @types/isarray@ts3.6 fetched in 142ms
335 http fetch GET 304 https://registry.npmjs.org/@types%2fistanbul-lib-coverage 154ms (from cache)
336 silly pacote tag manifest for @types/istanbul-lib-coverage@ts3.6 fetched in 157ms
337 http fetch GET 304 https://registry.npmjs.org/@types%2fistanbul-lib-instrument 128ms (from cache)
338 silly pacote tag manifest for @types/istanbul-lib-instrument@ts3.6 fetched in 130ms
339 http fetch GET 304 https://registry.npmjs.org/@types%2fistanbul-lib-report 125ms (from cache)
340 silly pacote tag manifest for @types/istanbul-lib-report@ts3.6 fetched in 128ms
341 http fetch GET 304 https://registry.npmjs.org/@types%2fistanbul-lib-source-maps 146ms (from cache)
342 silly pacote tag manifest for @types/istanbul-lib-source-maps@ts3.6 fetched in 149ms
343 http fetch GET 304 https://registry.npmjs.org/@types%2fistanbul-reports 177ms (from cache)
344 silly pacote tag manifest for @types/istanbul-reports@ts3.6 fetched in 180ms
345 http fetch GET 200 https://registry.npmjs.org/@types%2ffill-range 2231ms
346 silly fetchPackageMetaData error for @types/fill-range@ts3.6 No matching version found for @types/fill-range@ts3.6.
347 http fetch GET 200 https://registry.npmjs.org/@types%2fgensync 2070ms
348 silly fetchPackageMetaData error for @types/gensync@ts3.6 No matching version found for @types/gensync@ts3.6.
349 http fetch GET 304 https://registry.npmjs.org/@types%2fjsdom 135ms (from cache)
350 silly pacote tag manifest for @types/jsdom@ts3.6 fetched in 139ms
351 http fetch GET 304 https://registry.npmjs.org/@types%2fjsesc 177ms (from cache)
352 silly pacote tag manifest for @types/jsesc@ts3.6 fetched in 180ms
353 http fetch GET 200 https://registry.npmjs.org/@types%2fjson-stable-stringify-without-jsonify 126ms
354 silly fetchPackageMetaData error for @types/json-stable-stringify-without-jsonify@ts3.6 No matching version found for @types/json-stable-stringify-without-jsonify@ts3.6.
355 http fetch GET 200 https://registry.npmjs.org/@types%2fis-symbol 709ms
356 silly fetchPackageMetaData error for @types/is-symbol@ts3.6 No matching version found for @types/is-symbol@ts3.6.
357 http fetch GET 304 https://registry.npmjs.org/@types%2fjsonfile 134ms (from cache)
358 silly pacote tag manifest for @types/jsonfile@ts3.6 fetched in 137ms
359 http fetch GET 200 https://registry.npmjs.org/@types%2flanguage-tags 158ms
360 silly fetchPackageMetaData error for @types/language-tags@ts3.6 No matching version found for @types/language-tags@ts3.6.
361 http fetch GET 304 https://registry.npmjs.org/@types%2fkind-of 179ms (from cache)
362 silly pacote tag manifest for @types/kind-of@ts3.6 fetched in 186ms
363 http fetch GET 304 https://registry.npmjs.org/@types%2finherits 1522ms (from cache)
364 silly pacote tag manifest for @types/inherits@ts3.6 fetched in 1525ms
365 http fetch GET 304 https://registry.npmjs.org/@types%2flodash.memoize 140ms (from cache)
366 http fetch GET 304 https://registry.npmjs.org/@types%2flodash 176ms (from cache)
367 http fetch GET 304 https://registry.npmjs.org/@types%2flodash.debounce 169ms (from cache)
368 silly pacote tag manifest for @types/lodash.memoize@ts3.6 fetched in 147ms
369 silly pacote tag manifest for @types/lodash.debounce@ts3.6 fetched in 174ms
370 silly pacote tag manifest for @types/lodash@ts3.6 fetched in 183ms
371 http fetch GET 304 https://registry.npmjs.org/@types%2flodash.template 179ms (from cache)
372 http fetch GET 304 https://registry.npmjs.org/@types%2flodash.merge 185ms (from cache)
373 http fetch GET 304 https://registry.npmjs.org/@types%2flodash.truncate 199ms (from cache)
374 silly pacote tag manifest for @types/lodash.template@ts3.6 fetched in 238ms
375 silly pacote tag manifest for @types/lodash.truncate@ts3.6 fetched in 239ms
376 silly pacote tag manifest for @types/lodash.merge@ts3.6 fetched in 240ms
377 http fetch GET 304 https://registry.npmjs.org/@types%2fisexe 1228ms (from cache)
378 silly pacote tag manifest for @types/isexe@ts3.6 fetched in 1231ms
379 http fetch GET 304 https://registry.npmjs.org/@types%2fmedia-typer 164ms (from cache)
380 http fetch GET 304 https://registry.npmjs.org/@types%2fmemory-fs 165ms (from cache)
381 silly pacote tag manifest for @types/media-typer@ts3.6 fetched in 179ms
382 silly pacote tag manifest for @types/memory-fs@ts3.6 fetched in 179ms
383 http fetch GET 304 https://registry.npmjs.org/@types%2flodash.uniq 211ms (from cache)
384 silly pacote tag manifest for @types/lodash.uniq@ts3.6 fetched in 214ms
385 http fetch GET 304 https://registry.npmjs.org/@types%2fjson-parse-better-errors 1178ms (from cache)
386 silly pacote tag manifest for @types/json-parse-better-errors@ts3.6 fetched in 1181ms
387 http fetch GET 304 https://registry.npmjs.org/@types%2fis-typedarray 1708ms (from cache)
388 silly pacote tag manifest for @types/is-typedarray@ts3.6 fetched in 1711ms
389 http fetch GET 304 https://registry.npmjs.org/@types%2fjs-yaml 1467ms (from cache)
390 silly pacote tag manifest for @types/js-yaml@ts3.6 fetched in 1470ms
391 http fetch GET 304 https://registry.npmjs.org/@types%2fis-buffer 2262ms (from cache)
392 silly pacote tag manifest for @types/is-buffer@ts3.6 fetched in 2264ms
393 http fetch GET 304 https://registry.npmjs.org/@types%2floader-runner 1225ms (from cache)
394 silly pacote tag manifest for @types/loader-runner@ts3.6 fetched in 1227ms
395 http fetch GET 304 https://registry.npmjs.org/@types%2floader-utils 1479ms (from cache)
396 silly pacote tag manifest for @types/loader-utils@ts3.6 fetched in 1489ms
397 timing stage:rollbackFailedOptional Completed in 1ms
398 timing stage:runTopLevelLifecycles Completed in 10140ms
399 verbose type tag
400 verbose stack @types/call-bind: No matching version found for @types/call-bind@ts3.6.
400 verbose stack     at pickManifest (/usr/local/lib/node_modules/npm/node_modules/npm-pick-manifest/index.js:122:13)
400 verbose stack     at /usr/local/lib/node_modules/npm/node_modules/pacote/lib/fetchers/registry/manifest.js:24:14
400 verbose stack     at tryCatcher (/usr/local/lib/node_modules/npm/node_modules/bluebird/js/release/util.js:16:23)
400 verbose stack     at Promise._settlePromiseFromHandler (/usr/local/lib/node_modules/npm/node_modules/bluebird/js/release/promise.js:517:31)
400 verbose stack     at Promise._settlePromise (/usr/local/lib/node_modules/npm/node_modules/bluebird/js/release/promise.js:574:18)
400 verbose stack     at Promise._settlePromise0 (/usr/local/lib/node_modules/npm/node_modules/bluebird/js/release/promise.js:619:10)
400 verbose stack     at Promise._settlePromises (/usr/local/lib/node_modules/npm/node_modules/bluebird/js/release/promise.js:699:18)
400 verbose stack     at _drainQueueStep (/usr/local/lib/node_modules/npm/node_modules/bluebird/js/release/async.js:138:12)
400 verbose stack     at _drainQueue (/usr/local/lib/node_modules/npm/node_modules/bluebird/js/release/async.js:131:9)
400 verbose stack     at Async._drainQueues (/usr/local/lib/node_modules/npm/node_modules/bluebird/js/release/async.js:147:5)
400 verbose stack     at Immediate.Async.drainQueues [as _onImmediate] (/usr/local/lib/node_modules/npm/node_modules/bluebird/js/release/async.js:17:14)
400 verbose stack     at processImmediate (internal/timers.js:456:21)
401 verbose cwd /home/theia/.cache/typescript/3.6
402 verbose Linux 5.15.90.1-microsoft-standard-WSL2
403 verbose argv "/usr/local/bin/node" "/usr/local/bin/npm" "install" "--ignore-scripts" "@types/accepts@ts3.6" "@types/argparse@ts3.6" "@types/aria-query@ts3.6" "@types/arr-diff@ts3.6" "@types/arr-union@ts3.6" "@types/array-unique@ts3.6" "@types/array.prototype.flat@ts3.6" "@types/array.prototype.flatmap@ts3.6" "@types/asap@ts3.6" "@types/assert@ts3.6" "@types/async@ts3.6" "@types/atob@ts3.6" "@types/babel-plugin-macros@ts3.6" "@types/babylon@ts3.6" "@types/balanced-match@ts3.6" "@types/big.js@ts3.6" "@types/bn.js@ts3.6" "@types/body-parser@ts3.6" "@types/bonjour@ts3.6" "@types/boolbase@ts3.6" "@types/brace-expansion@ts3.6" "@types/braces@ts3.6" "@types/brorand@ts3.6" "@types/bser@ts3.6" "@types/buffer-from@ts3.6" "@types/buffer-xor@ts3.6" "@types/bytes@ts3.6" "@types/cacache@ts3.6" "@types/call-bind@ts3.6" "@types/caniuse-api@ts3.6" "@types/caniuse-lite@ts3.6" "@types/case-sensitive-paths-webpack-plugin@ts3.6" "@types/check-types@ts3.6" "@types/chownr@ts3.6" "@types/cipher-base@ts3.6" "@types/clean-css@ts3.6" "@types/color@ts3.6" "@types/color-convert@ts3.6" "@types/color-name@ts3.6" "@types/color-string@ts3.6" "@types/combined-stream@ts3.6" "@types/common-tags@ts3.6" "@types/commondir@ts3.6" "@types/component-emitter@ts3.6" "@types/compose-function@ts3.6" "@types/compressible@ts3.6" "@types/compression@ts3.6" "@types/concat-map@ts3.6" "@types/concat-stream@ts3.6" "@types/confusing-browser-globals@ts3.6" "@types/connect-history-api-fallback@ts3.6" "@types/content-disposition@ts3.6" "@types/content-type@ts3.6" "@types/convert-source-map@ts3.6" "@types/cookie@ts3.6" "@types/cookie-signature@ts3.6" "@types/core-js@ts3.6" "@types/create-hash@ts3.6" "@types/create-hmac@ts3.6" "@types/cross-spawn@ts3.6" "@types/css@ts3.6" "@types/css-declaration-sorter@ts3.6" "@types/css-tree@ts3.6" "@types/css.escape@ts3.6" "@types/cssesc@ts3.6" "@types/csso@ts3.6" "@types/cssom@ts3.6" "@types/cssstyle@ts3.6" "@types/damerau-levenshtein@ts3.6" "@types/data-urls@ts3.6" "@types/debug@ts3.6" "@types/decode-uri-component@ts3.6" "@types/dedent@ts3.6" "@types/deep-equal@ts3.6" "@types/default-gateway@ts3.6" "@types/define-properties@ts3.6" "@types/depd@ts3.6" "@types/destroy@ts3.6" "@types/detect-node@ts3.6" "@types/diffie-hellman@ts3.6" "@types/dir-glob@ts3.6" "@types/dns-packet@ts3.6" "@types/dns-txt@ts3.6" "@types/doctrine@ts3.6" "@types/domexception@ts3.6" "@types/domutils@ts3.6" "@types/duplexify@ts3.6" "@types/ee-first@ts3.6" "@types/ejs@ts3.6" "@types/elliptic@ts3.6" "@types/encodeurl@ts3.6" "@types/end-of-stream@ts3.6" "@types/es-abstract@ts3.6" "@types/es-to-primitive@ts3.6" "@types/escape-html@ts3.6" "@types/escodegen@ts3.6" "@types/eslint-scope@ts3.6" "@types/eslint-utils@ts3.6" "@types/esprima@ts3.6" "@types/esquery@ts3.6" "@types/estraverse@ts3.6" "@types/esutils@ts3.6" "@types/etag@ts3.6" "@types/events@ts3.6" "@types/eventsource@ts3.6" "@types/exit@ts3.6" "@types/fast-levenshtein@ts3.6" "@types/fb-watchman@ts3.6" "@types/file-entry-cache@ts3.6" "@types/file-loader@ts3.6" "@types/fill-range@ts3.6" "@types/finalhandler@ts3.6" "@types/find-cache-dir@ts3.6" "@types/flat-cache@ts3.6" "@types/flush-write-stream@ts3.6" "@types/follow-redirects@ts3.6" "@types/forwarded@ts3.6" "@types/fresh@ts3.6" "@types/from2@ts3.6" "@types/fs-minipass@ts3.6" "@types/function-bind@ts3.6" "@types/functional-red-black-tree@ts3.6" "@types/gensync@ts3.6" "@types/get-intrinsic@ts3.6" "@types/get-value@ts3.6" "@types/glob-parent@ts3.6" "@types/global-modules@ts3.6" "@types/global-prefix@ts3.6" "@types/globalthis@ts3.6" "@types/gopd@ts3.6" "@types/graceful-fs@ts3.6" "@types/has@ts3.6" "@types/has-bigints@ts3.6" "@types/has-symbols@ts3.6" "@types/has-values@ts3.6" "@types/he@ts3.6" "@types/hex-color-regex@ts3.6" "@types/hosted-git-info@ts3.6" "@types/html-encoding-sniffer@ts3.6" "@types/html-escaper@ts3.6" "@types/html-minifier-terser@ts3.6" "@types/http-errors@ts3.6" "@types/http-proxy@ts3.6" "@types/icss-utils@ts3.6" "@types/iferr@ts3.6" "@types/import-local@ts3.6" "@types/imurmurhash@ts3.6" "@types/inherits@ts3.6" "@types/ini@ts3.6" "@types/internal-slot@ts3.6" "@types/ip@ts3.6" "@types/is-arguments@ts3.6" "@types/is-bigint@ts3.6" "@types/is-boolean-object@ts3.6" "@types/is-buffer@ts3.6" "@types/is-callable@ts3.6" "@types/is-ci@ts3.6" "@types/is-core-module@ts3.6" "@types/is-data-descriptor@ts3.6" "@types/is-date-object@ts3.6" "@types/is-glob@ts3.6" "@types/is-number@ts3.6" "@types/is-regex@ts3.6" "@types/is-string@ts3.6" "@types/is-symbol@ts3.6" "@types/is-typedarray@ts3.6" "@types/is-windows@ts3.6" "@types/isarray@ts3.6" "@types/isexe@ts3.6" "@types/istanbul-lib-coverage@ts3.6" "@types/istanbul-lib-instrument@ts3.6" "@types/istanbul-lib-report@ts3.6" "@types/istanbul-lib-source-maps@ts3.6" "@types/istanbul-reports@ts3.6" "@types/js-yaml@ts3.6" "@types/jsdom@ts3.6" "@types/jsesc@ts3.6" "@types/json-parse-better-errors@ts3.6" "@types/json-stable-stringify-without-jsonify@ts3.6" "@types/jsonfile@ts3.6" "@types/kind-of@ts3.6" "@types/language-tags@ts3.6" "@types/loader-runner@ts3.6" "@types/loader-utils@ts3.6" "@types/lodash@ts3.6" "@types/lodash.debounce@ts3.6" "@types/lodash.memoize@ts3.6" "@types/lodash.merge@ts3.6" "@types/lodash.template@ts3.6" "@types/lodash.truncate@ts3.6" "@types/lodash.uniq@ts3.6" "@types/media-typer@ts3.6" "@types/memory-fs@ts3.6" "--save-dev" "--user-agent=typesInstaller/3.6.3"
404 verbose node v12.18.3
405 verbose npm  v6.14.6
406 error code ETARGET
407 error notarget No matching version found for @types/call-bind@ts3.6.
408 error notarget In most cases you or one of your dependencies are requesting
408 error notarget a package version that doesn't exist.
409 verbose exit [ 1, true ]
