0 info it worked if it ends with ok
1 verbose cli [
1 verbose cli   '/usr/local/bin/node',
1 verbose cli   '/usr/local/bin/npm',
1 verbose cli   'install',
1 verbose cli   '--ignore-scripts',
1 verbose cli   '@types/accepts@ts3.6',
1 verbose cli   '@types/argparse@ts3.6',
1 verbose cli   '@types/aria-query@ts3.6',
1 verbose cli   '@types/arr-diff@ts3.6',
1 verbose cli   '@types/arr-union@ts3.6',
1 verbose cli   '@types/array-unique@ts3.6',
1 verbose cli   '@types/array.prototype.flat@ts3.6',
1 verbose cli   '@types/array.prototype.flatmap@ts3.6',
1 verbose cli   '@types/asap@ts3.6',
1 verbose cli   '@types/assert@ts3.6',
1 verbose cli   '@types/async@ts3.6',
1 verbose cli   '@types/atob@ts3.6',
1 verbose cli   '@types/babel-plugin-macros@ts3.6',
1 verbose cli   '@types/babylon@ts3.6',
1 verbose cli   '@types/balanced-match@ts3.6',
1 verbose cli   '@types/big.js@ts3.6',
1 verbose cli   '@types/bn.js@ts3.6',
1 verbose cli   '@types/body-parser@ts3.6',
1 verbose cli   '@types/bonjour@ts3.6',
1 verbose cli   '@types/boolbase@ts3.6',
1 verbose cli   '@types/brace-expansion@ts3.6',
1 verbose cli   '@types/braces@ts3.6',
1 verbose cli   '@types/brorand@ts3.6',
1 verbose cli   '@types/bser@ts3.6',
1 verbose cli   '@types/buffer-from@ts3.6',
1 verbose cli   '@types/buffer-xor@ts3.6',
1 verbose cli   '@types/bytes@ts3.6',
1 verbose cli   '@types/cacache@ts3.6',
1 verbose cli   '@types/call-bind@ts3.6',
1 verbose cli   '@types/caniuse-api@ts3.6',
1 verbose cli   '@types/caniuse-lite@ts3.6',
1 verbose cli   '@types/case-sensitive-paths-webpack-plugin@ts3.6',
1 verbose cli   '@types/check-types@ts3.6',
1 verbose cli   '@types/chownr@ts3.6',
1 verbose cli   '@types/cipher-base@ts3.6',
1 verbose cli   '@types/clean-css@ts3.6',
1 verbose cli   '@types/color@ts3.6',
1 verbose cli   '@types/color-convert@ts3.6',
1 verbose cli   '@types/color-name@ts3.6',
1 verbose cli   '@types/color-string@ts3.6',
1 verbose cli   '@types/combined-stream@ts3.6',
1 verbose cli   '@types/common-tags@ts3.6',
1 verbose cli   '@types/commondir@ts3.6',
1 verbose cli   '@types/component-emitter@ts3.6',
1 verbose cli   '@types/compose-function@ts3.6',
1 verbose cli   '@types/compressible@ts3.6',
1 verbose cli   '@types/compression@ts3.6',
1 verbose cli   '@types/concat-map@ts3.6',
1 verbose cli   '@types/concat-stream@ts3.6',
1 verbose cli   '@types/confusing-browser-globals@ts3.6',
1 verbose cli   '@types/connect-history-api-fallback@ts3.6',
1 verbose cli   '@types/content-disposition@ts3.6',
1 verbose cli   '@types/content-type@ts3.6',
1 verbose cli   '@types/convert-source-map@ts3.6',
1 verbose cli   '@types/cookie@ts3.6',
1 verbose cli   '@types/cookie-signature@ts3.6',
1 verbose cli   '@types/core-js@ts3.6',
1 verbose cli   '@types/create-hash@ts3.6',
1 verbose cli   '@types/create-hmac@ts3.6',
1 verbose cli   '@types/cross-spawn@ts3.6',
1 verbose cli   '@types/css@ts3.6',
1 verbose cli   '@types/css-declaration-sorter@ts3.6',
1 verbose cli   '@types/css-tree@ts3.6',
1 verbose cli   '@types/css.escape@ts3.6',
1 verbose cli   '@types/cssesc@ts3.6',
1 verbose cli   '@types/csso@ts3.6',
1 verbose cli   '@types/cssom@ts3.6',
1 verbose cli   '@types/cssstyle@ts3.6',
1 verbose cli   '@types/damerau-levenshtein@ts3.6',
1 verbose cli   '@types/data-urls@ts3.6',
1 verbose cli   '@types/debug@ts3.6',
1 verbose cli   '@types/decode-uri-component@ts3.6',
1 verbose cli   '@types/dedent@ts3.6',
1 verbose cli   '@types/deep-equal@ts3.6',
1 verbose cli   '@types/default-gateway@ts3.6',
1 verbose cli   '@types/define-properties@ts3.6',
1 verbose cli   '@types/depd@ts3.6',
1 verbose cli   '@types/destroy@ts3.6',
1 verbose cli   '@types/detect-node@ts3.6',
1 verbose cli   '@types/diffie-hellman@ts3.6',
1 verbose cli   '@types/dir-glob@ts3.6',
1 verbose cli   '@types/dns-packet@ts3.6',
1 verbose cli   '@types/dns-txt@ts3.6',
1 verbose cli   '@types/doctrine@ts3.6',
1 verbose cli   '@types/domexception@ts3.6',
1 verbose cli   '@types/domutils@ts3.6',
1 verbose cli   '@types/duplexify@ts3.6',
1 verbose cli   '@types/ee-first@ts3.6',
1 verbose cli   '@types/ejs@ts3.6',
1 verbose cli   '@types/elliptic@ts3.6',
1 verbose cli   '@types/encodeurl@ts3.6',
1 verbose cli   '@types/end-of-stream@ts3.6',
1 verbose cli   '@types/es-abstract@ts3.6',
1 verbose cli   '@types/es-to-primitive@ts3.6',
1 verbose cli   '@types/escape-html@ts3.6',
1 verbose cli   '@types/escodegen@ts3.6',
1 verbose cli   ... 99 more items
1 verbose cli ]
2 info using npm@6.14.6
3 info using node@v12.18.3
4 verbose npm-session 9f0d11d58ef51469
5 silly install loadCurrentTree
6 silly install readLocalPackageData
7 http fetch GET 304 https://registry.npmjs.org/@types%2farr-diff 1635ms (from cache)
8 http fetch GET 304 https://registry.npmjs.org/@types%2farray.prototype.flatmap 1631ms (from cache)
9 http fetch GET 304 https://registry.npmjs.org/@types%2fargparse 1641ms (from cache)
10 http fetch GET 304 https://registry.npmjs.org/@types%2faccepts 1646ms (from cache)
11 http fetch GET 304 https://registry.npmjs.org/@types%2farray.prototype.flat 1632ms (from cache)
12 http fetch GET 304 https://registry.npmjs.org/@types%2fassert 1633ms (from cache)
13 http fetch GET 304 https://registry.npmjs.org/@types%2faria-query 1644ms (from cache)
14 silly pacote tag manifest for @types/array.prototype.flatmap@ts3.6 fetched in 1637ms
15 silly pacote tag manifest for @types/arr-diff@ts3.6 fetched in 1645ms
16 silly pacote tag manifest for @types/argparse@ts3.6 fetched in 1653ms
17 silly pacote tag manifest for @types/accepts@ts3.6 fetched in 1670ms
18 silly pacote tag manifest for @types/array.prototype.flat@ts3.6 fetched in 1644ms
19 silly pacote tag manifest for @types/assert@ts3.6 fetched in 1645ms
20 silly pacote tag manifest for @types/aria-query@ts3.6 fetched in 1657ms
21 http fetch GET 304 https://registry.npmjs.org/@types%2fasync 440ms (from cache)
22 silly pacote tag manifest for @types/async@ts3.6 fetched in 443ms
23 http fetch GET 304 https://registry.npmjs.org/@types%2fbabel-plugin-macros 458ms (from cache)
24 http fetch GET 304 https://registry.npmjs.org/@types%2fbabylon 459ms (from cache)
25 http fetch GET 304 https://registry.npmjs.org/@types%2fbn.js 454ms (from cache)
26 silly pacote tag manifest for @types/babel-plugin-macros@ts3.6 fetched in 460ms
27 silly pacote tag manifest for @types/babylon@ts3.6 fetched in 462ms
28 silly pacote tag manifest for @types/bn.js@ts3.6 fetched in 459ms
29 http fetch GET 304 https://registry.npmjs.org/@types%2fbalanced-match 509ms (from cache)
30 http fetch GET 304 https://registry.npmjs.org/@types%2fbig.js 507ms (from cache)
31 silly pacote tag manifest for @types/balanced-match@ts3.6 fetched in 513ms
32 silly pacote tag manifest for @types/big.js@ts3.6 fetched in 512ms
33 http fetch GET 304 https://registry.npmjs.org/@types%2fbrace-expansion 134ms (from cache)
34 silly pacote tag manifest for @types/brace-expansion@ts3.6 fetched in 135ms
35 http fetch GET 304 https://registry.npmjs.org/@types%2fbonjour 149ms (from cache)
36 silly pacote tag manifest for @types/bonjour@ts3.6 fetched in 152ms
37 http fetch GET 304 https://registry.npmjs.org/@types%2fbrorand 123ms (from cache)
38 silly pacote tag manifest for @types/brorand@ts3.6 fetched in 124ms
39 http fetch GET 304 https://registry.npmjs.org/@types%2fbser 135ms (from cache)
40 silly pacote tag manifest for @types/bser@ts3.6 fetched in 138ms
41 http fetch GET 304 https://registry.npmjs.org/@types%2fbuffer-from 134ms (from cache)
42 silly pacote tag manifest for @types/buffer-from@ts3.6 fetched in 137ms
43 http fetch GET 304 https://registry.npmjs.org/@types%2fbuffer-xor 121ms (from cache)
44 silly pacote tag manifest for @types/buffer-xor@ts3.6 fetched in 124ms
45 http fetch GET 304 https://registry.npmjs.org/@types%2fcacache 135ms (from cache)
46 http fetch GET 304 https://registry.npmjs.org/@types%2fbytes 150ms (from cache)
47 silly pacote tag manifest for @types/cacache@ts3.6 fetched in 137ms
48 silly pacote tag manifest for @types/bytes@ts3.6 fetched in 152ms
49 http fetch GET 304 https://registry.npmjs.org/@types%2fcaniuse-lite 158ms (from cache)
50 http fetch GET 304 https://registry.npmjs.org/@types%2fcaniuse-api 159ms (from cache)
51 silly pacote tag manifest for @types/caniuse-lite@ts3.6 fetched in 161ms
52 silly pacote tag manifest for @types/caniuse-api@ts3.6 fetched in 161ms
53 http fetch GET 304 https://registry.npmjs.org/@types%2fasap 2950ms (from cache)
54 silly pacote tag manifest for @types/asap@ts3.6 fetched in 2957ms
55 http fetch GET 304 https://registry.npmjs.org/@types%2fcheck-types 267ms (from cache)
56 http fetch GET 304 https://registry.npmjs.org/@types%2fcase-sensitive-paths-webpack-plugin 269ms (from cache)
57 silly pacote tag manifest for @types/check-types@ts3.6 fetched in 269ms
58 silly pacote tag manifest for @types/case-sensitive-paths-webpack-plugin@ts3.6 fetched in 272ms
59 http fetch GET 304 https://registry.npmjs.org/@types%2fcipher-base 145ms (from cache)
60 silly pacote tag manifest for @types/cipher-base@ts3.6 fetched in 148ms
61 http fetch GET 304 https://registry.npmjs.org/@types%2fcolor 120ms (from cache)
62 silly pacote tag manifest for @types/color@ts3.6 fetched in 122ms
63 http fetch GET 304 https://registry.npmjs.org/@types%2fbody-parser 1218ms (from cache)
64 silly pacote tag manifest for @types/body-parser@ts3.6 fetched in 1220ms
65 http fetch GET 304 https://registry.npmjs.org/@types%2fcolor-convert 145ms (from cache)
66 silly pacote tag manifest for @types/color-convert@ts3.6 fetched in 147ms
67 http fetch GET 304 https://registry.npmjs.org/@types%2fcolor-name 146ms (from cache)
68 silly pacote tag manifest for @types/color-name@ts3.6 fetched in 147ms
69 http fetch GET 304 https://registry.npmjs.org/@types%2fcolor-string 129ms (from cache)
70 silly pacote tag manifest for @types/color-string@ts3.6 fetched in 130ms
71 http fetch GET 304 https://registry.npmjs.org/@types%2farray-unique 3703ms (from cache)
72 http fetch GET 304 https://registry.npmjs.org/@types%2farr-union 3706ms (from cache)
73 silly pacote tag manifest for @types/array-unique@ts3.6 fetched in 3704ms
74 silly pacote tag manifest for @types/arr-union@ts3.6 fetched in 3709ms
75 http fetch GET 304 https://registry.npmjs.org/@types%2fcommon-tags 231ms (from cache)
76 silly pacote tag manifest for @types/common-tags@ts3.6 fetched in 234ms
77 http fetch GET 304 https://registry.npmjs.org/@types%2fcompose-function 121ms (from cache)
78 http fetch GET 304 https://registry.npmjs.org/@types%2fcomponent-emitter 163ms (from cache)
79 silly pacote tag manifest for @types/component-emitter@ts3.6 fetched in 172ms
80 silly pacote tag manifest for @types/compose-function@ts3.6 fetched in 133ms
81 http fetch GET 304 https://registry.npmjs.org/@types%2fcompressible 124ms (from cache)
82 silly pacote tag manifest for @types/compressible@ts3.6 fetched in 126ms
83 http fetch GET 304 https://registry.npmjs.org/@types%2fcompression 132ms (from cache)
84 silly pacote tag manifest for @types/compression@ts3.6 fetched in 133ms
85 http fetch GET 304 https://registry.npmjs.org/@types%2fconcat-map 132ms (from cache)
86 silly pacote tag manifest for @types/concat-map@ts3.6 fetched in 142ms
87 http fetch GET 304 https://registry.npmjs.org/@types%2fconcat-stream 145ms (from cache)
88 silly pacote tag manifest for @types/concat-stream@ts3.6 fetched in 148ms
89 http fetch GET 304 https://registry.npmjs.org/@types%2fatob 2573ms (from cache)
90 silly pacote tag manifest for @types/atob@ts3.6 fetched in 2586ms
91 http fetch GET 304 https://registry.npmjs.org/@types%2fconfusing-browser-globals 163ms (from cache)
92 http fetch GET 304 https://registry.npmjs.org/@types%2fconnect-history-api-fallback 150ms (from cache)
93 silly pacote tag manifest for @types/confusing-browser-globals@ts3.6 fetched in 165ms
94 silly pacote tag manifest for @types/connect-history-api-fallback@ts3.6 fetched in 152ms
95 http fetch GET 304 https://registry.npmjs.org/@types%2fcontent-disposition 140ms (from cache)
96 silly pacote tag manifest for @types/content-disposition@ts3.6 fetched in 141ms
97 http fetch GET 304 https://registry.npmjs.org/@types%2fboolbase 2294ms (from cache)
98 silly pacote tag manifest for @types/boolbase@ts3.6 fetched in 2297ms
99 http fetch GET 304 https://registry.npmjs.org/@types%2fconvert-source-map 129ms (from cache)
100 silly pacote tag manifest for @types/convert-source-map@ts3.6 fetched in 132ms
101 http fetch GET 304 https://registry.npmjs.org/@types%2fbraces 2304ms (from cache)
102 silly pacote tag manifest for @types/braces@ts3.6 fetched in 2306ms
103 http fetch GET 304 https://registry.npmjs.org/@types%2fcookie 148ms (from cache)
104 silly pacote tag manifest for @types/cookie@ts3.6 fetched in 150ms
105 http fetch GET 304 https://registry.npmjs.org/@types%2fchownr 1559ms (from cache)
106 silly pacote tag manifest for @types/chownr@ts3.6 fetched in 1561ms
107 http fetch GET 304 https://registry.npmjs.org/@types%2fcookie-signature 152ms (from cache)
108 silly pacote tag manifest for @types/cookie-signature@ts3.6 fetched in 155ms
109 http fetch GET 304 https://registry.npmjs.org/@types%2fcore-js 151ms (from cache)
110 silly pacote tag manifest for @types/core-js@ts3.6 fetched in 154ms
111 http fetch GET 304 https://registry.npmjs.org/@types%2fcss 147ms (from cache)
112 http fetch GET 304 https://registry.npmjs.org/@types%2fcall-bind 2298ms (from cache)
113 silly registry:manifest no matching version for @types/call-bind@ts3.6 in the cache. Forcing revalidation.
114 silly pacote tag manifest for @types/css@ts3.6 fetched in 155ms
115 http fetch GET 200 https://registry.npmjs.org/@types%2fcall-bind 123ms
116 silly fetchPackageMetaData error for @types/call-bind@ts3.6 No matching version found for @types/call-bind@ts3.6.
117 http fetch GET 304 https://registry.npmjs.org/@types%2fcommondir 1463ms (from cache)
118 silly pacote tag manifest for @types/commondir@ts3.6 fetched in 1466ms
119 http fetch GET 304 https://registry.npmjs.org/@types%2fclean-css 2276ms (from cache)
120 silly pacote tag manifest for @types/clean-css@ts3.6 fetched in 2278ms
121 http fetch GET 304 https://registry.npmjs.org/@types%2fcsso 157ms (from cache)
122 silly pacote tag manifest for @types/csso@ts3.6 fetched in 161ms
123 http fetch GET 304 https://registry.npmjs.org/@types%2fcssom 155ms (from cache)
124 silly pacote tag manifest for @types/cssom@ts3.6 fetched in 157ms
125 http fetch GET 304 https://registry.npmjs.org/@types%2fcombined-stream 2251ms (from cache)
126 silly pacote tag manifest for @types/combined-stream@ts3.6 fetched in 2254ms
127 http fetch GET 304 https://registry.npmjs.org/@types%2fdamerau-levenshtein 130ms (from cache)
128 silly pacote tag manifest for @types/damerau-levenshtein@ts3.6 fetched in 132ms
129 http fetch GET 304 https://registry.npmjs.org/@types%2fdata-urls 131ms (from cache)
130 silly pacote tag manifest for @types/data-urls@ts3.6 fetched in 138ms
131 http fetch GET 304 https://registry.npmjs.org/@types%2fcreate-hmac 1591ms (from cache)
132 silly pacote tag manifest for @types/create-hmac@ts3.6 fetched in 1593ms
133 http fetch GET 304 https://registry.npmjs.org/@types%2fdebug 218ms (from cache)
134 silly pacote tag manifest for @types/debug@ts3.6 fetched in 220ms
135 http fetch GET 304 https://registry.npmjs.org/@types%2fcss.escape 1497ms (from cache)
136 silly registry:manifest no matching version for @types/css.escape@ts3.6 in the cache. Forcing revalidation.
137 http fetch GET 304 https://registry.npmjs.org/@types%2fcontent-type 2252ms (from cache)
138 silly pacote tag manifest for @types/content-type@ts3.6 fetched in 2254ms
139 http fetch GET 304 https://registry.npmjs.org/@types%2fcross-spawn 2340ms (from cache)
140 http fetch GET 304 https://registry.npmjs.org/@types%2fcreate-hash 2397ms (from cache)
141 http fetch GET 304 https://registry.npmjs.org/@types%2fdeep-equal 296ms (from cache)
142 http fetch GET 304 https://registry.npmjs.org/@types%2fcss-declaration-sorter 2262ms (from cache)
143 silly pacote tag manifest for @types/cross-spawn@ts3.6 fetched in 2344ms
144 silly pacote tag manifest for @types/create-hash@ts3.6 fetched in 2400ms
145 silly pacote tag manifest for @types/deep-equal@ts3.6 fetched in 299ms
146 silly pacote tag manifest for @types/css-declaration-sorter@ts3.6 fetched in 2266ms
147 http fetch GET 304 https://registry.npmjs.org/@types%2fdedent 693ms (from cache)
148 silly pacote tag manifest for @types/dedent@ts3.6 fetched in 695ms
149 http fetch GET 200 https://registry.npmjs.org/@types%2fcss.escape 673ms
150 silly fetchPackageMetaData error for @types/css.escape@ts3.6 No matching version found for @types/css.escape@ts3.6.
151 http fetch GET 304 https://registry.npmjs.org/@types%2fdepd 187ms (from cache)
152 silly pacote tag manifest for @types/depd@ts3.6 fetched in 190ms
153 http fetch GET 304 https://registry.npmjs.org/@types%2fdestroy 190ms (from cache)
154 http fetch GET 304 https://registry.npmjs.org/@types%2fcss-tree 2345ms (from cache)
155 http fetch GET 304 https://registry.npmjs.org/@types%2fdefine-properties 193ms (from cache)
156 silly pacote tag manifest for @types/destroy@ts3.6 fetched in 193ms
157 silly pacote tag manifest for @types/css-tree@ts3.6 fetched in 2348ms
158 silly pacote tag manifest for @types/define-properties@ts3.6 fetched in 196ms
159 http fetch GET 304 https://registry.npmjs.org/@types%2fdetect-node 261ms (from cache)
160 silly pacote tag manifest for @types/detect-node@ts3.6 fetched in 262ms
161 http fetch GET 304 https://registry.npmjs.org/@types%2fdir-glob 149ms (from cache)
162 silly pacote tag manifest for @types/dir-glob@ts3.6 fetched in 151ms
163 http fetch GET 304 https://registry.npmjs.org/@types%2fdomexception 144ms (from cache)
164 silly pacote tag manifest for @types/domexception@ts3.6 fetched in 146ms
165 http fetch GET 304 https://registry.npmjs.org/@types%2fdecode-uri-component 1202ms (from cache)
166 silly pacote tag manifest for @types/decode-uri-component@ts3.6 fetched in 1203ms
167 http fetch GET 304 https://registry.npmjs.org/@types%2fduplexify 195ms (from cache)
168 http fetch GET 304 https://registry.npmjs.org/@types%2fcssesc 2324ms (from cache)
169 silly pacote tag manifest for @types/duplexify@ts3.6 fetched in 197ms
170 silly pacote tag manifest for @types/cssesc@ts3.6 fetched in 2326ms
171 http fetch GET 304 https://registry.npmjs.org/@types%2fejs 124ms (from cache)
172 silly pacote tag manifest for @types/ejs@ts3.6 fetched in 126ms
173 http fetch GET 304 https://registry.npmjs.org/@types%2felliptic 238ms (from cache)
174 silly pacote tag manifest for @types/elliptic@ts3.6 fetched in 243ms
175 http fetch GET 304 https://registry.npmjs.org/@types%2fdoctrine 716ms (from cache)
176 silly pacote tag manifest for @types/doctrine@ts3.6 fetched in 718ms
177 http fetch GET 304 https://registry.npmjs.org/@types%2fcssstyle 2394ms (from cache)
178 silly pacote tag manifest for @types/cssstyle@ts3.6 fetched in 2396ms
179 http fetch GET 304 https://registry.npmjs.org/@types%2fes-to-primitive 139ms (from cache)
180 silly pacote tag manifest for @types/es-to-primitive@ts3.6 fetched in 140ms
181 http fetch GET 304 https://registry.npmjs.org/@types%2fdomutils 1206ms (from cache)
182 silly pacote tag manifest for @types/domutils@ts3.6 fetched in 1207ms
183 http fetch GET 304 https://registry.npmjs.org/@types%2fdiffie-hellman 1492ms (from cache)
184 silly pacote tag manifest for @types/diffie-hellman@ts3.6 fetched in 1495ms
185 http fetch GET 304 https://registry.npmjs.org/@types%2fdns-txt 1466ms (from cache)
186 silly registry:manifest no matching version for @types/dns-txt@ts3.6 in the cache. Forcing revalidation.
187 http fetch GET 304 https://registry.npmjs.org/@types%2fescodegen 120ms (from cache)
188 silly pacote tag manifest for @types/escodegen@ts3.6 fetched in 121ms
189 http fetch GET 304 https://registry.npmjs.org/@types%2feslint-scope 121ms (from cache)
190 silly pacote tag manifest for @types/eslint-scope@ts3.6 fetched in 123ms
191 http fetch GET 304 https://registry.npmjs.org/@types%2fdefault-gateway 2316ms (from cache)
192 silly pacote tag manifest for @types/default-gateway@ts3.6 fetched in 2318ms
193 http fetch GET 304 https://registry.npmjs.org/@types%2fesprima 701ms (from cache)
194 silly pacote tag manifest for @types/esprima@ts3.6 fetched in 702ms
195 http fetch GET 304 https://registry.npmjs.org/@types%2festraverse 152ms (from cache)
196 silly pacote tag manifest for @types/estraverse@ts3.6 fetched in 153ms
197 http fetch GET 304 https://registry.npmjs.org/@types%2fee-first 2236ms (from cache)
198 silly pacote tag manifest for @types/ee-first@ts3.6 fetched in 2237ms
199 http fetch GET 304 https://registry.npmjs.org/@types%2fencodeurl 2375ms (from cache)
200 silly pacote tag manifest for @types/encodeurl@ts3.6 fetched in 2376ms
201 http fetch GET 304 https://registry.npmjs.org/@types%2fend-of-stream 2260ms (from cache)
202 silly pacote tag manifest for @types/end-of-stream@ts3.6 fetched in 2262ms
203 http fetch GET 304 https://registry.npmjs.org/@types%2fes-abstract 2301ms (from cache)
204 silly pacote tag manifest for @types/es-abstract@ts3.6 fetched in 2306ms
205 http fetch GET 304 https://registry.npmjs.org/@types%2fexit 159ms (from cache)
206 silly pacote tag manifest for @types/exit@ts3.6 fetched in 161ms
207 http fetch GET 304 https://registry.npmjs.org/@types%2fdns-packet 3348ms (from cache)
208 silly pacote tag manifest for @types/dns-packet@ts3.6 fetched in 3357ms
209 http fetch GET 304 https://registry.npmjs.org/@types%2fevents 431ms (from cache)
210 silly pacote tag manifest for @types/events@ts3.6 fetched in 435ms
211 http fetch GET 304 https://registry.npmjs.org/@types%2fescape-html 2352ms (from cache)
212 silly pacote tag manifest for @types/escape-html@ts3.6 fetched in 2355ms
213 http fetch GET 304 https://registry.npmjs.org/@types%2ffile-loader 122ms (from cache)
214 silly pacote tag manifest for @types/file-loader@ts3.6 fetched in 124ms
215 http fetch GET 304 https://registry.npmjs.org/@types%2fesquery 1446ms (from cache)
216 silly pacote tag manifest for @types/esquery@ts3.6 fetched in 1447ms
217 http fetch GET 304 https://registry.npmjs.org/@types%2feslint-utils 2214ms (from cache)
218 silly pacote tag manifest for @types/eslint-utils@ts3.6 fetched in 2215ms
219 http fetch GET 304 https://registry.npmjs.org/@types%2ffinalhandler 126ms (from cache)
220 silly pacote tag manifest for @types/finalhandler@ts3.6 fetched in 129ms
221 http fetch GET 200 https://registry.npmjs.org/@types%2fdns-txt 2235ms
222 silly fetchPackageMetaData error for @types/dns-txt@ts3.6 No matching version found for @types/dns-txt@ts3.6.
223 http fetch GET 304 https://registry.npmjs.org/@types%2fflat-cache 146ms (from cache)
224 silly pacote tag manifest for @types/flat-cache@ts3.6 fetched in 158ms
225 http fetch GET 304 https://registry.npmjs.org/@types%2fesutils 1522ms (from cache)
226 silly pacote tag manifest for @types/esutils@ts3.6 fetched in 1533ms
227 http fetch GET 304 https://registry.npmjs.org/@types%2ffollow-redirects 125ms (from cache)
228 silly pacote tag manifest for @types/follow-redirects@ts3.6 fetched in 127ms
229 http fetch GET 304 https://registry.npmjs.org/@types%2ffb-watchman 726ms (from cache)
230 silly pacote tag manifest for @types/fb-watchman@ts3.6 fetched in 734ms
231 http fetch GET 304 https://registry.npmjs.org/@types%2ffresh 127ms (from cache)
232 silly pacote tag manifest for @types/fresh@ts3.6 fetched in 130ms
233 http fetch GET 304 https://registry.npmjs.org/@types%2ffrom2 151ms (from cache)
234 silly pacote tag manifest for @types/from2@ts3.6 fetched in 155ms
235 http fetch GET 304 https://registry.npmjs.org/@types%2feventsource 1491ms (from cache)
236 silly pacote tag manifest for @types/eventsource@ts3.6 fetched in 1493ms
237 http fetch GET 304 https://registry.npmjs.org/@types%2fetag 2358ms (from cache)
238 silly pacote tag manifest for @types/etag@ts3.6 fetched in 2360ms
239 http fetch GET 200 https://registry.npmjs.org/@types%2ffill-range 1497ms
240 silly fetchPackageMetaData error for @types/fill-range@ts3.6 No matching version found for @types/fill-range@ts3.6.
241 http fetch GET 304 https://registry.npmjs.org/@types%2fget-intrinsic 437ms (from cache)
242 silly registry:manifest no matching version for @types/get-intrinsic@ts3.6 in the cache. Forcing revalidation.
243 http fetch GET 200 https://registry.npmjs.org/@types%2fget-intrinsic 135ms
244 silly fetchPackageMetaData error for @types/get-intrinsic@ts3.6 No matching version found for @types/get-intrinsic@ts3.6.
245 http fetch GET 200 https://registry.npmjs.org/@types%2ffs-minipass 1482ms
246 silly fetchPackageMetaData error for @types/fs-minipass@ts3.6 No matching version found for @types/fs-minipass@ts3.6.
247 http fetch GET 304 https://registry.npmjs.org/@types%2ffast-levenshtein 2424ms (from cache)
248 silly pacote tag manifest for @types/fast-levenshtein@ts3.6 fetched in 2427ms
249 http fetch GET 304 https://registry.npmjs.org/@types%2ffile-entry-cache 2261ms (from cache)
250 silly pacote tag manifest for @types/file-entry-cache@ts3.6 fetched in 2262ms
251 http fetch GET 304 https://registry.npmjs.org/@types%2fget-value 123ms (from cache)
252 silly pacote tag manifest for @types/get-value@ts3.6 fetched in 124ms
253 http fetch GET 304 https://registry.npmjs.org/@types%2fglob-parent 128ms (from cache)
254 silly pacote tag manifest for @types/glob-parent@ts3.6 fetched in 129ms
255 http fetch GET 304 https://registry.npmjs.org/@types%2fglobal-prefix 111ms (from cache)
256 silly pacote tag manifest for @types/global-prefix@ts3.6 fetched in 112ms
257 http fetch GET 304 https://registry.npmjs.org/@types%2ffunctional-red-black-tree 1471ms (from cache)
258 silly pacote tag manifest for @types/functional-red-black-tree@ts3.6 fetched in 1472ms
259 http fetch GET 304 https://registry.npmjs.org/@types%2ffind-cache-dir 2279ms (from cache)
260 silly pacote tag manifest for @types/find-cache-dir@ts3.6 fetched in 2281ms
261 http fetch GET 304 https://registry.npmjs.org/@types%2fflush-write-stream 2304ms (from cache)
262 silly pacote tag manifest for @types/flush-write-stream@ts3.6 fetched in 2305ms
263 http fetch GET 304 https://registry.npmjs.org/@types%2fhas-symbols 134ms (from cache)
264 silly pacote tag manifest for @types/has-symbols@ts3.6 fetched in 137ms
265 http fetch GET 304 https://registry.npmjs.org/@types%2fgraceful-fs 437ms (from cache)
266 http fetch GET 304 https://registry.npmjs.org/@types%2fforwarded 2228ms (from cache)
267 silly pacote tag manifest for @types/graceful-fs@ts3.6 fetched in 439ms
268 silly pacote tag manifest for @types/forwarded@ts3.6 fetched in 2230ms
269 http fetch GET 304 https://registry.npmjs.org/@types%2ffunction-bind 2338ms (from cache)
270 silly pacote tag manifest for @types/function-bind@ts3.6 fetched in 2341ms
271 http fetch GET 304 https://registry.npmjs.org/@types%2fgopd 1300ms (from cache)
272 silly registry:manifest no matching version for @types/gopd@ts3.6 in the cache. Forcing revalidation.
273 http fetch GET 200 https://registry.npmjs.org/@types%2fgopd 125ms
274 silly fetchPackageMetaData error for @types/gopd@ts3.6 No matching version found for @types/gopd@ts3.6.
275 http fetch GET 304 https://registry.npmjs.org/@types%2fgensync 2327ms (from cache)
276 silly registry:manifest no matching version for @types/gensync@ts3.6 in the cache. Forcing revalidation.
277 http fetch GET 304 https://registry.npmjs.org/@types%2fhas-values 1470ms (from cache)
278 silly registry:manifest no matching version for @types/has-values@ts3.6 in the cache. Forcing revalidation.
279 http fetch GET 304 https://registry.npmjs.org/@types%2fglobal-modules 2290ms (from cache)
280 silly pacote tag manifest for @types/global-modules@ts3.6 fetched in 2293ms
281 http fetch GET 304 https://registry.npmjs.org/@types%2fglobalthis 2231ms (from cache)
282 silly pacote tag manifest for @types/globalthis@ts3.6 fetched in 2232ms
283 http fetch GET 304 https://registry.npmjs.org/@types%2fhtml-minifier-terser 134ms (from cache)
284 silly pacote tag manifest for @types/html-minifier-terser@ts3.6 fetched in 136ms
285 http fetch GET 304 https://registry.npmjs.org/@types%2fhas 2284ms (from cache)
286 silly pacote tag manifest for @types/has@ts3.6 fetched in 2287ms
287 http fetch GET 304 https://registry.npmjs.org/@types%2fhttp-errors 125ms (from cache)
288 silly pacote tag manifest for @types/http-errors@ts3.6 fetched in 129ms
289 http fetch GET 304 https://registry.npmjs.org/@types%2fhas-bigints 2260ms (from cache)
290 silly registry:manifest no matching version for @types/has-bigints@ts3.6 in the cache. Forcing revalidation.
291 http fetch GET 304 https://registry.npmjs.org/@types%2fhttp-proxy 148ms (from cache)
292 silly pacote tag manifest for @types/http-proxy@ts3.6 fetched in 151ms
293 http fetch GET 304 https://registry.npmjs.org/@types%2ficss-utils 134ms (from cache)
294 silly pacote tag manifest for @types/icss-utils@ts3.6 fetched in 136ms
295 http fetch GET 200 https://registry.npmjs.org/@types%2fhas-bigints 123ms
296 silly fetchPackageMetaData error for @types/has-bigints@ts3.6 No matching version found for @types/has-bigints@ts3.6.
297 http fetch GET 304 https://registry.npmjs.org/@types%2fhe 2234ms (from cache)
298 silly pacote tag manifest for @types/he@ts3.6 fetched in 2236ms
299 http fetch GET 304 https://registry.npmjs.org/@types%2fimport-local 132ms (from cache)
300 silly registry:manifest no matching version for @types/import-local@ts3.6 in the cache. Forcing revalidation.
301 http fetch GET 304 https://registry.npmjs.org/@types%2fiferr 136ms (from cache)
302 silly pacote tag manifest for @types/iferr@ts3.6 fetched in 140ms
303 http fetch GET 304 https://registry.npmjs.org/@types%2finherits 136ms (from cache)
304 silly pacote tag manifest for @types/inherits@ts3.6 fetched in 145ms
305 http fetch GET 304 https://registry.npmjs.org/@types%2fhex-color-regex 2384ms (from cache)
306 silly pacote tag manifest for @types/hex-color-regex@ts3.6 fetched in 2392ms
307 http fetch GET 200 https://registry.npmjs.org/@types%2fimport-local 127ms
308 silly fetchPackageMetaData error for @types/import-local@ts3.6 No matching version found for @types/import-local@ts3.6.
309 http fetch GET 304 https://registry.npmjs.org/@types%2fini 132ms (from cache)
310 silly pacote tag manifest for @types/ini@ts3.6 fetched in 136ms
311 http fetch GET 304 https://registry.npmjs.org/@types%2fis-arguments 128ms (from cache)
312 silly pacote tag manifest for @types/is-arguments@ts3.6 fetched in 141ms
313 http fetch GET 304 https://registry.npmjs.org/@types%2fhosted-git-info 2316ms (from cache)
314 silly pacote tag manifest for @types/hosted-git-info@ts3.6 fetched in 2319ms
315 http fetch GET 200 https://registry.npmjs.org/@types%2fhas-values 1499ms
316 silly fetchPackageMetaData error for @types/has-values@ts3.6 No matching version found for @types/has-values@ts3.6.
317 http fetch GET 304 https://registry.npmjs.org/@types%2fis-buffer 462ms (from cache)
318 silly pacote tag manifest for @types/is-buffer@ts3.6 fetched in 464ms
319 http fetch GET 304 https://registry.npmjs.org/@types%2fhtml-encoding-sniffer 2281ms (from cache)
320 silly pacote tag manifest for @types/html-encoding-sniffer@ts3.6 fetched in 2282ms
321 http fetch GET 200 https://registry.npmjs.org/@types%2fgensync 2270ms
322 silly fetchPackageMetaData error for @types/gensync@ts3.6 No matching version found for @types/gensync@ts3.6.
323 http fetch GET 304 https://registry.npmjs.org/@types%2fis-ci 121ms (from cache)
324 silly pacote tag manifest for @types/is-ci@ts3.6 fetched in 124ms
325 http fetch GET 304 https://registry.npmjs.org/@types%2fis-core-module 118ms (from cache)
326 silly pacote tag manifest for @types/is-core-module@ts3.6 fetched in 120ms
327 http fetch GET 304 https://registry.npmjs.org/@types%2fis-glob 151ms (from cache)
328 silly pacote tag manifest for @types/is-glob@ts3.6 fetched in 155ms
329 http fetch GET 304 https://registry.npmjs.org/@types%2finternal-slot 1506ms (from cache)
330 silly pacote tag manifest for @types/internal-slot@ts3.6 fetched in 1509ms
331 http fetch GET 304 https://registry.npmjs.org/@types%2fhtml-escaper 2230ms (from cache)
332 silly pacote tag manifest for @types/html-escaper@ts3.6 fetched in 2232ms
333 http fetch GET 304 https://registry.npmjs.org/@types%2fis-bigint 1528ms (from cache)
334 silly registry:manifest no matching version for @types/is-bigint@ts3.6 in the cache. Forcing revalidation.
335 http fetch GET 304 https://registry.npmjs.org/@types%2fis-boolean-object 1452ms (from cache)
336 silly registry:manifest no matching version for @types/is-boolean-object@ts3.6 in the cache. Forcing revalidation.
337 http fetch GET 304 https://registry.npmjs.org/@types%2fis-string 163ms (from cache)
338 silly registry:manifest no matching version for @types/is-string@ts3.6 in the cache. Forcing revalidation.
339 http fetch GET 200 https://registry.npmjs.org/@types%2fis-boolean-object 119ms
340 silly fetchPackageMetaData error for @types/is-boolean-object@ts3.6 No matching version found for @types/is-boolean-object@ts3.6.
341 http fetch GET 304 https://registry.npmjs.org/@types%2fis-symbol 126ms (from cache)
342 silly registry:manifest no matching version for @types/is-symbol@ts3.6 in the cache. Forcing revalidation.
343 http fetch GET 200 https://registry.npmjs.org/@types%2fis-symbol 130ms
344 silly fetchPackageMetaData error for @types/is-symbol@ts3.6 No matching version found for @types/is-symbol@ts3.6.
345 http fetch GET 304 https://registry.npmjs.org/@types%2fimurmurhash 2237ms (from cache)
346 silly pacote tag manifest for @types/imurmurhash@ts3.6 fetched in 2239ms
347 http fetch GET 304 https://registry.npmjs.org/@types%2fis-windows 130ms (from cache)
348 silly pacote tag manifest for @types/is-windows@ts3.6 fetched in 133ms
349 http fetch GET 304 https://registry.npmjs.org/@types%2fip 2215ms (from cache)
350 silly pacote tag manifest for @types/ip@ts3.6 fetched in 2218ms
351 http fetch GET 304 https://registry.npmjs.org/@types%2fisarray 123ms (from cache)
352 silly pacote tag manifest for @types/isarray@ts3.6 fetched in 124ms
353 http fetch GET 304 https://registry.npmjs.org/@types%2fistanbul-lib-coverage 133ms (from cache)
354 silly pacote tag manifest for @types/istanbul-lib-coverage@ts3.6 fetched in 135ms
355 http fetch GET 304 https://registry.npmjs.org/@types%2fistanbul-lib-instrument 141ms (from cache)
356 silly pacote tag manifest for @types/istanbul-lib-instrument@ts3.6 fetched in 143ms
357 http fetch GET 304 https://registry.npmjs.org/@types%2fistanbul-lib-report 136ms (from cache)
358 silly pacote tag manifest for @types/istanbul-lib-report@ts3.6 fetched in 137ms
359 http fetch GET 304 https://registry.npmjs.org/@types%2fis-callable 2313ms (from cache)
360 silly pacote tag manifest for @types/is-callable@ts3.6 fetched in 2315ms
361 http fetch GET 304 https://registry.npmjs.org/@types%2fistanbul-reports 134ms (from cache)
362 silly pacote tag manifest for @types/istanbul-reports@ts3.6 fetched in 136ms
363 http fetch GET 304 https://registry.npmjs.org/@types%2fis-date-object 2300ms (from cache)
364 silly pacote tag manifest for @types/is-date-object@ts3.6 fetched in 2303ms
365 http fetch GET 304 https://registry.npmjs.org/@types%2fis-typedarray 1296ms (from cache)
366 silly pacote tag manifest for @types/is-typedarray@ts3.6 fetched in 1298ms
367 http fetch GET 304 https://registry.npmjs.org/@types%2fis-data-descriptor 2466ms (from cache)
368 silly registry:manifest no matching version for @types/is-data-descriptor@ts3.6 in the cache. Forcing revalidation.
369 http fetch GET 304 https://registry.npmjs.org/@types%2fis-number 2422ms (from cache)
370 silly pacote tag manifest for @types/is-number@ts3.6 fetched in 2425ms
371 http fetch GET 304 https://registry.npmjs.org/@types%2fis-regex 2291ms (from cache)
372 silly pacote tag manifest for @types/is-regex@ts3.6 fetched in 2295ms
373 http fetch GET 200 https://registry.npmjs.org/@types%2fis-bigint 2272ms
374 silly fetchPackageMetaData error for @types/is-bigint@ts3.6 No matching version found for @types/is-bigint@ts3.6.
375 http fetch GET 304 https://registry.npmjs.org/@types%2fjson-parse-better-errors 393ms (from cache)
376 silly pacote tag manifest for @types/json-parse-better-errors@ts3.6 fetched in 395ms
377 http fetch GET 304 https://registry.npmjs.org/@types%2fjsonfile 123ms (from cache)
378 silly pacote tag manifest for @types/jsonfile@ts3.6 fetched in 125ms
379 http fetch GET 200 https://registry.npmjs.org/@types%2fis-string 2266ms
380 silly fetchPackageMetaData error for @types/is-string@ts3.6 No matching version found for @types/is-string@ts3.6.
381 http fetch GET 304 https://registry.npmjs.org/@types%2fisexe 2249ms (from cache)
382 silly pacote tag manifest for @types/isexe@ts3.6 fetched in 2252ms
383 http fetch GET 304 https://registry.npmjs.org/@types%2fjs-yaml 1571ms (from cache)
384 silly pacote tag manifest for @types/js-yaml@ts3.6 fetched in 1573ms
385 http fetch GET 304 https://registry.npmjs.org/@types%2fjsdom 1439ms (from cache)
386 silly pacote tag manifest for @types/jsdom@ts3.6 fetched in 1441ms
387 http fetch GET 304 https://registry.npmjs.org/@types%2flodash 126ms (from cache)
388 silly pacote tag manifest for @types/lodash@ts3.6 fetched in 129ms
389 http fetch GET 304 https://registry.npmjs.org/@types%2fjsesc 1494ms (from cache)
390 silly pacote tag manifest for @types/jsesc@ts3.6 fetched in 1498ms
391 http fetch GET 200 https://registry.npmjs.org/@types%2fis-data-descriptor 1465ms
392 silly fetchPackageMetaData error for @types/is-data-descriptor@ts3.6 No matching version found for @types/is-data-descriptor@ts3.6.
393 http fetch GET 304 https://registry.npmjs.org/@types%2flodash.template 131ms (from cache)
394 silly pacote tag manifest for @types/lodash.template@ts3.6 fetched in 133ms
395 http fetch GET 304 https://registry.npmjs.org/@types%2fistanbul-lib-source-maps 2399ms (from cache)
396 silly pacote tag manifest for @types/istanbul-lib-source-maps@ts3.6 fetched in 2401ms
397 http fetch GET 304 https://registry.npmjs.org/@types%2flanguage-tags 1488ms (from cache)
398 silly registry:manifest no matching version for @types/language-tags@ts3.6 in the cache. Forcing revalidation.
399 http fetch GET 304 https://registry.npmjs.org/@types%2flodash.memoize 1263ms (from cache)
400 http fetch GET 304 https://registry.npmjs.org/@types%2floader-utils 1482ms (from cache)
401 silly pacote tag manifest for @types/lodash.memoize@ts3.6 fetched in 1266ms
402 silly pacote tag manifest for @types/loader-utils@ts3.6 fetched in 1485ms
403 http fetch GET 304 https://registry.npmjs.org/@types%2fjson-stable-stringify-without-jsonify 2282ms (from cache)
404 silly registry:manifest no matching version for @types/json-stable-stringify-without-jsonify@ts3.6 in the cache. Forcing revalidation.
405 http fetch GET 304 https://registry.npmjs.org/@types%2fmedia-typer 149ms (from cache)
406 silly pacote tag manifest for @types/media-typer@ts3.6 fetched in 151ms
407 http fetch GET 304 https://registry.npmjs.org/@types%2fkind-of 2218ms (from cache)
408 http fetch GET 304 https://registry.npmjs.org/@types%2flodash.truncate 1236ms (from cache)
409 silly pacote tag manifest for @types/kind-of@ts3.6 fetched in 2219ms
410 silly pacote tag manifest for @types/lodash.truncate@ts3.6 fetched in 1237ms
411 http fetch GET 304 https://registry.npmjs.org/@types%2floader-runner 2286ms (from cache)
412 silly pacote tag manifest for @types/loader-runner@ts3.6 fetched in 2289ms
413 http fetch GET 304 https://registry.npmjs.org/@types%2flodash.merge 1505ms (from cache)
414 silly pacote tag manifest for @types/lodash.merge@ts3.6 fetched in 1506ms
415 http fetch GET 304 https://registry.npmjs.org/@types%2flodash.uniq 1451ms (from cache)
416 silly pacote tag manifest for @types/lodash.uniq@ts3.6 fetched in 1453ms
417 http fetch GET 304 https://registry.npmjs.org/@types%2flodash.debounce 2291ms (from cache)
418 silly pacote tag manifest for @types/lodash.debounce@ts3.6 fetched in 2294ms
419 http fetch GET 304 https://registry.npmjs.org/@types%2fmemory-fs 1452ms (from cache)
420 silly pacote tag manifest for @types/memory-fs@ts3.6 fetched in 1454ms
421 http fetch GET 200 https://registry.npmjs.org/@types%2flanguage-tags 2226ms
422 silly fetchPackageMetaData error for @types/language-tags@ts3.6 No matching version found for @types/language-tags@ts3.6.
423 http fetch GET 200 https://registry.npmjs.org/@types%2fjson-stable-stringify-without-jsonify 2261ms
424 silly fetchPackageMetaData error for @types/json-stable-stringify-without-jsonify@ts3.6 No matching version found for @types/json-stable-stringify-without-jsonify@ts3.6.
425 timing stage:rollbackFailedOptional Completed in 0ms
426 timing stage:runTopLevelLifecycles Completed in 24277ms
427 verbose type tag
428 verbose stack @types/call-bind: No matching version found for @types/call-bind@ts3.6.
428 verbose stack     at pickManifest (/usr/local/lib/node_modules/npm/node_modules/npm-pick-manifest/index.js:122:13)
428 verbose stack     at /usr/local/lib/node_modules/npm/node_modules/pacote/lib/fetchers/registry/manifest.js:43:18
428 verbose stack     at tryCatcher (/usr/local/lib/node_modules/npm/node_modules/bluebird/js/release/util.js:16:23)
428 verbose stack     at Promise._settlePromiseFromHandler (/usr/local/lib/node_modules/npm/node_modules/bluebird/js/release/promise.js:517:31)
428 verbose stack     at Promise._settlePromise (/usr/local/lib/node_modules/npm/node_modules/bluebird/js/release/promise.js:574:18)
428 verbose stack     at Promise._settlePromise0 (/usr/local/lib/node_modules/npm/node_modules/bluebird/js/release/promise.js:619:10)
428 verbose stack     at Promise._settlePromises (/usr/local/lib/node_modules/npm/node_modules/bluebird/js/release/promise.js:699:18)
428 verbose stack     at _drainQueueStep (/usr/local/lib/node_modules/npm/node_modules/bluebird/js/release/async.js:138:12)
428 verbose stack     at _drainQueue (/usr/local/lib/node_modules/npm/node_modules/bluebird/js/release/async.js:131:9)
428 verbose stack     at Async._drainQueues (/usr/local/lib/node_modules/npm/node_modules/bluebird/js/release/async.js:147:5)
428 verbose stack     at Immediate.Async.drainQueues [as _onImmediate] (/usr/local/lib/node_modules/npm/node_modules/bluebird/js/release/async.js:17:14)
428 verbose stack     at processImmediate (internal/timers.js:456:21)
429 verbose cwd /home/theia/.cache/typescript/3.6
430 verbose Linux 5.15.90.1-microsoft-standard-WSL2
431 verbose argv "/usr/local/bin/node" "/usr/local/bin/npm" "install" "--ignore-scripts" "@types/accepts@ts3.6" "@types/argparse@ts3.6" "@types/aria-query@ts3.6" "@types/arr-diff@ts3.6" "@types/arr-union@ts3.6" "@types/array-unique@ts3.6" "@types/array.prototype.flat@ts3.6" "@types/array.prototype.flatmap@ts3.6" "@types/asap@ts3.6" "@types/assert@ts3.6" "@types/async@ts3.6" "@types/atob@ts3.6" "@types/babel-plugin-macros@ts3.6" "@types/babylon@ts3.6" "@types/balanced-match@ts3.6" "@types/big.js@ts3.6" "@types/bn.js@ts3.6" "@types/body-parser@ts3.6" "@types/bonjour@ts3.6" "@types/boolbase@ts3.6" "@types/brace-expansion@ts3.6" "@types/braces@ts3.6" "@types/brorand@ts3.6" "@types/bser@ts3.6" "@types/buffer-from@ts3.6" "@types/buffer-xor@ts3.6" "@types/bytes@ts3.6" "@types/cacache@ts3.6" "@types/call-bind@ts3.6" "@types/caniuse-api@ts3.6" "@types/caniuse-lite@ts3.6" "@types/case-sensitive-paths-webpack-plugin@ts3.6" "@types/check-types@ts3.6" "@types/chownr@ts3.6" "@types/cipher-base@ts3.6" "@types/clean-css@ts3.6" "@types/color@ts3.6" "@types/color-convert@ts3.6" "@types/color-name@ts3.6" "@types/color-string@ts3.6" "@types/combined-stream@ts3.6" "@types/common-tags@ts3.6" "@types/commondir@ts3.6" "@types/component-emitter@ts3.6" "@types/compose-function@ts3.6" "@types/compressible@ts3.6" "@types/compression@ts3.6" "@types/concat-map@ts3.6" "@types/concat-stream@ts3.6" "@types/confusing-browser-globals@ts3.6" "@types/connect-history-api-fallback@ts3.6" "@types/content-disposition@ts3.6" "@types/content-type@ts3.6" "@types/convert-source-map@ts3.6" "@types/cookie@ts3.6" "@types/cookie-signature@ts3.6" "@types/core-js@ts3.6" "@types/create-hash@ts3.6" "@types/create-hmac@ts3.6" "@types/cross-spawn@ts3.6" "@types/css@ts3.6" "@types/css-declaration-sorter@ts3.6" "@types/css-tree@ts3.6" "@types/css.escape@ts3.6" "@types/cssesc@ts3.6" "@types/csso@ts3.6" "@types/cssom@ts3.6" "@types/cssstyle@ts3.6" "@types/damerau-levenshtein@ts3.6" "@types/data-urls@ts3.6" "@types/debug@ts3.6" "@types/decode-uri-component@ts3.6" "@types/dedent@ts3.6" "@types/deep-equal@ts3.6" "@types/default-gateway@ts3.6" "@types/define-properties@ts3.6" "@types/depd@ts3.6" "@types/destroy@ts3.6" "@types/detect-node@ts3.6" "@types/diffie-hellman@ts3.6" "@types/dir-glob@ts3.6" "@types/dns-packet@ts3.6" "@types/dns-txt@ts3.6" "@types/doctrine@ts3.6" "@types/domexception@ts3.6" "@types/domutils@ts3.6" "@types/duplexify@ts3.6" "@types/ee-first@ts3.6" "@types/ejs@ts3.6" "@types/elliptic@ts3.6" "@types/encodeurl@ts3.6" "@types/end-of-stream@ts3.6" "@types/es-abstract@ts3.6" "@types/es-to-primitive@ts3.6" "@types/escape-html@ts3.6" "@types/escodegen@ts3.6" "@types/eslint-scope@ts3.6" "@types/eslint-utils@ts3.6" "@types/esprima@ts3.6" "@types/esquery@ts3.6" "@types/estraverse@ts3.6" "@types/esutils@ts3.6" "@types/etag@ts3.6" "@types/events@ts3.6" "@types/eventsource@ts3.6" "@types/exit@ts3.6" "@types/fast-levenshtein@ts3.6" "@types/fb-watchman@ts3.6" "@types/file-entry-cache@ts3.6" "@types/file-loader@ts3.6" "@types/fill-range@ts3.6" "@types/finalhandler@ts3.6" "@types/find-cache-dir@ts3.6" "@types/flat-cache@ts3.6" "@types/flush-write-stream@ts3.6" "@types/follow-redirects@ts3.6" "@types/forwarded@ts3.6" "@types/fresh@ts3.6" "@types/from2@ts3.6" "@types/fs-minipass@ts3.6" "@types/function-bind@ts3.6" "@types/functional-red-black-tree@ts3.6" "@types/gensync@ts3.6" "@types/get-intrinsic@ts3.6" "@types/get-value@ts3.6" "@types/glob-parent@ts3.6" "@types/global-modules@ts3.6" "@types/global-prefix@ts3.6" "@types/globalthis@ts3.6" "@types/gopd@ts3.6" "@types/graceful-fs@ts3.6" "@types/has@ts3.6" "@types/has-bigints@ts3.6" "@types/has-symbols@ts3.6" "@types/has-values@ts3.6" "@types/he@ts3.6" "@types/hex-color-regex@ts3.6" "@types/hosted-git-info@ts3.6" "@types/html-encoding-sniffer@ts3.6" "@types/html-escaper@ts3.6" "@types/html-minifier-terser@ts3.6" "@types/http-errors@ts3.6" "@types/http-proxy@ts3.6" "@types/icss-utils@ts3.6" "@types/iferr@ts3.6" "@types/import-local@ts3.6" "@types/imurmurhash@ts3.6" "@types/inherits@ts3.6" "@types/ini@ts3.6" "@types/internal-slot@ts3.6" "@types/ip@ts3.6" "@types/is-arguments@ts3.6" "@types/is-bigint@ts3.6" "@types/is-boolean-object@ts3.6" "@types/is-buffer@ts3.6" "@types/is-callable@ts3.6" "@types/is-ci@ts3.6" "@types/is-core-module@ts3.6" "@types/is-data-descriptor@ts3.6" "@types/is-date-object@ts3.6" "@types/is-glob@ts3.6" "@types/is-number@ts3.6" "@types/is-regex@ts3.6" "@types/is-string@ts3.6" "@types/is-symbol@ts3.6" "@types/is-typedarray@ts3.6" "@types/is-windows@ts3.6" "@types/isarray@ts3.6" "@types/isexe@ts3.6" "@types/istanbul-lib-coverage@ts3.6" "@types/istanbul-lib-instrument@ts3.6" "@types/istanbul-lib-report@ts3.6" "@types/istanbul-lib-source-maps@ts3.6" "@types/istanbul-reports@ts3.6" "@types/js-yaml@ts3.6" "@types/jsdom@ts3.6" "@types/jsesc@ts3.6" "@types/json-parse-better-errors@ts3.6" "@types/json-stable-stringify-without-jsonify@ts3.6" "@types/jsonfile@ts3.6" "@types/kind-of@ts3.6" "@types/language-tags@ts3.6" "@types/loader-runner@ts3.6" "@types/loader-utils@ts3.6" "@types/lodash@ts3.6" "@types/lodash.debounce@ts3.6" "@types/lodash.memoize@ts3.6" "@types/lodash.merge@ts3.6" "@types/lodash.template@ts3.6" "@types/lodash.truncate@ts3.6" "@types/lodash.uniq@ts3.6" "@types/media-typer@ts3.6" "@types/memory-fs@ts3.6" "--save-dev" "--user-agent=typesInstaller/3.6.3"
432 verbose node v12.18.3
433 verbose npm  v6.14.6
434 error code ETARGET
435 error notarget No matching version found for @types/call-bind@ts3.6.
436 error notarget In most cases you or one of your dependencies are requesting
436 error notarget a package version that doesn't exist.
437 verbose exit [ 1, true ]
