0 info it worked if it ends with ok
1 verbose cli [
1 verbose cli   '/usr/local/bin/node',
1 verbose cli   '/usr/local/bin/npm',
1 verbose cli   'install',
1 verbose cli   '--ignore-scripts',
1 verbose cli   '@types/abbrev@ts3.6',
1 verbose cli   '@types/accepts@ts3.6',
1 verbose cli   '@types/ansi-align@ts3.6',
1 verbose cli   '@types/are-we-there-yet@ts3.6',
1 verbose cli   '@types/asn1@ts3.6',
1 verbose cli   '@types/assert-plus@ts3.6',
1 verbose cli   '@types/aws4@ts3.6',
1 verbose cli   '@types/balanced-match@ts3.6',
1 verbose cli   '@types/body-parser@ts3.6',
1 verbose cli   '@types/brace-expansion@ts3.6',
1 verbose cli   '@types/braces@ts3.6',
1 verbose cli   '@types/bytes@ts3.6',
1 verbose cli   '@types/caseless@ts3.6',
1 verbose cli   '@types/chownr@ts3.6',
1 verbose cli   '@types/color-convert@ts3.6',
1 verbose cli   '@types/color-name@ts3.6',
1 verbose cli   '@types/color-support@ts3.6',
1 verbose cli   '@types/combined-stream@ts3.6',
1 verbose cli   '@types/concat-map@ts3.6',
1 verbose cli   '@types/configstore@ts3.6',
1 verbose cli   '@types/content-disposition@ts3.6',
1 verbose cli   '@types/content-type@ts3.6',
1 verbose cli   '@types/cookie@ts3.6',
1 verbose cli   '@types/cookie-signature@ts3.6',
1 verbose cli   '@types/dashdash@ts3.6',
1 verbose cli   '@types/debug@ts3.6',
1 verbose cli   '@types/deep-extend@ts3.6',
1 verbose cli   '@types/delegates@ts3.6',
1 verbose cli   '@types/depd@ts3.6',
1 verbose cli   '@types/destroy@ts3.6',
1 verbose cli   '@types/detect-libc@ts3.6',
1 verbose cli   '@types/duplexer3@ts3.6',
1 verbose cli   '@types/ee-first@ts3.6',
1 verbose cli   '@types/encodeurl@ts3.6',
1 verbose cli   '@types/end-of-stream@ts3.6',
1 verbose cli   '@types/escape-html@ts3.6',
1 verbose cli   '@types/etag@ts3.6',
1 verbose cli   '@types/extend@ts3.6',
1 verbose cli   '@types/extsprintf@ts3.6',
1 verbose cli   '@types/fill-range@ts3.6',
1 verbose cli   '@types/finalhandler@ts3.6',
1 verbose cli   '@types/forever-agent@ts3.6',
1 verbose cli   '@types/forwarded@ts3.6',
1 verbose cli   '@types/fresh@ts3.6',
1 verbose cli   '@types/fs-minipass@ts3.6',
1 verbose cli   '@types/gauge@ts3.6',
1 verbose cli   '@types/getpass@ts3.6',
1 verbose cli   '@types/glob-parent@ts3.6',
1 verbose cli   '@types/graceful-fs@ts3.6',
1 verbose cli   '@types/http-cache-semantics@ts3.6',
1 verbose cli   '@types/http-errors@ts3.6',
1 verbose cli   '@types/ignore-walk@ts3.6',
1 verbose cli   '@types/imurmurhash@ts3.6',
1 verbose cli   '@types/inherits@ts3.6',
1 verbose cli   '@types/ini@ts3.6',
1 verbose cli   '@types/is-ci@ts3.6',
1 verbose cli   '@types/is-glob@ts3.6',
1 verbose cli   '@types/is-number@ts3.6',
1 verbose cli   '@types/is-typedarray@ts3.6',
1 verbose cli   '@types/isarray@ts3.6',
1 verbose cli   '@types/isexe@ts3.6',
1 verbose cli   '@types/isstream@ts3.6',
1 verbose cli   '@types/jsbn@ts3.6',
1 verbose cli   '@types/json-buffer@ts3.6',
1 verbose cli   '@types/json-schema@ts3.6',
1 verbose cli   '@types/json-stringify-safe@ts3.6',
1 verbose cli   '@types/jwa@ts3.6',
1 verbose cli   '@types/jws@ts3.6',
1 verbose cli   '@types/lodash.includes@ts3.6',
1 verbose cli   '@types/lodash.isboolean@ts3.6',
1 verbose cli   '@types/lodash.isinteger@ts3.6',
1 verbose cli   '@types/lodash.isnumber@ts3.6',
1 verbose cli   '@types/lodash.isplainobject@ts3.6',
1 verbose cli   '@types/lodash.isstring@ts3.6',
1 verbose cli   '@types/lodash.once@ts3.6',
1 verbose cli   '@types/media-typer@ts3.6',
1 verbose cli   '@types/merge-descriptors@ts3.6',
1 verbose cli   '@types/methods@ts3.6',
1 verbose cli   '@types/mime@ts3.6',
1 verbose cli   '@types/mime-db@ts3.6',
1 verbose cli   '@types/mime-types@ts3.6',
1 verbose cli   '@types/minimist@ts3.6',
1 verbose cli   '@types/minizlib@ts3.6',
1 verbose cli   '@types/ms@ts3.6',
1 verbose cli   '@types/needle@ts3.6',
1 verbose cli   '@types/negotiator@ts3.6',
1 verbose cli   '@types/node-fetch@ts3.6',
1 verbose cli   '@types/nopt@ts3.6',
1 verbose cli   '@types/normalize-path@ts3.6',
1 verbose cli   '@types/npm-packlist@ts3.6',
1 verbose cli   '@types/npmlog@ts3.6',
1 verbose cli   '@types/number-is-nan@ts3.6',
1 verbose cli   '@types/object-assign@ts3.6',
1 verbose cli   '@types/on-finished@ts3.6',
1 verbose cli   '@types/once@ts3.6',
1 verbose cli   '@types/os-homedir@ts3.6',
1 verbose cli   ... 48 more items
1 verbose cli ]
2 info using npm@6.14.6
3 info using node@v12.18.3
4 verbose npm-session bcb0df6c2fc37b16
5 silly install loadCurrentTree
6 silly install readLocalPackageData
7 http fetch GET 304 https://registry.npmjs.org/@types%2faws4 1068ms (from cache)
8 silly pacote tag manifest for @types/aws4@ts3.6 fetched in 1082ms
9 http fetch GET 304 https://registry.npmjs.org/@types%2fansi-align 1097ms (from cache)
10 silly registry:manifest no matching version for @types/ansi-align@ts3.6 in the cache. Forcing revalidation.
11 http fetch GET 304 https://registry.npmjs.org/@types%2faccepts 1127ms (from cache)
12 http fetch GET 304 https://registry.npmjs.org/@types%2fbalanced-match 1120ms (from cache)
13 silly pacote tag manifest for @types/accepts@ts3.6 fetched in 1133ms
14 silly pacote tag manifest for @types/balanced-match@ts3.6 fetched in 1127ms
15 http fetch GET 304 https://registry.npmjs.org/@types%2fbraces 198ms (from cache)
16 http fetch GET 304 https://registry.npmjs.org/@types%2fcaseless 157ms (from cache)
17 silly pacote tag manifest for @types/braces@ts3.6 fetched in 203ms
18 silly pacote tag manifest for @types/caseless@ts3.6 fetched in 164ms
19 http fetch GET 304 https://registry.npmjs.org/@types%2fabbrev 1572ms (from cache)
20 silly pacote tag manifest for @types/abbrev@ts3.6 fetched in 1584ms
21 http fetch GET 304 https://registry.npmjs.org/@types%2fassert-plus 1586ms (from cache)
22 http fetch GET 304 https://registry.npmjs.org/@types%2fbody-parser 1585ms (from cache)
23 silly pacote tag manifest for @types/assert-plus@ts3.6 fetched in 1593ms
24 silly pacote tag manifest for @types/body-parser@ts3.6 fetched in 1591ms
25 http fetch GET 304 https://registry.npmjs.org/@types%2fare-we-there-yet 1652ms (from cache)
26 silly pacote tag manifest for @types/are-we-there-yet@ts3.6 fetched in 1658ms
27 http fetch GET 304 https://registry.npmjs.org/@types%2fcolor-name 158ms (from cache)
28 silly pacote tag manifest for @types/color-name@ts3.6 fetched in 161ms
29 http fetch GET 304 https://registry.npmjs.org/@types%2fcolor-support 144ms (from cache)
30 silly pacote tag manifest for @types/color-support@ts3.6 fetched in 148ms
31 http fetch GET 304 https://registry.npmjs.org/@types%2fconcat-map 155ms (from cache)
32 silly pacote tag manifest for @types/concat-map@ts3.6 fetched in 158ms
33 http fetch GET 304 https://registry.npmjs.org/@types%2fcontent-disposition 134ms (from cache)
34 silly pacote tag manifest for @types/content-disposition@ts3.6 fetched in 138ms
35 http fetch GET 304 https://registry.npmjs.org/@types%2fcookie 145ms (from cache)
36 silly pacote tag manifest for @types/cookie@ts3.6 fetched in 149ms
37 http fetch GET 304 https://registry.npmjs.org/@types%2fcookie-signature 148ms (from cache)
38 http fetch GET 304 https://registry.npmjs.org/@types%2fasn1 2180ms (from cache)
39 silly pacote tag manifest for @types/cookie-signature@ts3.6 fetched in 152ms
40 silly pacote tag manifest for @types/asn1@ts3.6 fetched in 2185ms
41 http fetch GET 304 https://registry.npmjs.org/@types%2fdashdash 138ms (from cache)
42 silly pacote tag manifest for @types/dashdash@ts3.6 fetched in 144ms
43 http fetch GET 304 https://registry.npmjs.org/@types%2fdebug 146ms (from cache)
44 silly pacote tag manifest for @types/debug@ts3.6 fetched in 150ms
45 http fetch GET 304 https://registry.npmjs.org/@types%2fdeep-extend 145ms (from cache)
46 silly pacote tag manifest for @types/deep-extend@ts3.6 fetched in 153ms
47 http fetch GET 304 https://registry.npmjs.org/@types%2fdelegates 146ms (from cache)
48 silly registry:manifest no matching version for @types/delegates@ts3.6 in the cache. Forcing revalidation.
49 http fetch GET 304 https://registry.npmjs.org/@types%2fbrace-expansion 2592ms (from cache)
50 silly pacote tag manifest for @types/brace-expansion@ts3.6 fetched in 2605ms
51 http fetch GET 304 https://registry.npmjs.org/@types%2fdepd 137ms (from cache)
52 silly pacote tag manifest for @types/depd@ts3.6 fetched in 141ms
53 http fetch GET 304 https://registry.npmjs.org/@types%2fdestroy 154ms (from cache)
54 silly pacote tag manifest for @types/destroy@ts3.6 fetched in 158ms
55 http fetch GET 304 https://registry.npmjs.org/@types%2fdetect-libc 149ms (from cache)
56 silly pacote tag manifest for @types/detect-libc@ts3.6 fetched in 154ms
57 http fetch GET 304 https://registry.npmjs.org/@types%2fcombined-stream 1498ms (from cache)
58 silly pacote tag manifest for @types/combined-stream@ts3.6 fetched in 1501ms
59 http fetch GET 304 https://registry.npmjs.org/@types%2fencodeurl 156ms (from cache)
60 silly pacote tag manifest for @types/encodeurl@ts3.6 fetched in 159ms
61 http fetch GET 304 https://registry.npmjs.org/@types%2fbytes 2277ms (from cache)
62 http fetch GET 304 https://registry.npmjs.org/@types%2fend-of-stream 156ms (from cache)
63 silly pacote tag manifest for @types/end-of-stream@ts3.6 fetched in 174ms
64 http fetch GET 200 https://registry.npmjs.org/@types%2fansi-align 2335ms
65 silly fetchPackageMetaData error for @types/ansi-align@ts3.6 No matching version found for @types/ansi-align@ts3.6.
66 silly pacote tag manifest for @types/bytes@ts3.6 fetched in 2309ms
67 http fetch GET 304 https://registry.npmjs.org/@types%2fcolor-convert 2295ms (from cache)
68 http fetch GET 304 https://registry.npmjs.org/@types%2fextend 158ms (from cache)
69 http fetch GET 304 https://registry.npmjs.org/@types%2fescape-html 167ms (from cache)
70 silly pacote tag manifest for @types/color-convert@ts3.6 fetched in 2304ms
71 http fetch GET 304 https://registry.npmjs.org/@types%2fchownr 2309ms (from cache)
72 silly pacote tag manifest for @types/extend@ts3.6 fetched in 164ms
73 silly pacote tag manifest for @types/escape-html@ts3.6 fetched in 173ms
74 silly pacote tag manifest for @types/chownr@ts3.6 fetched in 2314ms
75 http fetch GET 304 https://registry.npmjs.org/@types%2fetag 175ms (from cache)
76 silly pacote tag manifest for @types/etag@ts3.6 fetched in 185ms
77 http fetch GET 304 https://registry.npmjs.org/@types%2fextsprintf 161ms (from cache)
78 http fetch GET 304 https://registry.npmjs.org/@types%2ffill-range 161ms (from cache)
79 silly registry:manifest no matching version for @types/fill-range@ts3.6 in the cache. Forcing revalidation.
80 silly pacote tag manifest for @types/extsprintf@ts3.6 fetched in 174ms
81 http fetch GET 304 https://registry.npmjs.org/@types%2fforwarded 172ms (from cache)
82 silly pacote tag manifest for @types/forwarded@ts3.6 fetched in 176ms
83 http fetch GET 200 https://registry.npmjs.org/@types%2ffill-range 129ms
84 silly fetchPackageMetaData error for @types/fill-range@ts3.6 No matching version found for @types/fill-range@ts3.6.
85 http fetch GET 304 https://registry.npmjs.org/@types%2ffresh 143ms (from cache)
86 silly pacote tag manifest for @types/fresh@ts3.6 fetched in 148ms
87 http fetch GET 304 https://registry.npmjs.org/@types%2ffs-minipass 142ms (from cache)
88 silly registry:manifest no matching version for @types/fs-minipass@ts3.6 in the cache. Forcing revalidation.
89 http fetch GET 304 https://registry.npmjs.org/@types%2fconfigstore 2254ms (from cache)
90 silly pacote tag manifest for @types/configstore@ts3.6 fetched in 2259ms
91 http fetch GET 304 https://registry.npmjs.org/@types%2fgauge 132ms (from cache)
92 silly registry:manifest no matching version for @types/gauge@ts3.6 in the cache. Forcing revalidation.
93 http fetch GET 304 https://registry.npmjs.org/@types%2fgetpass 153ms (from cache)
94 silly pacote tag manifest for @types/getpass@ts3.6 fetched in 156ms
95 http fetch GET 304 https://registry.npmjs.org/@types%2fcontent-type 2267ms (from cache)
96 silly pacote tag manifest for @types/content-type@ts3.6 fetched in 2271ms
97 http fetch GET 304 https://registry.npmjs.org/@types%2fglob-parent 183ms (from cache)
98 silly pacote tag manifest for @types/glob-parent@ts3.6 fetched in 189ms
99 http fetch GET 304 https://registry.npmjs.org/@types%2fgraceful-fs 139ms (from cache)
100 http fetch GET 304 https://registry.npmjs.org/@types%2fhttp-cache-semantics 134ms (from cache)
101 silly pacote tag manifest for @types/http-cache-semantics@ts3.6 fetched in 137ms
102 silly pacote tag manifest for @types/graceful-fs@ts3.6 fetched in 144ms
103 http fetch GET 304 https://registry.npmjs.org/@types%2fhttp-errors 162ms (from cache)
104 http fetch GET 304 https://registry.npmjs.org/@types%2fignore-walk 129ms (from cache)
105 silly pacote tag manifest for @types/http-errors@ts3.6 fetched in 181ms
106 silly pacote tag manifest for @types/ignore-walk@ts3.6 fetched in 156ms
107 http fetch GET 304 https://registry.npmjs.org/@types%2fimurmurhash 166ms (from cache)
108 silly pacote tag manifest for @types/imurmurhash@ts3.6 fetched in 169ms
109 http fetch GET 304 https://registry.npmjs.org/@types%2finherits 159ms (from cache)
110 silly pacote tag manifest for @types/inherits@ts3.6 fetched in 173ms
111 http fetch GET 304 https://registry.npmjs.org/@types%2fis-ci 135ms (from cache)
112 silly pacote tag manifest for @types/is-ci@ts3.6 fetched in 150ms
113 http fetch GET 304 https://registry.npmjs.org/@types%2fis-glob 154ms (from cache)
114 http fetch GET 304 https://registry.npmjs.org/@types%2fis-number 150ms (from cache)
115 silly pacote tag manifest for @types/is-glob@ts3.6 fetched in 170ms
116 silly pacote tag manifest for @types/is-number@ts3.6 fetched in 155ms
117 http fetch GET 200 https://registry.npmjs.org/@types%2fdelegates 2353ms
118 silly fetchPackageMetaData error for @types/delegates@ts3.6 No matching version found for @types/delegates@ts3.6.
119 http fetch GET 304 https://registry.npmjs.org/@types%2fisexe 179ms (from cache)
120 http fetch GET 304 https://registry.npmjs.org/@types%2fduplexer3 2248ms (from cache)
121 silly pacote tag manifest for @types/isexe@ts3.6 fetched in 187ms
122 silly pacote tag manifest for @types/duplexer3@ts3.6 fetched in 2257ms
123 http fetch GET 304 https://registry.npmjs.org/@types%2fee-first 2266ms (from cache)
124 silly pacote tag manifest for @types/ee-first@ts3.6 fetched in 2269ms
125 http fetch GET 304 https://registry.npmjs.org/@types%2fisstream 142ms (from cache)
126 silly pacote tag manifest for @types/isstream@ts3.6 fetched in 144ms
127 http fetch GET 304 https://registry.npmjs.org/@types%2fjson-buffer 136ms (from cache)
128 silly pacote tag manifest for @types/json-buffer@ts3.6 fetched in 140ms
129 http fetch GET 304 https://registry.npmjs.org/@types%2fjson-schema 150ms (from cache)
130 silly pacote tag manifest for @types/json-schema@ts3.6 fetched in 152ms
131 http fetch GET 304 https://registry.npmjs.org/@types%2fjson-stringify-safe 140ms (from cache)
132 silly pacote tag manifest for @types/json-stringify-safe@ts3.6 fetched in 143ms
133 http fetch GET 304 https://registry.npmjs.org/@types%2fforever-agent 2248ms (from cache)
134 silly pacote tag manifest for @types/forever-agent@ts3.6 fetched in 2255ms
135 http fetch GET 304 https://registry.npmjs.org/@types%2ffinalhandler 2263ms (from cache)
136 silly pacote tag manifest for @types/finalhandler@ts3.6 fetched in 2266ms
137 http fetch GET 200 https://registry.npmjs.org/@types%2flodash.includes 169ms
138 http fetch GET 200 https://registry.npmjs.org/@types%2ffs-minipass 2224ms
139 silly fetchPackageMetaData error for @types/fs-minipass@ts3.6 No matching version found for @types/fs-minipass@ts3.6.
140 http fetch GET 200 https://registry.npmjs.org/@types%2fgauge 2236ms
141 silly fetchPackageMetaData error for @types/gauge@ts3.6 No matching version found for @types/gauge@ts3.6.
142 http fetch GET 304 https://registry.npmjs.org/@types%2fini 2248ms (from cache)
143 silly pacote tag manifest for @types/ini@ts3.6 fetched in 2252ms
144 http fetch GET 200 https://registry.npmjs.org/@types%2fjwa 1492ms
145 http fetch GET 304 https://registry.npmjs.org/@types%2fis-typedarray 2190ms (from cache)
146 silly pacote tag manifest for @types/is-typedarray@ts3.6 fetched in 2194ms
147 http fetch GET 304 https://registry.npmjs.org/@types%2fisarray 2265ms (from cache)
148 silly pacote tag manifest for @types/isarray@ts3.6 fetched in 2269ms
149 http fetch GET 200 https://registry.npmjs.org/@types/lodash.includes/-/lodash.includes-4.3.6.tgz 1144ms
150 silly pacote tag manifest for @types/lodash.includes@ts3.6 fetched in 1323ms
151 http fetch GET 304 https://registry.npmjs.org/@types%2fjsbn 2241ms (from cache)
152 silly pacote tag manifest for @types/jsbn@ts3.6 fetched in 2243ms
153 http fetch GET 200 https://registry.npmjs.org/@types%2flodash.isinteger 1473ms
154 http fetch GET 200 https://registry.npmjs.org/@types%2fjws 2335ms
155 http fetch GET 200 https://registry.npmjs.org/@types%2flodash.isnumber 1429ms
156 http fetch GET 200 https://registry.npmjs.org/@types/jwa/-/jwa-2.0.0.tgz 1211ms
157 silly pacote tag manifest for @types/jwa@ts3.6 fetched in 2712ms
158 http fetch GET 200 https://registry.npmjs.org/@types%2flodash.isplainobject 1458ms
159 http fetch GET 200 https://registry.npmjs.org/@types%2flodash.isboolean 2271ms
160 http fetch GET 304 https://registry.npmjs.org/@types%2fmethods 133ms (from cache)
161 silly pacote tag manifest for @types/methods@ts3.6 fetched in 135ms
162 http fetch GET 304 https://registry.npmjs.org/@types%2fmedia-typer 1506ms (from cache)
163 silly pacote tag manifest for @types/media-typer@ts3.6 fetched in 1510ms
164 http fetch GET 200 https://registry.npmjs.org/@types/lodash.isinteger/-/lodash.isinteger-4.0.6.tgz 1199ms
165 silly pacote tag manifest for @types/lodash.isinteger@ts3.6 fetched in 2691ms
166 http fetch GET 200 https://registry.npmjs.org/@types/lodash.isnumber/-/lodash.isnumber-3.0.6.tgz 1196ms
167 http fetch GET 200 https://registry.npmjs.org/@types/jws/-/jws-3.2.4.tgz 1226ms
168 silly pacote tag manifest for @types/lodash.isnumber@ts3.6 fetched in 2636ms
169 silly pacote tag manifest for @types/jws@ts3.6 fetched in 3572ms
170 http fetch GET 304 https://registry.npmjs.org/@types%2fmime-types 132ms (from cache)
171 silly pacote tag manifest for @types/mime-types@ts3.6 fetched in 135ms
172 http fetch GET 304 https://registry.npmjs.org/@types%2fminizlib 149ms (from cache)
173 http fetch GET 304 https://registry.npmjs.org/@types%2fminimist 151ms (from cache)
174 silly pacote tag manifest for @types/minizlib@ts3.6 fetched in 154ms
175 silly pacote tag manifest for @types/minimist@ts3.6 fetched in 158ms
176 http fetch GET 200 https://registry.npmjs.org/@types%2flodash.isstring 2183ms
177 http fetch GET 200 https://registry.npmjs.org/@types%2flodash.once 2251ms
178 http fetch GET 200 https://registry.npmjs.org/@types/lodash.isplainobject/-/lodash.isplainobject-4.0.6.tgz 1176ms
179 silly pacote tag manifest for @types/lodash.isplainobject@ts3.6 fetched in 2643ms
180 http fetch GET 200 https://registry.npmjs.org/@types/lodash.isboolean/-/lodash.isboolean-3.0.6.tgz 1174ms
181 silly pacote tag manifest for @types/lodash.isboolean@ts3.6 fetched in 3452ms
182 http fetch GET 304 https://registry.npmjs.org/@types%2fnopt 148ms (from cache)
183 silly pacote tag manifest for @types/nopt@ts3.6 fetched in 163ms
184 http fetch GET 304 https://registry.npmjs.org/@types%2fmerge-descriptors 2228ms (from cache)
185 silly pacote tag manifest for @types/merge-descriptors@ts3.6 fetched in 2232ms
186 http fetch GET 304 https://registry.npmjs.org/@types%2fmime 1453ms (from cache)
187 silly pacote tag manifest for @types/mime@ts3.6 fetched in 1457ms
188 http fetch GET 304 https://registry.npmjs.org/@types%2fnpm-packlist 164ms (from cache)
189 silly pacote tag manifest for @types/npm-packlist@ts3.6 fetched in 168ms
190 http fetch GET 304 https://registry.npmjs.org/@types%2fnpmlog 143ms (from cache)
191 silly pacote tag manifest for @types/npmlog@ts3.6 fetched in 148ms
192 http fetch GET 304 https://registry.npmjs.org/@types%2fnumber-is-nan 137ms (from cache)
193 silly pacote tag manifest for @types/number-is-nan@ts3.6 fetched in 142ms
194 http fetch GET 304 https://registry.npmjs.org/@types%2fobject-assign 158ms (from cache)
195 silly pacote tag manifest for @types/object-assign@ts3.6 fetched in 161ms
196 http fetch GET 304 https://registry.npmjs.org/@types%2fonce 169ms (from cache)
197 silly pacote tag manifest for @types/once@ts3.6 fetched in 175ms
198 http fetch GET 304 https://registry.npmjs.org/@types%2fmime-db 1493ms (from cache)
199 http fetch GET 304 https://registry.npmjs.org/@types%2fms 1193ms (from cache)
200 silly pacote tag manifest for @types/mime-db@ts3.6 fetched in 1498ms
201 silly pacote tag manifest for @types/ms@ts3.6 fetched in 1200ms
202 http fetch GET 200 https://registry.npmjs.org/@types/lodash.isstring/-/lodash.isstring-4.0.6.tgz 1202ms
203 silly pacote tag manifest for @types/lodash.isstring@ts3.6 fetched in 3392ms
204 http fetch GET 304 https://registry.npmjs.org/@types%2fosenv 148ms (from cache)
205 http fetch GET 304 https://registry.npmjs.org/@types%2fos-tmpdir 153ms (from cache)
206 silly pacote tag manifest for @types/osenv@ts3.6 fetched in 152ms
207 silly pacote tag manifest for @types/os-tmpdir@ts3.6 fetched in 165ms
208 http fetch GET 200 https://registry.npmjs.org/@types/lodash.once/-/lodash.once-4.1.6.tgz 1183ms
209 silly pacote tag manifest for @types/lodash.once@ts3.6 fetched in 3445ms
210 http fetch GET 304 https://registry.npmjs.org/@types%2fparseurl 160ms (from cache)
211 silly pacote tag manifest for @types/parseurl@ts3.6 fetched in 170ms
212 http fetch GET 304 https://registry.npmjs.org/@types%2fpath-is-absolute 159ms (from cache)
213 http fetch GET 304 https://registry.npmjs.org/@types%2fnegotiator 1450ms (from cache)
214 silly pacote tag manifest for @types/path-is-absolute@ts3.6 fetched in 163ms
215 silly pacote tag manifest for @types/negotiator@ts3.6 fetched in 1454ms
216 http fetch GET 304 https://registry.npmjs.org/@types%2fproxy-addr 132ms (from cache)
217 silly pacote tag manifest for @types/proxy-addr@ts3.6 fetched in 135ms
218 http fetch GET 304 https://registry.npmjs.org/@types%2fpsl 148ms (from cache)
219 silly pacote tag manifest for @types/psl@ts3.6 fetched in 152ms
220 http fetch GET 304 https://registry.npmjs.org/@types%2fpunycode 140ms (from cache)
221 http fetch GET 304 https://registry.npmjs.org/@types%2fpump 143ms (from cache)
222 silly pacote tag manifest for @types/punycode@ts3.6 fetched in 145ms
223 silly pacote tag manifest for @types/pump@ts3.6 fetched in 148ms
224 http fetch GET 304 https://registry.npmjs.org/@types%2fqs 128ms (from cache)
225 silly pacote tag manifest for @types/qs@ts3.6 fetched in 130ms
226 http fetch GET 304 https://registry.npmjs.org/@types%2frange-parser 142ms (from cache)
227 silly pacote tag manifest for @types/range-parser@ts3.6 fetched in 144ms
228 http fetch GET 304 https://registry.npmjs.org/@types%2frc 123ms (from cache)
229 silly pacote tag manifest for @types/rc@ts3.6 fetched in 127ms
230 http fetch GET 304 https://registry.npmjs.org/@types%2frequest 143ms (from cache)
231 silly pacote tag manifest for @types/request@ts3.6 fetched in 146ms
232 http fetch GET 304 https://registry.npmjs.org/@types%2fresponselike 126ms (from cache)
233 silly pacote tag manifest for @types/responselike@ts3.6 fetched in 129ms
234 http fetch GET 304 https://registry.npmjs.org/@types%2fsafer-buffer 160ms (from cache)
235 http fetch GET 304 https://registry.npmjs.org/@types%2fsax 146ms (from cache)
236 silly pacote tag manifest for @types/safer-buffer@ts3.6 fetched in 164ms
237 silly pacote tag manifest for @types/sax@ts3.6 fetched in 150ms
238 http fetch GET 304 https://registry.npmjs.org/@types%2fsemver 131ms (from cache)
239 silly pacote tag manifest for @types/semver@ts3.6 fetched in 135ms
240 http fetch GET 304 https://registry.npmjs.org/@types%2fsend 148ms (from cache)
241 silly pacote tag manifest for @types/send@ts3.6 fetched in 151ms
242 http fetch GET 304 https://registry.npmjs.org/@types%2fon-finished 1478ms (from cache)
243 silly pacote tag manifest for @types/on-finished@ts3.6 fetched in 1481ms
244 http fetch GET 304 https://registry.npmjs.org/@types%2fneedle 2254ms (from cache)
245 silly pacote tag manifest for @types/needle@ts3.6 fetched in 2258ms
246 http fetch GET 304 https://registry.npmjs.org/@types%2fserve-static 136ms (from cache)
247 silly pacote tag manifest for @types/serve-static@ts3.6 fetched in 139ms
248 http fetch GET 304 https://registry.npmjs.org/@types%2fset-blocking 139ms (from cache)
249 silly registry:manifest no matching version for @types/set-blocking@ts3.6 in the cache. Forcing revalidation.
250 http fetch GET 304 https://registry.npmjs.org/@types%2fsshpk 135ms (from cache)
251 silly pacote tag manifest for @types/sshpk@ts3.6 fetched in 139ms
252 http fetch GET 304 https://registry.npmjs.org/@types%2fstatuses 123ms (from cache)
253 silly pacote tag manifest for @types/statuses@ts3.6 fetched in 128ms
254 http fetch GET 200 https://registry.npmjs.org/@types%2fset-blocking 125ms
255 silly fetchPackageMetaData error for @types/set-blocking@ts3.6 No matching version found for @types/set-blocking@ts3.6.
256 http fetch GET 304 https://registry.npmjs.org/@types%2fnode-fetch 2221ms (from cache)
257 silly pacote tag manifest for @types/node-fetch@ts3.6 fetched in 2226ms
258 http fetch GET 304 https://registry.npmjs.org/@types%2ftar 142ms (from cache)
259 silly pacote tag manifest for @types/tar@ts3.6 fetched in 146ms
260 http fetch GET 304 https://registry.npmjs.org/@types%2fos-homedir 1517ms (from cache)
261 silly pacote tag manifest for @types/os-homedir@ts3.6 fetched in 1523ms
262 http fetch GET 304 https://registry.npmjs.org/@types%2fnormalize-path 2264ms (from cache)
263 http fetch GET 304 https://registry.npmjs.org/@types%2ftouch 141ms (from cache)
264 silly pacote tag manifest for @types/normalize-path@ts3.6 fetched in 2269ms
265 silly pacote tag manifest for @types/touch@ts3.6 fetched in 149ms
266 http fetch GET 304 https://registry.npmjs.org/@types%2ftough-cookie 144ms (from cache)
267 silly pacote tag manifest for @types/tough-cookie@ts3.6 fetched in 148ms
268 http fetch GET 304 https://registry.npmjs.org/@types%2ftype-is 149ms (from cache)
269 http fetch GET 304 https://registry.npmjs.org/@types%2ftr46 160ms (from cache)
270 silly registry:manifest no matching version for @types/tr46@ts3.6 in the cache. Forcing revalidation.
271 http fetch GET 304 https://registry.npmjs.org/@types%2ftypedarray-to-buffer 137ms (from cache)
272 silly registry:manifest no matching version for @types/typedarray-to-buffer@ts3.6 in the cache. Forcing revalidation.
273 silly pacote tag manifest for @types/type-is@ts3.6 fetched in 163ms
274 http fetch GET 200 https://registry.npmjs.org/@types%2ftr46 157ms
275 silly fetchPackageMetaData error for @types/tr46@ts3.6 No matching version found for @types/tr46@ts3.6.
276 http fetch GET 304 https://registry.npmjs.org/@types%2fpicomatch 2303ms (from cache)
277 silly pacote tag manifest for @types/picomatch@ts3.6 fetched in 2308ms
278 http fetch GET 304 https://registry.npmjs.org/@types%2futil-deprecate 160ms (from cache)
279 silly pacote tag manifest for @types/util-deprecate@ts3.6 fetched in 164ms
280 http fetch GET 304 https://registry.npmjs.org/@types%2freadable-stream 2206ms (from cache)
281 silly pacote tag manifest for @types/readable-stream@ts3.6 fetched in 2209ms
282 http fetch GET 304 https://registry.npmjs.org/@types%2fregistry-auth-token 2223ms (from cache)
283 silly pacote tag manifest for @types/registry-auth-token@ts3.6 fetched in 2227ms
284 http fetch GET 304 https://registry.npmjs.org/@types%2ftoidentifier 1444ms (from cache)
285 silly registry:manifest no matching version for @types/toidentifier@ts3.6 in the cache. Forcing revalidation.
286 http fetch GET 304 https://registry.npmjs.org/@types%2futils-merge 133ms (from cache)
287 silly pacote tag manifest for @types/utils-merge@ts3.6 fetched in 135ms
288 http fetch GET 304 https://registry.npmjs.org/@types%2fto-regex-range 1498ms (from cache)
289 silly registry:manifest no matching version for @types/to-regex-range@ts3.6 in the cache. Forcing revalidation.
290 http fetch GET 304 https://registry.npmjs.org/@types%2fuuid 132ms (from cache)
291 silly pacote tag manifest for @types/uuid@ts3.6 fetched in 136ms
292 http fetch GET 304 https://registry.npmjs.org/@types%2fvary 164ms (from cache)
293 http fetch GET 200 https://registry.npmjs.org/@types%2ftoidentifier 128ms
294 silly fetchPackageMetaData error for @types/toidentifier@ts3.6 No matching version found for @types/toidentifier@ts3.6.
295 silly pacote tag manifest for @types/vary@ts3.6 fetched in 167ms
296 http fetch GET 200 https://registry.npmjs.org/@types%2fto-regex-range 151ms
297 silly fetchPackageMetaData error for @types/to-regex-range@ts3.6 No matching version found for @types/to-regex-range@ts3.6.
298 http fetch GET 304 https://registry.npmjs.org/@types%2fwhich 130ms (from cache)
299 http fetch GET 304 https://registry.npmjs.org/@types%2fwhatwg-url 132ms (from cache)
300 silly pacote tag manifest for @types/which@ts3.6 fetched in 134ms
301 silly pacote tag manifest for @types/whatwg-url@ts3.6 fetched in 136ms
302 http fetch GET 304 https://registry.npmjs.org/@types%2fwrite-file-atomic 141ms (from cache)
303 silly pacote tag manifest for @types/write-file-atomic@ts3.6 fetched in 144ms
304 http fetch GET 304 https://registry.npmjs.org/@types%2fyallist 170ms (from cache)
305 silly pacote tag manifest for @types/yallist@ts3.6 fetched in 174ms
306 http fetch GET 304 https://registry.npmjs.org/@types%2fsignal-exit 2250ms (from cache)
307 silly pacote tag manifest for @types/signal-exit@ts3.6 fetched in 2254ms
308 http fetch GET 304 https://registry.npmjs.org/@types%2fsupports-color 2270ms (from cache)
309 silly pacote tag manifest for @types/supports-color@ts3.6 fetched in 2274ms
310 http fetch GET 304 https://registry.npmjs.org/@types%2fupdate-notifier 2229ms (from cache)
311 silly pacote tag manifest for @types/update-notifier@ts3.6 fetched in 2234ms
312 http fetch GET 200 https://registry.npmjs.org/@types%2ftypedarray-to-buffer 2307ms
313 silly fetchPackageMetaData error for @types/typedarray-to-buffer@ts3.6 No matching version found for @types/typedarray-to-buffer@ts3.6.
314 http fetch GET 304 https://registry.npmjs.org/@types%2furl-parse-lax 2279ms (from cache)
315 silly registry:manifest no matching version for @types/url-parse-lax@ts3.6 in the cache. Forcing revalidation.
316 http fetch GET 304 https://registry.npmjs.org/@types%2fverror 2241ms (from cache)
317 silly pacote tag manifest for @types/verror@ts3.6 fetched in 2243ms
318 http fetch GET 304 https://registry.npmjs.org/@types%2fwebidl-conversions 2274ms (from cache)
319 silly pacote tag manifest for @types/webidl-conversions@ts3.6 fetched in 2278ms
320 http fetch GET 200 https://registry.npmjs.org/@types%2furl-parse-lax 1523ms
321 silly fetchPackageMetaData error for @types/url-parse-lax@ts3.6 No matching version found for @types/url-parse-lax@ts3.6.
322 timing stage:rollbackFailedOptional Completed in 0ms
323 timing stage:runTopLevelLifecycles Completed in 16153ms
324 verbose type tag
325 verbose stack @types/ansi-align: No matching version found for @types/ansi-align@ts3.6.
325 verbose stack     at pickManifest (/usr/local/lib/node_modules/npm/node_modules/npm-pick-manifest/index.js:122:13)
325 verbose stack     at /usr/local/lib/node_modules/npm/node_modules/pacote/lib/fetchers/registry/manifest.js:43:18
325 verbose stack     at tryCatcher (/usr/local/lib/node_modules/npm/node_modules/bluebird/js/release/util.js:16:23)
325 verbose stack     at Promise._settlePromiseFromHandler (/usr/local/lib/node_modules/npm/node_modules/bluebird/js/release/promise.js:517:31)
325 verbose stack     at Promise._settlePromise (/usr/local/lib/node_modules/npm/node_modules/bluebird/js/release/promise.js:574:18)
325 verbose stack     at Promise._settlePromise0 (/usr/local/lib/node_modules/npm/node_modules/bluebird/js/release/promise.js:619:10)
325 verbose stack     at Promise._settlePromises (/usr/local/lib/node_modules/npm/node_modules/bluebird/js/release/promise.js:699:18)
325 verbose stack     at _drainQueueStep (/usr/local/lib/node_modules/npm/node_modules/bluebird/js/release/async.js:138:12)
325 verbose stack     at _drainQueue (/usr/local/lib/node_modules/npm/node_modules/bluebird/js/release/async.js:131:9)
325 verbose stack     at Async._drainQueues (/usr/local/lib/node_modules/npm/node_modules/bluebird/js/release/async.js:147:5)
325 verbose stack     at Immediate.Async.drainQueues [as _onImmediate] (/usr/local/lib/node_modules/npm/node_modules/bluebird/js/release/async.js:17:14)
325 verbose stack     at processImmediate (internal/timers.js:456:21)
326 verbose cwd /home/theia/.cache/typescript/3.6
327 verbose Linux 5.15.90.1-microsoft-standard-WSL2
328 verbose argv "/usr/local/bin/node" "/usr/local/bin/npm" "install" "--ignore-scripts" "@types/abbrev@ts3.6" "@types/accepts@ts3.6" "@types/ansi-align@ts3.6" "@types/are-we-there-yet@ts3.6" "@types/asn1@ts3.6" "@types/assert-plus@ts3.6" "@types/aws4@ts3.6" "@types/balanced-match@ts3.6" "@types/body-parser@ts3.6" "@types/brace-expansion@ts3.6" "@types/braces@ts3.6" "@types/bytes@ts3.6" "@types/caseless@ts3.6" "@types/chownr@ts3.6" "@types/color-convert@ts3.6" "@types/color-name@ts3.6" "@types/color-support@ts3.6" "@types/combined-stream@ts3.6" "@types/concat-map@ts3.6" "@types/configstore@ts3.6" "@types/content-disposition@ts3.6" "@types/content-type@ts3.6" "@types/cookie@ts3.6" "@types/cookie-signature@ts3.6" "@types/dashdash@ts3.6" "@types/debug@ts3.6" "@types/deep-extend@ts3.6" "@types/delegates@ts3.6" "@types/depd@ts3.6" "@types/destroy@ts3.6" "@types/detect-libc@ts3.6" "@types/duplexer3@ts3.6" "@types/ee-first@ts3.6" "@types/encodeurl@ts3.6" "@types/end-of-stream@ts3.6" "@types/escape-html@ts3.6" "@types/etag@ts3.6" "@types/extend@ts3.6" "@types/extsprintf@ts3.6" "@types/fill-range@ts3.6" "@types/finalhandler@ts3.6" "@types/forever-agent@ts3.6" "@types/forwarded@ts3.6" "@types/fresh@ts3.6" "@types/fs-minipass@ts3.6" "@types/gauge@ts3.6" "@types/getpass@ts3.6" "@types/glob-parent@ts3.6" "@types/graceful-fs@ts3.6" "@types/http-cache-semantics@ts3.6" "@types/http-errors@ts3.6" "@types/ignore-walk@ts3.6" "@types/imurmurhash@ts3.6" "@types/inherits@ts3.6" "@types/ini@ts3.6" "@types/is-ci@ts3.6" "@types/is-glob@ts3.6" "@types/is-number@ts3.6" "@types/is-typedarray@ts3.6" "@types/isarray@ts3.6" "@types/isexe@ts3.6" "@types/isstream@ts3.6" "@types/jsbn@ts3.6" "@types/json-buffer@ts3.6" "@types/json-schema@ts3.6" "@types/json-stringify-safe@ts3.6" "@types/jwa@ts3.6" "@types/jws@ts3.6" "@types/lodash.includes@ts3.6" "@types/lodash.isboolean@ts3.6" "@types/lodash.isinteger@ts3.6" "@types/lodash.isnumber@ts3.6" "@types/lodash.isplainobject@ts3.6" "@types/lodash.isstring@ts3.6" "@types/lodash.once@ts3.6" "@types/media-typer@ts3.6" "@types/merge-descriptors@ts3.6" "@types/methods@ts3.6" "@types/mime@ts3.6" "@types/mime-db@ts3.6" "@types/mime-types@ts3.6" "@types/minimist@ts3.6" "@types/minizlib@ts3.6" "@types/ms@ts3.6" "@types/needle@ts3.6" "@types/negotiator@ts3.6" "@types/node-fetch@ts3.6" "@types/nopt@ts3.6" "@types/normalize-path@ts3.6" "@types/npm-packlist@ts3.6" "@types/npmlog@ts3.6" "@types/number-is-nan@ts3.6" "@types/object-assign@ts3.6" "@types/on-finished@ts3.6" "@types/once@ts3.6" "@types/os-homedir@ts3.6" "@types/os-tmpdir@ts3.6" "@types/osenv@ts3.6" "@types/parseurl@ts3.6" "@types/path-is-absolute@ts3.6" "@types/picomatch@ts3.6" "@types/proxy-addr@ts3.6" "@types/psl@ts3.6" "@types/pump@ts3.6" "@types/punycode@ts3.6" "@types/qs@ts3.6" "@types/range-parser@ts3.6" "@types/rc@ts3.6" "@types/readable-stream@ts3.6" "@types/registry-auth-token@ts3.6" "@types/request@ts3.6" "@types/responselike@ts3.6" "@types/safer-buffer@ts3.6" "@types/sax@ts3.6" "@types/semver@ts3.6" "@types/send@ts3.6" "@types/serve-static@ts3.6" "@types/set-blocking@ts3.6" "@types/signal-exit@ts3.6" "@types/sshpk@ts3.6" "@types/statuses@ts3.6" "@types/supports-color@ts3.6" "@types/tar@ts3.6" "@types/to-regex-range@ts3.6" "@types/toidentifier@ts3.6" "@types/touch@ts3.6" "@types/tough-cookie@ts3.6" "@types/tr46@ts3.6" "@types/type-is@ts3.6" "@types/typedarray-to-buffer@ts3.6" "@types/update-notifier@ts3.6" "@types/url-parse-lax@ts3.6" "@types/util-deprecate@ts3.6" "@types/utils-merge@ts3.6" "@types/uuid@ts3.6" "@types/vary@ts3.6" "@types/verror@ts3.6" "@types/webidl-conversions@ts3.6" "@types/whatwg-url@ts3.6" "@types/which@ts3.6" "@types/write-file-atomic@ts3.6" "@types/yallist@ts3.6" "--save-dev" "--user-agent=typesInstaller/3.6.3"
329 verbose node v12.18.3
330 verbose npm  v6.14.6
331 error code ETARGET
332 error notarget No matching version found for @types/ansi-align@ts3.6.
333 error notarget In most cases you or one of your dependencies are requesting
333 error notarget a package version that doesn't exist.
334 verbose exit [ 1, true ]
