0 info it worked if it ends with ok
1 verbose cli [
1 verbose cli   '/usr/local/bin/node',
1 verbose cli   '/usr/local/bin/npm',
1 verbose cli   'install',
1 verbose cli   '--ignore-scripts',
1 verbose cli   '@types/abbrev@ts3.6',
1 verbose cli   '@types/accepts@ts3.6',
1 verbose cli   '@types/ansi-align@ts3.6',
1 verbose cli   '@types/are-we-there-yet@ts3.6',
1 verbose cli   '@types/asn1@ts3.6',
1 verbose cli   '@types/assert-plus@ts3.6',
1 verbose cli   '@types/aws4@ts3.6',
1 verbose cli   '@types/balanced-match@ts3.6',
1 verbose cli   '@types/body-parser@ts3.6',
1 verbose cli   '@types/brace-expansion@ts3.6',
1 verbose cli   '@types/braces@ts3.6',
1 verbose cli   '@types/bytes@ts3.6',
1 verbose cli   '@types/caseless@ts3.6',
1 verbose cli   '@types/chownr@ts3.6',
1 verbose cli   '@types/color-convert@ts3.6',
1 verbose cli   '@types/color-name@ts3.6',
1 verbose cli   '@types/color-support@ts3.6',
1 verbose cli   '@types/combined-stream@ts3.6',
1 verbose cli   '@types/concat-map@ts3.6',
1 verbose cli   '@types/configstore@ts3.6',
1 verbose cli   '@types/content-disposition@ts3.6',
1 verbose cli   '@types/content-type@ts3.6',
1 verbose cli   '@types/cookie@ts3.6',
1 verbose cli   '@types/cookie-signature@ts3.6',
1 verbose cli   '@types/dashdash@ts3.6',
1 verbose cli   '@types/debug@ts3.6',
1 verbose cli   '@types/deep-extend@ts3.6',
1 verbose cli   '@types/delegates@ts3.6',
1 verbose cli   '@types/depd@ts3.6',
1 verbose cli   '@types/destroy@ts3.6',
1 verbose cli   '@types/detect-libc@ts3.6',
1 verbose cli   '@types/duplexer3@ts3.6',
1 verbose cli   '@types/ee-first@ts3.6',
1 verbose cli   '@types/encodeurl@ts3.6',
1 verbose cli   '@types/end-of-stream@ts3.6',
1 verbose cli   '@types/escape-html@ts3.6',
1 verbose cli   '@types/etag@ts3.6',
1 verbose cli   '@types/extend@ts3.6',
1 verbose cli   '@types/extsprintf@ts3.6',
1 verbose cli   '@types/fill-range@ts3.6',
1 verbose cli   '@types/finalhandler@ts3.6',
1 verbose cli   '@types/forever-agent@ts3.6',
1 verbose cli   '@types/forwarded@ts3.6',
1 verbose cli   '@types/fresh@ts3.6',
1 verbose cli   '@types/fs-minipass@ts3.6',
1 verbose cli   '@types/gauge@ts3.6',
1 verbose cli   '@types/getpass@ts3.6',
1 verbose cli   '@types/glob-parent@ts3.6',
1 verbose cli   '@types/graceful-fs@ts3.6',
1 verbose cli   '@types/http-cache-semantics@ts3.6',
1 verbose cli   '@types/http-errors@ts3.6',
1 verbose cli   '@types/ignore-walk@ts3.6',
1 verbose cli   '@types/imurmurhash@ts3.6',
1 verbose cli   '@types/inherits@ts3.6',
1 verbose cli   '@types/ini@ts3.6',
1 verbose cli   '@types/is-ci@ts3.6',
1 verbose cli   '@types/is-glob@ts3.6',
1 verbose cli   '@types/is-number@ts3.6',
1 verbose cli   '@types/is-typedarray@ts3.6',
1 verbose cli   '@types/isarray@ts3.6',
1 verbose cli   '@types/isexe@ts3.6',
1 verbose cli   '@types/isstream@ts3.6',
1 verbose cli   '@types/jsbn@ts3.6',
1 verbose cli   '@types/json-buffer@ts3.6',
1 verbose cli   '@types/json-schema@ts3.6',
1 verbose cli   '@types/json-stringify-safe@ts3.6',
1 verbose cli   '@types/jwa@ts3.6',
1 verbose cli   '@types/jws@ts3.6',
1 verbose cli   '@types/lodash.includes@ts3.6',
1 verbose cli   '@types/lodash.isboolean@ts3.6',
1 verbose cli   '@types/lodash.isinteger@ts3.6',
1 verbose cli   '@types/lodash.isnumber@ts3.6',
1 verbose cli   '@types/lodash.isplainobject@ts3.6',
1 verbose cli   '@types/lodash.isstring@ts3.6',
1 verbose cli   '@types/lodash.once@ts3.6',
1 verbose cli   '@types/media-typer@ts3.6',
1 verbose cli   '@types/merge-descriptors@ts3.6',
1 verbose cli   '@types/methods@ts3.6',
1 verbose cli   '@types/mime@ts3.6',
1 verbose cli   '@types/mime-db@ts3.6',
1 verbose cli   '@types/mime-types@ts3.6',
1 verbose cli   '@types/minimist@ts3.6',
1 verbose cli   '@types/minizlib@ts3.6',
1 verbose cli   '@types/ms@ts3.6',
1 verbose cli   '@types/needle@ts3.6',
1 verbose cli   '@types/negotiator@ts3.6',
1 verbose cli   '@types/node-fetch@ts3.6',
1 verbose cli   '@types/nopt@ts3.6',
1 verbose cli   '@types/normalize-path@ts3.6',
1 verbose cli   '@types/npm-packlist@ts3.6',
1 verbose cli   '@types/npmlog@ts3.6',
1 verbose cli   '@types/number-is-nan@ts3.6',
1 verbose cli   '@types/object-assign@ts3.6',
1 verbose cli   '@types/on-finished@ts3.6',
1 verbose cli   '@types/once@ts3.6',
1 verbose cli   '@types/os-homedir@ts3.6',
1 verbose cli   ... 48 more items
1 verbose cli ]
2 info using npm@6.14.6
3 info using node@v12.18.3
4 verbose npm-session 1534eb50bb06a2fc
5 silly install loadCurrentTree
6 silly install readLocalPackageData
7 http fetch GET 304 https://registry.npmjs.org/@types%2faccepts 731ms (from cache)
8 http fetch GET 304 https://registry.npmjs.org/@types%2fabbrev 749ms (from cache)
9 http fetch GET 304 https://registry.npmjs.org/@types%2fare-we-there-yet 734ms (from cache)
10 http fetch GET 304 https://registry.npmjs.org/@types%2fbalanced-match 737ms (from cache)
11 http fetch GET 304 https://registry.npmjs.org/@types%2fassert-plus 740ms (from cache)
12 silly pacote tag manifest for @types/accepts@ts3.6 fetched in 750ms
13 silly pacote tag manifest for @types/abbrev@ts3.6 fetched in 775ms
14 silly pacote tag manifest for @types/are-we-there-yet@ts3.6 fetched in 753ms
15 silly pacote tag manifest for @types/balanced-match@ts3.6 fetched in 749ms
16 silly pacote tag manifest for @types/assert-plus@ts3.6 fetched in 753ms
17 http fetch GET 304 https://registry.npmjs.org/@types%2faws4 796ms (from cache)
18 http fetch GET 304 https://registry.npmjs.org/@types%2fbody-parser 795ms (from cache)
19 silly pacote tag manifest for @types/aws4@ts3.6 fetched in 800ms
20 http fetch GET 304 https://registry.npmjs.org/@types%2fbrace-expansion 791ms (from cache)
21 silly pacote tag manifest for @types/body-parser@ts3.6 fetched in 803ms
22 silly pacote tag manifest for @types/brace-expansion@ts3.6 fetched in 795ms
23 http fetch GET 304 https://registry.npmjs.org/@types%2fbraces 151ms (from cache)
24 silly pacote tag manifest for @types/braces@ts3.6 fetched in 155ms
25 http fetch GET 304 https://registry.npmjs.org/@types%2fbytes 183ms (from cache)
26 http fetch GET 304 https://registry.npmjs.org/@types%2fcaseless 182ms (from cache)
27 silly pacote tag manifest for @types/bytes@ts3.6 fetched in 187ms
28 silly pacote tag manifest for @types/caseless@ts3.6 fetched in 187ms
29 http fetch GET 304 https://registry.npmjs.org/@types%2fchownr 227ms (from cache)
30 http fetch GET 304 https://registry.npmjs.org/@types%2fcolor-convert 228ms (from cache)
31 http fetch GET 304 https://registry.npmjs.org/@types%2fcolor-name 184ms (from cache)
32 silly pacote tag manifest for @types/chownr@ts3.6 fetched in 232ms
33 silly pacote tag manifest for @types/color-convert@ts3.6 fetched in 233ms
34 silly pacote tag manifest for @types/color-name@ts3.6 fetched in 188ms
35 http fetch GET 304 https://registry.npmjs.org/@types%2fcombined-stream 218ms (from cache)
36 silly pacote tag manifest for @types/combined-stream@ts3.6 fetched in 219ms
37 http fetch GET 304 https://registry.npmjs.org/@types%2fconcat-map 250ms (from cache)
38 silly pacote tag manifest for @types/concat-map@ts3.6 fetched in 253ms
39 http fetch GET 304 https://registry.npmjs.org/@types%2fcontent-disposition 271ms (from cache)
40 http fetch GET 304 https://registry.npmjs.org/@types%2fcontent-type 223ms (from cache)
41 http fetch GET 304 https://registry.npmjs.org/@types%2fcookie 225ms (from cache)
42 silly pacote tag manifest for @types/content-disposition@ts3.6 fetched in 280ms
43 silly pacote tag manifest for @types/content-type@ts3.6 fetched in 233ms
44 http fetch GET 304 https://registry.npmjs.org/@types%2fconfigstore 288ms (from cache)
45 silly pacote tag manifest for @types/cookie@ts3.6 fetched in 234ms
46 http fetch GET 304 https://registry.npmjs.org/@types%2fdashdash 197ms (from cache)
47 silly pacote tag manifest for @types/configstore@ts3.6 fetched in 300ms
48 silly pacote tag manifest for @types/dashdash@ts3.6 fetched in 212ms
49 http fetch GET 304 https://registry.npmjs.org/@types%2fcookie-signature 254ms (from cache)
50 silly pacote tag manifest for @types/cookie-signature@ts3.6 fetched in 260ms
51 http fetch GET 304 https://registry.npmjs.org/@types%2fdebug 222ms (from cache)
52 silly pacote tag manifest for @types/debug@ts3.6 fetched in 227ms
53 http fetch GET 304 https://registry.npmjs.org/@types%2fdeep-extend 199ms (from cache)
54 silly pacote tag manifest for @types/deep-extend@ts3.6 fetched in 205ms
55 http fetch GET 304 https://registry.npmjs.org/@types%2fdepd 199ms (from cache)
56 silly pacote tag manifest for @types/depd@ts3.6 fetched in 211ms
57 http fetch GET 304 https://registry.npmjs.org/@types%2fdestroy 216ms (from cache)
58 http fetch GET 304 https://registry.npmjs.org/@types%2fdetect-libc 212ms (from cache)
59 http fetch GET 304 https://registry.npmjs.org/@types%2fduplexer3 202ms (from cache)
60 silly pacote tag manifest for @types/destroy@ts3.6 fetched in 221ms
61 silly pacote tag manifest for @types/detect-libc@ts3.6 fetched in 217ms
62 silly pacote tag manifest for @types/duplexer3@ts3.6 fetched in 208ms
63 http fetch GET 304 https://registry.npmjs.org/@types%2fee-first 164ms (from cache)
64 silly pacote tag manifest for @types/ee-first@ts3.6 fetched in 167ms
65 http fetch GET 304 https://registry.npmjs.org/@types%2fend-of-stream 196ms (from cache)
66 http fetch GET 304 https://registry.npmjs.org/@types%2fetag 174ms (from cache)
67 http fetch GET 304 https://registry.npmjs.org/@types%2fencodeurl 212ms (from cache)
68 silly pacote tag manifest for @types/end-of-stream@ts3.6 fetched in 200ms
69 silly pacote tag manifest for @types/etag@ts3.6 fetched in 180ms
70 silly pacote tag manifest for @types/encodeurl@ts3.6 fetched in 218ms
71 http fetch GET 304 https://registry.npmjs.org/@types%2fescape-html 214ms (from cache)
72 http fetch GET 304 https://registry.npmjs.org/@types%2fextend 210ms (from cache)
73 silly pacote tag manifest for @types/escape-html@ts3.6 fetched in 218ms
74 silly pacote tag manifest for @types/extend@ts3.6 fetched in 215ms
75 http fetch GET 304 https://registry.npmjs.org/@types%2ffinalhandler 192ms (from cache)
76 silly pacote tag manifest for @types/finalhandler@ts3.6 fetched in 195ms
77 http fetch GET 304 https://registry.npmjs.org/@types%2ffresh 185ms (from cache)
78 http fetch GET 304 https://registry.npmjs.org/@types%2fforever-agent 222ms (from cache)
79 http fetch GET 304 https://registry.npmjs.org/@types%2fforwarded 189ms (from cache)
80 silly pacote tag manifest for @types/fresh@ts3.6 fetched in 189ms
81 silly pacote tag manifest for @types/forever-agent@ts3.6 fetched in 226ms
82 silly pacote tag manifest for @types/forwarded@ts3.6 fetched in 194ms
83 http fetch GET 304 https://registry.npmjs.org/@types%2fasn1 2103ms (from cache)
84 silly pacote tag manifest for @types/asn1@ts3.6 fetched in 2109ms
85 http fetch GET 304 https://registry.npmjs.org/@types%2fgetpass 241ms (from cache)
86 http fetch GET 304 https://registry.npmjs.org/@types%2fglob-parent 238ms (from cache)
87 silly pacote tag manifest for @types/getpass@ts3.6 fetched in 244ms
88 silly pacote tag manifest for @types/glob-parent@ts3.6 fetched in 247ms
89 http fetch GET 304 https://registry.npmjs.org/@types%2fgraceful-fs 217ms (from cache)
90 http fetch GET 304 https://registry.npmjs.org/@types%2fhttp-cache-semantics 215ms (from cache)
91 http fetch GET 304 https://registry.npmjs.org/@types%2fhttp-errors 211ms (from cache)
92 silly pacote tag manifest for @types/graceful-fs@ts3.6 fetched in 224ms
93 silly pacote tag manifest for @types/http-cache-semantics@ts3.6 fetched in 219ms
94 silly pacote tag manifest for @types/http-errors@ts3.6 fetched in 215ms
95 http fetch GET 200 https://registry.npmjs.org/@types%2ffill-range 772ms
96 silly fetchPackageMetaData error for @types/fill-range@ts3.6 No matching version found for @types/fill-range@ts3.6.
97 http fetch GET 304 https://registry.npmjs.org/@types%2fignore-walk 159ms (from cache)
98 http fetch GET 304 https://registry.npmjs.org/@types%2finherits 157ms (from cache)
99 silly pacote tag manifest for @types/inherits@ts3.6 fetched in 160ms
100 silly pacote tag manifest for @types/ignore-walk@ts3.6 fetched in 166ms
101 http fetch GET 304 https://registry.npmjs.org/@types%2fimurmurhash 190ms (from cache)
102 silly pacote tag manifest for @types/imurmurhash@ts3.6 fetched in 193ms
103 http fetch GET 304 https://registry.npmjs.org/@types%2fini 154ms (from cache)
104 silly pacote tag manifest for @types/ini@ts3.6 fetched in 157ms
105 http fetch GET 304 https://registry.npmjs.org/@types%2fis-ci 187ms (from cache)
106 silly pacote tag manifest for @types/is-ci@ts3.6 fetched in 195ms
107 http fetch GET 304 https://registry.npmjs.org/@types%2fis-glob 213ms (from cache)
108 http fetch GET 304 https://registry.npmjs.org/@types%2fis-number 188ms (from cache)
109 silly pacote tag manifest for @types/is-glob@ts3.6 fetched in 217ms
110 silly pacote tag manifest for @types/is-number@ts3.6 fetched in 192ms
111 http fetch GET 304 https://registry.npmjs.org/@types%2fis-typedarray 195ms (from cache)
112 silly pacote tag manifest for @types/is-typedarray@ts3.6 fetched in 198ms
113 http fetch GET 304 https://registry.npmjs.org/@types%2fisarray 141ms (from cache)
114 silly pacote tag manifest for @types/isarray@ts3.6 fetched in 146ms
115 http fetch GET 200 https://registry.npmjs.org/@types%2fdelegates 1628ms
116 silly fetchPackageMetaData error for @types/delegates@ts3.6 No matching version found for @types/delegates@ts3.6.
117 http fetch GET 304 https://registry.npmjs.org/@types%2fisexe 169ms (from cache)
118 silly pacote tag manifest for @types/isexe@ts3.6 fetched in 173ms
119 http fetch GET 304 https://registry.npmjs.org/@types%2fisstream 195ms (from cache)
120 silly pacote tag manifest for @types/isstream@ts3.6 fetched in 198ms
121 http fetch GET 200 https://registry.npmjs.org/@types%2fansi-align 2938ms
122 silly fetchPackageMetaData error for @types/ansi-align@ts3.6 No matching version found for @types/ansi-align@ts3.6.
123 http fetch GET 304 https://registry.npmjs.org/@types%2fjsbn 169ms (from cache)
124 silly pacote tag manifest for @types/jsbn@ts3.6 fetched in 174ms
125 http fetch GET 304 https://registry.npmjs.org/@types%2fjson-buffer 157ms (from cache)
126 silly pacote tag manifest for @types/json-buffer@ts3.6 fetched in 159ms
127 http fetch GET 304 https://registry.npmjs.org/@types%2fjson-schema 155ms (from cache)
128 silly pacote tag manifest for @types/json-schema@ts3.6 fetched in 157ms
129 http fetch GET 304 https://registry.npmjs.org/@types%2fjson-stringify-safe 152ms (from cache)
130 silly pacote tag manifest for @types/json-stringify-safe@ts3.6 fetched in 156ms
131 http fetch GET 304 https://registry.npmjs.org/@types%2fjwa 175ms (from cache)
132 http fetch GET 304 https://registry.npmjs.org/@types%2fjws 160ms (from cache)
133 silly pacote tag manifest for @types/jwa@ts3.6 fetched in 180ms
134 silly pacote tag manifest for @types/jws@ts3.6 fetched in 165ms
135 http fetch GET 304 https://registry.npmjs.org/@types%2flodash.includes 169ms (from cache)
136 silly pacote tag manifest for @types/lodash.includes@ts3.6 fetched in 173ms
137 http fetch GET 304 https://registry.npmjs.org/@types%2flodash.isboolean 185ms (from cache)
138 http fetch GET 304 https://registry.npmjs.org/@types%2fextsprintf 1636ms (from cache)
139 silly pacote tag manifest for @types/lodash.isboolean@ts3.6 fetched in 189ms
140 silly pacote tag manifest for @types/extsprintf@ts3.6 fetched in 1643ms
141 http fetch GET 304 https://registry.npmjs.org/@types%2flodash.isnumber 180ms (from cache)
142 silly pacote tag manifest for @types/lodash.isnumber@ts3.6 fetched in 181ms
143 http fetch GET 304 https://registry.npmjs.org/@types%2fcolor-support 2453ms (from cache)
144 silly pacote tag manifest for @types/color-support@ts3.6 fetched in 2457ms
145 http fetch GET 304 https://registry.npmjs.org/@types%2flodash.isstring 182ms (from cache)
146 silly pacote tag manifest for @types/lodash.isstring@ts3.6 fetched in 187ms
147 http fetch GET 304 https://registry.npmjs.org/@types%2flodash.isplainobject 215ms (from cache)
148 silly pacote tag manifest for @types/lodash.isplainobject@ts3.6 fetched in 219ms
149 http fetch GET 304 https://registry.npmjs.org/@types%2flodash.once 210ms (from cache)
150 silly pacote tag manifest for @types/lodash.once@ts3.6 fetched in 213ms
151 http fetch GET 304 https://registry.npmjs.org/@types%2fmedia-typer 228ms (from cache)
152 http fetch GET 304 https://registry.npmjs.org/@types%2fmerge-descriptors 224ms (from cache)
153 silly pacote tag manifest for @types/media-typer@ts3.6 fetched in 230ms
154 silly pacote tag manifest for @types/merge-descriptors@ts3.6 fetched in 228ms
155 http fetch GET 304 https://registry.npmjs.org/@types%2fmethods 228ms (from cache)
156 silly pacote tag manifest for @types/methods@ts3.6 fetched in 231ms
157 http fetch GET 200 https://registry.npmjs.org/@types%2ffs-minipass 1639ms
158 silly fetchPackageMetaData error for @types/fs-minipass@ts3.6 No matching version found for @types/fs-minipass@ts3.6.
159 http fetch GET 304 https://registry.npmjs.org/@types%2fmime-db 288ms (from cache)
160 silly pacote tag manifest for @types/mime-db@ts3.6 fetched in 291ms
161 http fetch GET 304 https://registry.npmjs.org/@types%2fminimist 280ms (from cache)
162 silly pacote tag manifest for @types/minimist@ts3.6 fetched in 283ms
163 http fetch GET 304 https://registry.npmjs.org/@types%2fminizlib 262ms (from cache)
164 silly pacote tag manifest for @types/minizlib@ts3.6 fetched in 265ms
165 http fetch GET 304 https://registry.npmjs.org/@types%2fms 293ms (from cache)
166 silly pacote tag manifest for @types/ms@ts3.6 fetched in 297ms
167 http fetch GET 304 https://registry.npmjs.org/@types%2fnegotiator 244ms (from cache)
168 silly pacote tag manifest for @types/negotiator@ts3.6 fetched in 249ms
169 http fetch GET 304 https://registry.npmjs.org/@types%2fneedle 286ms (from cache)
170 silly pacote tag manifest for @types/needle@ts3.6 fetched in 291ms
171 http fetch GET 304 https://registry.npmjs.org/@types%2fnode-fetch 198ms (from cache)
172 silly pacote tag manifest for @types/node-fetch@ts3.6 fetched in 200ms
173 http fetch GET 304 https://registry.npmjs.org/@types%2fnopt 185ms (from cache)
174 silly pacote tag manifest for @types/nopt@ts3.6 fetched in 187ms
175 http fetch GET 304 https://registry.npmjs.org/@types%2fnormalize-path 146ms (from cache)
176 silly pacote tag manifest for @types/normalize-path@ts3.6 fetched in 148ms
177 http fetch GET 304 https://registry.npmjs.org/@types%2fnumber-is-nan 140ms (from cache)
178 silly pacote tag manifest for @types/number-is-nan@ts3.6 fetched in 142ms
179 http fetch GET 304 https://registry.npmjs.org/@types%2fobject-assign 161ms (from cache)
180 silly pacote tag manifest for @types/object-assign@ts3.6 fetched in 164ms
181 http fetch GET 304 https://registry.npmjs.org/@types%2fon-finished 168ms (from cache)
182 silly pacote tag manifest for @types/on-finished@ts3.6 fetched in 173ms
183 http fetch GET 304 https://registry.npmjs.org/@types%2fos-homedir 149ms (from cache)
184 silly pacote tag manifest for @types/os-homedir@ts3.6 fetched in 156ms
185 http fetch GET 304 https://registry.npmjs.org/@types%2fparseurl 183ms (from cache)
186 silly pacote tag manifest for @types/parseurl@ts3.6 fetched in 186ms
187 http fetch GET 200 https://registry.npmjs.org/@types%2fgauge 2411ms
188 silly fetchPackageMetaData error for @types/gauge@ts3.6 No matching version found for @types/gauge@ts3.6.
189 http fetch GET 304 https://registry.npmjs.org/@types%2fpath-is-absolute 149ms (from cache)
190 silly pacote tag manifest for @types/path-is-absolute@ts3.6 fetched in 154ms
191 http fetch GET 304 https://registry.npmjs.org/@types%2fpicomatch 152ms (from cache)
192 silly pacote tag manifest for @types/picomatch@ts3.6 fetched in 155ms
193 http fetch GET 304 https://registry.npmjs.org/@types%2fnpm-packlist 765ms (from cache)
194 silly pacote tag manifest for @types/npm-packlist@ts3.6 fetched in 768ms
195 http fetch GET 304 https://registry.npmjs.org/@types%2fproxy-addr 158ms (from cache)
196 silly pacote tag manifest for @types/proxy-addr@ts3.6 fetched in 160ms
197 http fetch GET 304 https://registry.npmjs.org/@types%2fmime 1315ms (from cache)
198 http fetch GET 304 https://registry.npmjs.org/@types%2flodash.isinteger 1570ms (from cache)
199 silly pacote tag manifest for @types/mime@ts3.6 fetched in 1319ms
200 silly pacote tag manifest for @types/lodash.isinteger@ts3.6 fetched in 1576ms
201 http fetch GET 304 https://registry.npmjs.org/@types%2fpsl 196ms (from cache)
202 silly pacote tag manifest for @types/psl@ts3.6 fetched in 199ms
203 http fetch GET 304 https://registry.npmjs.org/@types%2fpump 189ms (from cache)
204 silly pacote tag manifest for @types/pump@ts3.6 fetched in 193ms
205 http fetch GET 304 https://registry.npmjs.org/@types%2fqs 164ms (from cache)
206 silly pacote tag manifest for @types/qs@ts3.6 fetched in 168ms
207 http fetch GET 304 https://registry.npmjs.org/@types%2frc 151ms (from cache)
208 silly pacote tag manifest for @types/rc@ts3.6 fetched in 156ms
209 http fetch GET 304 https://registry.npmjs.org/@types%2freadable-stream 141ms (from cache)
210 silly pacote tag manifest for @types/readable-stream@ts3.6 fetched in 144ms
211 http fetch GET 304 https://registry.npmjs.org/@types%2fmime-types 1631ms (from cache)
212 silly pacote tag manifest for @types/mime-types@ts3.6 fetched in 1634ms
213 http fetch GET 304 https://registry.npmjs.org/@types%2frequest 165ms (from cache)
214 silly pacote tag manifest for @types/request@ts3.6 fetched in 168ms
215 http fetch GET 304 https://registry.npmjs.org/@types%2fsafer-buffer 154ms (from cache)
216 silly pacote tag manifest for @types/safer-buffer@ts3.6 fetched in 156ms
217 http fetch GET 304 https://registry.npmjs.org/@types%2fsax 166ms (from cache)
218 silly pacote tag manifest for @types/sax@ts3.6 fetched in 170ms
219 http fetch GET 304 https://registry.npmjs.org/@types%2fsemver 154ms (from cache)
220 silly pacote tag manifest for @types/semver@ts3.6 fetched in 161ms
221 http fetch GET 304 https://registry.npmjs.org/@types%2fsend 165ms (from cache)
222 http fetch GET 304 https://registry.npmjs.org/@types%2fnpmlog 1567ms (from cache)
223 silly pacote tag manifest for @types/send@ts3.6 fetched in 168ms
224 silly pacote tag manifest for @types/npmlog@ts3.6 fetched in 1571ms
225 http fetch GET 304 https://registry.npmjs.org/@types%2fonce 1566ms (from cache)
226 silly pacote tag manifest for @types/once@ts3.6 fetched in 1570ms
227 http fetch GET 304 https://registry.npmjs.org/@types%2fsignal-exit 142ms (from cache)
228 silly pacote tag manifest for @types/signal-exit@ts3.6 fetched in 144ms
229 http fetch GET 304 https://registry.npmjs.org/@types%2fserve-static 187ms (from cache)
230 silly pacote tag manifest for @types/serve-static@ts3.6 fetched in 190ms
231 http fetch GET 200 https://registry.npmjs.org/@types%2fset-blocking 213ms
232 silly fetchPackageMetaData error for @types/set-blocking@ts3.6 No matching version found for @types/set-blocking@ts3.6.
233 http fetch GET 304 https://registry.npmjs.org/@types%2fosenv 1575ms (from cache)
234 silly pacote tag manifest for @types/osenv@ts3.6 fetched in 1579ms
235 http fetch GET 304 https://registry.npmjs.org/@types%2fstatuses 144ms (from cache)
236 silly pacote tag manifest for @types/statuses@ts3.6 fetched in 148ms
237 http fetch GET 304 https://registry.npmjs.org/@types%2fsupports-color 194ms (from cache)
238 silly pacote tag manifest for @types/supports-color@ts3.6 fetched in 202ms
239 http fetch GET 304 https://registry.npmjs.org/@types%2ftar 164ms (from cache)
240 silly pacote tag manifest for @types/tar@ts3.6 fetched in 167ms
241 http fetch GET 200 https://registry.npmjs.org/@types%2fto-regex-range 199ms
242 silly fetchPackageMetaData error for @types/to-regex-range@ts3.6 No matching version found for @types/to-regex-range@ts3.6.
243 http fetch GET 200 https://registry.npmjs.org/@types%2ftoidentifier 185ms
244 silly fetchPackageMetaData error for @types/toidentifier@ts3.6 No matching version found for @types/toidentifier@ts3.6.
245 http fetch GET 200 https://registry.npmjs.org/@types%2ftr46 159ms
246 silly fetchPackageMetaData error for @types/tr46@ts3.6 No matching version found for @types/tr46@ts3.6.
247 http fetch GET 304 https://registry.npmjs.org/@types%2ftype-is 154ms (from cache)
248 silly pacote tag manifest for @types/type-is@ts3.6 fetched in 157ms
249 http fetch GET 200 https://registry.npmjs.org/@types%2ftypedarray-to-buffer 152ms
250 silly fetchPackageMetaData error for @types/typedarray-to-buffer@ts3.6 No matching version found for @types/typedarray-to-buffer@ts3.6.
251 http fetch GET 304 https://registry.npmjs.org/@types%2fpunycode 1597ms (from cache)
252 silly pacote tag manifest for @types/punycode@ts3.6 fetched in 1598ms
253 http fetch GET 304 https://registry.npmjs.org/@types%2futil-deprecate 148ms (from cache)
254 silly pacote tag manifest for @types/util-deprecate@ts3.6 fetched in 150ms
255 http fetch GET 304 https://registry.npmjs.org/@types%2fregistry-auth-token 1579ms (from cache)
256 silly pacote tag manifest for @types/registry-auth-token@ts3.6 fetched in 1583ms
257 http fetch GET 304 https://registry.npmjs.org/@types%2futils-merge 149ms (from cache)
258 silly pacote tag manifest for @types/utils-merge@ts3.6 fetched in 154ms
259 http fetch GET 304 https://registry.npmjs.org/@types%2fuuid 164ms (from cache)
260 http fetch GET 304 https://registry.npmjs.org/@types%2fos-tmpdir 2555ms (from cache)
261 silly pacote tag manifest for @types/uuid@ts3.6 fetched in 167ms
262 silly pacote tag manifest for @types/os-tmpdir@ts3.6 fetched in 2559ms
263 http fetch GET 304 https://registry.npmjs.org/@types%2fvary 132ms (from cache)
264 silly pacote tag manifest for @types/vary@ts3.6 fetched in 135ms
265 http fetch GET 304 https://registry.npmjs.org/@types%2fwebidl-conversions 152ms (from cache)
266 http fetch GET 304 https://registry.npmjs.org/@types%2fverror 155ms (from cache)
267 silly pacote tag manifest for @types/webidl-conversions@ts3.6 fetched in 156ms
268 silly pacote tag manifest for @types/verror@ts3.6 fetched in 160ms
269 http fetch GET 304 https://registry.npmjs.org/@types%2fwhatwg-url 131ms (from cache)
270 silly pacote tag manifest for @types/whatwg-url@ts3.6 fetched in 134ms
271 http fetch GET 304 https://registry.npmjs.org/@types%2fwrite-file-atomic 150ms (from cache)
272 silly pacote tag manifest for @types/write-file-atomic@ts3.6 fetched in 153ms
273 http fetch GET 304 https://registry.npmjs.org/@types%2fwhich 169ms (from cache)
274 silly pacote tag manifest for @types/which@ts3.6 fetched in 173ms
275 http fetch GET 304 https://registry.npmjs.org/@types%2fyallist 153ms (from cache)
276 silly pacote tag manifest for @types/yallist@ts3.6 fetched in 155ms
277 http fetch GET 304 https://registry.npmjs.org/@types%2frange-parser 2461ms (from cache)
278 silly pacote tag manifest for @types/range-parser@ts3.6 fetched in 2463ms
279 http fetch GET 304 https://registry.npmjs.org/@types%2fresponselike 2396ms (from cache)
280 silly pacote tag manifest for @types/responselike@ts3.6 fetched in 2402ms
281 http fetch GET 304 https://registry.npmjs.org/@types%2ftouch 1568ms (from cache)
282 http fetch GET 304 https://registry.npmjs.org/@types%2ftough-cookie 1557ms (from cache)
283 silly pacote tag manifest for @types/touch@ts3.6 fetched in 1573ms
284 silly pacote tag manifest for @types/tough-cookie@ts3.6 fetched in 1561ms
285 http fetch GET 304 https://registry.npmjs.org/@types%2fupdate-notifier 1587ms (from cache)
286 silly pacote tag manifest for @types/update-notifier@ts3.6 fetched in 1591ms
287 http fetch GET 304 https://registry.npmjs.org/@types%2fsshpk 2435ms (from cache)
288 silly pacote tag manifest for @types/sshpk@ts3.6 fetched in 2440ms
289 http fetch GET 200 https://registry.npmjs.org/@types%2furl-parse-lax 2419ms
290 silly fetchPackageMetaData error for @types/url-parse-lax@ts3.6 No matching version found for @types/url-parse-lax@ts3.6.
291 timing stage:rollbackFailedOptional Completed in 1ms
292 timing stage:runTopLevelLifecycles Completed in 8846ms
293 verbose type tag
294 verbose stack @types/fill-range: No matching version found for @types/fill-range@ts3.6.
294 verbose stack     at pickManifest (/usr/local/lib/node_modules/npm/node_modules/npm-pick-manifest/index.js:122:13)
294 verbose stack     at /usr/local/lib/node_modules/npm/node_modules/pacote/lib/fetchers/registry/manifest.js:24:14
294 verbose stack     at tryCatcher (/usr/local/lib/node_modules/npm/node_modules/bluebird/js/release/util.js:16:23)
294 verbose stack     at Promise._settlePromiseFromHandler (/usr/local/lib/node_modules/npm/node_modules/bluebird/js/release/promise.js:517:31)
294 verbose stack     at Promise._settlePromise (/usr/local/lib/node_modules/npm/node_modules/bluebird/js/release/promise.js:574:18)
294 verbose stack     at Promise._settlePromise0 (/usr/local/lib/node_modules/npm/node_modules/bluebird/js/release/promise.js:619:10)
294 verbose stack     at Promise._settlePromises (/usr/local/lib/node_modules/npm/node_modules/bluebird/js/release/promise.js:699:18)
294 verbose stack     at _drainQueueStep (/usr/local/lib/node_modules/npm/node_modules/bluebird/js/release/async.js:138:12)
294 verbose stack     at _drainQueue (/usr/local/lib/node_modules/npm/node_modules/bluebird/js/release/async.js:131:9)
294 verbose stack     at Async._drainQueues (/usr/local/lib/node_modules/npm/node_modules/bluebird/js/release/async.js:147:5)
294 verbose stack     at Immediate.Async.drainQueues [as _onImmediate] (/usr/local/lib/node_modules/npm/node_modules/bluebird/js/release/async.js:17:14)
294 verbose stack     at processImmediate (internal/timers.js:456:21)
295 verbose cwd /home/theia/.cache/typescript/3.6
296 verbose Linux 5.15.90.1-microsoft-standard-WSL2
297 verbose argv "/usr/local/bin/node" "/usr/local/bin/npm" "install" "--ignore-scripts" "@types/abbrev@ts3.6" "@types/accepts@ts3.6" "@types/ansi-align@ts3.6" "@types/are-we-there-yet@ts3.6" "@types/asn1@ts3.6" "@types/assert-plus@ts3.6" "@types/aws4@ts3.6" "@types/balanced-match@ts3.6" "@types/body-parser@ts3.6" "@types/brace-expansion@ts3.6" "@types/braces@ts3.6" "@types/bytes@ts3.6" "@types/caseless@ts3.6" "@types/chownr@ts3.6" "@types/color-convert@ts3.6" "@types/color-name@ts3.6" "@types/color-support@ts3.6" "@types/combined-stream@ts3.6" "@types/concat-map@ts3.6" "@types/configstore@ts3.6" "@types/content-disposition@ts3.6" "@types/content-type@ts3.6" "@types/cookie@ts3.6" "@types/cookie-signature@ts3.6" "@types/dashdash@ts3.6" "@types/debug@ts3.6" "@types/deep-extend@ts3.6" "@types/delegates@ts3.6" "@types/depd@ts3.6" "@types/destroy@ts3.6" "@types/detect-libc@ts3.6" "@types/duplexer3@ts3.6" "@types/ee-first@ts3.6" "@types/encodeurl@ts3.6" "@types/end-of-stream@ts3.6" "@types/escape-html@ts3.6" "@types/etag@ts3.6" "@types/extend@ts3.6" "@types/extsprintf@ts3.6" "@types/fill-range@ts3.6" "@types/finalhandler@ts3.6" "@types/forever-agent@ts3.6" "@types/forwarded@ts3.6" "@types/fresh@ts3.6" "@types/fs-minipass@ts3.6" "@types/gauge@ts3.6" "@types/getpass@ts3.6" "@types/glob-parent@ts3.6" "@types/graceful-fs@ts3.6" "@types/http-cache-semantics@ts3.6" "@types/http-errors@ts3.6" "@types/ignore-walk@ts3.6" "@types/imurmurhash@ts3.6" "@types/inherits@ts3.6" "@types/ini@ts3.6" "@types/is-ci@ts3.6" "@types/is-glob@ts3.6" "@types/is-number@ts3.6" "@types/is-typedarray@ts3.6" "@types/isarray@ts3.6" "@types/isexe@ts3.6" "@types/isstream@ts3.6" "@types/jsbn@ts3.6" "@types/json-buffer@ts3.6" "@types/json-schema@ts3.6" "@types/json-stringify-safe@ts3.6" "@types/jwa@ts3.6" "@types/jws@ts3.6" "@types/lodash.includes@ts3.6" "@types/lodash.isboolean@ts3.6" "@types/lodash.isinteger@ts3.6" "@types/lodash.isnumber@ts3.6" "@types/lodash.isplainobject@ts3.6" "@types/lodash.isstring@ts3.6" "@types/lodash.once@ts3.6" "@types/media-typer@ts3.6" "@types/merge-descriptors@ts3.6" "@types/methods@ts3.6" "@types/mime@ts3.6" "@types/mime-db@ts3.6" "@types/mime-types@ts3.6" "@types/minimist@ts3.6" "@types/minizlib@ts3.6" "@types/ms@ts3.6" "@types/needle@ts3.6" "@types/negotiator@ts3.6" "@types/node-fetch@ts3.6" "@types/nopt@ts3.6" "@types/normalize-path@ts3.6" "@types/npm-packlist@ts3.6" "@types/npmlog@ts3.6" "@types/number-is-nan@ts3.6" "@types/object-assign@ts3.6" "@types/on-finished@ts3.6" "@types/once@ts3.6" "@types/os-homedir@ts3.6" "@types/os-tmpdir@ts3.6" "@types/osenv@ts3.6" "@types/parseurl@ts3.6" "@types/path-is-absolute@ts3.6" "@types/picomatch@ts3.6" "@types/proxy-addr@ts3.6" "@types/psl@ts3.6" "@types/pump@ts3.6" "@types/punycode@ts3.6" "@types/qs@ts3.6" "@types/range-parser@ts3.6" "@types/rc@ts3.6" "@types/readable-stream@ts3.6" "@types/registry-auth-token@ts3.6" "@types/request@ts3.6" "@types/responselike@ts3.6" "@types/safer-buffer@ts3.6" "@types/sax@ts3.6" "@types/semver@ts3.6" "@types/send@ts3.6" "@types/serve-static@ts3.6" "@types/set-blocking@ts3.6" "@types/signal-exit@ts3.6" "@types/sshpk@ts3.6" "@types/statuses@ts3.6" "@types/supports-color@ts3.6" "@types/tar@ts3.6" "@types/to-regex-range@ts3.6" "@types/toidentifier@ts3.6" "@types/touch@ts3.6" "@types/tough-cookie@ts3.6" "@types/tr46@ts3.6" "@types/type-is@ts3.6" "@types/typedarray-to-buffer@ts3.6" "@types/update-notifier@ts3.6" "@types/url-parse-lax@ts3.6" "@types/util-deprecate@ts3.6" "@types/utils-merge@ts3.6" "@types/uuid@ts3.6" "@types/vary@ts3.6" "@types/verror@ts3.6" "@types/webidl-conversions@ts3.6" "@types/whatwg-url@ts3.6" "@types/which@ts3.6" "@types/write-file-atomic@ts3.6" "@types/yallist@ts3.6" "--save-dev" "--user-agent=typesInstaller/3.6.3"
298 verbose node v12.18.3
299 verbose npm  v6.14.6
300 error code ETARGET
301 error notarget No matching version found for @types/fill-range@ts3.6.
302 error notarget In most cases you or one of your dependencies are requesting
302 error notarget a package version that doesn't exist.
303 verbose exit [ 1, true ]
