0 info it worked if it ends with ok
1 verbose cli [
1 verbose cli   '/usr/local/bin/node',
1 verbose cli   '/usr/local/bin/npm',
1 verbose cli   'install',
1 verbose cli   '--ignore-scripts',
1 verbose cli   '@types/abbrev@ts3.6',
1 verbose cli   '@types/accepts@ts3.6',
1 verbose cli   '@types/ansi-align@ts3.6',
1 verbose cli   '@types/are-we-there-yet@ts3.6',
1 verbose cli   '@types/asn1@ts3.6',
1 verbose cli   '@types/assert-plus@ts3.6',
1 verbose cli   '@types/aws4@ts3.6',
1 verbose cli   '@types/balanced-match@ts3.6',
1 verbose cli   '@types/body-parser@ts3.6',
1 verbose cli   '@types/brace-expansion@ts3.6',
1 verbose cli   '@types/braces@ts3.6',
1 verbose cli   '@types/bytes@ts3.6',
1 verbose cli   '@types/caseless@ts3.6',
1 verbose cli   '@types/chownr@ts3.6',
1 verbose cli   '@types/color-convert@ts3.6',
1 verbose cli   '@types/color-name@ts3.6',
1 verbose cli   '@types/color-support@ts3.6',
1 verbose cli   '@types/combined-stream@ts3.6',
1 verbose cli   '@types/concat-map@ts3.6',
1 verbose cli   '@types/configstore@ts3.6',
1 verbose cli   '@types/content-disposition@ts3.6',
1 verbose cli   '@types/content-type@ts3.6',
1 verbose cli   '@types/cookie@ts3.6',
1 verbose cli   '@types/cookie-signature@ts3.6',
1 verbose cli   '@types/dashdash@ts3.6',
1 verbose cli   '@types/debug@ts3.6',
1 verbose cli   '@types/deep-extend@ts3.6',
1 verbose cli   '@types/delegates@ts3.6',
1 verbose cli   '@types/depd@ts3.6',
1 verbose cli   '@types/destroy@ts3.6',
1 verbose cli   '@types/detect-libc@ts3.6',
1 verbose cli   '@types/duplexer3@ts3.6',
1 verbose cli   '@types/ee-first@ts3.6',
1 verbose cli   '@types/encodeurl@ts3.6',
1 verbose cli   '@types/end-of-stream@ts3.6',
1 verbose cli   '@types/escape-html@ts3.6',
1 verbose cli   '@types/etag@ts3.6',
1 verbose cli   '@types/extend@ts3.6',
1 verbose cli   '@types/extsprintf@ts3.6',
1 verbose cli   '@types/fill-range@ts3.6',
1 verbose cli   '@types/finalhandler@ts3.6',
1 verbose cli   '@types/forever-agent@ts3.6',
1 verbose cli   '@types/forwarded@ts3.6',
1 verbose cli   '@types/fresh@ts3.6',
1 verbose cli   '@types/fs-minipass@ts3.6',
1 verbose cli   '@types/gauge@ts3.6',
1 verbose cli   '@types/getpass@ts3.6',
1 verbose cli   '@types/glob-parent@ts3.6',
1 verbose cli   '@types/graceful-fs@ts3.6',
1 verbose cli   '@types/http-cache-semantics@ts3.6',
1 verbose cli   '@types/http-errors@ts3.6',
1 verbose cli   '@types/ignore-walk@ts3.6',
1 verbose cli   '@types/imurmurhash@ts3.6',
1 verbose cli   '@types/inherits@ts3.6',
1 verbose cli   '@types/ini@ts3.6',
1 verbose cli   '@types/is-ci@ts3.6',
1 verbose cli   '@types/is-glob@ts3.6',
1 verbose cli   '@types/is-number@ts3.6',
1 verbose cli   '@types/is-typedarray@ts3.6',
1 verbose cli   '@types/isarray@ts3.6',
1 verbose cli   '@types/isexe@ts3.6',
1 verbose cli   '@types/isstream@ts3.6',
1 verbose cli   '@types/jsbn@ts3.6',
1 verbose cli   '@types/json-buffer@ts3.6',
1 verbose cli   '@types/json-schema@ts3.6',
1 verbose cli   '@types/json-stringify-safe@ts3.6',
1 verbose cli   '@types/jwa@ts3.6',
1 verbose cli   '@types/jws@ts3.6',
1 verbose cli   '@types/lodash.includes@ts3.6',
1 verbose cli   '@types/lodash.isboolean@ts3.6',
1 verbose cli   '@types/lodash.isinteger@ts3.6',
1 verbose cli   '@types/lodash.isnumber@ts3.6',
1 verbose cli   '@types/lodash.isplainobject@ts3.6',
1 verbose cli   '@types/lodash.isstring@ts3.6',
1 verbose cli   '@types/lodash.once@ts3.6',
1 verbose cli   '@types/media-typer@ts3.6',
1 verbose cli   '@types/merge-descriptors@ts3.6',
1 verbose cli   '@types/methods@ts3.6',
1 verbose cli   '@types/mime@ts3.6',
1 verbose cli   '@types/mime-db@ts3.6',
1 verbose cli   '@types/mime-types@ts3.6',
1 verbose cli   '@types/minimist@ts3.6',
1 verbose cli   '@types/minizlib@ts3.6',
1 verbose cli   '@types/ms@ts3.6',
1 verbose cli   '@types/needle@ts3.6',
1 verbose cli   '@types/negotiator@ts3.6',
1 verbose cli   '@types/node-fetch@ts3.6',
1 verbose cli   '@types/nopt@ts3.6',
1 verbose cli   '@types/normalize-path@ts3.6',
1 verbose cli   '@types/npm-packlist@ts3.6',
1 verbose cli   '@types/npmlog@ts3.6',
1 verbose cli   '@types/number-is-nan@ts3.6',
1 verbose cli   '@types/object-assign@ts3.6',
1 verbose cli   '@types/on-finished@ts3.6',
1 verbose cli   '@types/once@ts3.6',
1 verbose cli   '@types/os-homedir@ts3.6',
1 verbose cli   ... 48 more items
1 verbose cli ]
2 info using npm@6.14.6
3 info using node@v12.18.3
4 verbose npm-session 5968bc56161950ab
5 silly install loadCurrentTree
6 silly install readLocalPackageData
7 http fetch GET 200 https://registry.npmjs.org/@types%2fasn1 97ms (from cache)
8 http fetch GET 200 https://registry.npmjs.org/@types%2fbrace-expansion 97ms (from cache)
9 silly pacote tag manifest for @types/asn1@ts3.6 fetched in 104ms
10 silly pacote tag manifest for @types/brace-expansion@ts3.6 fetched in 105ms
11 http fetch GET 200 https://registry.npmjs.org/@types%2fbytes 13ms (from cache)
12 silly pacote tag manifest for @types/bytes@ts3.6 fetched in 15ms
13 http fetch GET 200 https://registry.npmjs.org/@types%2fansi-align 449ms
14 silly fetchPackageMetaData error for @types/ansi-align@ts3.6 No matching version found for @types/ansi-align@ts3.6.
15 http fetch GET 304 https://registry.npmjs.org/@types%2fabbrev 455ms (from cache)
16 http fetch GET 304 https://registry.npmjs.org/@types%2faws4 450ms (from cache)
17 http fetch GET 304 https://registry.npmjs.org/@types%2fassert-plus 454ms (from cache)
18 http fetch GET 304 https://registry.npmjs.org/@types%2fbalanced-match 456ms (from cache)
19 http fetch GET 304 https://registry.npmjs.org/@types%2fbody-parser 458ms (from cache)
20 silly pacote tag manifest for @types/abbrev@ts3.6 fetched in 472ms
21 silly pacote tag manifest for @types/aws4@ts3.6 fetched in 461ms
22 http fetch GET 304 https://registry.npmjs.org/@types%2fbraces 358ms (from cache)
23 http fetch GET 304 https://registry.npmjs.org/@types%2faccepts 467ms (from cache)
24 silly pacote tag manifest for @types/assert-plus@ts3.6 fetched in 464ms
25 http fetch GET 200 https://registry.npmjs.org/@types%2fchownr 17ms (from cache)
26 silly pacote tag manifest for @types/balanced-match@ts3.6 fetched in 464ms
27 silly pacote tag manifest for @types/body-parser@ts3.6 fetched in 465ms
28 silly pacote tag manifest for @types/braces@ts3.6 fetched in 373ms
29 silly pacote tag manifest for @types/accepts@ts3.6 fetched in 490ms
30 silly pacote tag manifest for @types/chownr@ts3.6 fetched in 41ms
31 http fetch GET 200 https://registry.npmjs.org/@types%2fcolor-convert 39ms (from cache)
32 http fetch GET 200 https://registry.npmjs.org/@types%2fcombined-stream 47ms (from cache)
33 silly pacote tag manifest for @types/color-convert@ts3.6 fetched in 52ms
34 http fetch GET 200 https://registry.npmjs.org/@types%2fconfigstore 29ms (from cache)
35 http fetch GET 200 https://registry.npmjs.org/@types%2fcontent-type 26ms (from cache)
36 silly pacote tag manifest for @types/combined-stream@ts3.6 fetched in 51ms
37 silly pacote tag manifest for @types/configstore@ts3.6 fetched in 33ms
38 silly pacote tag manifest for @types/content-type@ts3.6 fetched in 29ms
39 http fetch GET 304 https://registry.npmjs.org/@types%2fcolor-support 149ms (from cache)
40 silly pacote tag manifest for @types/color-support@ts3.6 fetched in 151ms
41 http fetch GET 304 https://registry.npmjs.org/@types%2fconcat-map 190ms (from cache)
42 silly pacote tag manifest for @types/concat-map@ts3.6 fetched in 197ms
43 http fetch GET 304 https://registry.npmjs.org/@types%2fcontent-disposition 186ms (from cache)
44 http fetch GET 304 https://registry.npmjs.org/@types%2fcookie 162ms (from cache)
45 silly pacote tag manifest for @types/content-disposition@ts3.6 fetched in 194ms
46 http fetch GET 304 https://registry.npmjs.org/@types%2fcolor-name 220ms (from cache)
47 silly pacote tag manifest for @types/cookie@ts3.6 fetched in 168ms
48 silly pacote tag manifest for @types/color-name@ts3.6 fetched in 223ms
49 http fetch GET 304 https://registry.npmjs.org/@types%2fdashdash 171ms (from cache)
50 http fetch GET 304 https://registry.npmjs.org/@types%2fcookie-signature 179ms (from cache)
51 silly pacote tag manifest for @types/dashdash@ts3.6 fetched in 181ms
52 silly pacote tag manifest for @types/cookie-signature@ts3.6 fetched in 184ms
53 http fetch GET 304 https://registry.npmjs.org/@types%2fdebug 184ms (from cache)
54 silly pacote tag manifest for @types/debug@ts3.6 fetched in 187ms
55 http fetch GET 200 https://registry.npmjs.org/@types%2fduplexer3 15ms (from cache)
56 http fetch GET 200 https://registry.npmjs.org/@types%2fee-first 17ms (from cache)
57 silly pacote tag manifest for @types/duplexer3@ts3.6 fetched in 21ms
58 silly pacote tag manifest for @types/ee-first@ts3.6 fetched in 21ms
59 http fetch GET 304 https://registry.npmjs.org/@types%2fdeep-extend 140ms (from cache)
60 silly pacote tag manifest for @types/deep-extend@ts3.6 fetched in 142ms
61 http fetch GET 304 https://registry.npmjs.org/@types%2fdestroy 202ms (from cache)
62 http fetch GET 304 https://registry.npmjs.org/@types%2fdepd 204ms (from cache)
63 http fetch GET 304 https://registry.npmjs.org/@types%2fencodeurl 174ms (from cache)
64 silly pacote tag manifest for @types/destroy@ts3.6 fetched in 204ms
65 silly pacote tag manifest for @types/depd@ts3.6 fetched in 207ms
66 silly pacote tag manifest for @types/encodeurl@ts3.6 fetched in 178ms
67 http fetch GET 304 https://registry.npmjs.org/@types%2fescape-html 169ms (from cache)
68 http fetch GET 304 https://registry.npmjs.org/@types%2fend-of-stream 174ms (from cache)
69 silly pacote tag manifest for @types/escape-html@ts3.6 fetched in 176ms
70 silly pacote tag manifest for @types/end-of-stream@ts3.6 fetched in 186ms
71 http fetch GET 200 https://registry.npmjs.org/@types%2ffinalhandler 18ms (from cache)
72 http fetch GET 200 https://registry.npmjs.org/@types%2fforever-agent 12ms (from cache)
73 silly pacote tag manifest for @types/finalhandler@ts3.6 fetched in 21ms
74 silly pacote tag manifest for @types/forever-agent@ts3.6 fetched in 13ms
75 http fetch GET 304 https://registry.npmjs.org/@types%2fetag 176ms (from cache)
76 silly pacote tag manifest for @types/etag@ts3.6 fetched in 177ms
77 http fetch GET 304 https://registry.npmjs.org/@types%2fextend 131ms (from cache)
78 silly pacote tag manifest for @types/extend@ts3.6 fetched in 133ms
79 http fetch GET 304 https://registry.npmjs.org/@types%2ffresh 151ms (from cache)
80 silly pacote tag manifest for @types/fresh@ts3.6 fetched in 152ms
81 http fetch GET 200 https://registry.npmjs.org/@types%2ffill-range 1487ms
82 silly fetchPackageMetaData error for @types/fill-range@ts3.6 No matching version found for @types/fill-range@ts3.6.
83 http fetch GET 304 https://registry.npmjs.org/@types%2fare-we-there-yet 2494ms (from cache)
84 silly pacote tag manifest for @types/are-we-there-yet@ts3.6 fetched in 2495ms
85 http fetch GET 304 https://registry.npmjs.org/@types%2fcaseless 2386ms (from cache)
86 silly pacote tag manifest for @types/caseless@ts3.6 fetched in 2388ms
87 http fetch GET 304 https://registry.npmjs.org/@types%2fglob-parent 143ms (from cache)
88 silly pacote tag manifest for @types/glob-parent@ts3.6 fetched in 145ms
89 http fetch GET 304 https://registry.npmjs.org/@types%2fgraceful-fs 161ms (from cache)
90 http fetch GET 304 https://registry.npmjs.org/@types%2fhttp-cache-semantics 141ms (from cache)
91 silly pacote tag manifest for @types/graceful-fs@ts3.6 fetched in 163ms
92 silly pacote tag manifest for @types/http-cache-semantics@ts3.6 fetched in 145ms
93 http fetch GET 304 https://registry.npmjs.org/@types%2fhttp-errors 137ms (from cache)
94 silly pacote tag manifest for @types/http-errors@ts3.6 fetched in 141ms
95 http fetch GET 304 https://registry.npmjs.org/@types%2fignore-walk 148ms (from cache)
96 silly pacote tag manifest for @types/ignore-walk@ts3.6 fetched in 150ms
97 http fetch GET 200 https://registry.npmjs.org/@types%2fini 8ms (from cache)
98 silly pacote tag manifest for @types/ini@ts3.6 fetched in 10ms
99 http fetch GET 304 https://registry.npmjs.org/@types%2finherits 171ms (from cache)
100 http fetch GET 304 https://registry.npmjs.org/@types%2fimurmurhash 178ms (from cache)
101 silly pacote tag manifest for @types/inherits@ts3.6 fetched in 173ms
102 silly pacote tag manifest for @types/imurmurhash@ts3.6 fetched in 181ms
103 http fetch GET 200 https://registry.npmjs.org/@types%2fdelegates 2190ms
104 silly fetchPackageMetaData error for @types/delegates@ts3.6 No matching version found for @types/delegates@ts3.6.
105 http fetch GET 200 https://registry.npmjs.org/@types%2fis-typedarray 6ms (from cache)
106 silly pacote tag manifest for @types/is-typedarray@ts3.6 fetched in 8ms
107 http fetch GET 200 https://registry.npmjs.org/@types%2fisarray 7ms (from cache)
108 silly pacote tag manifest for @types/isarray@ts3.6 fetched in 9ms
109 http fetch GET 304 https://registry.npmjs.org/@types%2fdetect-libc 2243ms (from cache)
110 silly pacote tag manifest for @types/detect-libc@ts3.6 fetched in 2245ms
111 http fetch GET 304 https://registry.npmjs.org/@types%2fis-ci 196ms (from cache)
112 http fetch GET 304 https://registry.npmjs.org/@types%2fis-number 173ms (from cache)
113 http fetch GET 304 https://registry.npmjs.org/@types%2fis-glob 175ms (from cache)
114 silly pacote tag manifest for @types/is-ci@ts3.6 fetched in 198ms
115 http fetch GET 304 https://registry.npmjs.org/@types%2fisexe 137ms (from cache)
116 silly pacote tag manifest for @types/is-number@ts3.6 fetched in 176ms
117 silly pacote tag manifest for @types/is-glob@ts3.6 fetched in 178ms
118 silly pacote tag manifest for @types/isexe@ts3.6 fetched in 141ms
119 http fetch GET 200 https://registry.npmjs.org/@types%2fjsbn 26ms (from cache)
120 silly pacote tag manifest for @types/jsbn@ts3.6 fetched in 28ms
121 http fetch GET 200 https://registry.npmjs.org/@types%2fjwa 4ms (from cache)
122 silly pacote tag manifest for @types/jwa@ts3.6 fetched in 6ms
123 http fetch GET 200 https://registry.npmjs.org/@types%2fjws 3ms (from cache)
124 silly pacote tag manifest for @types/jws@ts3.6 fetched in 6ms
125 http fetch GET 200 https://registry.npmjs.org/@types%2ffs-minipass 2206ms
126 silly fetchPackageMetaData error for @types/fs-minipass@ts3.6 No matching version found for @types/fs-minipass@ts3.6.
127 http fetch GET 200 https://registry.npmjs.org/@types%2flodash.isboolean 5ms (from cache)
128 silly pacote tag manifest for @types/lodash.isboolean@ts3.6 fetched in 7ms
129 http fetch GET 200 https://registry.npmjs.org/@types%2flodash.isinteger 4ms (from cache)
130 silly pacote tag manifest for @types/lodash.isinteger@ts3.6 fetched in 6ms
131 http fetch GET 200 https://registry.npmjs.org/@types%2flodash.isnumber 7ms (from cache)
132 silly pacote tag manifest for @types/lodash.isnumber@ts3.6 fetched in 9ms
133 http fetch GET 200 https://registry.npmjs.org/@types%2flodash.isplainobject 4ms (from cache)
134 http fetch GET 304 https://registry.npmjs.org/@types%2fjson-buffer 154ms (from cache)
135 silly pacote tag manifest for @types/lodash.isplainobject@ts3.6 fetched in 8ms
136 silly pacote tag manifest for @types/json-buffer@ts3.6 fetched in 157ms
137 http fetch GET 200 https://registry.npmjs.org/@types%2flodash.isstring 9ms (from cache)
138 http fetch GET 200 https://registry.npmjs.org/@types%2flodash.once 10ms (from cache)
139 silly pacote tag manifest for @types/lodash.isstring@ts3.6 fetched in 15ms
140 silly pacote tag manifest for @types/lodash.once@ts3.6 fetched in 15ms
141 http fetch GET 304 https://registry.npmjs.org/@types%2fjson-schema 174ms (from cache)
142 silly pacote tag manifest for @types/json-schema@ts3.6 fetched in 178ms
143 http fetch GET 200 https://registry.npmjs.org/@types%2fmedia-typer 10ms (from cache)
144 silly pacote tag manifest for @types/media-typer@ts3.6 fetched in 13ms
145 http fetch GET 200 https://registry.npmjs.org/@types%2fmerge-descriptors 11ms (from cache)
146 http fetch GET 304 https://registry.npmjs.org/@types%2fextsprintf 2316ms (from cache)
147 silly pacote tag manifest for @types/merge-descriptors@ts3.6 fetched in 16ms
148 silly pacote tag manifest for @types/extsprintf@ts3.6 fetched in 2324ms
149 http fetch GET 200 https://registry.npmjs.org/@types%2fmime 20ms (from cache)
150 http fetch GET 200 https://registry.npmjs.org/@types%2fmime-db 21ms (from cache)
151 silly pacote tag manifest for @types/mime@ts3.6 fetched in 30ms
152 silly pacote tag manifest for @types/mime-db@ts3.6 fetched in 26ms
153 http fetch GET 304 https://registry.npmjs.org/@types%2flodash.includes 189ms (from cache)
154 http fetch GET 304 https://registry.npmjs.org/@types%2fforwarded 2326ms (from cache)
155 silly pacote tag manifest for @types/lodash.includes@ts3.6 fetched in 191ms
156 silly pacote tag manifest for @types/forwarded@ts3.6 fetched in 2329ms
157 http fetch GET 200 https://registry.npmjs.org/@types%2fneedle 6ms (from cache)
158 silly pacote tag manifest for @types/needle@ts3.6 fetched in 8ms
159 http fetch GET 200 https://registry.npmjs.org/@types%2fnegotiator 6ms (from cache)
160 silly pacote tag manifest for @types/negotiator@ts3.6 fetched in 9ms
161 http fetch GET 200 https://registry.npmjs.org/@types%2fnode-fetch 4ms (from cache)
162 http fetch GET 200 https://registry.npmjs.org/@types%2fgauge 2251ms
163 silly fetchPackageMetaData error for @types/gauge@ts3.6 No matching version found for @types/gauge@ts3.6.
164 silly pacote tag manifest for @types/node-fetch@ts3.6 fetched in 8ms
165 http fetch GET 304 https://registry.npmjs.org/@types%2fjson-stringify-safe 263ms (from cache)
166 http fetch GET 200 https://registry.npmjs.org/@types%2fnormalize-path 8ms (from cache)
167 silly pacote tag manifest for @types/json-stringify-safe@ts3.6 fetched in 266ms
168 silly pacote tag manifest for @types/normalize-path@ts3.6 fetched in 10ms
169 http fetch GET 304 https://registry.npmjs.org/@types%2fgetpass 2228ms (from cache)
170 silly pacote tag manifest for @types/getpass@ts3.6 fetched in 2230ms
171 http fetch GET 304 https://registry.npmjs.org/@types%2fmime-types 141ms (from cache)
172 silly pacote tag manifest for @types/mime-types@ts3.6 fetched in 143ms
173 http fetch GET 304 https://registry.npmjs.org/@types%2fmethods 172ms (from cache)
174 silly pacote tag manifest for @types/methods@ts3.6 fetched in 174ms
175 http fetch GET 200 https://registry.npmjs.org/@types%2fon-finished 25ms (from cache)
176 silly pacote tag manifest for @types/on-finished@ts3.6 fetched in 31ms
177 http fetch GET 304 https://registry.npmjs.org/@types%2fminimist 182ms (from cache)
178 http fetch GET 304 https://registry.npmjs.org/@types%2fms 167ms (from cache)
179 silly pacote tag manifest for @types/minimist@ts3.6 fetched in 187ms
180 http fetch GET 304 https://registry.npmjs.org/@types%2fnopt 144ms (from cache)
181 silly pacote tag manifest for @types/ms@ts3.6 fetched in 172ms
182 http fetch GET 304 https://registry.npmjs.org/@types%2fminizlib 188ms (from cache)
183 silly pacote tag manifest for @types/nopt@ts3.6 fetched in 155ms
184 silly pacote tag manifest for @types/minizlib@ts3.6 fetched in 197ms
185 http fetch GET 200 https://registry.npmjs.org/@types%2fos-homedir 17ms (from cache)
186 silly pacote tag manifest for @types/os-homedir@ts3.6 fetched in 32ms
187 http fetch GET 304 https://registry.npmjs.org/@types%2fnumber-is-nan 159ms (from cache)
188 silly pacote tag manifest for @types/number-is-nan@ts3.6 fetched in 161ms
189 http fetch GET 200 https://registry.npmjs.org/@types%2fpicomatch 6ms (from cache)
190 silly pacote tag manifest for @types/picomatch@ts3.6 fetched in 8ms
191 http fetch GET 304 https://registry.npmjs.org/@types%2fobject-assign 141ms (from cache)
192 silly pacote tag manifest for @types/object-assign@ts3.6 fetched in 143ms
193 http fetch GET 304 https://registry.npmjs.org/@types%2fonce 138ms (from cache)
194 silly pacote tag manifest for @types/once@ts3.6 fetched in 143ms
195 http fetch GET 304 https://registry.npmjs.org/@types%2fos-tmpdir 132ms (from cache)
196 silly pacote tag manifest for @types/os-tmpdir@ts3.6 fetched in 135ms
197 http fetch GET 304 https://registry.npmjs.org/@types%2fosenv 180ms (from cache)
198 http fetch GET 304 https://registry.npmjs.org/@types%2fparseurl 181ms (from cache)
199 silly pacote tag manifest for @types/osenv@ts3.6 fetched in 183ms
200 silly pacote tag manifest for @types/parseurl@ts3.6 fetched in 184ms
201 http fetch GET 304 https://registry.npmjs.org/@types%2fproxy-addr 161ms (from cache)
202 http fetch GET 304 https://registry.npmjs.org/@types%2fpath-is-absolute 182ms (from cache)
203 silly pacote tag manifest for @types/proxy-addr@ts3.6 fetched in 163ms
204 silly pacote tag manifest for @types/path-is-absolute@ts3.6 fetched in 185ms
205 http fetch GET 200 https://registry.npmjs.org/@types%2freadable-stream 16ms (from cache)
206 silly pacote tag manifest for @types/readable-stream@ts3.6 fetched in 18ms
207 http fetch GET 200 https://registry.npmjs.org/@types%2fregistry-auth-token 5ms (from cache)
208 silly pacote tag manifest for @types/registry-auth-token@ts3.6 fetched in 7ms
209 http fetch GET 304 https://registry.npmjs.org/@types%2fpump 154ms (from cache)
210 silly pacote tag manifest for @types/pump@ts3.6 fetched in 156ms
211 http fetch GET 304 https://registry.npmjs.org/@types%2fpunycode 161ms (from cache)
212 silly pacote tag manifest for @types/punycode@ts3.6 fetched in 162ms
213 http fetch GET 304 https://registry.npmjs.org/@types%2frange-parser 153ms (from cache)
214 http fetch GET 304 https://registry.npmjs.org/@types%2fqs 167ms (from cache)
215 silly pacote tag manifest for @types/range-parser@ts3.6 fetched in 167ms
216 silly pacote tag manifest for @types/qs@ts3.6 fetched in 171ms
217 http fetch GET 304 https://registry.npmjs.org/@types%2frequest 168ms (from cache)
218 silly pacote tag manifest for @types/request@ts3.6 fetched in 174ms
219 http fetch GET 304 https://registry.npmjs.org/@types%2fresponselike 154ms (from cache)
220 silly pacote tag manifest for @types/responselike@ts3.6 fetched in 156ms
221 http fetch GET 304 https://registry.npmjs.org/@types%2fsafer-buffer 142ms (from cache)
222 silly pacote tag manifest for @types/safer-buffer@ts3.6 fetched in 144ms
223 http fetch GET 304 https://registry.npmjs.org/@types%2fsax 147ms (from cache)
224 silly pacote tag manifest for @types/sax@ts3.6 fetched in 149ms
225 http fetch GET 304 https://registry.npmjs.org/@types%2fsemver 150ms (from cache)
226 silly pacote tag manifest for @types/semver@ts3.6 fetched in 152ms
227 http fetch GET 200 https://registry.npmjs.org/@types%2fsignal-exit 6ms (from cache)
228 silly pacote tag manifest for @types/signal-exit@ts3.6 fetched in 9ms
229 http fetch GET 304 https://registry.npmjs.org/@types%2fsend 125ms (from cache)
230 silly pacote tag manifest for @types/send@ts3.6 fetched in 126ms
231 http fetch GET 200 https://registry.npmjs.org/@types%2fsupports-color 9ms (from cache)
232 silly pacote tag manifest for @types/supports-color@ts3.6 fetched in 12ms
233 http fetch GET 200 https://registry.npmjs.org/@types%2fset-blocking 125ms
234 silly fetchPackageMetaData error for @types/set-blocking@ts3.6 No matching version found for @types/set-blocking@ts3.6.
235 http fetch GET 304 https://registry.npmjs.org/@types%2fserve-static 137ms (from cache)
236 silly pacote tag manifest for @types/serve-static@ts3.6 fetched in 144ms
237 http fetch GET 200 https://registry.npmjs.org/@types%2ftoidentifier 241ms
238 silly fetchPackageMetaData error for @types/toidentifier@ts3.6 No matching version found for @types/toidentifier@ts3.6.
239 http fetch GET 200 https://registry.npmjs.org/@types%2fto-regex-range 250ms
240 silly fetchPackageMetaData error for @types/to-regex-range@ts3.6 No matching version found for @types/to-regex-range@ts3.6.
241 http fetch GET 304 https://registry.npmjs.org/@types%2ftar 268ms (from cache)
242 silly pacote tag manifest for @types/tar@ts3.6 fetched in 270ms
243 http fetch GET 200 https://registry.npmjs.org/@types%2ftr46 136ms
244 silly fetchPackageMetaData error for @types/tr46@ts3.6 No matching version found for @types/tr46@ts3.6.
245 http fetch GET 304 https://registry.npmjs.org/@types%2ftough-cookie 147ms (from cache)
246 http fetch GET 304 https://registry.npmjs.org/@types%2ftouch 150ms (from cache)
247 http fetch GET 304 https://registry.npmjs.org/@types%2fisstream 1462ms (from cache)
248 silly pacote tag manifest for @types/tough-cookie@ts3.6 fetched in 151ms
249 silly pacote tag manifest for @types/touch@ts3.6 fetched in 155ms
250 silly pacote tag manifest for @types/isstream@ts3.6 fetched in 1466ms
251 http fetch GET 200 https://registry.npmjs.org/@types%2fupdate-notifier 13ms (from cache)
252 silly pacote tag manifest for @types/update-notifier@ts3.6 fetched in 15ms
253 http fetch GET 200 https://registry.npmjs.org/@types%2ftypedarray-to-buffer 166ms
254 http fetch GET 200 https://registry.npmjs.org/@types%2furl-parse-lax 163ms
255 silly fetchPackageMetaData error for @types/typedarray-to-buffer@ts3.6 No matching version found for @types/typedarray-to-buffer@ts3.6.
256 silly fetchPackageMetaData error for @types/url-parse-lax@ts3.6 No matching version found for @types/url-parse-lax@ts3.6.
257 http fetch GET 304 https://registry.npmjs.org/@types%2futil-deprecate 168ms (from cache)
258 http fetch GET 304 https://registry.npmjs.org/@types%2ftype-is 192ms (from cache)
259 silly pacote tag manifest for @types/util-deprecate@ts3.6 fetched in 172ms
260 silly pacote tag manifest for @types/type-is@ts3.6 fetched in 196ms
261 http fetch GET 200 https://registry.npmjs.org/@types%2fverror 18ms (from cache)
262 silly pacote tag manifest for @types/verror@ts3.6 fetched in 20ms
263 http fetch GET 200 https://registry.npmjs.org/@types%2fwebidl-conversions 5ms (from cache)
264 silly pacote tag manifest for @types/webidl-conversions@ts3.6 fetched in 7ms
265 http fetch GET 304 https://registry.npmjs.org/@types%2fpsl 1181ms (from cache)
266 silly pacote tag manifest for @types/psl@ts3.6 fetched in 1182ms
267 http fetch GET 304 https://registry.npmjs.org/@types%2futils-merge 135ms (from cache)
268 silly pacote tag manifest for @types/utils-merge@ts3.6 fetched in 136ms
269 http fetch GET 304 https://registry.npmjs.org/@types%2fuuid 149ms (from cache)
270 silly pacote tag manifest for @types/uuid@ts3.6 fetched in 153ms
271 http fetch GET 304 https://registry.npmjs.org/@types%2fvary 166ms (from cache)
272 http fetch GET 304 https://registry.npmjs.org/@types%2fnpmlog 1468ms (from cache)
273 silly pacote tag manifest for @types/vary@ts3.6 fetched in 168ms
274 http fetch GET 304 https://registry.npmjs.org/@types%2fwhatwg-url 140ms (from cache)
275 silly pacote tag manifest for @types/npmlog@ts3.6 fetched in 1471ms
276 silly pacote tag manifest for @types/whatwg-url@ts3.6 fetched in 142ms
277 http fetch GET 304 https://registry.npmjs.org/@types%2fyallist 141ms (from cache)
278 silly pacote tag manifest for @types/yallist@ts3.6 fetched in 144ms
279 http fetch GET 304 https://registry.npmjs.org/@types%2fstatuses 1470ms (from cache)
280 silly pacote tag manifest for @types/statuses@ts3.6 fetched in 1472ms
281 http fetch GET 304 https://registry.npmjs.org/@types%2fnpm-packlist 2264ms (from cache)
282 silly pacote tag manifest for @types/npm-packlist@ts3.6 fetched in 2265ms
283 http fetch GET 304 https://registry.npmjs.org/@types%2frc 2261ms (from cache)
284 silly pacote tag manifest for @types/rc@ts3.6 fetched in 2263ms
285 http fetch GET 304 https://registry.npmjs.org/@types%2fsshpk 2338ms (from cache)
286 silly pacote tag manifest for @types/sshpk@ts3.6 fetched in 2339ms
287 http fetch GET 304 https://registry.npmjs.org/@types%2fwhich 2190ms (from cache)
288 silly pacote tag manifest for @types/which@ts3.6 fetched in 2193ms
289 http fetch GET 304 https://registry.npmjs.org/@types%2fwrite-file-atomic 2236ms (from cache)
290 silly pacote tag manifest for @types/write-file-atomic@ts3.6 fetched in 2238ms
291 timing stage:rollbackFailedOptional Completed in 1ms
292 timing stage:runTopLevelLifecycles Completed in 7138ms
293 verbose type tag
294 verbose stack @types/ansi-align: No matching version found for @types/ansi-align@ts3.6.
294 verbose stack     at pickManifest (/usr/local/lib/node_modules/npm/node_modules/npm-pick-manifest/index.js:122:13)
294 verbose stack     at /usr/local/lib/node_modules/npm/node_modules/pacote/lib/fetchers/registry/manifest.js:24:14
294 verbose stack     at tryCatcher (/usr/local/lib/node_modules/npm/node_modules/bluebird/js/release/util.js:16:23)
294 verbose stack     at Promise._settlePromiseFromHandler (/usr/local/lib/node_modules/npm/node_modules/bluebird/js/release/promise.js:517:31)
294 verbose stack     at Promise._settlePromise (/usr/local/lib/node_modules/npm/node_modules/bluebird/js/release/promise.js:574:18)
294 verbose stack     at Promise._settlePromise0 (/usr/local/lib/node_modules/npm/node_modules/bluebird/js/release/promise.js:619:10)
294 verbose stack     at Promise._settlePromises (/usr/local/lib/node_modules/npm/node_modules/bluebird/js/release/promise.js:699:18)
294 verbose stack     at _drainQueueStep (/usr/local/lib/node_modules/npm/node_modules/bluebird/js/release/async.js:138:12)
294 verbose stack     at _drainQueue (/usr/local/lib/node_modules/npm/node_modules/bluebird/js/release/async.js:131:9)
294 verbose stack     at Async._drainQueues (/usr/local/lib/node_modules/npm/node_modules/bluebird/js/release/async.js:147:5)
294 verbose stack     at Immediate.Async.drainQueues [as _onImmediate] (/usr/local/lib/node_modules/npm/node_modules/bluebird/js/release/async.js:17:14)
294 verbose stack     at processImmediate (internal/timers.js:456:21)
295 verbose cwd /home/theia/.cache/typescript/3.6
296 verbose Linux 5.15.90.1-microsoft-standard-WSL2
297 verbose argv "/usr/local/bin/node" "/usr/local/bin/npm" "install" "--ignore-scripts" "@types/abbrev@ts3.6" "@types/accepts@ts3.6" "@types/ansi-align@ts3.6" "@types/are-we-there-yet@ts3.6" "@types/asn1@ts3.6" "@types/assert-plus@ts3.6" "@types/aws4@ts3.6" "@types/balanced-match@ts3.6" "@types/body-parser@ts3.6" "@types/brace-expansion@ts3.6" "@types/braces@ts3.6" "@types/bytes@ts3.6" "@types/caseless@ts3.6" "@types/chownr@ts3.6" "@types/color-convert@ts3.6" "@types/color-name@ts3.6" "@types/color-support@ts3.6" "@types/combined-stream@ts3.6" "@types/concat-map@ts3.6" "@types/configstore@ts3.6" "@types/content-disposition@ts3.6" "@types/content-type@ts3.6" "@types/cookie@ts3.6" "@types/cookie-signature@ts3.6" "@types/dashdash@ts3.6" "@types/debug@ts3.6" "@types/deep-extend@ts3.6" "@types/delegates@ts3.6" "@types/depd@ts3.6" "@types/destroy@ts3.6" "@types/detect-libc@ts3.6" "@types/duplexer3@ts3.6" "@types/ee-first@ts3.6" "@types/encodeurl@ts3.6" "@types/end-of-stream@ts3.6" "@types/escape-html@ts3.6" "@types/etag@ts3.6" "@types/extend@ts3.6" "@types/extsprintf@ts3.6" "@types/fill-range@ts3.6" "@types/finalhandler@ts3.6" "@types/forever-agent@ts3.6" "@types/forwarded@ts3.6" "@types/fresh@ts3.6" "@types/fs-minipass@ts3.6" "@types/gauge@ts3.6" "@types/getpass@ts3.6" "@types/glob-parent@ts3.6" "@types/graceful-fs@ts3.6" "@types/http-cache-semantics@ts3.6" "@types/http-errors@ts3.6" "@types/ignore-walk@ts3.6" "@types/imurmurhash@ts3.6" "@types/inherits@ts3.6" "@types/ini@ts3.6" "@types/is-ci@ts3.6" "@types/is-glob@ts3.6" "@types/is-number@ts3.6" "@types/is-typedarray@ts3.6" "@types/isarray@ts3.6" "@types/isexe@ts3.6" "@types/isstream@ts3.6" "@types/jsbn@ts3.6" "@types/json-buffer@ts3.6" "@types/json-schema@ts3.6" "@types/json-stringify-safe@ts3.6" "@types/jwa@ts3.6" "@types/jws@ts3.6" "@types/lodash.includes@ts3.6" "@types/lodash.isboolean@ts3.6" "@types/lodash.isinteger@ts3.6" "@types/lodash.isnumber@ts3.6" "@types/lodash.isplainobject@ts3.6" "@types/lodash.isstring@ts3.6" "@types/lodash.once@ts3.6" "@types/media-typer@ts3.6" "@types/merge-descriptors@ts3.6" "@types/methods@ts3.6" "@types/mime@ts3.6" "@types/mime-db@ts3.6" "@types/mime-types@ts3.6" "@types/minimist@ts3.6" "@types/minizlib@ts3.6" "@types/ms@ts3.6" "@types/needle@ts3.6" "@types/negotiator@ts3.6" "@types/node-fetch@ts3.6" "@types/nopt@ts3.6" "@types/normalize-path@ts3.6" "@types/npm-packlist@ts3.6" "@types/npmlog@ts3.6" "@types/number-is-nan@ts3.6" "@types/object-assign@ts3.6" "@types/on-finished@ts3.6" "@types/once@ts3.6" "@types/os-homedir@ts3.6" "@types/os-tmpdir@ts3.6" "@types/osenv@ts3.6" "@types/parseurl@ts3.6" "@types/path-is-absolute@ts3.6" "@types/picomatch@ts3.6" "@types/proxy-addr@ts3.6" "@types/psl@ts3.6" "@types/pump@ts3.6" "@types/punycode@ts3.6" "@types/qs@ts3.6" "@types/range-parser@ts3.6" "@types/rc@ts3.6" "@types/readable-stream@ts3.6" "@types/registry-auth-token@ts3.6" "@types/request@ts3.6" "@types/responselike@ts3.6" "@types/safer-buffer@ts3.6" "@types/sax@ts3.6" "@types/semver@ts3.6" "@types/send@ts3.6" "@types/serve-static@ts3.6" "@types/set-blocking@ts3.6" "@types/signal-exit@ts3.6" "@types/sshpk@ts3.6" "@types/statuses@ts3.6" "@types/supports-color@ts3.6" "@types/tar@ts3.6" "@types/to-regex-range@ts3.6" "@types/toidentifier@ts3.6" "@types/touch@ts3.6" "@types/tough-cookie@ts3.6" "@types/tr46@ts3.6" "@types/type-is@ts3.6" "@types/typedarray-to-buffer@ts3.6" "@types/update-notifier@ts3.6" "@types/url-parse-lax@ts3.6" "@types/util-deprecate@ts3.6" "@types/utils-merge@ts3.6" "@types/uuid@ts3.6" "@types/vary@ts3.6" "@types/verror@ts3.6" "@types/webidl-conversions@ts3.6" "@types/whatwg-url@ts3.6" "@types/which@ts3.6" "@types/write-file-atomic@ts3.6" "@types/yallist@ts3.6" "--save-dev" "--user-agent=typesInstaller/3.6.3"
298 verbose node v12.18.3
299 verbose npm  v6.14.6
300 error code ETARGET
301 error notarget No matching version found for @types/ansi-align@ts3.6.
302 error notarget In most cases you or one of your dependencies are requesting
302 error notarget a package version that doesn't exist.
303 verbose exit [ 1, true ]
