0 info it worked if it ends with ok
1 verbose cli [
1 verbose cli   '/usr/local/bin/node',
1 verbose cli   '/usr/local/bin/npm',
1 verbose cli   'install',
1 verbose cli   '--ignore-scripts',
1 verbose cli   '@types/memory-fs@ts3.6',
1 verbose cli   '@types/memorystream@ts3.6',
1 verbose cli   '@types/merge-descriptors@ts3.6',
1 verbose cli   '@types/merge-stream@ts3.6',
1 verbose cli   '@types/merge2@ts3.6',
1 verbose cli   '@types/methods@ts3.6',
1 verbose cli   '@types/micromatch@ts3.6',
1 verbose cli   '@types/mime@ts3.6',
1 verbose cli   '@types/mime-db@ts3.6',
1 verbose cli   '@types/mime-types@ts3.6',
1 verbose cli   '@types/min-indent@ts3.6',
1 verbose cli   '@types/minimalistic-assert@ts3.6',
1 verbose cli   '@types/minimist@ts3.6',
1 verbose cli   '@types/minizlib@ts3.6',
1 verbose cli   '@types/move-concurrently@ts3.6',
1 verbose cli   '@types/ms@ts3.6',
1 verbose cli   '@types/multicast-dns@ts3.6',
1 verbose cli   '@types/natural-compare@ts3.6',
1 verbose cli   '@types/negotiator@ts3.6',
1 verbose cli   '@types/neo-async@ts3.6',
1 verbose cli   '@types/next-tick@ts3.6',
1 verbose cli   '@types/nice-try@ts3.6',
1 verbose cli   '@types/node-forge@ts3.6',
1 verbose cli   '@types/node-int64@ts3.6',
1 verbose cli   '@types/node-notifier@ts3.6',
1 verbose cli   '@types/normalize-package-data@ts3.6',
1 verbose cli   '@types/normalize-path@ts3.6',
1 verbose cli   '@types/num2fraction@ts3.6',
1 verbose cli   '@types/nwsapi@ts3.6',
1 verbose cli   '@types/object-assign@ts3.6',
1 verbose cli   '@types/object-inspect@ts3.6',
1 verbose cli   '@types/object-keys@ts3.6',
1 verbose cli   '@types/object.fromentries@ts3.6',
1 verbose cli   '@types/object.getownpropertydescriptors@ts3.6',
1 verbose cli   '@types/object.pick@ts3.6',
1 verbose cli   '@types/on-finished@ts3.6',
1 verbose cli   '@types/on-headers@ts3.6',
1 verbose cli   '@types/once@ts3.6',
1 verbose cli   '@types/optimize-css-assets-webpack-plugin@ts3.6',
1 verbose cli   '@types/pako@ts3.6',
1 verbose cli   '@types/parallel-transform@ts3.6',
1 verbose cli   '@types/parse-json@ts3.6',
1 verbose cli   '@types/parseurl@ts3.6',
1 verbose cli   '@types/pascalcase@ts3.6',
1 verbose cli   '@types/path-browserify@ts3.6',
1 verbose cli   '@types/path-is-absolute@ts3.6',
1 verbose cli   '@types/path-is-inside@ts3.6',
1 verbose cli   '@types/path-parse@ts3.6',
1 verbose cli   '@types/pbkdf2@ts3.6',
1 verbose cli   '@types/picomatch@ts3.6',
1 verbose cli   '@types/pify@ts3.6',
1 verbose cli   '@types/postcss-flexbugs-fixes@ts3.6',
1 verbose cli   '@types/postcss-gap-properties@ts3.6',
1 verbose cli   '@types/postcss-modules-extract-imports@ts3.6',
1 verbose cli   '@types/postcss-modules-local-by-default@ts3.6',
1 verbose cli   '@types/postcss-modules-scope@ts3.6',
1 verbose cli   '@types/postcss-modules-values@ts3.6',
1 verbose cli   '@types/postcss-normalize@ts3.6',
1 verbose cli   '@types/postcss-safe-parser@ts3.6',
1 verbose cli   '@types/prelude-ls@ts3.6',
1 verbose cli   '@types/prettier-linter-helpers@ts3.6',
1 verbose cli   '@types/progress@ts3.6',
1 verbose cli   '@types/promise-inflight@ts3.6',
1 verbose cli   '@types/prompts@ts3.6',
1 verbose cli   '@types/prop-types@ts3.6',
1 verbose cli   '@types/proxy-addr@ts3.6',
1 verbose cli   '@types/psl@ts3.6',
1 verbose cli   '@types/pump@ts3.6',
1 verbose cli   '@types/pumpify@ts3.6',
1 verbose cli   '@types/punycode@ts3.6',
1 verbose cli   '@types/q@ts3.6',
1 verbose cli   '@types/qs@ts3.6',
1 verbose cli   '@types/querystringify@ts3.6',
1 verbose cli   '@types/raf@ts3.6',
1 verbose cli   '@types/randombytes@ts3.6',
1 verbose cli   '@types/range-parser@ts3.6',
1 verbose cli   '@types/react-dev-utils@ts3.6',
1 verbose cli   '@types/react-is@ts3.6',
1 verbose cli   '@types/react-refresh@ts3.6',
1 verbose cli   '@types/readable-stream@ts3.6',
1 verbose cli   '@types/recursive-readdir@ts3.6',
1 verbose cli   '@types/regenerate@ts3.6',
1 verbose cli   '@types/regenerator-runtime@ts3.6',
1 verbose cli   '@types/regex-not@ts3.6',
1 verbose cli   '@types/relateurl@ts3.6',
1 verbose cli   '@types/repeat-element@ts3.6',
1 verbose cli   '@types/repeat-string@ts3.6',
1 verbose cli   '@types/require-directory@ts3.6',
1 verbose cli   '@types/require-from-string@ts3.6',
1 verbose cli   '@types/requires-port@ts3.6',
1 verbose cli   '@types/resolve@ts3.6',
1 verbose cli   '@types/retry@ts3.6',
1 verbose cli   '@types/ripemd160@ts3.6',
1 verbose cli   '@types/rsvp@ts3.6',
1 verbose cli   '@types/run-parallel@ts3.6',
1 verbose cli   '@types/safe-regex@ts3.6',
1 verbose cli   ... 99 more items
1 verbose cli ]
2 info using npm@6.14.6
3 info using node@v12.18.3
4 verbose npm-session e424804e15bedeaa
5 silly install loadCurrentTree
6 silly install readLocalPackageData
7 http fetch GET 304 https://registry.npmjs.org/@types%2fmerge2 476ms (from cache)
8 silly pacote tag manifest for @types/merge2@ts3.6 fetched in 499ms
9 http fetch GET 304 https://registry.npmjs.org/@types%2fmerge-descriptors 506ms (from cache)
10 silly pacote tag manifest for @types/merge-descriptors@ts3.6 fetched in 513ms
11 http fetch GET 304 https://registry.npmjs.org/@types%2fmemory-fs 520ms (from cache)
12 http fetch GET 304 https://registry.npmjs.org/@types%2fmethods 519ms (from cache)
13 http fetch GET 304 https://registry.npmjs.org/@types%2fmicromatch 523ms (from cache)
14 http fetch GET 304 https://registry.npmjs.org/@types%2fmime 523ms (from cache)
15 silly pacote tag manifest for @types/methods@ts3.6 fetched in 532ms
16 silly pacote tag manifest for @types/memory-fs@ts3.6 fetched in 556ms
17 silly pacote tag manifest for @types/micromatch@ts3.6 fetched in 546ms
18 http fetch GET 304 https://registry.npmjs.org/@types%2fmime-types 546ms (from cache)
19 silly pacote tag manifest for @types/mime@ts3.6 fetched in 563ms
20 silly pacote tag manifest for @types/mime-types@ts3.6 fetched in 586ms
21 http fetch GET 304 https://registry.npmjs.org/@types%2fmime-db 597ms (from cache)
22 silly pacote tag manifest for @types/mime-db@ts3.6 fetched in 600ms
23 http fetch GET 304 https://registry.npmjs.org/@types%2fmove-concurrently 168ms (from cache)
24 http fetch GET 304 https://registry.npmjs.org/@types%2fminimist 185ms (from cache)
25 http fetch GET 304 https://registry.npmjs.org/@types%2fms 156ms (from cache)
26 http fetch GET 304 https://registry.npmjs.org/@types%2fmulticast-dns 131ms (from cache)
27 silly pacote tag manifest for @types/move-concurrently@ts3.6 fetched in 181ms
28 silly pacote tag manifest for @types/minimist@ts3.6 fetched in 195ms
29 silly pacote tag manifest for @types/multicast-dns@ts3.6 fetched in 139ms
30 silly pacote tag manifest for @types/ms@ts3.6 fetched in 166ms
31 http fetch GET 200 https://registry.npmjs.org/@types%2fneo-async 136ms
32 silly fetchPackageMetaData error for @types/neo-async@ts3.6 No matching version found for @types/neo-async@ts3.6.
33 http fetch GET 304 https://registry.npmjs.org/@types%2fnegotiator 147ms (from cache)
34 silly pacote tag manifest for @types/negotiator@ts3.6 fetched in 151ms
35 http fetch GET 304 https://registry.npmjs.org/@types%2fnext-tick 157ms (from cache)
36 silly pacote tag manifest for @types/next-tick@ts3.6 fetched in 158ms
37 http fetch GET 304 https://registry.npmjs.org/@types%2fnode-int64 126ms (from cache)
38 silly pacote tag manifest for @types/node-int64@ts3.6 fetched in 128ms
39 http fetch GET 304 https://registry.npmjs.org/@types%2fnode-notifier 127ms (from cache)
40 silly pacote tag manifest for @types/node-notifier@ts3.6 fetched in 131ms
41 http fetch GET 304 https://registry.npmjs.org/@types%2fnormalize-package-data 145ms (from cache)
42 silly pacote tag manifest for @types/normalize-package-data@ts3.6 fetched in 149ms
43 http fetch GET 304 https://registry.npmjs.org/@types%2fnormalize-path 151ms (from cache)
44 silly pacote tag manifest for @types/normalize-path@ts3.6 fetched in 152ms
45 http fetch GET 304 https://registry.npmjs.org/@types%2fnwsapi 133ms (from cache)
46 http fetch GET 304 https://registry.npmjs.org/@types%2fminimalistic-assert 798ms (from cache)
47 silly pacote tag manifest for @types/nwsapi@ts3.6 fetched in 137ms
48 silly pacote tag manifest for @types/minimalistic-assert@ts3.6 fetched in 801ms
49 http fetch GET 304 https://registry.npmjs.org/@types%2fobject-inspect 126ms (from cache)
50 silly pacote tag manifest for @types/object-inspect@ts3.6 fetched in 132ms
51 http fetch GET 304 https://registry.npmjs.org/@types%2fobject-keys 149ms (from cache)
52 silly pacote tag manifest for @types/object-keys@ts3.6 fetched in 152ms
53 http fetch GET 304 https://registry.npmjs.org/@types%2fobject.fromentries 143ms (from cache)
54 silly pacote tag manifest for @types/object.fromentries@ts3.6 fetched in 147ms
55 http fetch GET 304 https://registry.npmjs.org/@types%2fobject.getownpropertydescriptors 161ms (from cache)
56 silly pacote tag manifest for @types/object.getownpropertydescriptors@ts3.6 fetched in 163ms
57 http fetch GET 304 https://registry.npmjs.org/@types%2fobject.pick 205ms (from cache)
58 silly pacote tag manifest for @types/object.pick@ts3.6 fetched in 208ms
59 http fetch GET 304 https://registry.npmjs.org/@types%2fnode-forge 1304ms (from cache)
60 silly pacote tag manifest for @types/node-forge@ts3.6 fetched in 1307ms
61 http fetch GET 304 https://registry.npmjs.org/@types%2fnatural-compare 1637ms (from cache)
62 silly pacote tag manifest for @types/natural-compare@ts3.6 fetched in 1639ms
63 http fetch GET 304 https://registry.npmjs.org/@types%2fon-finished 139ms (from cache)
64 silly pacote tag manifest for @types/on-finished@ts3.6 fetched in 140ms
65 http fetch GET 304 https://registry.npmjs.org/@types%2fon-headers 151ms (from cache)
66 silly pacote tag manifest for @types/on-headers@ts3.6 fetched in 155ms
67 http fetch GET 304 https://registry.npmjs.org/@types%2fonce 122ms (from cache)
68 silly pacote tag manifest for @types/once@ts3.6 fetched in 123ms
69 http fetch GET 304 https://registry.npmjs.org/@types%2foptimize-css-assets-webpack-plugin 133ms (from cache)
70 silly pacote tag manifest for @types/optimize-css-assets-webpack-plugin@ts3.6 fetched in 134ms
71 http fetch GET 304 https://registry.npmjs.org/@types%2fpako 122ms (from cache)
72 silly pacote tag manifest for @types/pako@ts3.6 fetched in 125ms
73 http fetch GET 304 https://registry.npmjs.org/@types%2fparallel-transform 135ms (from cache)
74 silly pacote tag manifest for @types/parallel-transform@ts3.6 fetched in 137ms
75 http fetch GET 304 https://registry.npmjs.org/@types%2fparse-json 135ms (from cache)
76 silly pacote tag manifest for @types/parse-json@ts3.6 fetched in 136ms
77 http fetch GET 304 https://registry.npmjs.org/@types%2fparseurl 128ms (from cache)
78 silly pacote tag manifest for @types/parseurl@ts3.6 fetched in 130ms
79 http fetch GET 304 https://registry.npmjs.org/@types%2fmerge-stream 2647ms (from cache)
80 silly pacote tag manifest for @types/merge-stream@ts3.6 fetched in 2650ms
81 http fetch GET 200 https://registry.npmjs.org/@types%2fpath-browserify 126ms
82 silly fetchPackageMetaData error for @types/path-browserify@ts3.6 No matching version found for @types/path-browserify@ts3.6.
83 http fetch GET 304 https://registry.npmjs.org/@types%2fpath-is-absolute 124ms (from cache)
84 silly pacote tag manifest for @types/path-is-absolute@ts3.6 fetched in 127ms
85 http fetch GET 304 https://registry.npmjs.org/@types%2fnice-try 2108ms (from cache)
86 http fetch GET 304 https://registry.npmjs.org/@types%2fmemorystream 2845ms (from cache)
87 http fetch GET 304 https://registry.npmjs.org/@types%2fpath-parse 187ms (from cache)
88 silly pacote tag manifest for @types/nice-try@ts3.6 fetched in 2111ms
89 http fetch GET 304 https://registry.npmjs.org/@types%2fpbkdf2 130ms (from cache)
90 silly pacote tag manifest for @types/memorystream@ts3.6 fetched in 2848ms
91 silly pacote tag manifest for @types/pbkdf2@ts3.6 fetched in 135ms
92 silly pacote tag manifest for @types/path-parse@ts3.6 fetched in 194ms
93 http fetch GET 304 https://registry.npmjs.org/@types%2fpascalcase 419ms (from cache)
94 silly pacote tag manifest for @types/pascalcase@ts3.6 fetched in 424ms
95 http fetch GET 304 https://registry.npmjs.org/@types%2fpostcss-flexbugs-fixes 121ms (from cache)
96 silly pacote tag manifest for @types/postcss-flexbugs-fixes@ts3.6 fetched in 124ms
97 http fetch GET 304 https://registry.npmjs.org/@types%2fpify 130ms (from cache)
98 silly pacote tag manifest for @types/pify@ts3.6 fetched in 139ms
99 http fetch GET 304 https://registry.npmjs.org/@types%2fpicomatch 151ms (from cache)
100 silly pacote tag manifest for @types/picomatch@ts3.6 fetched in 156ms
101 http fetch GET 304 https://registry.npmjs.org/@types%2fmin-indent 2518ms (from cache)
102 silly pacote tag manifest for @types/min-indent@ts3.6 fetched in 2521ms
103 http fetch GET 304 https://registry.npmjs.org/@types%2fminizlib 2509ms (from cache)
104 silly pacote tag manifest for @types/minizlib@ts3.6 fetched in 2510ms
105 http fetch GET 304 https://registry.npmjs.org/@types%2fpostcss-modules-extract-imports 156ms (from cache)
106 silly pacote tag manifest for @types/postcss-modules-extract-imports@ts3.6 fetched in 158ms
107 http fetch GET 304 https://registry.npmjs.org/@types%2fpostcss-modules-local-by-default 142ms (from cache)
108 silly pacote tag manifest for @types/postcss-modules-local-by-default@ts3.6 fetched in 144ms
109 http fetch GET 304 https://registry.npmjs.org/@types%2fpostcss-normalize 126ms (from cache)
110 silly pacote tag manifest for @types/postcss-normalize@ts3.6 fetched in 128ms
111 http fetch GET 304 https://registry.npmjs.org/@types%2fpostcss-modules-values 160ms (from cache)
112 silly pacote tag manifest for @types/postcss-modules-values@ts3.6 fetched in 161ms
113 http fetch GET 304 https://registry.npmjs.org/@types%2fpostcss-safe-parser 128ms (from cache)
114 silly pacote tag manifest for @types/postcss-safe-parser@ts3.6 fetched in 131ms
115 http fetch GET 304 https://registry.npmjs.org/@types%2fprelude-ls 118ms (from cache)
116 silly pacote tag manifest for @types/prelude-ls@ts3.6 fetched in 119ms
117 http fetch GET 304 https://registry.npmjs.org/@types%2fprettier-linter-helpers 123ms (from cache)
118 silly pacote tag manifest for @types/prettier-linter-helpers@ts3.6 fetched in 124ms
119 http fetch GET 304 https://registry.npmjs.org/@types%2fprogress 115ms (from cache)
120 silly pacote tag manifest for @types/progress@ts3.6 fetched in 117ms
121 http fetch GET 304 https://registry.npmjs.org/@types%2fpromise-inflight 120ms (from cache)
122 silly pacote tag manifest for @types/promise-inflight@ts3.6 fetched in 121ms
123 http fetch GET 304 https://registry.npmjs.org/@types%2fprompts 133ms (from cache)
124 silly pacote tag manifest for @types/prompts@ts3.6 fetched in 136ms
125 http fetch GET 304 https://registry.npmjs.org/@types%2fprop-types 122ms (from cache)
126 silly pacote tag manifest for @types/prop-types@ts3.6 fetched in 124ms
127 http fetch GET 304 https://registry.npmjs.org/@types%2fproxy-addr 135ms (from cache)
128 silly pacote tag manifest for @types/proxy-addr@ts3.6 fetched in 138ms
129 http fetch GET 304 https://registry.npmjs.org/@types%2fpump 126ms (from cache)
130 silly pacote tag manifest for @types/pump@ts3.6 fetched in 128ms
131 http fetch GET 304 https://registry.npmjs.org/@types%2fpsl 184ms (from cache)
132 http fetch GET 304 https://registry.npmjs.org/@types%2fpunycode 119ms (from cache)
133 silly pacote tag manifest for @types/punycode@ts3.6 fetched in 120ms
134 silly pacote tag manifest for @types/psl@ts3.6 fetched in 187ms
135 http fetch GET 304 https://registry.npmjs.org/@types%2fpumpify 138ms (from cache)
136 silly pacote tag manifest for @types/pumpify@ts3.6 fetched in 140ms
137 http fetch GET 304 https://registry.npmjs.org/@types%2fnum2fraction 2363ms (from cache)
138 silly pacote tag manifest for @types/num2fraction@ts3.6 fetched in 2366ms
139 http fetch GET 304 https://registry.npmjs.org/@types%2fqs 164ms (from cache)
140 silly pacote tag manifest for @types/qs@ts3.6 fetched in 170ms
141 http fetch GET 304 https://registry.npmjs.org/@types%2fquerystringify 136ms (from cache)
142 http fetch GET 304 https://registry.npmjs.org/@types%2frandombytes 123ms (from cache)
143 http fetch GET 304 https://registry.npmjs.org/@types%2fraf 139ms (from cache)
144 silly pacote tag manifest for @types/querystringify@ts3.6 fetched in 141ms
145 silly pacote tag manifest for @types/raf@ts3.6 fetched in 141ms
146 silly pacote tag manifest for @types/randombytes@ts3.6 fetched in 128ms
147 http fetch GET 304 https://registry.npmjs.org/@types%2frange-parser 124ms (from cache)
148 silly pacote tag manifest for @types/range-parser@ts3.6 fetched in 126ms
149 http fetch GET 304 https://registry.npmjs.org/@types%2fobject-assign 2394ms (from cache)
150 silly pacote tag manifest for @types/object-assign@ts3.6 fetched in 2396ms
151 http fetch GET 304 https://registry.npmjs.org/@types%2freact-dev-utils 135ms (from cache)
152 silly pacote tag manifest for @types/react-dev-utils@ts3.6 fetched in 140ms
153 http fetch GET 304 https://registry.npmjs.org/@types%2freadable-stream 133ms (from cache)
154 silly pacote tag manifest for @types/readable-stream@ts3.6 fetched in 135ms
155 http fetch GET 304 https://registry.npmjs.org/@types%2frecursive-readdir 137ms (from cache)
156 silly pacote tag manifest for @types/recursive-readdir@ts3.6 fetched in 141ms
157 http fetch GET 304 https://registry.npmjs.org/@types%2fregenerator-runtime 123ms (from cache)
158 silly pacote tag manifest for @types/regenerator-runtime@ts3.6 fetched in 124ms
159 http fetch GET 200 https://registry.npmjs.org/@types%2fregenerate 149ms
160 silly fetchPackageMetaData error for @types/regenerate@ts3.6 No matching version found for @types/regenerate@ts3.6.
161 http fetch GET 304 https://registry.npmjs.org/@types%2frepeat-element 113ms (from cache)
162 silly pacote tag manifest for @types/repeat-element@ts3.6 fetched in 134ms
163 http fetch GET 304 https://registry.npmjs.org/@types%2frepeat-string 133ms (from cache)
164 silly pacote tag manifest for @types/repeat-string@ts3.6 fetched in 135ms
165 http fetch GET 304 https://registry.npmjs.org/@types%2frequire-directory 137ms (from cache)
166 silly pacote tag manifest for @types/require-directory@ts3.6 fetched in 140ms
167 http fetch GET 304 https://registry.npmjs.org/@types%2frequire-from-string 129ms (from cache)
168 silly pacote tag manifest for @types/require-from-string@ts3.6 fetched in 134ms
169 http fetch GET 304 https://registry.npmjs.org/@types%2fresolve 125ms (from cache)
170 silly pacote tag manifest for @types/resolve@ts3.6 fetched in 126ms
171 http fetch GET 304 https://registry.npmjs.org/@types%2fretry 124ms (from cache)
172 silly pacote tag manifest for @types/retry@ts3.6 fetched in 127ms
173 http fetch GET 304 https://registry.npmjs.org/@types%2fpath-is-inside 2358ms (from cache)
174 silly pacote tag manifest for @types/path-is-inside@ts3.6 fetched in 2385ms
175 http fetch GET 200 https://registry.npmjs.org/@types%2freact-refresh 1561ms
176 silly fetchPackageMetaData error for @types/react-refresh@ts3.6 No matching version found for @types/react-refresh@ts3.6.
177 http fetch GET 304 https://registry.npmjs.org/@types%2frsvp 225ms (from cache)
178 silly pacote tag manifest for @types/rsvp@ts3.6 fetched in 230ms
179 http fetch GET 304 https://registry.npmjs.org/@types%2frun-parallel 114ms (from cache)
180 silly pacote tag manifest for @types/run-parallel@ts3.6 fetched in 117ms
181 http fetch GET 304 https://registry.npmjs.org/@types%2frelateurl 1568ms (from cache)
182 silly pacote tag manifest for @types/relateurl@ts3.6 fetched in 1570ms
183 http fetch GET 304 https://registry.npmjs.org/@types%2fpostcss-gap-properties 2514ms (from cache)
184 silly pacote tag manifest for @types/postcss-gap-properties@ts3.6 fetched in 2519ms
185 http fetch GET 200 https://registry.npmjs.org/@types%2fsafe-regex-test 128ms
186 silly fetchPackageMetaData error for @types/safe-regex-test@ts3.6 No matching version found for @types/safe-regex-test@ts3.6.
187 http fetch GET 304 https://registry.npmjs.org/@types%2fpostcss-modules-scope 2493ms (from cache)
188 silly pacote tag manifest for @types/postcss-modules-scope@ts3.6 fetched in 2495ms
189 http fetch GET 304 https://registry.npmjs.org/@types%2fsafer-buffer 117ms (from cache)
190 silly pacote tag manifest for @types/safer-buffer@ts3.6 fetched in 119ms
191 http fetch GET 304 https://registry.npmjs.org/@types%2fsass-loader 118ms (from cache)
192 silly pacote tag manifest for @types/sass-loader@ts3.6 fetched in 119ms
193 http fetch GET 304 https://registry.npmjs.org/@types%2fscheduler 143ms (from cache)
194 http fetch GET 304 https://registry.npmjs.org/@types%2fsax 148ms (from cache)
195 silly pacote tag manifest for @types/scheduler@ts3.6 fetched in 145ms
196 silly pacote tag manifest for @types/sax@ts3.6 fetched in 150ms
197 http fetch GET 304 https://registry.npmjs.org/@types%2fripemd160 1262ms (from cache)
198 http fetch GET 200 https://registry.npmjs.org/@types%2fselfsigned 119ms
199 silly fetchPackageMetaData error for @types/selfsigned@ts3.6 No matching version found for @types/selfsigned@ts3.6.
200 silly pacote tag manifest for @types/ripemd160@ts3.6 fetched in 1265ms
201 http fetch GET 304 https://registry.npmjs.org/@types%2fsemver 134ms (from cache)
202 silly pacote tag manifest for @types/semver@ts3.6 fetched in 135ms
203 http fetch GET 304 https://registry.npmjs.org/@types%2fsemver-compare 134ms (from cache)
204 http fetch GET 304 https://registry.npmjs.org/@types%2fserialize-javascript 120ms (from cache)
205 silly pacote tag manifest for @types/semver-compare@ts3.6 fetched in 138ms
206 silly pacote tag manifest for @types/serialize-javascript@ts3.6 fetched in 123ms
207 http fetch GET 304 https://registry.npmjs.org/@types%2fsend 141ms (from cache)
208 silly pacote tag manifest for @types/send@ts3.6 fetched in 142ms
209 http fetch GET 304 https://registry.npmjs.org/@types%2fq 2447ms (from cache)
210 silly pacote tag manifest for @types/q@ts3.6 fetched in 2449ms
211 http fetch GET 304 https://registry.npmjs.org/@types%2fserve-index 131ms (from cache)
212 silly pacote tag manifest for @types/serve-index@ts3.6 fetched in 136ms
213 http fetch GET 304 https://registry.npmjs.org/@types%2fserve-static 132ms (from cache)
214 http fetch GET 304 https://registry.npmjs.org/@types%2fset-blocking 138ms (from cache)
215 silly registry:manifest no matching version for @types/set-blocking@ts3.6 in the cache. Forcing revalidation.
216 silly pacote tag manifest for @types/serve-static@ts3.6 fetched in 141ms
217 http fetch GET 304 https://registry.npmjs.org/@types%2fset-value 128ms (from cache)
218 silly pacote tag manifest for @types/set-value@ts3.6 fetched in 132ms
219 http fetch GET 304 https://registry.npmjs.org/@types%2fsetimmediate 135ms (from cache)
220 silly pacote tag manifest for @types/setimmediate@ts3.6 fetched in 137ms
221 http fetch GET 304 https://registry.npmjs.org/@types%2fsha.js 139ms (from cache)
222 http fetch GET 200 https://registry.npmjs.org/@types%2fset-blocking 131ms
223 silly fetchPackageMetaData error for @types/set-blocking@ts3.6 No matching version found for @types/set-blocking@ts3.6.
224 silly pacote tag manifest for @types/sha.js@ts3.6 fetched in 142ms
225 http fetch GET 304 https://registry.npmjs.org/@types%2fshell-quote 125ms (from cache)
226 http fetch GET 304 https://registry.npmjs.org/@types%2freact-is 2451ms (from cache)
227 silly pacote tag manifest for @types/shell-quote@ts3.6 fetched in 130ms
228 silly pacote tag manifest for @types/react-is@ts3.6 fetched in 2456ms
229 http fetch GET 304 https://registry.npmjs.org/@types%2fsignal-exit 124ms (from cache)
230 silly pacote tag manifest for @types/signal-exit@ts3.6 fetched in 127ms
231 http fetch GET 304 https://registry.npmjs.org/@types%2fslice-ansi 135ms (from cache)
232 http fetch GET 304 https://registry.npmjs.org/@types%2fsockjs-client 128ms (from cache)
233 silly pacote tag manifest for @types/slice-ansi@ts3.6 fetched in 137ms
234 http fetch GET 200 https://registry.npmjs.org/@types%2fsimple-swizzle 139ms
235 silly fetchPackageMetaData error for @types/simple-swizzle@ts3.6 No matching version found for @types/simple-swizzle@ts3.6.
236 silly pacote tag manifest for @types/sockjs-client@ts3.6 fetched in 132ms
237 http fetch GET 304 https://registry.npmjs.org/@types%2fsockjs 146ms (from cache)
238 silly pacote tag manifest for @types/sockjs@ts3.6 fetched in 149ms
239 http fetch GET 200 https://registry.npmjs.org/@types%2fregex-not 2479ms
240 silly fetchPackageMetaData error for @types/regex-not@ts3.6 No matching version found for @types/regex-not@ts3.6.
241 http fetch GET 304 https://registry.npmjs.org/@types%2fsource-list-map 126ms (from cache)
242 silly pacote tag manifest for @types/source-list-map@ts3.6 fetched in 127ms
243 http fetch GET 304 https://registry.npmjs.org/@types%2fspdx-expression-parse 126ms (from cache)
244 http fetch GET 304 https://registry.npmjs.org/@types%2fsource-map-support 129ms (from cache)
245 silly pacote tag manifest for @types/spdx-expression-parse@ts3.6 fetched in 132ms
246 silly pacote tag manifest for @types/source-map-support@ts3.6 fetched in 135ms
247 http fetch GET 304 https://registry.npmjs.org/@types%2fspdx-correct 137ms (from cache)
248 http fetch GET 304 https://registry.npmjs.org/@types%2fspdy 121ms (from cache)
249 silly pacote tag manifest for @types/spdx-correct@ts3.6 fetched in 145ms
250 silly pacote tag manifest for @types/spdy@ts3.6 fetched in 129ms
251 http fetch GET 304 https://registry.npmjs.org/@types%2fsprintf 131ms (from cache)
252 silly pacote tag manifest for @types/sprintf@ts3.6 fetched in 133ms
253 http fetch GET 304 https://registry.npmjs.org/@types%2fsprintf-js 122ms (from cache)
254 silly pacote tag manifest for @types/sprintf-js@ts3.6 fetched in 124ms
255 http fetch GET 304 https://registry.npmjs.org/@types%2fstream-each 140ms (from cache)
256 http fetch GET 304 https://registry.npmjs.org/@types%2fstream-shift 124ms (from cache)
257 http fetch GET 304 https://registry.npmjs.org/@types%2fstack-utils 154ms (from cache)
258 http fetch GET 304 https://registry.npmjs.org/@types%2fssri 154ms (from cache)
259 silly pacote tag manifest for @types/stream-shift@ts3.6 fetched in 126ms
260 silly pacote tag manifest for @types/stack-utils@ts3.6 fetched in 156ms
261 silly pacote tag manifest for @types/stream-each@ts3.6 fetched in 143ms
262 silly pacote tag manifest for @types/ssri@ts3.6 fetched in 157ms
263 http fetch GET 304 https://registry.npmjs.org/@types%2fstrict-uri-encode 141ms (from cache)
264 silly pacote tag manifest for @types/strict-uri-encode@ts3.6 fetched in 143ms
265 http fetch GET 304 https://registry.npmjs.org/@types%2frequires-port 2384ms (from cache)
266 silly pacote tag manifest for @types/requires-port@ts3.6 fetched in 2385ms
267 http fetch GET 304 https://registry.npmjs.org/@types%2fstrip-comments 133ms (from cache)
268 http fetch GET 304 https://registry.npmjs.org/@types%2fstring.prototype.matchall 136ms (from cache)
269 http fetch GET 304 https://registry.npmjs.org/@types%2fstring-natural-compare 137ms (from cache)
270 silly pacote tag manifest for @types/strip-comments@ts3.6 fetched in 139ms
271 silly pacote tag manifest for @types/string-natural-compare@ts3.6 fetched in 142ms
272 silly pacote tag manifest for @types/string.prototype.matchall@ts3.6 fetched in 142ms
273 http fetch GET 304 https://registry.npmjs.org/@types%2fstrip-final-newline 125ms (from cache)
274 http fetch GET 304 https://registry.npmjs.org/@types%2fstringify-object 147ms (from cache)
275 silly pacote tag manifest for @types/strip-final-newline@ts3.6 fetched in 131ms
276 silly pacote tag manifest for @types/stringify-object@ts3.6 fetched in 153ms
277 http fetch GET 304 https://registry.npmjs.org/@types%2fsupports-color 133ms (from cache)
278 http fetch GET 304 https://registry.npmjs.org/@types%2fsane 1269ms (from cache)
279 silly pacote tag manifest for @types/supports-color@ts3.6 fetched in 135ms
280 silly pacote tag manifest for @types/sane@ts3.6 fetched in 1271ms
281 http fetch GET 304 https://registry.npmjs.org/@types%2fsymbol-tree 131ms (from cache)
282 silly pacote tag manifest for @types/symbol-tree@ts3.6 fetched in 134ms
283 http fetch GET 304 https://registry.npmjs.org/@types%2ftar 130ms (from cache)
284 silly pacote tag manifest for @types/tar@ts3.6 fetched in 135ms
285 http fetch GET 304 https://registry.npmjs.org/@types%2fsvg-parser 146ms (from cache)
286 silly pacote tag manifest for @types/svg-parser@ts3.6 fetched in 149ms
287 http fetch GET 304 https://registry.npmjs.org/@types%2fthrough 120ms (from cache)
288 silly pacote tag manifest for @types/through@ts3.6 fetched in 123ms
289 http fetch GET 304 https://registry.npmjs.org/@types%2fsafe-regex 1503ms (from cache)
290 silly pacote tag manifest for @types/safe-regex@ts3.6 fetched in 1506ms
291 http fetch GET 304 https://registry.npmjs.org/@types%2ftext-table 141ms (from cache)
292 silly pacote tag manifest for @types/text-table@ts3.6 fetched in 143ms
293 http fetch GET 304 https://registry.npmjs.org/@types%2fthrough2 134ms (from cache)
294 silly pacote tag manifest for @types/through2@ts3.6 fetched in 142ms
295 http fetch GET 200 https://registry.npmjs.org/@types%2ftmpl 127ms
296 silly fetchPackageMetaData error for @types/tmpl@ts3.6 No matching version found for @types/tmpl@ts3.6.
297 http fetch GET 200 https://registry.npmjs.org/@types%2fto-regex 127ms
298 silly fetchPackageMetaData error for @types/to-regex@ts3.6 No matching version found for @types/to-regex@ts3.6.
299 http fetch GET 304 https://registry.npmjs.org/@types%2ftimsort 140ms (from cache)
300 http fetch GET 304 https://registry.npmjs.org/@types%2fthunky 149ms (from cache)
301 silly pacote tag manifest for @types/timsort@ts3.6 fetched in 145ms
302 silly pacote tag manifest for @types/thunky@ts3.6 fetched in 155ms
303 http fetch GET 304 https://registry.npmjs.org/@types%2fto-regex-range 133ms (from cache)
304 silly registry:manifest no matching version for @types/to-regex-range@ts3.6 in the cache. Forcing revalidation.
305 http fetch GET 200 https://registry.npmjs.org/@types%2ftr46 131ms
306 silly fetchPackageMetaData error for @types/tr46@ts3.6 No matching version found for @types/tr46@ts3.6.
307 http fetch GET 304 https://registry.npmjs.org/@types%2ftoidentifier 145ms (from cache)
308 silly registry:manifest no matching version for @types/toidentifier@ts3.6 in the cache. Forcing revalidation.
309 http fetch GET 304 https://registry.npmjs.org/@types%2ftough-cookie 138ms (from cache)
310 http fetch GET 304 https://registry.npmjs.org/@types%2ftype-check 126ms (from cache)
311 silly pacote tag manifest for @types/tough-cookie@ts3.6 fetched in 143ms
312 silly pacote tag manifest for @types/type-check@ts3.6 fetched in 131ms
313 http fetch GET 304 https://registry.npmjs.org/@types%2ftryer 134ms (from cache)
314 silly pacote tag manifest for @types/tryer@ts3.6 fetched in 137ms
315 http fetch GET 200 https://registry.npmjs.org/@types%2fto-regex-range 143ms
316 silly fetchPackageMetaData error for @types/to-regex-range@ts3.6 No matching version found for @types/to-regex-range@ts3.6.
317 http fetch GET 200 https://registry.npmjs.org/@types%2ftoidentifier 132ms
318 silly fetchPackageMetaData error for @types/toidentifier@ts3.6 No matching version found for @types/toidentifier@ts3.6.
319 http fetch GET 304 https://registry.npmjs.org/@types%2ftypedarray-to-buffer 132ms (from cache)
320 silly registry:manifest no matching version for @types/typedarray-to-buffer@ts3.6 in the cache. Forcing revalidation.
321 http fetch GET 304 https://registry.npmjs.org/@types%2ftype-is 144ms (from cache)
322 http fetch GET 304 https://registry.npmjs.org/@types%2ftype-detect 153ms (from cache)
323 silly pacote tag manifest for @types/type-is@ts3.6 fetched in 145ms
324 silly pacote tag manifest for @types/type-detect@ts3.6 fetched in 154ms
325 http fetch GET 304 https://registry.npmjs.org/@types%2funiq 127ms (from cache)
326 silly pacote tag manifest for @types/uniq@ts3.6 fetched in 131ms
327 http fetch GET 200 https://registry.npmjs.org/@types%2ftypedarray-to-buffer 123ms
328 silly fetchPackageMetaData error for @types/typedarray-to-buffer@ts3.6 No matching version found for @types/typedarray-to-buffer@ts3.6.
329 http fetch GET 304 https://registry.npmjs.org/@types%2funiversalify 148ms (from cache)
330 http fetch GET 304 https://registry.npmjs.org/@types%2furl-parse 130ms (from cache)
331 silly pacote tag manifest for @types/universalify@ts3.6 fetched in 150ms
332 silly pacote tag manifest for @types/url-parse@ts3.6 fetched in 132ms
333 http fetch GET 304 https://registry.npmjs.org/@types%2futil-deprecate 141ms (from cache)
334 silly pacote tag manifest for @types/util-deprecate@ts3.6 fetched in 142ms
335 http fetch GET 304 https://registry.npmjs.org/@types%2futil.promisify 139ms (from cache)
336 silly pacote tag manifest for @types/util.promisify@ts3.6 fetched in 144ms
337 http fetch GET 304 https://registry.npmjs.org/@types%2fuuid 136ms (from cache)
338 silly pacote tag manifest for @types/uuid@ts3.6 fetched in 138ms
339 http fetch GET 304 https://registry.npmjs.org/@types%2fvalidate-npm-package-license 127ms (from cache)
340 silly pacote tag manifest for @types/validate-npm-package-license@ts3.6 fetched in 128ms
341 http fetch GET 304 https://registry.npmjs.org/@types%2fvary 128ms (from cache)
342 silly pacote tag manifest for @types/vary@ts3.6 fetched in 131ms
343 http fetch GET 304 https://registry.npmjs.org/@types%2fw3c-hr-time 123ms (from cache)
344 silly pacote tag manifest for @types/w3c-hr-time@ts3.6 fetched in 124ms
345 http fetch GET 304 https://registry.npmjs.org/@types%2fw3c-xmlserializer 169ms (from cache)
346 http fetch GET 304 https://registry.npmjs.org/@types%2fstatuses 1306ms (from cache)
347 silly pacote tag manifest for @types/w3c-xmlserializer@ts3.6 fetched in 170ms
348 silly pacote tag manifest for @types/statuses@ts3.6 fetched in 1309ms
349 http fetch GET 304 https://registry.npmjs.org/@types%2fwatchpack 120ms (from cache)
350 silly pacote tag manifest for @types/watchpack@ts3.6 fetched in 122ms
351 http fetch GET 304 https://registry.npmjs.org/@types%2fwebidl-conversions 121ms (from cache)
352 silly pacote tag manifest for @types/webidl-conversions@ts3.6 fetched in 124ms
353 http fetch GET 304 https://registry.npmjs.org/@types%2fwebpack 134ms (from cache)
354 silly pacote tag manifest for @types/webpack@ts3.6 fetched in 136ms
355 http fetch GET 304 https://registry.npmjs.org/@types%2fwebpack-manifest-plugin 160ms (from cache)
356 silly pacote tag manifest for @types/webpack-manifest-plugin@ts3.6 fetched in 162ms
357 http fetch GET 304 https://registry.npmjs.org/@types%2fwhatwg-encoding 120ms (from cache)
358 silly pacote tag manifest for @types/whatwg-encoding@ts3.6 fetched in 121ms
359 http fetch GET 304 https://registry.npmjs.org/@types%2fwebpack-sources 153ms (from cache)
360 silly pacote tag manifest for @types/webpack-sources@ts3.6 fetched in 154ms
361 http fetch GET 304 https://registry.npmjs.org/@types%2fwhatwg-mimetype 113ms (from cache)
362 silly pacote tag manifest for @types/whatwg-mimetype@ts3.6 fetched in 115ms
363 http fetch GET 304 https://registry.npmjs.org/@types%2fwhatwg-url 157ms (from cache)
364 silly pacote tag manifest for @types/whatwg-url@ts3.6 fetched in 159ms
365 http fetch GET 304 https://registry.npmjs.org/@types%2fwhich-pm-runs 121ms (from cache)
366 silly pacote tag manifest for @types/which-pm-runs@ts3.6 fetched in 123ms
367 http fetch GET 304 https://registry.npmjs.org/@types%2fworkbox-sw 131ms (from cache)
368 silly pacote tag manifest for @types/workbox-sw@ts3.6 fetched in 133ms
369 http fetch GET 304 https://registry.npmjs.org/@types%2ftapable 1583ms (from cache)
370 silly pacote tag manifest for @types/tapable@ts3.6 fetched in 1585ms
371 http fetch GET 304 https://registry.npmjs.org/@types%2fws 143ms (from cache)
372 silly pacote tag manifest for @types/ws@ts3.6 fetched in 149ms
373 http fetch GET 304 https://registry.npmjs.org/@types%2fshebang-command 2451ms (from cache)
374 silly pacote tag manifest for @types/shebang-command@ts3.6 fetched in 2452ms
375 http fetch GET 200 https://registry.npmjs.org/@types%2fxml-name-validator 120ms
376 silly fetchPackageMetaData error for @types/xml-name-validator@ts3.6 No matching version found for @types/xml-name-validator@ts3.6.
377 http fetch GET 304 https://registry.npmjs.org/@types%2fxtend 115ms (from cache)
378 silly pacote tag manifest for @types/xtend@ts3.6 fetched in 116ms
379 http fetch GET 200 https://registry.npmjs.org/@types%2fwhich-boxed-primitive 716ms
380 silly fetchPackageMetaData error for @types/which-boxed-primitive@ts3.6 No matching version found for @types/which-boxed-primitive@ts3.6.
381 http fetch GET 304 https://registry.npmjs.org/@types%2fyallist 129ms (from cache)
382 http fetch GET 304 https://registry.npmjs.org/@types%2fyargs 123ms (from cache)
383 silly pacote tag manifest for @types/yallist@ts3.6 fetched in 133ms
384 silly pacote tag manifest for @types/yargs@ts3.6 fetched in 125ms
385 http fetch GET 304 https://registry.npmjs.org/@types%2fyargs-parser 126ms (from cache)
386 silly pacote tag manifest for @types/yargs-parser@ts3.6 fetched in 131ms
387 http fetch GET 304 https://registry.npmjs.org/@types%2furix 1513ms (from cache)
388 silly pacote tag manifest for @types/urix@ts3.6 fetched in 1516ms
389 http fetch GET 200 https://registry.npmjs.org/@types%2funbox-primitive 1753ms
390 silly fetchPackageMetaData error for @types/unbox-primitive@ts3.6 No matching version found for @types/unbox-primitive@ts3.6.
391 http fetch GET 200 https://registry.npmjs.org/@types%2ftest-exclude 2330ms
392 silly fetchPackageMetaData error for @types/test-exclude@ts3.6 No matching version found for @types/test-exclude@ts3.6.
393 http fetch GET 304 https://registry.npmjs.org/@types%2fwhich 1309ms (from cache)
394 silly pacote tag manifest for @types/which@ts3.6 fetched in 1312ms
395 http fetch GET 304 https://registry.npmjs.org/@types%2fwrite-file-atomic 1251ms (from cache)
396 silly pacote tag manifest for @types/write-file-atomic@ts3.6 fetched in 1254ms
397 http fetch GET 304 https://registry.npmjs.org/@types%2fwrap-ansi 1618ms (from cache)
398 silly pacote tag manifest for @types/wrap-ansi@ts3.6 fetched in 1621ms
399 http fetch GET 304 https://registry.npmjs.org/@types%2futils-merge 2478ms (from cache)
400 silly pacote tag manifest for @types/utils-merge@ts3.6 fetched in 2481ms
401 timing stage:rollbackFailedOptional Completed in 1ms
402 timing stage:runTopLevelLifecycles Completed in 9968ms
403 verbose type tag
404 verbose stack @types/neo-async: No matching version found for @types/neo-async@ts3.6.
404 verbose stack     at pickManifest (/usr/local/lib/node_modules/npm/node_modules/npm-pick-manifest/index.js:122:13)
404 verbose stack     at /usr/local/lib/node_modules/npm/node_modules/pacote/lib/fetchers/registry/manifest.js:24:14
404 verbose stack     at tryCatcher (/usr/local/lib/node_modules/npm/node_modules/bluebird/js/release/util.js:16:23)
404 verbose stack     at Promise._settlePromiseFromHandler (/usr/local/lib/node_modules/npm/node_modules/bluebird/js/release/promise.js:517:31)
404 verbose stack     at Promise._settlePromise (/usr/local/lib/node_modules/npm/node_modules/bluebird/js/release/promise.js:574:18)
404 verbose stack     at Promise._settlePromise0 (/usr/local/lib/node_modules/npm/node_modules/bluebird/js/release/promise.js:619:10)
404 verbose stack     at Promise._settlePromises (/usr/local/lib/node_modules/npm/node_modules/bluebird/js/release/promise.js:699:18)
404 verbose stack     at _drainQueueStep (/usr/local/lib/node_modules/npm/node_modules/bluebird/js/release/async.js:138:12)
404 verbose stack     at _drainQueue (/usr/local/lib/node_modules/npm/node_modules/bluebird/js/release/async.js:131:9)
404 verbose stack     at Async._drainQueues (/usr/local/lib/node_modules/npm/node_modules/bluebird/js/release/async.js:147:5)
404 verbose stack     at Immediate.Async.drainQueues [as _onImmediate] (/usr/local/lib/node_modules/npm/node_modules/bluebird/js/release/async.js:17:14)
404 verbose stack     at processImmediate (internal/timers.js:456:21)
405 verbose cwd /home/theia/.cache/typescript/3.6
406 verbose Linux 5.15.90.1-microsoft-standard-WSL2
407 verbose argv "/usr/local/bin/node" "/usr/local/bin/npm" "install" "--ignore-scripts" "@types/memory-fs@ts3.6" "@types/memorystream@ts3.6" "@types/merge-descriptors@ts3.6" "@types/merge-stream@ts3.6" "@types/merge2@ts3.6" "@types/methods@ts3.6" "@types/micromatch@ts3.6" "@types/mime@ts3.6" "@types/mime-db@ts3.6" "@types/mime-types@ts3.6" "@types/min-indent@ts3.6" "@types/minimalistic-assert@ts3.6" "@types/minimist@ts3.6" "@types/minizlib@ts3.6" "@types/move-concurrently@ts3.6" "@types/ms@ts3.6" "@types/multicast-dns@ts3.6" "@types/natural-compare@ts3.6" "@types/negotiator@ts3.6" "@types/neo-async@ts3.6" "@types/next-tick@ts3.6" "@types/nice-try@ts3.6" "@types/node-forge@ts3.6" "@types/node-int64@ts3.6" "@types/node-notifier@ts3.6" "@types/normalize-package-data@ts3.6" "@types/normalize-path@ts3.6" "@types/num2fraction@ts3.6" "@types/nwsapi@ts3.6" "@types/object-assign@ts3.6" "@types/object-inspect@ts3.6" "@types/object-keys@ts3.6" "@types/object.fromentries@ts3.6" "@types/object.getownpropertydescriptors@ts3.6" "@types/object.pick@ts3.6" "@types/on-finished@ts3.6" "@types/on-headers@ts3.6" "@types/once@ts3.6" "@types/optimize-css-assets-webpack-plugin@ts3.6" "@types/pako@ts3.6" "@types/parallel-transform@ts3.6" "@types/parse-json@ts3.6" "@types/parseurl@ts3.6" "@types/pascalcase@ts3.6" "@types/path-browserify@ts3.6" "@types/path-is-absolute@ts3.6" "@types/path-is-inside@ts3.6" "@types/path-parse@ts3.6" "@types/pbkdf2@ts3.6" "@types/picomatch@ts3.6" "@types/pify@ts3.6" "@types/postcss-flexbugs-fixes@ts3.6" "@types/postcss-gap-properties@ts3.6" "@types/postcss-modules-extract-imports@ts3.6" "@types/postcss-modules-local-by-default@ts3.6" "@types/postcss-modules-scope@ts3.6" "@types/postcss-modules-values@ts3.6" "@types/postcss-normalize@ts3.6" "@types/postcss-safe-parser@ts3.6" "@types/prelude-ls@ts3.6" "@types/prettier-linter-helpers@ts3.6" "@types/progress@ts3.6" "@types/promise-inflight@ts3.6" "@types/prompts@ts3.6" "@types/prop-types@ts3.6" "@types/proxy-addr@ts3.6" "@types/psl@ts3.6" "@types/pump@ts3.6" "@types/pumpify@ts3.6" "@types/punycode@ts3.6" "@types/q@ts3.6" "@types/qs@ts3.6" "@types/querystringify@ts3.6" "@types/raf@ts3.6" "@types/randombytes@ts3.6" "@types/range-parser@ts3.6" "@types/react-dev-utils@ts3.6" "@types/react-is@ts3.6" "@types/react-refresh@ts3.6" "@types/readable-stream@ts3.6" "@types/recursive-readdir@ts3.6" "@types/regenerate@ts3.6" "@types/regenerator-runtime@ts3.6" "@types/regex-not@ts3.6" "@types/relateurl@ts3.6" "@types/repeat-element@ts3.6" "@types/repeat-string@ts3.6" "@types/require-directory@ts3.6" "@types/require-from-string@ts3.6" "@types/requires-port@ts3.6" "@types/resolve@ts3.6" "@types/retry@ts3.6" "@types/ripemd160@ts3.6" "@types/rsvp@ts3.6" "@types/run-parallel@ts3.6" "@types/safe-regex@ts3.6" "@types/safe-regex-test@ts3.6" "@types/safer-buffer@ts3.6" "@types/sane@ts3.6" "@types/sass-loader@ts3.6" "@types/sax@ts3.6" "@types/scheduler@ts3.6" "@types/selfsigned@ts3.6" "@types/semver@ts3.6" "@types/semver-compare@ts3.6" "@types/send@ts3.6" "@types/serialize-javascript@ts3.6" "@types/serve-index@ts3.6" "@types/serve-static@ts3.6" "@types/set-blocking@ts3.6" "@types/set-value@ts3.6" "@types/setimmediate@ts3.6" "@types/sha.js@ts3.6" "@types/shebang-command@ts3.6" "@types/shell-quote@ts3.6" "@types/signal-exit@ts3.6" "@types/simple-swizzle@ts3.6" "@types/slice-ansi@ts3.6" "@types/sockjs@ts3.6" "@types/sockjs-client@ts3.6" "@types/source-list-map@ts3.6" "@types/source-map-support@ts3.6" "@types/spdx-correct@ts3.6" "@types/spdx-expression-parse@ts3.6" "@types/spdy@ts3.6" "@types/sprintf@ts3.6" "@types/sprintf-js@ts3.6" "@types/ssri@ts3.6" "@types/stack-utils@ts3.6" "@types/statuses@ts3.6" "@types/stream-each@ts3.6" "@types/stream-shift@ts3.6" "@types/strict-uri-encode@ts3.6" "@types/string-natural-compare@ts3.6" "@types/string.prototype.matchall@ts3.6" "@types/stringify-object@ts3.6" "@types/strip-comments@ts3.6" "@types/strip-final-newline@ts3.6" "@types/supports-color@ts3.6" "@types/svg-parser@ts3.6" "@types/symbol-tree@ts3.6" "@types/tapable@ts3.6" "@types/tar@ts3.6" "@types/test-exclude@ts3.6" "@types/text-table@ts3.6" "@types/through@ts3.6" "@types/through2@ts3.6" "@types/thunky@ts3.6" "@types/timsort@ts3.6" "@types/tmpl@ts3.6" "@types/to-regex@ts3.6" "@types/to-regex-range@ts3.6" "@types/toidentifier@ts3.6" "@types/tough-cookie@ts3.6" "@types/tr46@ts3.6" "@types/tryer@ts3.6" "@types/type-check@ts3.6" "@types/type-detect@ts3.6" "@types/type-is@ts3.6" "@types/typedarray-to-buffer@ts3.6" "@types/unbox-primitive@ts3.6" "@types/uniq@ts3.6" "@types/universalify@ts3.6" "@types/urix@ts3.6" "@types/url-parse@ts3.6" "@types/util-deprecate@ts3.6" "@types/util.promisify@ts3.6" "@types/utils-merge@ts3.6" "@types/uuid@ts3.6" "@types/validate-npm-package-license@ts3.6" "@types/vary@ts3.6" "@types/w3c-hr-time@ts3.6" "@types/w3c-xmlserializer@ts3.6" "@types/watchpack@ts3.6" "@types/webidl-conversions@ts3.6" "@types/webpack@ts3.6" "@types/webpack-manifest-plugin@ts3.6" "@types/webpack-sources@ts3.6" "@types/whatwg-encoding@ts3.6" "@types/whatwg-mimetype@ts3.6" "@types/whatwg-url@ts3.6" "@types/which@ts3.6" "@types/which-boxed-primitive@ts3.6" "@types/which-pm-runs@ts3.6" "@types/workbox-sw@ts3.6" "@types/wrap-ansi@ts3.6" "@types/write-file-atomic@ts3.6" "@types/ws@ts3.6" "@types/xml-name-validator@ts3.6" "@types/xtend@ts3.6" "@types/yallist@ts3.6" "@types/yargs@ts3.6" "@types/yargs-parser@ts3.6" "--save-dev" "--user-agent=typesInstaller/3.6.3"
408 verbose node v12.18.3
409 verbose npm  v6.14.6
410 error code ETARGET
411 error notarget No matching version found for @types/neo-async@ts3.6.
412 error notarget In most cases you or one of your dependencies are requesting
412 error notarget a package version that doesn't exist.
413 verbose exit [ 1, true ]
