0 info it worked if it ends with ok
1 verbose cli [
1 verbose cli   '/usr/local/bin/node',
1 verbose cli   '/usr/local/bin/npm',
1 verbose cli   'install',
1 verbose cli   '--ignore-scripts',
1 verbose cli   '@types/memorystream@ts3.6',
1 verbose cli   '@types/merge-descriptors@ts3.6',
1 verbose cli   '@types/merge-stream@ts3.6',
1 verbose cli   '@types/merge2@ts3.6',
1 verbose cli   '@types/methods@ts3.6',
1 verbose cli   '@types/micromatch@ts3.6',
1 verbose cli   '@types/mime@ts3.6',
1 verbose cli   '@types/mime-db@ts3.6',
1 verbose cli   '@types/mime-types@ts3.6',
1 verbose cli   '@types/min-indent@ts3.6',
1 verbose cli   '@types/minimalistic-assert@ts3.6',
1 verbose cli   '@types/minimist@ts3.6',
1 verbose cli   '@types/minizlib@ts3.6',
1 verbose cli   '@types/move-concurrently@ts3.6',
1 verbose cli   '@types/ms@ts3.6',
1 verbose cli   '@types/multicast-dns@ts3.6',
1 verbose cli   '@types/natural-compare@ts3.6',
1 verbose cli   '@types/negotiator@ts3.6',
1 verbose cli   '@types/neo-async@ts3.6',
1 verbose cli   '@types/next-tick@ts3.6',
1 verbose cli   '@types/nice-try@ts3.6',
1 verbose cli   '@types/node-forge@ts3.6',
1 verbose cli   '@types/node-int64@ts3.6',
1 verbose cli   '@types/node-notifier@ts3.6',
1 verbose cli   '@types/normalize-package-data@ts3.6',
1 verbose cli   '@types/normalize-path@ts3.6',
1 verbose cli   '@types/num2fraction@ts3.6',
1 verbose cli   '@types/nwsapi@ts3.6',
1 verbose cli   '@types/object-assign@ts3.6',
1 verbose cli   '@types/object-inspect@ts3.6',
1 verbose cli   '@types/object-keys@ts3.6',
1 verbose cli   '@types/object.fromentries@ts3.6',
1 verbose cli   '@types/object.getownpropertydescriptors@ts3.6',
1 verbose cli   '@types/object.pick@ts3.6',
1 verbose cli   '@types/on-finished@ts3.6',
1 verbose cli   '@types/on-headers@ts3.6',
1 verbose cli   '@types/once@ts3.6',
1 verbose cli   '@types/optimize-css-assets-webpack-plugin@ts3.6',
1 verbose cli   '@types/pako@ts3.6',
1 verbose cli   '@types/parallel-transform@ts3.6',
1 verbose cli   '@types/parse-json@ts3.6',
1 verbose cli   '@types/parseurl@ts3.6',
1 verbose cli   '@types/pascalcase@ts3.6',
1 verbose cli   '@types/path-browserify@ts3.6',
1 verbose cli   '@types/path-is-absolute@ts3.6',
1 verbose cli   '@types/path-is-inside@ts3.6',
1 verbose cli   '@types/path-parse@ts3.6',
1 verbose cli   '@types/pbkdf2@ts3.6',
1 verbose cli   '@types/picomatch@ts3.6',
1 verbose cli   '@types/pify@ts3.6',
1 verbose cli   '@types/postcss-flexbugs-fixes@ts3.6',
1 verbose cli   '@types/postcss-gap-properties@ts3.6',
1 verbose cli   '@types/postcss-modules-extract-imports@ts3.6',
1 verbose cli   '@types/postcss-modules-local-by-default@ts3.6',
1 verbose cli   '@types/postcss-modules-scope@ts3.6',
1 verbose cli   '@types/postcss-modules-values@ts3.6',
1 verbose cli   '@types/postcss-normalize@ts3.6',
1 verbose cli   '@types/postcss-safe-parser@ts3.6',
1 verbose cli   '@types/prelude-ls@ts3.6',
1 verbose cli   '@types/prettier-linter-helpers@ts3.6',
1 verbose cli   '@types/progress@ts3.6',
1 verbose cli   '@types/promise-inflight@ts3.6',
1 verbose cli   '@types/prompts@ts3.6',
1 verbose cli   '@types/prop-types@ts3.6',
1 verbose cli   '@types/proxy-addr@ts3.6',
1 verbose cli   '@types/psl@ts3.6',
1 verbose cli   '@types/pump@ts3.6',
1 verbose cli   '@types/pumpify@ts3.6',
1 verbose cli   '@types/punycode@ts3.6',
1 verbose cli   '@types/q@ts3.6',
1 verbose cli   '@types/qs@ts3.6',
1 verbose cli   '@types/querystringify@ts3.6',
1 verbose cli   '@types/raf@ts3.6',
1 verbose cli   '@types/randombytes@ts3.6',
1 verbose cli   '@types/range-parser@ts3.6',
1 verbose cli   '@types/react-dev-utils@ts3.6',
1 verbose cli   '@types/react-is@ts3.6',
1 verbose cli   '@types/react-refresh@ts3.6',
1 verbose cli   '@types/readable-stream@ts3.6',
1 verbose cli   '@types/recursive-readdir@ts3.6',
1 verbose cli   '@types/regenerate@ts3.6',
1 verbose cli   '@types/regenerator-runtime@ts3.6',
1 verbose cli   '@types/regex-not@ts3.6',
1 verbose cli   '@types/relateurl@ts3.6',
1 verbose cli   '@types/repeat-element@ts3.6',
1 verbose cli   '@types/repeat-string@ts3.6',
1 verbose cli   '@types/require-directory@ts3.6',
1 verbose cli   '@types/require-from-string@ts3.6',
1 verbose cli   '@types/requires-port@ts3.6',
1 verbose cli   '@types/resolve@ts3.6',
1 verbose cli   '@types/retry@ts3.6',
1 verbose cli   '@types/ripemd160@ts3.6',
1 verbose cli   '@types/rsvp@ts3.6',
1 verbose cli   '@types/run-parallel@ts3.6',
1 verbose cli   '@types/safe-regex@ts3.6',
1 verbose cli   '@types/safe-regex-test@ts3.6',
1 verbose cli   ... 98 more items
1 verbose cli ]
2 info using npm@6.14.6
3 info using node@v12.18.3
4 verbose npm-session b27883d96dc435fb
5 silly install loadCurrentTree
6 silly install readLocalPackageData
7 http fetch GET 304 https://registry.npmjs.org/@types%2fmerge-descriptors 618ms (from cache)
8 http fetch GET 304 https://registry.npmjs.org/@types%2fmerge2 627ms (from cache)
9 http fetch GET 304 https://registry.npmjs.org/@types%2fmime-db 625ms (from cache)
10 silly pacote tag manifest for @types/merge-descriptors@ts3.6 fetched in 635ms
11 silly pacote tag manifest for @types/mime-db@ts3.6 fetched in 639ms
12 silly pacote tag manifest for @types/merge2@ts3.6 fetched in 645ms
13 http fetch GET 304 https://registry.npmjs.org/@types%2fmime-types 665ms (from cache)
14 http fetch GET 304 https://registry.npmjs.org/@types%2fmime 669ms (from cache)
15 silly pacote tag manifest for @types/mime-types@ts3.6 fetched in 674ms
16 http fetch GET 304 https://registry.npmjs.org/@types%2fmethods 680ms (from cache)
17 silly pacote tag manifest for @types/mime@ts3.6 fetched in 687ms
18 silly pacote tag manifest for @types/methods@ts3.6 fetched in 701ms
19 http fetch GET 304 https://registry.npmjs.org/@types%2fminimist 136ms (from cache)
20 silly pacote tag manifest for @types/minimist@ts3.6 fetched in 139ms
21 http fetch GET 304 https://registry.npmjs.org/@types%2fms 164ms (from cache)
22 silly pacote tag manifest for @types/ms@ts3.6 fetched in 166ms
23 http fetch GET 304 https://registry.npmjs.org/@types%2fnatural-compare 121ms (from cache)
24 silly pacote tag manifest for @types/natural-compare@ts3.6 fetched in 124ms
25 http fetch GET 304 https://registry.npmjs.org/@types%2fmemorystream 1185ms (from cache)
26 silly pacote tag manifest for @types/memorystream@ts3.6 fetched in 1193ms
27 http fetch GET 304 https://registry.npmjs.org/@types%2fmicromatch 1968ms (from cache)
28 silly pacote tag manifest for @types/micromatch@ts3.6 fetched in 1971ms
29 http fetch GET 304 https://registry.npmjs.org/@types%2fmerge-stream 2009ms (from cache)
30 silly pacote tag manifest for @types/merge-stream@ts3.6 fetched in 2014ms
31 http fetch GET 304 https://registry.npmjs.org/@types%2fnice-try 145ms (from cache)
32 silly pacote tag manifest for @types/nice-try@ts3.6 fetched in 160ms
33 http fetch GET 304 https://registry.npmjs.org/@types%2fmove-concurrently 1472ms (from cache)
34 silly pacote tag manifest for @types/move-concurrently@ts3.6 fetched in 1476ms
35 http fetch GET 304 https://registry.npmjs.org/@types%2fnode-notifier 145ms (from cache)
36 silly pacote tag manifest for @types/node-notifier@ts3.6 fetched in 148ms
37 http fetch GET 304 https://registry.npmjs.org/@types%2fnormalize-package-data 139ms (from cache)
38 silly pacote tag manifest for @types/normalize-package-data@ts3.6 fetched in 143ms
39 http fetch GET 304 https://registry.npmjs.org/@types%2fmin-indent 2771ms (from cache)
40 silly pacote tag manifest for @types/min-indent@ts3.6 fetched in 2777ms
41 http fetch GET 304 https://registry.npmjs.org/@types%2fminimalistic-assert 2265ms (from cache)
42 silly pacote tag manifest for @types/minimalistic-assert@ts3.6 fetched in 2268ms
43 http fetch GET 304 https://registry.npmjs.org/@types%2fnum2fraction 126ms (from cache)
44 silly pacote tag manifest for @types/num2fraction@ts3.6 fetched in 133ms
45 http fetch GET 304 https://registry.npmjs.org/@types%2fmulticast-dns 2251ms (from cache)
46 silly pacote tag manifest for @types/multicast-dns@ts3.6 fetched in 2253ms
47 http fetch GET 304 https://registry.npmjs.org/@types%2fminizlib 2311ms (from cache)
48 silly pacote tag manifest for @types/minizlib@ts3.6 fetched in 2315ms
49 http fetch GET 304 https://registry.npmjs.org/@types%2fobject-inspect 144ms (from cache)
50 silly pacote tag manifest for @types/object-inspect@ts3.6 fetched in 147ms
51 http fetch GET 304 https://registry.npmjs.org/@types%2fnegotiator 2261ms (from cache)
52 silly pacote tag manifest for @types/negotiator@ts3.6 fetched in 2264ms
53 http fetch GET 304 https://registry.npmjs.org/@types%2fneo-async 2321ms (from cache)
54 silly registry:manifest no matching version for @types/neo-async@ts3.6 in the cache. Forcing revalidation.
55 http fetch GET 304 https://registry.npmjs.org/@types%2fobject.fromentries 143ms (from cache)
56 silly pacote tag manifest for @types/object.fromentries@ts3.6 fetched in 145ms
57 http fetch GET 304 https://registry.npmjs.org/@types%2fnext-tick 2313ms (from cache)
58 silly pacote tag manifest for @types/next-tick@ts3.6 fetched in 2317ms
59 http fetch GET 304 https://registry.npmjs.org/@types%2fnode-int64 1505ms (from cache)
60 silly pacote tag manifest for @types/node-int64@ts3.6 fetched in 1507ms
61 http fetch GET 304 https://registry.npmjs.org/@types%2fnormalize-path 1469ms (from cache)
62 silly pacote tag manifest for @types/normalize-path@ts3.6 fetched in 1473ms
63 http fetch GET 304 https://registry.npmjs.org/@types%2fonce 148ms (from cache)
64 silly pacote tag manifest for @types/once@ts3.6 fetched in 150ms
65 http fetch GET 304 https://registry.npmjs.org/@types%2fnode-forge 2263ms (from cache)
66 silly pacote tag manifest for @types/node-forge@ts3.6 fetched in 2266ms
67 http fetch GET 304 https://registry.npmjs.org/@types%2fnwsapi 1467ms (from cache)
68 silly pacote tag manifest for @types/nwsapi@ts3.6 fetched in 1469ms
69 http fetch GET 304 https://registry.npmjs.org/@types%2fobject-keys 1516ms (from cache)
70 silly pacote tag manifest for @types/object-keys@ts3.6 fetched in 1518ms
71 http fetch GET 304 https://registry.npmjs.org/@types%2fparallel-transform 146ms (from cache)
72 silly pacote tag manifest for @types/parallel-transform@ts3.6 fetched in 148ms
73 http fetch GET 304 https://registry.npmjs.org/@types%2fobject.getownpropertydescriptors 1460ms (from cache)
74 silly pacote tag manifest for @types/object.getownpropertydescriptors@ts3.6 fetched in 1464ms
75 http fetch GET 304 https://registry.npmjs.org/@types%2fparse-json 133ms (from cache)
76 silly pacote tag manifest for @types/parse-json@ts3.6 fetched in 135ms
77 http fetch GET 304 https://registry.npmjs.org/@types%2fparseurl 130ms (from cache)
78 silly pacote tag manifest for @types/parseurl@ts3.6 fetched in 132ms
79 http fetch GET 304 https://registry.npmjs.org/@types%2fon-finished 1474ms (from cache)
80 silly pacote tag manifest for @types/on-finished@ts3.6 fetched in 1477ms
81 http fetch GET 304 https://registry.npmjs.org/@types%2fon-headers 1500ms (from cache)
82 silly pacote tag manifest for @types/on-headers@ts3.6 fetched in 1502ms
83 http fetch GET 304 https://registry.npmjs.org/@types%2fobject-assign 2328ms (from cache)
84 silly pacote tag manifest for @types/object-assign@ts3.6 fetched in 2329ms
85 http fetch GET 304 https://registry.npmjs.org/@types%2fpbkdf2 144ms (from cache)
86 silly pacote tag manifest for @types/pbkdf2@ts3.6 fetched in 157ms
87 http fetch GET 200 https://registry.npmjs.org/@types%2fneo-async 2241ms
88 silly fetchPackageMetaData error for @types/neo-async@ts3.6 No matching version found for @types/neo-async@ts3.6.
89 http fetch GET 304 https://registry.npmjs.org/@types%2fpicomatch 152ms (from cache)
90 http fetch GET 304 https://registry.npmjs.org/@types%2fobject.pick 2308ms (from cache)
91 silly pacote tag manifest for @types/picomatch@ts3.6 fetched in 156ms
92 silly pacote tag manifest for @types/object.pick@ts3.6 fetched in 2313ms
93 http fetch GET 304 https://registry.npmjs.org/@types%2fpify 140ms (from cache)
94 silly pacote tag manifest for @types/pify@ts3.6 fetched in 142ms
95 http fetch GET 304 https://registry.npmjs.org/@types%2fpostcss-modules-extract-imports 132ms (from cache)
96 silly pacote tag manifest for @types/postcss-modules-extract-imports@ts3.6 fetched in 135ms
97 http fetch GET 304 https://registry.npmjs.org/@types%2fpako 1556ms (from cache)
98 silly pacote tag manifest for @types/pako@ts3.6 fetched in 1558ms
99 http fetch GET 304 https://registry.npmjs.org/@types%2fpostcss-modules-local-by-default 133ms (from cache)
100 silly pacote tag manifest for @types/postcss-modules-local-by-default@ts3.6 fetched in 136ms
101 http fetch GET 304 https://registry.npmjs.org/@types%2fpascalcase 1515ms (from cache)
102 silly pacote tag manifest for @types/pascalcase@ts3.6 fetched in 1520ms
103 http fetch GET 304 https://registry.npmjs.org/@types%2foptimize-css-assets-webpack-plugin 2278ms (from cache)
104 silly pacote tag manifest for @types/optimize-css-assets-webpack-plugin@ts3.6 fetched in 2281ms
105 http fetch GET 304 https://registry.npmjs.org/@types%2fpath-is-inside 1491ms (from cache)
106 silly pacote tag manifest for @types/path-is-inside@ts3.6 fetched in 1493ms
107 http fetch GET 304 https://registry.npmjs.org/@types%2fpostcss-safe-parser 122ms (from cache)
108 silly pacote tag manifest for @types/postcss-safe-parser@ts3.6 fetched in 124ms
109 http fetch GET 304 https://registry.npmjs.org/@types%2fprettier-linter-helpers 116ms (from cache)
110 silly pacote tag manifest for @types/prettier-linter-helpers@ts3.6 fetched in 118ms
111 http fetch GET 304 https://registry.npmjs.org/@types%2fprogress 112ms (from cache)
112 silly pacote tag manifest for @types/progress@ts3.6 fetched in 113ms
113 http fetch GET 304 https://registry.npmjs.org/@types%2fpath-browserify 2229ms (from cache)
114 silly registry:manifest no matching version for @types/path-browserify@ts3.6 in the cache. Forcing revalidation.
115 http fetch GET 304 https://registry.npmjs.org/@types%2fpath-is-absolute 2261ms (from cache)
116 silly pacote tag manifest for @types/path-is-absolute@ts3.6 fetched in 2263ms
117 http fetch GET 304 https://registry.npmjs.org/@types%2fpostcss-flexbugs-fixes 1517ms (from cache)
118 silly pacote tag manifest for @types/postcss-flexbugs-fixes@ts3.6 fetched in 1519ms
119 http fetch GET 304 https://registry.npmjs.org/@types%2fprop-types 120ms (from cache)
120 silly pacote tag manifest for @types/prop-types@ts3.6 fetched in 132ms
121 http fetch GET 304 https://registry.npmjs.org/@types%2fpostcss-modules-scope 1498ms (from cache)
122 silly pacote tag manifest for @types/postcss-modules-scope@ts3.6 fetched in 1500ms
123 http fetch GET 304 https://registry.npmjs.org/@types%2fpath-parse 2253ms (from cache)
124 silly pacote tag manifest for @types/path-parse@ts3.6 fetched in 2256ms
125 http fetch GET 304 https://registry.npmjs.org/@types%2fpsl 130ms (from cache)
126 silly pacote tag manifest for @types/psl@ts3.6 fetched in 132ms
127 http fetch GET 200 https://registry.npmjs.org/@types%2fpath-browserify 683ms
128 silly fetchPackageMetaData error for @types/path-browserify@ts3.6 No matching version found for @types/path-browserify@ts3.6.
129 http fetch GET 304 https://registry.npmjs.org/@types%2fpumpify 149ms (from cache)
130 silly pacote tag manifest for @types/pumpify@ts3.6 fetched in 152ms
131 http fetch GET 304 https://registry.npmjs.org/@types%2fpunycode 116ms (from cache)
132 silly pacote tag manifest for @types/punycode@ts3.6 fetched in 118ms
133 http fetch GET 304 https://registry.npmjs.org/@types%2fq 144ms (from cache)
134 silly pacote tag manifest for @types/q@ts3.6 fetched in 146ms
135 http fetch GET 304 https://registry.npmjs.org/@types%2fpostcss-gap-properties 2268ms (from cache)
136 silly pacote tag manifest for @types/postcss-gap-properties@ts3.6 fetched in 2270ms
137 http fetch GET 304 https://registry.npmjs.org/@types%2fprelude-ls 1444ms (from cache)
138 silly pacote tag manifest for @types/prelude-ls@ts3.6 fetched in 1456ms
139 http fetch GET 304 https://registry.npmjs.org/@types%2fpostcss-modules-values 2274ms (from cache)
140 silly pacote tag manifest for @types/postcss-modules-values@ts3.6 fetched in 2277ms
141 http fetch GET 304 https://registry.npmjs.org/@types%2fpromise-inflight 1581ms (from cache)
142 http fetch GET 304 https://registry.npmjs.org/@types%2frange-parser 123ms (from cache)
143 silly pacote tag manifest for @types/promise-inflight@ts3.6 fetched in 1593ms
144 silly pacote tag manifest for @types/range-parser@ts3.6 fetched in 134ms
145 http fetch GET 304 https://registry.npmjs.org/@types%2freact-is 129ms (from cache)
146 silly pacote tag manifest for @types/react-is@ts3.6 fetched in 131ms
147 http fetch GET 304 https://registry.npmjs.org/@types%2fpostcss-normalize 2327ms (from cache)
148 silly pacote tag manifest for @types/postcss-normalize@ts3.6 fetched in 2328ms
149 http fetch GET 304 https://registry.npmjs.org/@types%2freadable-stream 153ms (from cache)
150 silly pacote tag manifest for @types/readable-stream@ts3.6 fetched in 156ms
151 http fetch GET 304 https://registry.npmjs.org/@types%2fqs 1225ms (from cache)
152 silly pacote tag manifest for @types/qs@ts3.6 fetched in 1227ms
153 http fetch GET 304 https://registry.npmjs.org/@types%2fregenerate 142ms (from cache)
154 silly registry:manifest no matching version for @types/regenerate@ts3.6 in the cache. Forcing revalidation.
155 http fetch GET 200 https://registry.npmjs.org/@types%2fregenerate 108ms
156 silly fetchPackageMetaData error for @types/regenerate@ts3.6 No matching version found for @types/regenerate@ts3.6.
157 http fetch GET 304 https://registry.npmjs.org/@types%2fprompts 2217ms (from cache)
158 silly pacote tag manifest for @types/prompts@ts3.6 fetched in 2219ms
159 http fetch GET 304 https://registry.npmjs.org/@types%2fregex-not 130ms (from cache)
160 silly registry:manifest no matching version for @types/regex-not@ts3.6 in the cache. Forcing revalidation.
161 http fetch GET 304 https://registry.npmjs.org/@types%2fraf 1443ms (from cache)
162 silly pacote tag manifest for @types/raf@ts3.6 fetched in 1444ms
163 http fetch GET 200 https://registry.npmjs.org/@types%2fregex-not 113ms
164 silly fetchPackageMetaData error for @types/regex-not@ts3.6 No matching version found for @types/regex-not@ts3.6.
165 http fetch GET 304 https://registry.npmjs.org/@types%2frandombytes 1470ms (from cache)
166 http fetch GET 304 https://registry.npmjs.org/@types%2frelateurl 118ms (from cache)
167 silly pacote tag manifest for @types/randombytes@ts3.6 fetched in 1472ms
168 silly pacote tag manifest for @types/relateurl@ts3.6 fetched in 119ms
169 http fetch GET 304 https://registry.npmjs.org/@types%2fquerystringify 1636ms (from cache)
170 silly pacote tag manifest for @types/querystringify@ts3.6 fetched in 1639ms
171 http fetch GET 304 https://registry.npmjs.org/@types%2fproxy-addr 2303ms (from cache)
172 silly pacote tag manifest for @types/proxy-addr@ts3.6 fetched in 2304ms
173 http fetch GET 304 https://registry.npmjs.org/@types%2frepeat-string 130ms (from cache)
174 silly pacote tag manifest for @types/repeat-string@ts3.6 fetched in 131ms
175 http fetch GET 304 https://registry.npmjs.org/@types%2frequires-port 125ms (from cache)
176 silly pacote tag manifest for @types/requires-port@ts3.6 fetched in 137ms
177 http fetch GET 304 https://registry.npmjs.org/@types%2fresolve 136ms (from cache)
178 silly pacote tag manifest for @types/resolve@ts3.6 fetched in 137ms
179 http fetch GET 304 https://registry.npmjs.org/@types%2fpump 2313ms (from cache)
180 silly pacote tag manifest for @types/pump@ts3.6 fetched in 2315ms
181 http fetch GET 304 https://registry.npmjs.org/@types%2fretry 125ms (from cache)
182 silly pacote tag manifest for @types/retry@ts3.6 fetched in 127ms
183 http fetch GET 304 https://registry.npmjs.org/@types%2frun-parallel 134ms (from cache)
184 silly pacote tag manifest for @types/run-parallel@ts3.6 fetched in 136ms
185 http fetch GET 304 https://registry.npmjs.org/@types%2fsafe-regex 134ms (from cache)
186 silly pacote tag manifest for @types/safe-regex@ts3.6 fetched in 146ms
187 http fetch GET 304 https://registry.npmjs.org/@types%2freact-refresh 2255ms (from cache)
188 silly registry:manifest no matching version for @types/react-refresh@ts3.6 in the cache. Forcing revalidation.
189 http fetch GET 304 https://registry.npmjs.org/@types%2freact-dev-utils 2417ms (from cache)
190 silly pacote tag manifest for @types/react-dev-utils@ts3.6 fetched in 2420ms
191 http fetch GET 200 https://registry.npmjs.org/@types%2freact-refresh 122ms
192 silly fetchPackageMetaData error for @types/react-refresh@ts3.6 No matching version found for @types/react-refresh@ts3.6.
193 http fetch GET 304 https://registry.npmjs.org/@types%2frequire-directory 1440ms (from cache)
194 silly pacote tag manifest for @types/require-directory@ts3.6 fetched in 1441ms
195 http fetch GET 304 https://registry.npmjs.org/@types%2frecursive-readdir 2263ms (from cache)
196 http fetch GET 304 https://registry.npmjs.org/@types%2fsafer-buffer 138ms (from cache)
197 silly pacote tag manifest for @types/recursive-readdir@ts3.6 fetched in 2264ms
198 silly pacote tag manifest for @types/safer-buffer@ts3.6 fetched in 140ms
199 http fetch GET 304 https://registry.npmjs.org/@types%2fsass-loader 143ms (from cache)
200 http fetch GET 304 https://registry.npmjs.org/@types%2fscheduler 122ms (from cache)
201 silly pacote tag manifest for @types/sass-loader@ts3.6 fetched in 145ms
202 silly pacote tag manifest for @types/scheduler@ts3.6 fetched in 125ms
203 http fetch GET 304 https://registry.npmjs.org/@types%2fselfsigned 143ms (from cache)
204 silly registry:manifest no matching version for @types/selfsigned@ts3.6 in the cache. Forcing revalidation.
205 http fetch GET 304 https://registry.npmjs.org/@types%2frsvp 1466ms (from cache)
206 silly pacote tag manifest for @types/rsvp@ts3.6 fetched in 1469ms
207 http fetch GET 200 https://registry.npmjs.org/@types%2fselfsigned 114ms
208 silly fetchPackageMetaData error for @types/selfsigned@ts3.6 No matching version found for @types/selfsigned@ts3.6.
209 http fetch GET 304 https://registry.npmjs.org/@types%2fsend 130ms (from cache)
210 silly pacote tag manifest for @types/send@ts3.6 fetched in 132ms
211 http fetch GET 304 https://registry.npmjs.org/@types%2fregenerator-runtime 2266ms (from cache)
212 silly pacote tag manifest for @types/regenerator-runtime@ts3.6 fetched in 2267ms
213 http fetch GET 304 https://registry.npmjs.org/@types%2fserve-index 132ms (from cache)
214 silly pacote tag manifest for @types/serve-index@ts3.6 fetched in 135ms
215 http fetch GET 304 https://registry.npmjs.org/@types%2fsafe-regex-test 1479ms (from cache)
216 silly registry:manifest no matching version for @types/safe-regex-test@ts3.6 in the cache. Forcing revalidation.
217 http fetch GET 304 https://registry.npmjs.org/@types%2frepeat-element 2204ms (from cache)
218 silly pacote tag manifest for @types/repeat-element@ts3.6 fetched in 2206ms
219 http fetch GET 304 https://registry.npmjs.org/@types%2fserve-static 146ms (from cache)
220 silly pacote tag manifest for @types/serve-static@ts3.6 fetched in 148ms
221 http fetch GET 304 https://registry.npmjs.org/@types%2frequire-from-string 2276ms (from cache)
222 silly pacote tag manifest for @types/require-from-string@ts3.6 fetched in 2277ms
223 http fetch GET 304 https://registry.npmjs.org/@types%2fset-value 135ms (from cache)
224 silly pacote tag manifest for @types/set-value@ts3.6 fetched in 137ms
225 http fetch GET 304 https://registry.npmjs.org/@types%2fsha.js 117ms (from cache)
226 silly pacote tag manifest for @types/sha.js@ts3.6 fetched in 122ms
227 http fetch GET 304 https://registry.npmjs.org/@types%2fripemd160 2283ms (from cache)
228 silly pacote tag manifest for @types/ripemd160@ts3.6 fetched in 2284ms
229 http fetch GET 304 https://registry.npmjs.org/@types%2fshebang-command 130ms (from cache)
230 silly pacote tag manifest for @types/shebang-command@ts3.6 fetched in 132ms
231 http fetch GET 304 https://registry.npmjs.org/@types%2fshell-quote 131ms (from cache)
232 silly pacote tag manifest for @types/shell-quote@ts3.6 fetched in 132ms
233 http fetch GET 304 https://registry.npmjs.org/@types%2fsax 1443ms (from cache)
234 silly pacote tag manifest for @types/sax@ts3.6 fetched in 1446ms
235 http fetch GET 304 https://registry.npmjs.org/@types%2fslice-ansi 142ms (from cache)
236 silly pacote tag manifest for @types/slice-ansi@ts3.6 fetched in 144ms
237 http fetch GET 304 https://registry.npmjs.org/@types%2fsemver 1466ms (from cache)
238 silly pacote tag manifest for @types/semver@ts3.6 fetched in 1468ms
239 http fetch GET 304 https://registry.npmjs.org/@types%2fsockjs 140ms (from cache)
240 silly pacote tag manifest for @types/sockjs@ts3.6 fetched in 142ms
241 http fetch GET 304 https://registry.npmjs.org/@types%2fsemver-compare 1438ms (from cache)
242 silly pacote tag manifest for @types/semver-compare@ts3.6 fetched in 1439ms
243 http fetch GET 304 https://registry.npmjs.org/@types%2fsource-list-map 117ms (from cache)
244 silly pacote tag manifest for @types/source-list-map@ts3.6 fetched in 129ms
245 http fetch GET 304 https://registry.npmjs.org/@types%2fspdx-correct 124ms (from cache)
246 silly pacote tag manifest for @types/spdx-correct@ts3.6 fetched in 136ms
247 http fetch GET 304 https://registry.npmjs.org/@types%2fspdx-expression-parse 128ms (from cache)
248 silly pacote tag manifest for @types/spdx-expression-parse@ts3.6 fetched in 132ms
249 http fetch GET 304 https://registry.npmjs.org/@types%2fsane 2221ms (from cache)
250 silly pacote tag manifest for @types/sane@ts3.6 fetched in 2222ms
251 http fetch GET 304 https://registry.npmjs.org/@types%2fsetimmediate 1471ms (from cache)
252 silly pacote tag manifest for @types/setimmediate@ts3.6 fetched in 1483ms
253 http fetch GET 304 https://registry.npmjs.org/@types%2fsprintf 137ms (from cache)
254 silly pacote tag manifest for @types/sprintf@ts3.6 fetched in 142ms
255 http fetch GET 304 https://registry.npmjs.org/@types%2fssri 140ms (from cache)
256 silly pacote tag manifest for @types/ssri@ts3.6 fetched in 143ms
257 http fetch GET 304 https://registry.npmjs.org/@types%2fstack-utils 143ms (from cache)
258 silly pacote tag manifest for @types/stack-utils@ts3.6 fetched in 146ms
259 http fetch GET 304 https://registry.npmjs.org/@types%2fsignal-exit 1478ms (from cache)
260 silly pacote tag manifest for @types/signal-exit@ts3.6 fetched in 1479ms
261 http fetch GET 304 https://registry.npmjs.org/@types%2fstatuses 120ms (from cache)
262 silly pacote tag manifest for @types/statuses@ts3.6 fetched in 121ms
263 http fetch GET 304 https://registry.npmjs.org/@types%2fserialize-javascript 2272ms (from cache)
264 silly pacote tag manifest for @types/serialize-javascript@ts3.6 fetched in 2275ms
265 http fetch GET 304 https://registry.npmjs.org/@types%2fstream-each 120ms (from cache)
266 silly pacote tag manifest for @types/stream-each@ts3.6 fetched in 122ms
267 http fetch GET 200 https://registry.npmjs.org/@types%2fsafe-regex-test 2269ms
268 silly fetchPackageMetaData error for @types/safe-regex-test@ts3.6 No matching version found for @types/safe-regex-test@ts3.6.
269 http fetch GET 304 https://registry.npmjs.org/@types%2fstring-natural-compare 149ms (from cache)
270 silly pacote tag manifest for @types/string-natural-compare@ts3.6 fetched in 151ms
271 http fetch GET 200 https://registry.npmjs.org/@types%2fset-blocking 2328ms
272 silly fetchPackageMetaData error for @types/set-blocking@ts3.6 No matching version found for @types/set-blocking@ts3.6.
273 http fetch GET 304 https://registry.npmjs.org/@types%2fstringify-object 122ms (from cache)
274 silly pacote tag manifest for @types/stringify-object@ts3.6 fetched in 123ms
275 http fetch GET 304 https://registry.npmjs.org/@types%2fstring.prototype.matchall 135ms (from cache)
276 silly pacote tag manifest for @types/string.prototype.matchall@ts3.6 fetched in 137ms
277 http fetch GET 304 https://registry.npmjs.org/@types%2fstrip-comments 128ms (from cache)
278 silly pacote tag manifest for @types/strip-comments@ts3.6 fetched in 136ms
279 http fetch GET 304 https://registry.npmjs.org/@types%2fsource-map-support 1439ms (from cache)
280 silly pacote tag manifest for @types/source-map-support@ts3.6 fetched in 1442ms
281 http fetch GET 304 https://registry.npmjs.org/@types%2fsupports-color 116ms (from cache)
282 silly pacote tag manifest for @types/supports-color@ts3.6 fetched in 118ms
283 http fetch GET 304 https://registry.npmjs.org/@types%2fstrip-final-newline 129ms (from cache)
284 silly pacote tag manifest for @types/strip-final-newline@ts3.6 fetched in 130ms
285 http fetch GET 304 https://registry.npmjs.org/@types%2fsvg-parser 118ms (from cache)
286 silly pacote tag manifest for @types/svg-parser@ts3.6 fetched in 119ms
287 http fetch GET 304 https://registry.npmjs.org/@types%2ftapable 115ms (from cache)
288 silly pacote tag manifest for @types/tapable@ts3.6 fetched in 117ms
289 http fetch GET 304 https://registry.npmjs.org/@types%2fsimple-swizzle 2227ms (from cache)
290 silly registry:manifest no matching version for @types/simple-swizzle@ts3.6 in the cache. Forcing revalidation.
291 http fetch GET 304 https://registry.npmjs.org/@types%2fsprintf-js 1481ms (from cache)
292 silly pacote tag manifest for @types/sprintf-js@ts3.6 fetched in 1483ms
293 http fetch GET 304 https://registry.npmjs.org/@types%2fsockjs-client 2218ms (from cache)
294 silly pacote tag manifest for @types/sockjs-client@ts3.6 fetched in 2219ms
295 http fetch GET 304 https://registry.npmjs.org/@types%2fthrough2 151ms (from cache)
296 silly pacote tag manifest for @types/through2@ts3.6 fetched in 154ms
297 http fetch GET 200 https://registry.npmjs.org/@types%2fsimple-swizzle 691ms
298 silly fetchPackageMetaData error for @types/simple-swizzle@ts3.6 No matching version found for @types/simple-swizzle@ts3.6.
299 http fetch GET 304 https://registry.npmjs.org/@types%2fstream-shift 1529ms (from cache)
300 silly pacote tag manifest for @types/stream-shift@ts3.6 fetched in 1531ms
301 http fetch GET 304 https://registry.npmjs.org/@types%2fspdy 2269ms (from cache)
302 silly pacote tag manifest for @types/spdy@ts3.6 fetched in 2271ms
303 http fetch GET 304 https://registry.npmjs.org/@types%2fto-regex 166ms (from cache)
304 silly registry:manifest no matching version for @types/to-regex@ts3.6 in the cache. Forcing revalidation.
305 http fetch GET 200 https://registry.npmjs.org/@types%2fto-regex 108ms
306 silly fetchPackageMetaData error for @types/to-regex@ts3.6 No matching version found for @types/to-regex@ts3.6.
307 http fetch GET 304 https://registry.npmjs.org/@types%2fsymbol-tree 1478ms (from cache)
308 silly pacote tag manifest for @types/symbol-tree@ts3.6 fetched in 1481ms
309 http fetch GET 304 https://registry.npmjs.org/@types%2fthunky 725ms (from cache)
310 silly pacote tag manifest for @types/thunky@ts3.6 fetched in 728ms
311 http fetch GET 304 https://registry.npmjs.org/@types%2ftough-cookie 121ms (from cache)
312 silly pacote tag manifest for @types/tough-cookie@ts3.6 fetched in 122ms
313 http fetch GET 304 https://registry.npmjs.org/@types%2ftr46 132ms (from cache)
314 silly registry:manifest no matching version for @types/tr46@ts3.6 in the cache. Forcing revalidation.
315 http fetch GET 304 https://registry.npmjs.org/@types%2fstrict-uri-encode 2259ms (from cache)
316 silly pacote tag manifest for @types/strict-uri-encode@ts3.6 fetched in 2267ms
317 http fetch GET 304 https://registry.npmjs.org/@types%2ftryer 139ms (from cache)
318 silly pacote tag manifest for @types/tryer@ts3.6 fetched in 140ms
319 http fetch GET 304 https://registry.npmjs.org/@types%2ftar 2258ms (from cache)
320 silly pacote tag manifest for @types/tar@ts3.6 fetched in 2260ms
321 http fetch GET 304 https://registry.npmjs.org/@types%2ftext-table 2289ms (from cache)
322 silly pacote tag manifest for @types/text-table@ts3.6 fetched in 2292ms
323 http fetch GET 304 https://registry.npmjs.org/@types%2ftest-exclude 2364ms (from cache)
324 silly registry:manifest no matching version for @types/test-exclude@ts3.6 in the cache. Forcing revalidation.
325 http fetch GET 304 https://registry.npmjs.org/@types%2ftype-is 140ms (from cache)
326 silly pacote tag manifest for @types/type-is@ts3.6 fetched in 142ms
327 http fetch GET 304 https://registry.npmjs.org/@types%2ftype-detect 421ms (from cache)
328 silly pacote tag manifest for @types/type-detect@ts3.6 fetched in 422ms
329 http fetch GET 304 https://registry.npmjs.org/@types%2fthrough 2242ms (from cache)
330 silly pacote tag manifest for @types/through@ts3.6 fetched in 2243ms
331 http fetch GET 200 https://registry.npmjs.org/@types%2fto-regex-range 1508ms
332 silly fetchPackageMetaData error for @types/to-regex-range@ts3.6 No matching version found for @types/to-regex-range@ts3.6.
333 http fetch GET 200 https://registry.npmjs.org/@types%2ftoidentifier 1521ms
334 silly fetchPackageMetaData error for @types/toidentifier@ts3.6 No matching version found for @types/toidentifier@ts3.6.
335 http fetch GET 304 https://registry.npmjs.org/@types%2furix 126ms (from cache)
336 silly pacote tag manifest for @types/urix@ts3.6 fetched in 128ms
337 http fetch GET 304 https://registry.npmjs.org/@types%2ftimsort 2226ms (from cache)
338 silly pacote tag manifest for @types/timsort@ts3.6 fetched in 2227ms
339 http fetch GET 304 https://registry.npmjs.org/@types%2furl-parse 131ms (from cache)
340 silly pacote tag manifest for @types/url-parse@ts3.6 fetched in 136ms
341 http fetch GET 304 https://registry.npmjs.org/@types%2futil-deprecate 121ms (from cache)
342 silly pacote tag manifest for @types/util-deprecate@ts3.6 fetched in 124ms
343 http fetch GET 304 https://registry.npmjs.org/@types%2ftmpl 2263ms (from cache)
344 silly registry:manifest no matching version for @types/tmpl@ts3.6 in the cache. Forcing revalidation.
345 http fetch GET 304 https://registry.npmjs.org/@types%2futil.promisify 115ms (from cache)
346 silly pacote tag manifest for @types/util.promisify@ts3.6 fetched in 117ms
347 http fetch GET 200 https://registry.npmjs.org/@types%2ftmpl 117ms
348 silly fetchPackageMetaData error for @types/tmpl@ts3.6 No matching version found for @types/tmpl@ts3.6.
349 http fetch GET 304 https://registry.npmjs.org/@types%2fuuid 128ms (from cache)
350 silly pacote tag manifest for @types/uuid@ts3.6 fetched in 132ms
351 http fetch GET 304 https://registry.npmjs.org/@types%2fvalidate-npm-package-license 122ms (from cache)
352 silly pacote tag manifest for @types/validate-npm-package-license@ts3.6 fetched in 123ms
353 http fetch GET 304 https://registry.npmjs.org/@types%2fw3c-hr-time 118ms (from cache)
354 silly pacote tag manifest for @types/w3c-hr-time@ts3.6 fetched in 121ms
355 http fetch GET 304 https://registry.npmjs.org/@types%2fw3c-xmlserializer 122ms (from cache)
356 silly pacote tag manifest for @types/w3c-xmlserializer@ts3.6 fetched in 128ms
357 http fetch GET 304 https://registry.npmjs.org/@types%2funbox-primitive 1210ms (from cache)
358 silly registry:manifest no matching version for @types/unbox-primitive@ts3.6 in the cache. Forcing revalidation.
359 http fetch GET 304 https://registry.npmjs.org/@types%2fwatchpack 130ms (from cache)
360 silly pacote tag manifest for @types/watchpack@ts3.6 fetched in 132ms
361 http fetch GET 200 https://registry.npmjs.org/@types%2ftr46 2258ms
362 silly fetchPackageMetaData error for @types/tr46@ts3.6 No matching version found for @types/tr46@ts3.6.
363 http fetch GET 304 https://registry.npmjs.org/@types%2fwebidl-conversions 132ms (from cache)
364 silly pacote tag manifest for @types/webidl-conversions@ts3.6 fetched in 136ms
365 http fetch GET 304 https://registry.npmjs.org/@types%2ftype-check 2230ms (from cache)
366 silly pacote tag manifest for @types/type-check@ts3.6 fetched in 2234ms
367 http fetch GET 304 https://registry.npmjs.org/@types%2fwebpack-sources 138ms (from cache)
368 silly pacote tag manifest for @types/webpack-sources@ts3.6 fetched in 141ms
369 http fetch GET 304 https://registry.npmjs.org/@types%2fwhatwg-encoding 126ms (from cache)
370 silly pacote tag manifest for @types/whatwg-encoding@ts3.6 fetched in 135ms
371 http fetch GET 200 https://registry.npmjs.org/@types%2ftest-exclude 2269ms
372 silly fetchPackageMetaData error for @types/test-exclude@ts3.6 No matching version found for @types/test-exclude@ts3.6.
373 http fetch GET 200 https://registry.npmjs.org/@types%2ftypedarray-to-buffer 2240ms
374 silly fetchPackageMetaData error for @types/typedarray-to-buffer@ts3.6 No matching version found for @types/typedarray-to-buffer@ts3.6.
375 http fetch GET 304 https://registry.npmjs.org/@types%2fwhatwg-url 113ms (from cache)
376 silly pacote tag manifest for @types/whatwg-url@ts3.6 fetched in 115ms
377 http fetch GET 304 https://registry.npmjs.org/@types%2funiq 2261ms (from cache)
378 silly pacote tag manifest for @types/uniq@ts3.6 fetched in 2263ms
379 http fetch GET 304 https://registry.npmjs.org/@types%2fwebpack 1220ms (from cache)
380 silly pacote tag manifest for @types/webpack@ts3.6 fetched in 1223ms
381 http fetch GET 304 https://registry.npmjs.org/@types%2funiversalify 2305ms (from cache)
382 silly pacote tag manifest for @types/universalify@ts3.6 fetched in 2307ms
383 http fetch GET 304 https://registry.npmjs.org/@types%2futils-merge 2242ms (from cache)
384 silly pacote tag manifest for @types/utils-merge@ts3.6 fetched in 2244ms
385 http fetch GET 304 https://registry.npmjs.org/@types%2fwrite-file-atomic 157ms (from cache)
386 silly pacote tag manifest for @types/write-file-atomic@ts3.6 fetched in 161ms
387 http fetch GET 304 https://registry.npmjs.org/@types%2fvary 2274ms (from cache)
388 silly pacote tag manifest for @types/vary@ts3.6 fetched in 2277ms
389 http fetch GET 304 https://registry.npmjs.org/@types%2fws 122ms (from cache)
390 silly pacote tag manifest for @types/ws@ts3.6 fetched in 124ms
391 http fetch GET 200 https://registry.npmjs.org/@types%2funbox-primitive 2201ms
392 silly fetchPackageMetaData error for @types/unbox-primitive@ts3.6 No matching version found for @types/unbox-primitive@ts3.6.
393 http fetch GET 304 https://registry.npmjs.org/@types%2fyallist 144ms (from cache)
394 silly pacote tag manifest for @types/yallist@ts3.6 fetched in 145ms
395 http fetch GET 304 https://registry.npmjs.org/@types%2fwhich 1506ms (from cache)
396 silly pacote tag manifest for @types/which@ts3.6 fetched in 1509ms
397 http fetch GET 304 https://registry.npmjs.org/@types%2fyargs 155ms (from cache)
398 silly pacote tag manifest for @types/yargs@ts3.6 fetched in 158ms
399 http fetch GET 304 https://registry.npmjs.org/@types%2fyargs-parser 115ms (from cache)
400 silly pacote tag manifest for @types/yargs-parser@ts3.6 fetched in 116ms
401 http fetch GET 304 https://registry.npmjs.org/@types%2fwebpack-manifest-plugin 2370ms (from cache)
402 silly pacote tag manifest for @types/webpack-manifest-plugin@ts3.6 fetched in 2371ms
403 http fetch GET 304 https://registry.npmjs.org/@types%2fwhatwg-mimetype 2276ms (from cache)
404 silly pacote tag manifest for @types/whatwg-mimetype@ts3.6 fetched in 2282ms
405 http fetch GET 304 https://registry.npmjs.org/@types%2fwhich-boxed-primitive 2309ms (from cache)
406 silly registry:manifest no matching version for @types/which-boxed-primitive@ts3.6 in the cache. Forcing revalidation.
407 http fetch GET 200 https://registry.npmjs.org/@types%2fwhich-boxed-primitive 119ms
408 silly fetchPackageMetaData error for @types/which-boxed-primitive@ts3.6 No matching version found for @types/which-boxed-primitive@ts3.6.
409 http fetch GET 304 https://registry.npmjs.org/@types%2fwhich-pm-runs 2245ms (from cache)
410 silly pacote tag manifest for @types/which-pm-runs@ts3.6 fetched in 2246ms
411 http fetch GET 304 https://registry.npmjs.org/@types%2fwrap-ansi 2308ms (from cache)
412 silly pacote tag manifest for @types/wrap-ansi@ts3.6 fetched in 2310ms
413 http fetch GET 304 https://registry.npmjs.org/@types%2fworkbox-sw 2395ms (from cache)
414 silly pacote tag manifest for @types/workbox-sw@ts3.6 fetched in 2397ms
415 http fetch GET 304 https://registry.npmjs.org/@types%2fxml-name-validator 2266ms (from cache)
416 silly registry:manifest no matching version for @types/xml-name-validator@ts3.6 in the cache. Forcing revalidation.
417 http fetch GET 304 https://registry.npmjs.org/@types%2fxtend 2341ms (from cache)
418 silly pacote tag manifest for @types/xtend@ts3.6 fetched in 2343ms
419 http fetch GET 200 https://registry.npmjs.org/@types%2fxml-name-validator 116ms
420 silly fetchPackageMetaData error for @types/xml-name-validator@ts3.6 No matching version found for @types/xml-name-validator@ts3.6.
421 timing stage:rollbackFailedOptional Completed in 1ms
422 timing stage:runTopLevelLifecycles Completed in 22479ms
423 verbose type tag
424 verbose stack @types/neo-async: No matching version found for @types/neo-async@ts3.6.
424 verbose stack     at pickManifest (/usr/local/lib/node_modules/npm/node_modules/npm-pick-manifest/index.js:122:13)
424 verbose stack     at /usr/local/lib/node_modules/npm/node_modules/pacote/lib/fetchers/registry/manifest.js:43:18
424 verbose stack     at tryCatcher (/usr/local/lib/node_modules/npm/node_modules/bluebird/js/release/util.js:16:23)
424 verbose stack     at Promise._settlePromiseFromHandler (/usr/local/lib/node_modules/npm/node_modules/bluebird/js/release/promise.js:517:31)
424 verbose stack     at Promise._settlePromise (/usr/local/lib/node_modules/npm/node_modules/bluebird/js/release/promise.js:574:18)
424 verbose stack     at Promise._settlePromise0 (/usr/local/lib/node_modules/npm/node_modules/bluebird/js/release/promise.js:619:10)
424 verbose stack     at Promise._settlePromises (/usr/local/lib/node_modules/npm/node_modules/bluebird/js/release/promise.js:699:18)
424 verbose stack     at _drainQueueStep (/usr/local/lib/node_modules/npm/node_modules/bluebird/js/release/async.js:138:12)
424 verbose stack     at _drainQueue (/usr/local/lib/node_modules/npm/node_modules/bluebird/js/release/async.js:131:9)
424 verbose stack     at Async._drainQueues (/usr/local/lib/node_modules/npm/node_modules/bluebird/js/release/async.js:147:5)
424 verbose stack     at Immediate.Async.drainQueues [as _onImmediate] (/usr/local/lib/node_modules/npm/node_modules/bluebird/js/release/async.js:17:14)
424 verbose stack     at processImmediate (internal/timers.js:456:21)
425 verbose cwd /home/theia/.cache/typescript/3.6
426 verbose Linux 5.15.90.1-microsoft-standard-WSL2
427 verbose argv "/usr/local/bin/node" "/usr/local/bin/npm" "install" "--ignore-scripts" "@types/memorystream@ts3.6" "@types/merge-descriptors@ts3.6" "@types/merge-stream@ts3.6" "@types/merge2@ts3.6" "@types/methods@ts3.6" "@types/micromatch@ts3.6" "@types/mime@ts3.6" "@types/mime-db@ts3.6" "@types/mime-types@ts3.6" "@types/min-indent@ts3.6" "@types/minimalistic-assert@ts3.6" "@types/minimist@ts3.6" "@types/minizlib@ts3.6" "@types/move-concurrently@ts3.6" "@types/ms@ts3.6" "@types/multicast-dns@ts3.6" "@types/natural-compare@ts3.6" "@types/negotiator@ts3.6" "@types/neo-async@ts3.6" "@types/next-tick@ts3.6" "@types/nice-try@ts3.6" "@types/node-forge@ts3.6" "@types/node-int64@ts3.6" "@types/node-notifier@ts3.6" "@types/normalize-package-data@ts3.6" "@types/normalize-path@ts3.6" "@types/num2fraction@ts3.6" "@types/nwsapi@ts3.6" "@types/object-assign@ts3.6" "@types/object-inspect@ts3.6" "@types/object-keys@ts3.6" "@types/object.fromentries@ts3.6" "@types/object.getownpropertydescriptors@ts3.6" "@types/object.pick@ts3.6" "@types/on-finished@ts3.6" "@types/on-headers@ts3.6" "@types/once@ts3.6" "@types/optimize-css-assets-webpack-plugin@ts3.6" "@types/pako@ts3.6" "@types/parallel-transform@ts3.6" "@types/parse-json@ts3.6" "@types/parseurl@ts3.6" "@types/pascalcase@ts3.6" "@types/path-browserify@ts3.6" "@types/path-is-absolute@ts3.6" "@types/path-is-inside@ts3.6" "@types/path-parse@ts3.6" "@types/pbkdf2@ts3.6" "@types/picomatch@ts3.6" "@types/pify@ts3.6" "@types/postcss-flexbugs-fixes@ts3.6" "@types/postcss-gap-properties@ts3.6" "@types/postcss-modules-extract-imports@ts3.6" "@types/postcss-modules-local-by-default@ts3.6" "@types/postcss-modules-scope@ts3.6" "@types/postcss-modules-values@ts3.6" "@types/postcss-normalize@ts3.6" "@types/postcss-safe-parser@ts3.6" "@types/prelude-ls@ts3.6" "@types/prettier-linter-helpers@ts3.6" "@types/progress@ts3.6" "@types/promise-inflight@ts3.6" "@types/prompts@ts3.6" "@types/prop-types@ts3.6" "@types/proxy-addr@ts3.6" "@types/psl@ts3.6" "@types/pump@ts3.6" "@types/pumpify@ts3.6" "@types/punycode@ts3.6" "@types/q@ts3.6" "@types/qs@ts3.6" "@types/querystringify@ts3.6" "@types/raf@ts3.6" "@types/randombytes@ts3.6" "@types/range-parser@ts3.6" "@types/react-dev-utils@ts3.6" "@types/react-is@ts3.6" "@types/react-refresh@ts3.6" "@types/readable-stream@ts3.6" "@types/recursive-readdir@ts3.6" "@types/regenerate@ts3.6" "@types/regenerator-runtime@ts3.6" "@types/regex-not@ts3.6" "@types/relateurl@ts3.6" "@types/repeat-element@ts3.6" "@types/repeat-string@ts3.6" "@types/require-directory@ts3.6" "@types/require-from-string@ts3.6" "@types/requires-port@ts3.6" "@types/resolve@ts3.6" "@types/retry@ts3.6" "@types/ripemd160@ts3.6" "@types/rsvp@ts3.6" "@types/run-parallel@ts3.6" "@types/safe-regex@ts3.6" "@types/safe-regex-test@ts3.6" "@types/safer-buffer@ts3.6" "@types/sane@ts3.6" "@types/sass-loader@ts3.6" "@types/sax@ts3.6" "@types/scheduler@ts3.6" "@types/selfsigned@ts3.6" "@types/semver@ts3.6" "@types/semver-compare@ts3.6" "@types/send@ts3.6" "@types/serialize-javascript@ts3.6" "@types/serve-index@ts3.6" "@types/serve-static@ts3.6" "@types/set-blocking@ts3.6" "@types/set-value@ts3.6" "@types/setimmediate@ts3.6" "@types/sha.js@ts3.6" "@types/shebang-command@ts3.6" "@types/shell-quote@ts3.6" "@types/signal-exit@ts3.6" "@types/simple-swizzle@ts3.6" "@types/slice-ansi@ts3.6" "@types/sockjs@ts3.6" "@types/sockjs-client@ts3.6" "@types/source-list-map@ts3.6" "@types/source-map-support@ts3.6" "@types/spdx-correct@ts3.6" "@types/spdx-expression-parse@ts3.6" "@types/spdy@ts3.6" "@types/sprintf@ts3.6" "@types/sprintf-js@ts3.6" "@types/ssri@ts3.6" "@types/stack-utils@ts3.6" "@types/statuses@ts3.6" "@types/stream-each@ts3.6" "@types/stream-shift@ts3.6" "@types/strict-uri-encode@ts3.6" "@types/string-natural-compare@ts3.6" "@types/string.prototype.matchall@ts3.6" "@types/stringify-object@ts3.6" "@types/strip-comments@ts3.6" "@types/strip-final-newline@ts3.6" "@types/supports-color@ts3.6" "@types/svg-parser@ts3.6" "@types/symbol-tree@ts3.6" "@types/tapable@ts3.6" "@types/tar@ts3.6" "@types/test-exclude@ts3.6" "@types/text-table@ts3.6" "@types/through@ts3.6" "@types/through2@ts3.6" "@types/thunky@ts3.6" "@types/timsort@ts3.6" "@types/tmpl@ts3.6" "@types/to-regex@ts3.6" "@types/to-regex-range@ts3.6" "@types/toidentifier@ts3.6" "@types/tough-cookie@ts3.6" "@types/tr46@ts3.6" "@types/tryer@ts3.6" "@types/type-check@ts3.6" "@types/type-detect@ts3.6" "@types/type-is@ts3.6" "@types/typedarray-to-buffer@ts3.6" "@types/unbox-primitive@ts3.6" "@types/uniq@ts3.6" "@types/universalify@ts3.6" "@types/urix@ts3.6" "@types/url-parse@ts3.6" "@types/util-deprecate@ts3.6" "@types/util.promisify@ts3.6" "@types/utils-merge@ts3.6" "@types/uuid@ts3.6" "@types/validate-npm-package-license@ts3.6" "@types/vary@ts3.6" "@types/w3c-hr-time@ts3.6" "@types/w3c-xmlserializer@ts3.6" "@types/watchpack@ts3.6" "@types/webidl-conversions@ts3.6" "@types/webpack@ts3.6" "@types/webpack-manifest-plugin@ts3.6" "@types/webpack-sources@ts3.6" "@types/whatwg-encoding@ts3.6" "@types/whatwg-mimetype@ts3.6" "@types/whatwg-url@ts3.6" "@types/which@ts3.6" "@types/which-boxed-primitive@ts3.6" "@types/which-pm-runs@ts3.6" "@types/workbox-sw@ts3.6" "@types/wrap-ansi@ts3.6" "@types/write-file-atomic@ts3.6" "@types/ws@ts3.6" "@types/xml-name-validator@ts3.6" "@types/xtend@ts3.6" "@types/yallist@ts3.6" "@types/yargs@ts3.6" "@types/yargs-parser@ts3.6" "--save-dev" "--user-agent=typesInstaller/3.6.3"
428 verbose node v12.18.3
429 verbose npm  v6.14.6
430 error code ETARGET
431 error notarget No matching version found for @types/neo-async@ts3.6.
432 error notarget In most cases you or one of your dependencies are requesting
432 error notarget a package version that doesn't exist.
433 verbose exit [ 1, true ]
