0 info it worked if it ends with ok
1 verbose cli [
1 verbose cli   '/usr/local/bin/node',
1 verbose cli   '/usr/local/bin/npm',
1 verbose cli   'install',
1 verbose cli   '--ignore-scripts',
1 verbose cli   '@types/lint-staged@ts3.6',
1 verbose cli   '@types/accepts@ts3.6',
1 verbose cli   '@types/argparse@ts3.6',
1 verbose cli   '@types/aria-query@ts3.6',
1 verbose cli   '@types/arr-diff@ts3.6',
1 verbose cli   '@types/arr-union@ts3.6',
1 verbose cli   '@types/array-unique@ts3.6',
1 verbose cli   '@types/array.prototype.flat@ts3.6',
1 verbose cli   '@types/array.prototype.flatmap@ts3.6',
1 verbose cli   '@types/asap@ts3.6',
1 verbose cli   '@types/assert@ts3.6',
1 verbose cli   '@types/async@ts3.6',
1 verbose cli   '@types/atob@ts3.6',
1 verbose cli   '@types/babel-plugin-macros@ts3.6',
1 verbose cli   '@types/babylon@ts3.6',
1 verbose cli   '@types/balanced-match@ts3.6',
1 verbose cli   '@types/big.js@ts3.6',
1 verbose cli   '@types/bn.js@ts3.6',
1 verbose cli   '@types/body-parser@ts3.6',
1 verbose cli   '@types/bonjour@ts3.6',
1 verbose cli   '@types/boolbase@ts3.6',
1 verbose cli   '@types/brace-expansion@ts3.6',
1 verbose cli   '@types/braces@ts3.6',
1 verbose cli   '@types/brorand@ts3.6',
1 verbose cli   '@types/bser@ts3.6',
1 verbose cli   '@types/buffer-from@ts3.6',
1 verbose cli   '@types/buffer-xor@ts3.6',
1 verbose cli   '@types/bytes@ts3.6',
1 verbose cli   '@types/cacache@ts3.6',
1 verbose cli   '@types/call-bind@ts3.6',
1 verbose cli   '@types/caniuse-api@ts3.6',
1 verbose cli   '@types/caniuse-lite@ts3.6',
1 verbose cli   '@types/case-sensitive-paths-webpack-plugin@ts3.6',
1 verbose cli   '@types/check-types@ts3.6',
1 verbose cli   '@types/chownr@ts3.6',
1 verbose cli   '@types/cipher-base@ts3.6',
1 verbose cli   '@types/clean-css@ts3.6',
1 verbose cli   '@types/color@ts3.6',
1 verbose cli   '@types/color-convert@ts3.6',
1 verbose cli   '@types/color-name@ts3.6',
1 verbose cli   '@types/color-string@ts3.6',
1 verbose cli   '@types/combined-stream@ts3.6',
1 verbose cli   '@types/common-tags@ts3.6',
1 verbose cli   '@types/commondir@ts3.6',
1 verbose cli   '@types/component-emitter@ts3.6',
1 verbose cli   '@types/compose-function@ts3.6',
1 verbose cli   '@types/compressible@ts3.6',
1 verbose cli   '@types/compression@ts3.6',
1 verbose cli   '@types/concat-map@ts3.6',
1 verbose cli   '@types/concat-stream@ts3.6',
1 verbose cli   '@types/confusing-browser-globals@ts3.6',
1 verbose cli   '@types/connect-history-api-fallback@ts3.6',
1 verbose cli   '@types/content-disposition@ts3.6',
1 verbose cli   '@types/content-type@ts3.6',
1 verbose cli   '@types/convert-source-map@ts3.6',
1 verbose cli   '@types/cookie@ts3.6',
1 verbose cli   '@types/cookie-signature@ts3.6',
1 verbose cli   '@types/core-js@ts3.6',
1 verbose cli   '@types/create-hash@ts3.6',
1 verbose cli   '@types/create-hmac@ts3.6',
1 verbose cli   '@types/cross-spawn@ts3.6',
1 verbose cli   '@types/css@ts3.6',
1 verbose cli   '@types/css-declaration-sorter@ts3.6',
1 verbose cli   '@types/css-tree@ts3.6',
1 verbose cli   '@types/css.escape@ts3.6',
1 verbose cli   '@types/cssesc@ts3.6',
1 verbose cli   '@types/csso@ts3.6',
1 verbose cli   '@types/cssom@ts3.6',
1 verbose cli   '@types/cssstyle@ts3.6',
1 verbose cli   '@types/damerau-levenshtein@ts3.6',
1 verbose cli   '@types/data-urls@ts3.6',
1 verbose cli   '@types/debug@ts3.6',
1 verbose cli   '@types/decode-uri-component@ts3.6',
1 verbose cli   '@types/dedent@ts3.6',
1 verbose cli   '@types/deep-equal@ts3.6',
1 verbose cli   '@types/default-gateway@ts3.6',
1 verbose cli   '@types/define-properties@ts3.6',
1 verbose cli   '@types/depd@ts3.6',
1 verbose cli   '@types/destroy@ts3.6',
1 verbose cli   '@types/detect-node@ts3.6',
1 verbose cli   '@types/diffie-hellman@ts3.6',
1 verbose cli   '@types/dir-glob@ts3.6',
1 verbose cli   '@types/dns-packet@ts3.6',
1 verbose cli   '@types/dns-txt@ts3.6',
1 verbose cli   '@types/doctrine@ts3.6',
1 verbose cli   '@types/domexception@ts3.6',
1 verbose cli   '@types/domutils@ts3.6',
1 verbose cli   '@types/duplexify@ts3.6',
1 verbose cli   '@types/ee-first@ts3.6',
1 verbose cli   '@types/ejs@ts3.6',
1 verbose cli   '@types/elliptic@ts3.6',
1 verbose cli   '@types/encodeurl@ts3.6',
1 verbose cli   '@types/end-of-stream@ts3.6',
1 verbose cli   '@types/es-abstract@ts3.6',
1 verbose cli   '@types/es-to-primitive@ts3.6',
1 verbose cli   '@types/escape-html@ts3.6',
1 verbose cli   ... 99 more items
1 verbose cli ]
2 info using npm@6.14.6
3 info using node@v12.18.3
4 verbose npm-session 5579dcc5a058fce9
5 silly install loadCurrentTree
6 silly install readLocalPackageData
7 http fetch GET 304 https://registry.npmjs.org/@types%2fargparse 469ms (from cache)
8 http fetch GET 304 https://registry.npmjs.org/@types%2farr-union 467ms (from cache)
9 http fetch GET 304 https://registry.npmjs.org/@types%2fasap 468ms (from cache)
10 silly pacote tag manifest for @types/argparse@ts3.6 fetched in 479ms
11 silly pacote tag manifest for @types/arr-union@ts3.6 fetched in 477ms
12 silly pacote tag manifest for @types/asap@ts3.6 fetched in 478ms
13 http fetch GET 304 https://registry.npmjs.org/@types%2farray.prototype.flatmap 483ms (from cache)
14 silly pacote tag manifest for @types/array.prototype.flatmap@ts3.6 fetched in 490ms
15 http fetch GET 304 https://registry.npmjs.org/@types%2faccepts 505ms (from cache)
16 http fetch GET 304 https://registry.npmjs.org/@types%2farray-unique 502ms (from cache)
17 silly pacote tag manifest for @types/accepts@ts3.6 fetched in 513ms
18 silly pacote tag manifest for @types/array-unique@ts3.6 fetched in 507ms
19 http fetch GET 304 https://registry.npmjs.org/@types%2fatob 154ms (from cache)
20 silly pacote tag manifest for @types/atob@ts3.6 fetched in 162ms
21 http fetch GET 304 https://registry.npmjs.org/@types%2fassert 174ms (from cache)
22 http fetch GET 304 https://registry.npmjs.org/@types%2fbabel-plugin-macros 160ms (from cache)
23 silly pacote tag manifest for @types/assert@ts3.6 fetched in 180ms
24 http fetch GET 304 https://registry.npmjs.org/@types%2fbalanced-match 150ms (from cache)
25 silly pacote tag manifest for @types/babel-plugin-macros@ts3.6 fetched in 166ms
26 silly pacote tag manifest for @types/balanced-match@ts3.6 fetched in 157ms
27 http fetch GET 304 https://registry.npmjs.org/@types%2fbabylon 163ms (from cache)
28 silly pacote tag manifest for @types/babylon@ts3.6 fetched in 174ms
29 http fetch GET 304 https://registry.npmjs.org/@types%2fbig.js 123ms (from cache)
30 silly pacote tag manifest for @types/big.js@ts3.6 fetched in 126ms
31 http fetch GET 304 https://registry.npmjs.org/@types%2fbonjour 137ms (from cache)
32 silly pacote tag manifest for @types/bonjour@ts3.6 fetched in 139ms
33 http fetch GET 304 https://registry.npmjs.org/@types%2fbody-parser 177ms (from cache)
34 silly pacote tag manifest for @types/body-parser@ts3.6 fetched in 180ms
35 http fetch GET 304 https://registry.npmjs.org/@types%2fboolbase 182ms (from cache)
36 silly pacote tag manifest for @types/boolbase@ts3.6 fetched in 184ms
37 http fetch GET 304 https://registry.npmjs.org/@types%2fbrace-expansion 135ms (from cache)
38 silly pacote tag manifest for @types/brace-expansion@ts3.6 fetched in 137ms
39 http fetch GET 304 https://registry.npmjs.org/@types%2fbrorand 131ms (from cache)
40 silly pacote tag manifest for @types/brorand@ts3.6 fetched in 134ms
41 http fetch GET 304 https://registry.npmjs.org/@types%2fbser 138ms (from cache)
42 silly pacote tag manifest for @types/bser@ts3.6 fetched in 140ms
43 http fetch GET 304 https://registry.npmjs.org/@types%2fbuffer-xor 130ms (from cache)
44 silly pacote tag manifest for @types/buffer-xor@ts3.6 fetched in 133ms
45 http fetch GET 304 https://registry.npmjs.org/@types%2fbytes 151ms (from cache)
46 silly pacote tag manifest for @types/bytes@ts3.6 fetched in 155ms
47 http fetch GET 304 https://registry.npmjs.org/@types%2fcacache 140ms (from cache)
48 silly pacote tag manifest for @types/cacache@ts3.6 fetched in 142ms
49 http fetch GET 200 https://registry.npmjs.org/@types%2fcall-bind 154ms
50 silly fetchPackageMetaData error for @types/call-bind@ts3.6 No matching version found for @types/call-bind@ts3.6.
51 http fetch GET 304 https://registry.npmjs.org/@types%2fbn.js 725ms (from cache)
52 silly pacote tag manifest for @types/bn.js@ts3.6 fetched in 728ms
53 http fetch GET 304 https://registry.npmjs.org/@types%2fcaniuse-lite 168ms (from cache)
54 silly pacote tag manifest for @types/caniuse-lite@ts3.6 fetched in 172ms
55 http fetch GET 304 https://registry.npmjs.org/@types%2fcase-sensitive-paths-webpack-plugin 130ms (from cache)
56 silly pacote tag manifest for @types/case-sensitive-paths-webpack-plugin@ts3.6 fetched in 133ms
57 http fetch GET 304 https://registry.npmjs.org/@types%2fcheck-types 134ms (from cache)
58 silly pacote tag manifest for @types/check-types@ts3.6 fetched in 136ms
59 http fetch GET 304 https://registry.npmjs.org/@types%2fchownr 124ms (from cache)
60 silly pacote tag manifest for @types/chownr@ts3.6 fetched in 126ms
61 http fetch GET 304 https://registry.npmjs.org/@types%2fcipher-base 147ms (from cache)
62 http fetch GET 304 https://registry.npmjs.org/@types%2fclean-css 134ms (from cache)
63 silly pacote tag manifest for @types/cipher-base@ts3.6 fetched in 150ms
64 http fetch GET 304 https://registry.npmjs.org/@types%2fasync 1303ms (from cache)
65 silly pacote tag manifest for @types/clean-css@ts3.6 fetched in 138ms
66 silly pacote tag manifest for @types/async@ts3.6 fetched in 1307ms
67 http fetch GET 200 https://registry.npmjs.org/@types%2flint-staged 1925ms
68 http fetch GET 304 https://registry.npmjs.org/@types%2fcolor-convert 138ms (from cache)
69 silly fetchPackageMetaData error for @types/lint-staged@ts3.6 No matching version found for @types/lint-staged@ts3.6.
70 http fetch GET 304 https://registry.npmjs.org/@types%2fcolor-name 136ms (from cache)
71 silly pacote tag manifest for @types/color-convert@ts3.6 fetched in 141ms
72 silly pacote tag manifest for @types/color-name@ts3.6 fetched in 139ms
73 http fetch GET 304 https://registry.npmjs.org/@types%2fcolor 159ms (from cache)
74 silly pacote tag manifest for @types/color@ts3.6 fetched in 162ms
75 http fetch GET 304 https://registry.npmjs.org/@types%2fcolor-string 122ms (from cache)
76 silly pacote tag manifest for @types/color-string@ts3.6 fetched in 125ms
77 http fetch GET 304 https://registry.npmjs.org/@types%2fcommon-tags 144ms (from cache)
78 http fetch GET 304 https://registry.npmjs.org/@types%2fcombined-stream 148ms (from cache)
79 http fetch GET 304 https://registry.npmjs.org/@types%2fcommondir 130ms (from cache)
80 silly pacote tag manifest for @types/common-tags@ts3.6 fetched in 147ms
81 silly pacote tag manifest for @types/combined-stream@ts3.6 fetched in 151ms
82 silly pacote tag manifest for @types/commondir@ts3.6 fetched in 134ms
83 http fetch GET 304 https://registry.npmjs.org/@types%2fbraces 1288ms (from cache)
84 silly pacote tag manifest for @types/braces@ts3.6 fetched in 1291ms
85 http fetch GET 304 https://registry.npmjs.org/@types%2fcomponent-emitter 126ms (from cache)
86 silly pacote tag manifest for @types/component-emitter@ts3.6 fetched in 129ms
87 http fetch GET 304 https://registry.npmjs.org/@types%2fcompressible 149ms (from cache)
88 http fetch GET 304 https://registry.npmjs.org/@types%2fbuffer-from 1316ms (from cache)
89 silly pacote tag manifest for @types/buffer-from@ts3.6 fetched in 1317ms
90 silly pacote tag manifest for @types/compressible@ts3.6 fetched in 153ms
91 http fetch GET 304 https://registry.npmjs.org/@types%2fconcat-map 130ms (from cache)
92 silly pacote tag manifest for @types/concat-map@ts3.6 fetched in 132ms
93 http fetch GET 304 https://registry.npmjs.org/@types%2fconcat-stream 115ms (from cache)
94 silly pacote tag manifest for @types/concat-stream@ts3.6 fetched in 118ms
95 http fetch GET 304 https://registry.npmjs.org/@types%2fcontent-disposition 118ms (from cache)
96 silly pacote tag manifest for @types/content-disposition@ts3.6 fetched in 121ms
97 http fetch GET 304 https://registry.npmjs.org/@types%2fconfusing-browser-globals 135ms (from cache)
98 silly pacote tag manifest for @types/confusing-browser-globals@ts3.6 fetched in 137ms
99 http fetch GET 304 https://registry.npmjs.org/@types%2fcontent-type 134ms (from cache)
100 silly pacote tag manifest for @types/content-type@ts3.6 fetched in 136ms
101 http fetch GET 304 https://registry.npmjs.org/@types%2fconvert-source-map 140ms (from cache)
102 http fetch GET 304 https://registry.npmjs.org/@types%2fcookie 130ms (from cache)
103 silly pacote tag manifest for @types/convert-source-map@ts3.6 fetched in 143ms
104 silly pacote tag manifest for @types/cookie@ts3.6 fetched in 135ms
105 http fetch GET 304 https://registry.npmjs.org/@types%2fcookie-signature 132ms (from cache)
106 silly pacote tag manifest for @types/cookie-signature@ts3.6 fetched in 135ms
107 http fetch GET 304 https://registry.npmjs.org/@types%2fcore-js 121ms (from cache)
108 silly pacote tag manifest for @types/core-js@ts3.6 fetched in 124ms
109 http fetch GET 304 https://registry.npmjs.org/@types%2fcreate-hash 166ms (from cache)
110 silly pacote tag manifest for @types/create-hash@ts3.6 fetched in 169ms
111 http fetch GET 304 https://registry.npmjs.org/@types%2farray.prototype.flat 2690ms (from cache)
112 silly pacote tag manifest for @types/array.prototype.flat@ts3.6 fetched in 2693ms
113 http fetch GET 304 https://registry.npmjs.org/@types%2fcreate-hmac 128ms (from cache)
114 silly pacote tag manifest for @types/create-hmac@ts3.6 fetched in 130ms
115 http fetch GET 304 https://registry.npmjs.org/@types%2fcaniuse-api 1463ms (from cache)
116 silly pacote tag manifest for @types/caniuse-api@ts3.6 fetched in 1467ms
117 http fetch GET 304 https://registry.npmjs.org/@types%2faria-query 2727ms (from cache)
118 silly pacote tag manifest for @types/aria-query@ts3.6 fetched in 2732ms
119 http fetch GET 304 https://registry.npmjs.org/@types%2fcross-spawn 126ms (from cache)
120 silly pacote tag manifest for @types/cross-spawn@ts3.6 fetched in 129ms
121 http fetch GET 304 https://registry.npmjs.org/@types%2fcompose-function 694ms (from cache)
122 silly pacote tag manifest for @types/compose-function@ts3.6 fetched in 696ms
123 http fetch GET 304 https://registry.npmjs.org/@types%2fcss 132ms (from cache)
124 silly pacote tag manifest for @types/css@ts3.6 fetched in 136ms
125 http fetch GET 304 https://registry.npmjs.org/@types%2farr-diff 2805ms (from cache)
126 silly pacote tag manifest for @types/arr-diff@ts3.6 fetched in 2809ms
127 http fetch GET 304 https://registry.npmjs.org/@types%2fcss-tree 142ms (from cache)
128 http fetch GET 304 https://registry.npmjs.org/@types%2fcss-declaration-sorter 147ms (from cache)
129 silly pacote tag manifest for @types/css-tree@ts3.6 fetched in 145ms
130 silly pacote tag manifest for @types/css-declaration-sorter@ts3.6 fetched in 150ms
131 http fetch GET 304 https://registry.npmjs.org/@types%2fcsso 136ms (from cache)
132 silly pacote tag manifest for @types/csso@ts3.6 fetched in 139ms
133 http fetch GET 304 https://registry.npmjs.org/@types%2fcssom 132ms (from cache)
134 silly pacote tag manifest for @types/cssom@ts3.6 fetched in 135ms
135 http fetch GET 304 https://registry.npmjs.org/@types%2fcssstyle 150ms (from cache)
136 silly pacote tag manifest for @types/cssstyle@ts3.6 fetched in 154ms
137 http fetch GET 304 https://registry.npmjs.org/@types%2fdamerau-levenshtein 152ms (from cache)
138 http fetch GET 304 https://registry.npmjs.org/@types%2fdata-urls 119ms (from cache)
139 silly pacote tag manifest for @types/damerau-levenshtein@ts3.6 fetched in 160ms
140 silly pacote tag manifest for @types/data-urls@ts3.6 fetched in 128ms
141 http fetch GET 304 https://registry.npmjs.org/@types%2fdebug 134ms (from cache)
142 silly pacote tag manifest for @types/debug@ts3.6 fetched in 138ms
143 http fetch GET 304 https://registry.npmjs.org/@types%2fdecode-uri-component 120ms (from cache)
144 silly pacote tag manifest for @types/decode-uri-component@ts3.6 fetched in 125ms
145 http fetch GET 304 https://registry.npmjs.org/@types%2fdedent 117ms (from cache)
146 silly pacote tag manifest for @types/dedent@ts3.6 fetched in 119ms
147 http fetch GET 304 https://registry.npmjs.org/@types%2fdeep-equal 130ms (from cache)
148 http fetch GET 304 https://registry.npmjs.org/@types%2fdefine-properties 116ms (from cache)
149 silly pacote tag manifest for @types/deep-equal@ts3.6 fetched in 132ms
150 silly pacote tag manifest for @types/define-properties@ts3.6 fetched in 119ms
151 http fetch GET 304 https://registry.npmjs.org/@types%2fdefault-gateway 133ms (from cache)
152 silly pacote tag manifest for @types/default-gateway@ts3.6 fetched in 135ms
153 http fetch GET 304 https://registry.npmjs.org/@types%2fdiffie-hellman 128ms (from cache)
154 http fetch GET 304 https://registry.npmjs.org/@types%2fdir-glob 127ms (from cache)
155 silly pacote tag manifest for @types/diffie-hellman@ts3.6 fetched in 130ms
156 silly pacote tag manifest for @types/dir-glob@ts3.6 fetched in 129ms
157 http fetch GET 304 https://registry.npmjs.org/@types%2fdns-packet 163ms (from cache)
158 silly pacote tag manifest for @types/dns-packet@ts3.6 fetched in 165ms
159 http fetch GET 200 https://registry.npmjs.org/@types%2fdns-txt 123ms
160 silly fetchPackageMetaData error for @types/dns-txt@ts3.6 No matching version found for @types/dns-txt@ts3.6.
161 http fetch GET 304 https://registry.npmjs.org/@types%2fdoctrine 125ms (from cache)
162 silly pacote tag manifest for @types/doctrine@ts3.6 fetched in 128ms
163 http fetch GET 304 https://registry.npmjs.org/@types%2fdomexception 121ms (from cache)
164 silly pacote tag manifest for @types/domexception@ts3.6 fetched in 125ms
165 http fetch GET 304 https://registry.npmjs.org/@types%2fdomutils 126ms (from cache)
166 silly pacote tag manifest for @types/domutils@ts3.6 fetched in 130ms
167 http fetch GET 304 https://registry.npmjs.org/@types%2fee-first 154ms (from cache)
168 silly pacote tag manifest for @types/ee-first@ts3.6 fetched in 157ms
169 http fetch GET 304 https://registry.npmjs.org/@types%2fejs 127ms (from cache)
170 silly pacote tag manifest for @types/ejs@ts3.6 fetched in 129ms
171 http fetch GET 304 https://registry.npmjs.org/@types%2fcompression 1565ms (from cache)
172 silly pacote tag manifest for @types/compression@ts3.6 fetched in 1567ms
173 http fetch GET 304 https://registry.npmjs.org/@types%2felliptic 116ms (from cache)
174 silly pacote tag manifest for @types/elliptic@ts3.6 fetched in 117ms
175 http fetch GET 304 https://registry.npmjs.org/@types%2fencodeurl 968ms (from cache)
176 silly pacote tag manifest for @types/encodeurl@ts3.6 fetched in 969ms
177 http fetch GET 304 https://registry.npmjs.org/@types%2fend-of-stream 994ms (from cache)
178 http fetch GET 304 https://registry.npmjs.org/@types%2fes-abstract 969ms (from cache)
179 silly pacote tag manifest for @types/end-of-stream@ts3.6 fetched in 997ms
180 silly pacote tag manifest for @types/es-abstract@ts3.6 fetched in 977ms
181 http fetch GET 304 https://registry.npmjs.org/@types%2fes-to-primitive 118ms (from cache)
182 silly pacote tag manifest for @types/es-to-primitive@ts3.6 fetched in 120ms
183 http fetch GET 304 https://registry.npmjs.org/@types%2fescape-html 130ms (from cache)
184 silly pacote tag manifest for @types/escape-html@ts3.6 fetched in 131ms
185 http fetch GET 304 https://registry.npmjs.org/@types%2fescodegen 135ms (from cache)
186 silly pacote tag manifest for @types/escodegen@ts3.6 fetched in 137ms
187 http fetch GET 304 https://registry.npmjs.org/@types%2feslint-scope 137ms (from cache)
188 silly pacote tag manifest for @types/eslint-scope@ts3.6 fetched in 139ms
189 http fetch GET 304 https://registry.npmjs.org/@types%2fesprima 113ms (from cache)
190 silly pacote tag manifest for @types/esprima@ts3.6 fetched in 115ms
191 http fetch GET 304 https://registry.npmjs.org/@types%2fesquery 121ms (from cache)
192 silly pacote tag manifest for @types/esquery@ts3.6 fetched in 123ms
193 http fetch GET 304 https://registry.npmjs.org/@types%2festraverse 124ms (from cache)
194 silly pacote tag manifest for @types/estraverse@ts3.6 fetched in 125ms
195 http fetch GET 304 https://registry.npmjs.org/@types%2fesutils 130ms (from cache)
196 silly pacote tag manifest for @types/esutils@ts3.6 fetched in 131ms
197 http fetch GET 304 https://registry.npmjs.org/@types%2fetag 125ms (from cache)
198 silly pacote tag manifest for @types/etag@ts3.6 fetched in 126ms
199 http fetch GET 304 https://registry.npmjs.org/@types%2fcssesc 2456ms (from cache)
200 silly pacote tag manifest for @types/cssesc@ts3.6 fetched in 2457ms
201 http fetch GET 304 https://registry.npmjs.org/@types%2fevents 113ms (from cache)
202 silly pacote tag manifest for @types/events@ts3.6 fetched in 114ms
203 http fetch GET 304 https://registry.npmjs.org/@types%2feventsource 117ms (from cache)
204 silly pacote tag manifest for @types/eventsource@ts3.6 fetched in 119ms
205 http fetch GET 304 https://registry.npmjs.org/@types%2ffast-levenshtein 109ms (from cache)
206 silly pacote tag manifest for @types/fast-levenshtein@ts3.6 fetched in 111ms
207 http fetch GET 304 https://registry.npmjs.org/@types%2ffb-watchman 122ms (from cache)
208 silly pacote tag manifest for @types/fb-watchman@ts3.6 fetched in 124ms
209 http fetch GET 304 https://registry.npmjs.org/@types%2ffile-entry-cache 121ms (from cache)
210 silly pacote tag manifest for @types/file-entry-cache@ts3.6 fetched in 124ms
211 http fetch GET 304 https://registry.npmjs.org/@types%2fconnect-history-api-fallback 3240ms (from cache)
212 silly pacote tag manifest for @types/connect-history-api-fallback@ts3.6 fetched in 3242ms
213 http fetch GET 304 https://registry.npmjs.org/@types%2ffile-loader 117ms (from cache)
214 silly pacote tag manifest for @types/file-loader@ts3.6 fetched in 121ms
215 http fetch GET 304 https://registry.npmjs.org/@types%2fdestroy 2507ms (from cache)
216 silly pacote tag manifest for @types/destroy@ts3.6 fetched in 2510ms
217 http fetch GET 304 https://registry.npmjs.org/@types%2ffill-range 120ms (from cache)
218 silly registry:manifest no matching version for @types/fill-range@ts3.6 in the cache. Forcing revalidation.
219 http fetch GET 304 https://registry.npmjs.org/@types%2ffinalhandler 140ms (from cache)
220 silly pacote tag manifest for @types/finalhandler@ts3.6 fetched in 142ms
221 http fetch GET 304 https://registry.npmjs.org/@types%2ffind-cache-dir 112ms (from cache)
222 silly pacote tag manifest for @types/find-cache-dir@ts3.6 fetched in 115ms
223 http fetch GET 304 https://registry.npmjs.org/@types%2fflat-cache 113ms (from cache)
224 silly pacote tag manifest for @types/flat-cache@ts3.6 fetched in 115ms
225 http fetch GET 200 https://registry.npmjs.org/@types%2ffill-range 109ms
226 silly fetchPackageMetaData error for @types/fill-range@ts3.6 No matching version found for @types/fill-range@ts3.6.
227 http fetch GET 304 https://registry.npmjs.org/@types%2fflush-write-stream 155ms (from cache)
228 http fetch GET 304 https://registry.npmjs.org/@types%2fforwarded 127ms (from cache)
229 silly pacote tag manifest for @types/flush-write-stream@ts3.6 fetched in 157ms
230 silly pacote tag manifest for @types/forwarded@ts3.6 fetched in 129ms
231 http fetch GET 304 https://registry.npmjs.org/@types%2ffresh 113ms (from cache)
232 silly pacote tag manifest for @types/fresh@ts3.6 fetched in 114ms
233 http fetch GET 200 https://registry.npmjs.org/@types%2fcss.escape 3156ms
234 silly fetchPackageMetaData error for @types/css.escape@ts3.6 No matching version found for @types/css.escape@ts3.6.
235 http fetch GET 304 https://registry.npmjs.org/@types%2ffrom2 115ms (from cache)
236 silly pacote tag manifest for @types/from2@ts3.6 fetched in 117ms
237 http fetch GET 304 https://registry.npmjs.org/@types%2ffs-minipass 129ms (from cache)
238 silly registry:manifest no matching version for @types/fs-minipass@ts3.6 in the cache. Forcing revalidation.
239 http fetch GET 304 https://registry.npmjs.org/@types%2ffunction-bind 123ms (from cache)
240 silly pacote tag manifest for @types/function-bind@ts3.6 fetched in 125ms
241 http fetch GET 200 https://registry.npmjs.org/@types%2fgensync 113ms
242 silly fetchPackageMetaData error for @types/gensync@ts3.6 No matching version found for @types/gensync@ts3.6.
243 http fetch GET 200 https://registry.npmjs.org/@types%2ffs-minipass 134ms
244 silly fetchPackageMetaData error for @types/fs-minipass@ts3.6 No matching version found for @types/fs-minipass@ts3.6.
245 http fetch GET 200 https://registry.npmjs.org/@types%2fget-intrinsic 126ms
246 silly fetchPackageMetaData error for @types/get-intrinsic@ts3.6 No matching version found for @types/get-intrinsic@ts3.6.
247 http fetch GET 304 https://registry.npmjs.org/@types%2fdetect-node 3122ms (from cache)
248 silly pacote tag manifest for @types/detect-node@ts3.6 fetched in 3124ms
249 http fetch GET 304 https://registry.npmjs.org/@types%2fglob-parent 125ms (from cache)
250 silly pacote tag manifest for @types/glob-parent@ts3.6 fetched in 126ms
251 http fetch GET 304 https://registry.npmjs.org/@types%2fdepd 3247ms (from cache)
252 silly pacote tag manifest for @types/depd@ts3.6 fetched in 3248ms
253 http fetch GET 304 https://registry.npmjs.org/@types%2fglobal-prefix 124ms (from cache)
254 silly pacote tag manifest for @types/global-prefix@ts3.6 fetched in 126ms
255 http fetch GET 200 https://registry.npmjs.org/@types%2fgopd 132ms
256 silly fetchPackageMetaData error for @types/gopd@ts3.6 No matching version found for @types/gopd@ts3.6.
257 http fetch GET 304 https://registry.npmjs.org/@types%2fgraceful-fs 122ms (from cache)
258 silly pacote tag manifest for @types/graceful-fs@ts3.6 fetched in 123ms
259 http fetch GET 304 https://registry.npmjs.org/@types%2fduplexify 3099ms (from cache)
260 silly pacote tag manifest for @types/duplexify@ts3.6 fetched in 3100ms
261 http fetch GET 304 https://registry.npmjs.org/@types%2fhas 113ms (from cache)
262 silly pacote tag manifest for @types/has@ts3.6 fetched in 115ms
263 http fetch GET 304 https://registry.npmjs.org/@types%2ffunctional-red-black-tree 673ms (from cache)
264 silly pacote tag manifest for @types/functional-red-black-tree@ts3.6 fetched in 674ms
265 http fetch GET 304 https://registry.npmjs.org/@types%2fhe 137ms (from cache)
266 silly pacote tag manifest for @types/he@ts3.6 fetched in 139ms
267 http fetch GET 304 https://registry.npmjs.org/@types%2ffollow-redirects 1556ms (from cache)
268 silly pacote tag manifest for @types/follow-redirects@ts3.6 fetched in 1558ms
269 http fetch GET 304 https://registry.npmjs.org/@types%2feslint-utils 2499ms (from cache)
270 silly pacote tag manifest for @types/eslint-utils@ts3.6 fetched in 2501ms
271 http fetch GET 304 https://registry.npmjs.org/@types%2fhosted-git-info 114ms (from cache)
272 silly pacote tag manifest for @types/hosted-git-info@ts3.6 fetched in 115ms
273 http fetch GET 304 https://registry.npmjs.org/@types%2fhtml-encoding-sniffer 141ms (from cache)
274 silly pacote tag manifest for @types/html-encoding-sniffer@ts3.6 fetched in 142ms
275 http fetch GET 304 https://registry.npmjs.org/@types%2fhtml-escaper 138ms (from cache)
276 silly pacote tag manifest for @types/html-escaper@ts3.6 fetched in 140ms
277 http fetch GET 304 https://registry.npmjs.org/@types%2fhtml-minifier-terser 147ms (from cache)
278 silly pacote tag manifest for @types/html-minifier-terser@ts3.6 fetched in 150ms
279 http fetch GET 304 https://registry.npmjs.org/@types%2fhttp-errors 123ms (from cache)
280 silly pacote tag manifest for @types/http-errors@ts3.6 fetched in 127ms
281 http fetch GET 304 https://registry.npmjs.org/@types%2fexit 2510ms (from cache)
282 http fetch GET 304 https://registry.npmjs.org/@types%2ficss-utils 129ms (from cache)
283 silly pacote tag manifest for @types/exit@ts3.6 fetched in 2513ms
284 silly pacote tag manifest for @types/icss-utils@ts3.6 fetched in 132ms
285 http fetch GET 304 https://registry.npmjs.org/@types%2fglobalthis 1553ms (from cache)
286 http fetch GET 304 https://registry.npmjs.org/@types%2fhttp-proxy 148ms (from cache)
287 silly pacote tag manifest for @types/globalthis@ts3.6 fetched in 1555ms
288 silly pacote tag manifest for @types/http-proxy@ts3.6 fetched in 150ms
289 http fetch GET 304 https://registry.npmjs.org/@types%2fiferr 134ms (from cache)
290 silly pacote tag manifest for @types/iferr@ts3.6 fetched in 139ms
291 http fetch GET 200 https://registry.npmjs.org/@types%2fhas-bigints 1496ms
292 silly fetchPackageMetaData error for @types/has-bigints@ts3.6 No matching version found for @types/has-bigints@ts3.6.
293 http fetch GET 304 https://registry.npmjs.org/@types%2fhas-symbols 1446ms (from cache)
294 silly pacote tag manifest for @types/has-symbols@ts3.6 fetched in 1448ms
295 http fetch GET 304 https://registry.npmjs.org/@types%2fini 135ms (from cache)
296 silly pacote tag manifest for @types/ini@ts3.6 fetched in 138ms
297 http fetch GET 304 https://registry.npmjs.org/@types%2fip 147ms (from cache)
298 silly pacote tag manifest for @types/ip@ts3.6 fetched in 150ms
299 http fetch GET 304 https://registry.npmjs.org/@types%2fhex-color-regex 1484ms (from cache)
300 silly pacote tag manifest for @types/hex-color-regex@ts3.6 fetched in 1487ms
301 http fetch GET 200 https://registry.npmjs.org/@types%2fis-bigint 130ms
302 silly fetchPackageMetaData error for @types/is-bigint@ts3.6 No matching version found for @types/is-bigint@ts3.6.
303 http fetch GET 304 https://registry.npmjs.org/@types%2fget-value 2295ms (from cache)
304 silly pacote tag manifest for @types/get-value@ts3.6 fetched in 2297ms
305 http fetch GET 200 https://registry.npmjs.org/@types%2fis-boolean-object 134ms
306 silly fetchPackageMetaData error for @types/is-boolean-object@ts3.6 No matching version found for @types/is-boolean-object@ts3.6.
307 http fetch GET 304 https://registry.npmjs.org/@types%2fis-buffer 155ms (from cache)
308 silly pacote tag manifest for @types/is-buffer@ts3.6 fetched in 157ms
309 http fetch GET 304 https://registry.npmjs.org/@types%2fimurmurhash 738ms (from cache)
310 http fetch GET 304 https://registry.npmjs.org/@types%2fis-ci 144ms (from cache)
311 silly pacote tag manifest for @types/imurmurhash@ts3.6 fetched in 741ms
312 silly pacote tag manifest for @types/is-ci@ts3.6 fetched in 147ms
313 http fetch GET 304 https://registry.npmjs.org/@types%2fis-core-module 122ms (from cache)
314 silly pacote tag manifest for @types/is-core-module@ts3.6 fetched in 124ms
315 http fetch GET 304 https://registry.npmjs.org/@types%2fglobal-modules 2511ms (from cache)
316 silly pacote tag manifest for @types/global-modules@ts3.6 fetched in 2513ms
317 http fetch GET 304 https://registry.npmjs.org/@types%2fis-glob 133ms (from cache)
318 http fetch GET 200 https://registry.npmjs.org/@types%2fis-data-descriptor 139ms
319 silly fetchPackageMetaData error for @types/is-data-descriptor@ts3.6 No matching version found for @types/is-data-descriptor@ts3.6.
320 silly pacote tag manifest for @types/is-glob@ts3.6 fetched in 136ms
321 http fetch GET 200 https://registry.npmjs.org/@types%2fis-string 131ms
322 silly fetchPackageMetaData error for @types/is-string@ts3.6 No matching version found for @types/is-string@ts3.6.
323 http fetch GET 200 https://registry.npmjs.org/@types%2fhas-values 2344ms
324 silly fetchPackageMetaData error for @types/has-values@ts3.6 No matching version found for @types/has-values@ts3.6.
325 http fetch GET 200 https://registry.npmjs.org/@types%2fis-symbol 140ms
326 silly fetchPackageMetaData error for @types/is-symbol@ts3.6 No matching version found for @types/is-symbol@ts3.6.
327 http fetch GET 304 https://registry.npmjs.org/@types%2fis-typedarray 132ms (from cache)
328 silly pacote tag manifest for @types/is-typedarray@ts3.6 fetched in 140ms
329 http fetch GET 304 https://registry.npmjs.org/@types%2fis-windows 126ms (from cache)
330 silly pacote tag manifest for @types/is-windows@ts3.6 fetched in 128ms
331 http fetch GET 304 https://registry.npmjs.org/@types%2fisexe 138ms (from cache)
332 silly pacote tag manifest for @types/isexe@ts3.6 fetched in 144ms
333 http fetch GET 304 https://registry.npmjs.org/@types%2fistanbul-lib-coverage 148ms (from cache)
334 silly pacote tag manifest for @types/istanbul-lib-coverage@ts3.6 fetched in 154ms
335 http fetch GET 304 https://registry.npmjs.org/@types%2fistanbul-lib-instrument 126ms (from cache)
336 silly pacote tag manifest for @types/istanbul-lib-instrument@ts3.6 fetched in 130ms
337 http fetch GET 304 https://registry.npmjs.org/@types%2fistanbul-lib-report 126ms (from cache)
338 silly pacote tag manifest for @types/istanbul-lib-report@ts3.6 fetched in 128ms
339 http fetch GET 304 https://registry.npmjs.org/@types%2fistanbul-lib-source-maps 125ms (from cache)
340 silly pacote tag manifest for @types/istanbul-lib-source-maps@ts3.6 fetched in 129ms
341 http fetch GET 304 https://registry.npmjs.org/@types%2fisarray 777ms (from cache)
342 silly pacote tag manifest for @types/isarray@ts3.6 fetched in 780ms
343 http fetch GET 304 https://registry.npmjs.org/@types%2fistanbul-reports 162ms (from cache)
344 silly pacote tag manifest for @types/istanbul-reports@ts3.6 fetched in 165ms
345 http fetch GET 304 https://registry.npmjs.org/@types%2fjs-yaml 127ms (from cache)
346 silly pacote tag manifest for @types/js-yaml@ts3.6 fetched in 129ms
347 http fetch GET 304 https://registry.npmjs.org/@types%2fjsdom 133ms (from cache)
348 silly pacote tag manifest for @types/jsdom@ts3.6 fetched in 137ms
349 http fetch GET 304 https://registry.npmjs.org/@types%2fis-regex 1485ms (from cache)
350 silly pacote tag manifest for @types/is-regex@ts3.6 fetched in 1489ms
351 http fetch GET 304 https://registry.npmjs.org/@types%2fjson-parse-better-errors 147ms (from cache)
352 silly pacote tag manifest for @types/json-parse-better-errors@ts3.6 fetched in 149ms
353 http fetch GET 304 https://registry.npmjs.org/@types%2finherits 2422ms (from cache)
354 silly pacote tag manifest for @types/inherits@ts3.6 fetched in 2425ms
355 http fetch GET 200 https://registry.npmjs.org/@types%2fimport-local 2473ms
356 silly fetchPackageMetaData error for @types/import-local@ts3.6 No matching version found for @types/import-local@ts3.6.
357 http fetch GET 200 https://registry.npmjs.org/@types%2fjson-stable-stringify-without-jsonify 136ms
358 silly fetchPackageMetaData error for @types/json-stable-stringify-without-jsonify@ts3.6 No matching version found for @types/json-stable-stringify-without-jsonify@ts3.6.
359 http fetch GET 304 https://registry.npmjs.org/@types%2finternal-slot 2390ms (from cache)
360 silly pacote tag manifest for @types/internal-slot@ts3.6 fetched in 2392ms
361 http fetch GET 200 https://registry.npmjs.org/@types%2flanguage-tags 112ms
362 silly fetchPackageMetaData error for @types/language-tags@ts3.6 No matching version found for @types/language-tags@ts3.6.
363 http fetch GET 304 https://registry.npmjs.org/@types%2fjsonfile 155ms (from cache)
364 silly pacote tag manifest for @types/jsonfile@ts3.6 fetched in 157ms
365 http fetch GET 304 https://registry.npmjs.org/@types%2floader-runner 169ms (from cache)
366 silly pacote tag manifest for @types/loader-runner@ts3.6 fetched in 173ms
367 http fetch GET 304 https://registry.npmjs.org/@types%2fis-arguments 2422ms (from cache)
368 silly pacote tag manifest for @types/is-arguments@ts3.6 fetched in 2424ms
369 http fetch GET 304 https://registry.npmjs.org/@types%2floader-utils 140ms (from cache)
370 silly pacote tag manifest for @types/loader-utils@ts3.6 fetched in 142ms
371 http fetch GET 304 https://registry.npmjs.org/@types%2flodash 155ms (from cache)
372 silly pacote tag manifest for @types/lodash@ts3.6 fetched in 157ms
373 http fetch GET 304 https://registry.npmjs.org/@types%2flodash.merge 115ms (from cache)
374 silly pacote tag manifest for @types/lodash.merge@ts3.6 fetched in 117ms
375 http fetch GET 304 https://registry.npmjs.org/@types%2flodash.memoize 131ms (from cache)
376 silly pacote tag manifest for @types/lodash.memoize@ts3.6 fetched in 133ms
377 http fetch GET 304 https://registry.npmjs.org/@types%2flodash.template 133ms (from cache)
378 silly pacote tag manifest for @types/lodash.template@ts3.6 fetched in 135ms
379 http fetch GET 304 https://registry.npmjs.org/@types%2fkind-of 426ms (from cache)
380 http fetch GET 304 https://registry.npmjs.org/@types%2flodash.truncate 122ms (from cache)
381 silly pacote tag manifest for @types/kind-of@ts3.6 fetched in 428ms
382 silly pacote tag manifest for @types/lodash.truncate@ts3.6 fetched in 123ms
383 http fetch GET 304 https://registry.npmjs.org/@types%2flodash.uniq 124ms (from cache)
384 http fetch GET 304 https://registry.npmjs.org/@types%2fmedia-typer 121ms (from cache)
385 silly pacote tag manifest for @types/lodash.uniq@ts3.6 fetched in 131ms
386 silly pacote tag manifest for @types/media-typer@ts3.6 fetched in 128ms
387 http fetch GET 304 https://registry.npmjs.org/@types%2fis-callable 2433ms (from cache)
388 silly pacote tag manifest for @types/is-callable@ts3.6 fetched in 2435ms
389 http fetch GET 304 https://registry.npmjs.org/@types%2fis-date-object 2439ms (from cache)
390 silly pacote tag manifest for @types/is-date-object@ts3.6 fetched in 2442ms
391 http fetch GET 304 https://registry.npmjs.org/@types%2fis-number 2433ms (from cache)
392 silly pacote tag manifest for @types/is-number@ts3.6 fetched in 2440ms
393 http fetch GET 304 https://registry.npmjs.org/@types%2fjsesc 1275ms (from cache)
394 silly pacote tag manifest for @types/jsesc@ts3.6 fetched in 1278ms
395 http fetch GET 304 https://registry.npmjs.org/@types%2flodash.debounce 2416ms (from cache)
396 silly pacote tag manifest for @types/lodash.debounce@ts3.6 fetched in 2421ms
397 timing stage:rollbackFailedOptional Completed in 1ms
398 timing stage:runTopLevelLifecycles Completed in 12975ms
399 verbose type tag
400 verbose stack @types/call-bind: No matching version found for @types/call-bind@ts3.6.
400 verbose stack     at pickManifest (/usr/local/lib/node_modules/npm/node_modules/npm-pick-manifest/index.js:122:13)
400 verbose stack     at /usr/local/lib/node_modules/npm/node_modules/pacote/lib/fetchers/registry/manifest.js:24:14
400 verbose stack     at tryCatcher (/usr/local/lib/node_modules/npm/node_modules/bluebird/js/release/util.js:16:23)
400 verbose stack     at Promise._settlePromiseFromHandler (/usr/local/lib/node_modules/npm/node_modules/bluebird/js/release/promise.js:517:31)
400 verbose stack     at Promise._settlePromise (/usr/local/lib/node_modules/npm/node_modules/bluebird/js/release/promise.js:574:18)
400 verbose stack     at Promise._settlePromise0 (/usr/local/lib/node_modules/npm/node_modules/bluebird/js/release/promise.js:619:10)
400 verbose stack     at Promise._settlePromises (/usr/local/lib/node_modules/npm/node_modules/bluebird/js/release/promise.js:699:18)
400 verbose stack     at _drainQueueStep (/usr/local/lib/node_modules/npm/node_modules/bluebird/js/release/async.js:138:12)
400 verbose stack     at _drainQueue (/usr/local/lib/node_modules/npm/node_modules/bluebird/js/release/async.js:131:9)
400 verbose stack     at Async._drainQueues (/usr/local/lib/node_modules/npm/node_modules/bluebird/js/release/async.js:147:5)
400 verbose stack     at Immediate.Async.drainQueues [as _onImmediate] (/usr/local/lib/node_modules/npm/node_modules/bluebird/js/release/async.js:17:14)
400 verbose stack     at processImmediate (internal/timers.js:456:21)
401 verbose cwd /home/theia/.cache/typescript/3.6
402 verbose Linux 5.15.90.1-microsoft-standard-WSL2
403 verbose argv "/usr/local/bin/node" "/usr/local/bin/npm" "install" "--ignore-scripts" "@types/lint-staged@ts3.6" "@types/accepts@ts3.6" "@types/argparse@ts3.6" "@types/aria-query@ts3.6" "@types/arr-diff@ts3.6" "@types/arr-union@ts3.6" "@types/array-unique@ts3.6" "@types/array.prototype.flat@ts3.6" "@types/array.prototype.flatmap@ts3.6" "@types/asap@ts3.6" "@types/assert@ts3.6" "@types/async@ts3.6" "@types/atob@ts3.6" "@types/babel-plugin-macros@ts3.6" "@types/babylon@ts3.6" "@types/balanced-match@ts3.6" "@types/big.js@ts3.6" "@types/bn.js@ts3.6" "@types/body-parser@ts3.6" "@types/bonjour@ts3.6" "@types/boolbase@ts3.6" "@types/brace-expansion@ts3.6" "@types/braces@ts3.6" "@types/brorand@ts3.6" "@types/bser@ts3.6" "@types/buffer-from@ts3.6" "@types/buffer-xor@ts3.6" "@types/bytes@ts3.6" "@types/cacache@ts3.6" "@types/call-bind@ts3.6" "@types/caniuse-api@ts3.6" "@types/caniuse-lite@ts3.6" "@types/case-sensitive-paths-webpack-plugin@ts3.6" "@types/check-types@ts3.6" "@types/chownr@ts3.6" "@types/cipher-base@ts3.6" "@types/clean-css@ts3.6" "@types/color@ts3.6" "@types/color-convert@ts3.6" "@types/color-name@ts3.6" "@types/color-string@ts3.6" "@types/combined-stream@ts3.6" "@types/common-tags@ts3.6" "@types/commondir@ts3.6" "@types/component-emitter@ts3.6" "@types/compose-function@ts3.6" "@types/compressible@ts3.6" "@types/compression@ts3.6" "@types/concat-map@ts3.6" "@types/concat-stream@ts3.6" "@types/confusing-browser-globals@ts3.6" "@types/connect-history-api-fallback@ts3.6" "@types/content-disposition@ts3.6" "@types/content-type@ts3.6" "@types/convert-source-map@ts3.6" "@types/cookie@ts3.6" "@types/cookie-signature@ts3.6" "@types/core-js@ts3.6" "@types/create-hash@ts3.6" "@types/create-hmac@ts3.6" "@types/cross-spawn@ts3.6" "@types/css@ts3.6" "@types/css-declaration-sorter@ts3.6" "@types/css-tree@ts3.6" "@types/css.escape@ts3.6" "@types/cssesc@ts3.6" "@types/csso@ts3.6" "@types/cssom@ts3.6" "@types/cssstyle@ts3.6" "@types/damerau-levenshtein@ts3.6" "@types/data-urls@ts3.6" "@types/debug@ts3.6" "@types/decode-uri-component@ts3.6" "@types/dedent@ts3.6" "@types/deep-equal@ts3.6" "@types/default-gateway@ts3.6" "@types/define-properties@ts3.6" "@types/depd@ts3.6" "@types/destroy@ts3.6" "@types/detect-node@ts3.6" "@types/diffie-hellman@ts3.6" "@types/dir-glob@ts3.6" "@types/dns-packet@ts3.6" "@types/dns-txt@ts3.6" "@types/doctrine@ts3.6" "@types/domexception@ts3.6" "@types/domutils@ts3.6" "@types/duplexify@ts3.6" "@types/ee-first@ts3.6" "@types/ejs@ts3.6" "@types/elliptic@ts3.6" "@types/encodeurl@ts3.6" "@types/end-of-stream@ts3.6" "@types/es-abstract@ts3.6" "@types/es-to-primitive@ts3.6" "@types/escape-html@ts3.6" "@types/escodegen@ts3.6" "@types/eslint-scope@ts3.6" "@types/eslint-utils@ts3.6" "@types/esprima@ts3.6" "@types/esquery@ts3.6" "@types/estraverse@ts3.6" "@types/esutils@ts3.6" "@types/etag@ts3.6" "@types/events@ts3.6" "@types/eventsource@ts3.6" "@types/exit@ts3.6" "@types/fast-levenshtein@ts3.6" "@types/fb-watchman@ts3.6" "@types/file-entry-cache@ts3.6" "@types/file-loader@ts3.6" "@types/fill-range@ts3.6" "@types/finalhandler@ts3.6" "@types/find-cache-dir@ts3.6" "@types/flat-cache@ts3.6" "@types/flush-write-stream@ts3.6" "@types/follow-redirects@ts3.6" "@types/forwarded@ts3.6" "@types/fresh@ts3.6" "@types/from2@ts3.6" "@types/fs-minipass@ts3.6" "@types/function-bind@ts3.6" "@types/functional-red-black-tree@ts3.6" "@types/gensync@ts3.6" "@types/get-intrinsic@ts3.6" "@types/get-value@ts3.6" "@types/glob-parent@ts3.6" "@types/global-modules@ts3.6" "@types/global-prefix@ts3.6" "@types/globalthis@ts3.6" "@types/gopd@ts3.6" "@types/graceful-fs@ts3.6" "@types/has@ts3.6" "@types/has-bigints@ts3.6" "@types/has-symbols@ts3.6" "@types/has-values@ts3.6" "@types/he@ts3.6" "@types/hex-color-regex@ts3.6" "@types/hosted-git-info@ts3.6" "@types/html-encoding-sniffer@ts3.6" "@types/html-escaper@ts3.6" "@types/html-minifier-terser@ts3.6" "@types/http-errors@ts3.6" "@types/http-proxy@ts3.6" "@types/icss-utils@ts3.6" "@types/iferr@ts3.6" "@types/import-local@ts3.6" "@types/imurmurhash@ts3.6" "@types/inherits@ts3.6" "@types/ini@ts3.6" "@types/internal-slot@ts3.6" "@types/ip@ts3.6" "@types/is-arguments@ts3.6" "@types/is-bigint@ts3.6" "@types/is-boolean-object@ts3.6" "@types/is-buffer@ts3.6" "@types/is-callable@ts3.6" "@types/is-ci@ts3.6" "@types/is-core-module@ts3.6" "@types/is-data-descriptor@ts3.6" "@types/is-date-object@ts3.6" "@types/is-glob@ts3.6" "@types/is-number@ts3.6" "@types/is-regex@ts3.6" "@types/is-string@ts3.6" "@types/is-symbol@ts3.6" "@types/is-typedarray@ts3.6" "@types/is-windows@ts3.6" "@types/isarray@ts3.6" "@types/isexe@ts3.6" "@types/istanbul-lib-coverage@ts3.6" "@types/istanbul-lib-instrument@ts3.6" "@types/istanbul-lib-report@ts3.6" "@types/istanbul-lib-source-maps@ts3.6" "@types/istanbul-reports@ts3.6" "@types/js-yaml@ts3.6" "@types/jsdom@ts3.6" "@types/jsesc@ts3.6" "@types/json-parse-better-errors@ts3.6" "@types/json-stable-stringify-without-jsonify@ts3.6" "@types/jsonfile@ts3.6" "@types/kind-of@ts3.6" "@types/language-tags@ts3.6" "@types/loader-runner@ts3.6" "@types/loader-utils@ts3.6" "@types/lodash@ts3.6" "@types/lodash.debounce@ts3.6" "@types/lodash.memoize@ts3.6" "@types/lodash.merge@ts3.6" "@types/lodash.template@ts3.6" "@types/lodash.truncate@ts3.6" "@types/lodash.uniq@ts3.6" "@types/media-typer@ts3.6" "--save-dev" "--user-agent=typesInstaller/3.6.3"
404 verbose node v12.18.3
405 verbose npm  v6.14.6
406 error code ETARGET
407 error notarget No matching version found for @types/call-bind@ts3.6.
408 error notarget In most cases you or one of your dependencies are requesting
408 error notarget a package version that doesn't exist.
409 verbose exit [ 1, true ]
