0 info it worked if it ends with ok
1 verbose cli [
1 verbose cli   '/usr/local/bin/node',
1 verbose cli   '/usr/local/bin/npm',
1 verbose cli   'install',
1 verbose cli   '--ignore-scripts',
1 verbose cli   '@types/memorystream@ts3.6',
1 verbose cli   '@types/merge-descriptors@ts3.6',
1 verbose cli   '@types/merge-stream@ts3.6',
1 verbose cli   '@types/merge2@ts3.6',
1 verbose cli   '@types/methods@ts3.6',
1 verbose cli   '@types/micromatch@ts3.6',
1 verbose cli   '@types/mime@ts3.6',
1 verbose cli   '@types/mime-db@ts3.6',
1 verbose cli   '@types/mime-types@ts3.6',
1 verbose cli   '@types/min-indent@ts3.6',
1 verbose cli   '@types/minimalistic-assert@ts3.6',
1 verbose cli   '@types/minimist@ts3.6',
1 verbose cli   '@types/minizlib@ts3.6',
1 verbose cli   '@types/move-concurrently@ts3.6',
1 verbose cli   '@types/ms@ts3.6',
1 verbose cli   '@types/multicast-dns@ts3.6',
1 verbose cli   '@types/natural-compare@ts3.6',
1 verbose cli   '@types/negotiator@ts3.6',
1 verbose cli   '@types/neo-async@ts3.6',
1 verbose cli   '@types/next-tick@ts3.6',
1 verbose cli   '@types/nice-try@ts3.6',
1 verbose cli   '@types/node-forge@ts3.6',
1 verbose cli   '@types/node-int64@ts3.6',
1 verbose cli   '@types/node-notifier@ts3.6',
1 verbose cli   '@types/normalize-package-data@ts3.6',
1 verbose cli   '@types/normalize-path@ts3.6',
1 verbose cli   '@types/num2fraction@ts3.6',
1 verbose cli   '@types/nwsapi@ts3.6',
1 verbose cli   '@types/object-assign@ts3.6',
1 verbose cli   '@types/object-inspect@ts3.6',
1 verbose cli   '@types/object-keys@ts3.6',
1 verbose cli   '@types/object.fromentries@ts3.6',
1 verbose cli   '@types/object.getownpropertydescriptors@ts3.6',
1 verbose cli   '@types/object.pick@ts3.6',
1 verbose cli   '@types/on-finished@ts3.6',
1 verbose cli   '@types/on-headers@ts3.6',
1 verbose cli   '@types/once@ts3.6',
1 verbose cli   '@types/optimize-css-assets-webpack-plugin@ts3.6',
1 verbose cli   '@types/pako@ts3.6',
1 verbose cli   '@types/parallel-transform@ts3.6',
1 verbose cli   '@types/parse-json@ts3.6',
1 verbose cli   '@types/parseurl@ts3.6',
1 verbose cli   '@types/pascalcase@ts3.6',
1 verbose cli   '@types/path-browserify@ts3.6',
1 verbose cli   '@types/path-is-absolute@ts3.6',
1 verbose cli   '@types/path-is-inside@ts3.6',
1 verbose cli   '@types/path-parse@ts3.6',
1 verbose cli   '@types/pbkdf2@ts3.6',
1 verbose cli   '@types/picomatch@ts3.6',
1 verbose cli   '@types/pify@ts3.6',
1 verbose cli   '@types/postcss-flexbugs-fixes@ts3.6',
1 verbose cli   '@types/postcss-gap-properties@ts3.6',
1 verbose cli   '@types/postcss-modules-extract-imports@ts3.6',
1 verbose cli   '@types/postcss-modules-local-by-default@ts3.6',
1 verbose cli   '@types/postcss-modules-scope@ts3.6',
1 verbose cli   '@types/postcss-modules-values@ts3.6',
1 verbose cli   '@types/postcss-normalize@ts3.6',
1 verbose cli   '@types/postcss-safe-parser@ts3.6',
1 verbose cli   '@types/prelude-ls@ts3.6',
1 verbose cli   '@types/prettier-linter-helpers@ts3.6',
1 verbose cli   '@types/progress@ts3.6',
1 verbose cli   '@types/promise-inflight@ts3.6',
1 verbose cli   '@types/prompts@ts3.6',
1 verbose cli   '@types/prop-types@ts3.6',
1 verbose cli   '@types/proxy-addr@ts3.6',
1 verbose cli   '@types/psl@ts3.6',
1 verbose cli   '@types/pump@ts3.6',
1 verbose cli   '@types/pumpify@ts3.6',
1 verbose cli   '@types/punycode@ts3.6',
1 verbose cli   '@types/q@ts3.6',
1 verbose cli   '@types/qs@ts3.6',
1 verbose cli   '@types/querystringify@ts3.6',
1 verbose cli   '@types/raf@ts3.6',
1 verbose cli   '@types/randombytes@ts3.6',
1 verbose cli   '@types/range-parser@ts3.6',
1 verbose cli   '@types/react-dev-utils@ts3.6',
1 verbose cli   '@types/react-is@ts3.6',
1 verbose cli   '@types/react-refresh@ts3.6',
1 verbose cli   '@types/readable-stream@ts3.6',
1 verbose cli   '@types/recursive-readdir@ts3.6',
1 verbose cli   '@types/regenerate@ts3.6',
1 verbose cli   '@types/regenerator-runtime@ts3.6',
1 verbose cli   '@types/regex-not@ts3.6',
1 verbose cli   '@types/relateurl@ts3.6',
1 verbose cli   '@types/repeat-element@ts3.6',
1 verbose cli   '@types/repeat-string@ts3.6',
1 verbose cli   '@types/require-directory@ts3.6',
1 verbose cli   '@types/require-from-string@ts3.6',
1 verbose cli   '@types/requires-port@ts3.6',
1 verbose cli   '@types/resolve@ts3.6',
1 verbose cli   '@types/retry@ts3.6',
1 verbose cli   '@types/ripemd160@ts3.6',
1 verbose cli   '@types/rsvp@ts3.6',
1 verbose cli   '@types/run-parallel@ts3.6',
1 verbose cli   '@types/safe-regex@ts3.6',
1 verbose cli   '@types/safe-regex-test@ts3.6',
1 verbose cli   ... 98 more items
1 verbose cli ]
2 info using npm@6.14.6
3 info using node@v12.18.3
4 verbose npm-session 47356249ff3ab7bf
5 silly install loadCurrentTree
6 silly install readLocalPackageData
7 http fetch GET 304 https://registry.npmjs.org/@types%2fmerge2 511ms (from cache)
8 http fetch GET 304 https://registry.npmjs.org/@types%2fmime 504ms (from cache)
9 http fetch GET 304 https://registry.npmjs.org/@types%2fmethods 509ms (from cache)
10 http fetch GET 304 https://registry.npmjs.org/@types%2fmin-indent 508ms (from cache)
11 silly pacote tag manifest for @types/mime@ts3.6 fetched in 514ms
12 silly pacote tag manifest for @types/merge2@ts3.6 fetched in 525ms
13 silly pacote tag manifest for @types/methods@ts3.6 fetched in 519ms
14 http fetch GET 304 https://registry.npmjs.org/@types%2fmerge-descriptors 532ms (from cache)
15 http fetch GET 304 https://registry.npmjs.org/@types%2fmerge-stream 533ms (from cache)
16 silly pacote tag manifest for @types/min-indent@ts3.6 fetched in 524ms
17 silly pacote tag manifest for @types/merge-descriptors@ts3.6 fetched in 557ms
18 silly pacote tag manifest for @types/merge-stream@ts3.6 fetched in 559ms
19 http fetch GET 304 https://registry.npmjs.org/@types%2fminimalistic-assert 218ms (from cache)
20 http fetch GET 304 https://registry.npmjs.org/@types%2fminimist 217ms (from cache)
21 http fetch GET 304 https://registry.npmjs.org/@types%2fmove-concurrently 210ms (from cache)
22 silly pacote tag manifest for @types/minimalistic-assert@ts3.6 fetched in 226ms
23 silly pacote tag manifest for @types/minimist@ts3.6 fetched in 224ms
24 silly pacote tag manifest for @types/move-concurrently@ts3.6 fetched in 219ms
25 http fetch GET 304 https://registry.npmjs.org/@types%2fms 198ms (from cache)
26 silly pacote tag manifest for @types/ms@ts3.6 fetched in 218ms
27 http fetch GET 304 https://registry.npmjs.org/@types%2fmicromatch 771ms (from cache)
28 silly pacote tag manifest for @types/micromatch@ts3.6 fetched in 774ms
29 http fetch GET 304 https://registry.npmjs.org/@types%2fneo-async 175ms (from cache)
30 silly registry:manifest no matching version for @types/neo-async@ts3.6 in the cache. Forcing revalidation.
31 http fetch GET 304 https://registry.npmjs.org/@types%2fnext-tick 162ms (from cache)
32 http fetch GET 304 https://registry.npmjs.org/@types%2fnice-try 159ms (from cache)
33 silly pacote tag manifest for @types/next-tick@ts3.6 fetched in 167ms
34 silly pacote tag manifest for @types/nice-try@ts3.6 fetched in 163ms
35 http fetch GET 200 https://registry.npmjs.org/@types%2fneo-async 132ms
36 silly fetchPackageMetaData error for @types/neo-async@ts3.6 No matching version found for @types/neo-async@ts3.6.
37 http fetch GET 304 https://registry.npmjs.org/@types%2fnode-int64 146ms (from cache)
38 http fetch GET 304 https://registry.npmjs.org/@types%2fnode-forge 149ms (from cache)
39 silly pacote tag manifest for @types/node-int64@ts3.6 fetched in 148ms
40 silly pacote tag manifest for @types/node-forge@ts3.6 fetched in 152ms
41 http fetch GET 304 https://registry.npmjs.org/@types%2fnormalize-package-data 146ms (from cache)
42 http fetch GET 304 https://registry.npmjs.org/@types%2fnormalize-path 146ms (from cache)
43 http fetch GET 304 https://registry.npmjs.org/@types%2fnode-notifier 176ms (from cache)
44 silly pacote tag manifest for @types/normalize-package-data@ts3.6 fetched in 149ms
45 silly pacote tag manifest for @types/normalize-path@ts3.6 fetched in 150ms
46 silly pacote tag manifest for @types/node-notifier@ts3.6 fetched in 181ms
47 http fetch GET 304 https://registry.npmjs.org/@types%2fminizlib 766ms (from cache)
48 silly pacote tag manifest for @types/minizlib@ts3.6 fetched in 769ms
49 http fetch GET 304 https://registry.npmjs.org/@types%2fnum2fraction 136ms (from cache)
50 silly pacote tag manifest for @types/num2fraction@ts3.6 fetched in 139ms
51 http fetch GET 304 https://registry.npmjs.org/@types%2fobject-assign 138ms (from cache)
52 silly pacote tag manifest for @types/object-assign@ts3.6 fetched in 140ms
53 http fetch GET 304 https://registry.npmjs.org/@types%2fobject-keys 143ms (from cache)
54 silly pacote tag manifest for @types/object-keys@ts3.6 fetched in 145ms
55 http fetch GET 304 https://registry.npmjs.org/@types%2fobject.fromentries 188ms (from cache)
56 silly pacote tag manifest for @types/object.fromentries@ts3.6 fetched in 193ms
57 http fetch GET 304 https://registry.npmjs.org/@types%2fobject.getownpropertydescriptors 131ms (from cache)
58 silly pacote tag manifest for @types/object.getownpropertydescriptors@ts3.6 fetched in 134ms
59 http fetch GET 304 https://registry.npmjs.org/@types%2fobject.pick 154ms (from cache)
60 silly pacote tag manifest for @types/object.pick@ts3.6 fetched in 158ms
61 http fetch GET 304 https://registry.npmjs.org/@types%2fon-finished 137ms (from cache)
62 silly pacote tag manifest for @types/on-finished@ts3.6 fetched in 141ms
63 http fetch GET 304 https://registry.npmjs.org/@types%2fmime-db 1875ms (from cache)
64 silly pacote tag manifest for @types/mime-db@ts3.6 fetched in 1880ms
65 http fetch GET 304 https://registry.npmjs.org/@types%2fmime-types 1900ms (from cache)
66 silly pacote tag manifest for @types/mime-types@ts3.6 fetched in 1903ms
67 http fetch GET 304 https://registry.npmjs.org/@types%2fmemorystream 1916ms (from cache)
68 silly pacote tag manifest for @types/memorystream@ts3.6 fetched in 1924ms
69 http fetch GET 304 https://registry.npmjs.org/@types%2fonce 143ms (from cache)
70 silly pacote tag manifest for @types/once@ts3.6 fetched in 145ms
71 http fetch GET 304 https://registry.npmjs.org/@types%2foptimize-css-assets-webpack-plugin 157ms (from cache)
72 http fetch GET 304 https://registry.npmjs.org/@types%2fobject-inspect 748ms (from cache)
73 silly pacote tag manifest for @types/optimize-css-assets-webpack-plugin@ts3.6 fetched in 160ms
74 http fetch GET 304 https://registry.npmjs.org/@types%2fmulticast-dns 1491ms (from cache)
75 silly pacote tag manifest for @types/object-inspect@ts3.6 fetched in 753ms
76 silly pacote tag manifest for @types/multicast-dns@ts3.6 fetched in 1501ms
77 http fetch GET 304 https://registry.npmjs.org/@types%2fparallel-transform 151ms (from cache)
78 silly pacote tag manifest for @types/parallel-transform@ts3.6 fetched in 158ms
79 http fetch GET 304 https://registry.npmjs.org/@types%2fpako 179ms (from cache)
80 silly pacote tag manifest for @types/pako@ts3.6 fetched in 183ms
81 http fetch GET 304 https://registry.npmjs.org/@types%2fparse-json 150ms (from cache)
82 silly pacote tag manifest for @types/parse-json@ts3.6 fetched in 155ms
83 http fetch GET 304 https://registry.npmjs.org/@types%2fparseurl 136ms (from cache)
84 silly pacote tag manifest for @types/parseurl@ts3.6 fetched in 139ms
85 http fetch GET 304 https://registry.npmjs.org/@types%2fpascalcase 137ms (from cache)
86 silly pacote tag manifest for @types/pascalcase@ts3.6 fetched in 140ms
87 http fetch GET 304 https://registry.npmjs.org/@types%2fpath-browserify 150ms (from cache)
88 silly registry:manifest no matching version for @types/path-browserify@ts3.6 in the cache. Forcing revalidation.
89 http fetch GET 304 https://registry.npmjs.org/@types%2fpath-is-absolute 138ms (from cache)
90 silly pacote tag manifest for @types/path-is-absolute@ts3.6 fetched in 146ms
91 http fetch GET 304 https://registry.npmjs.org/@types%2fpath-parse 125ms (from cache)
92 silly pacote tag manifest for @types/path-parse@ts3.6 fetched in 128ms
93 http fetch GET 304 https://registry.npmjs.org/@types%2fnegotiator 1532ms (from cache)
94 silly pacote tag manifest for @types/negotiator@ts3.6 fetched in 1536ms
95 http fetch GET 304 https://registry.npmjs.org/@types%2fpicomatch 128ms (from cache)
96 silly pacote tag manifest for @types/picomatch@ts3.6 fetched in 133ms
97 http fetch GET 200 https://registry.npmjs.org/@types%2fpath-browserify 136ms
98 silly fetchPackageMetaData error for @types/path-browserify@ts3.6 No matching version found for @types/path-browserify@ts3.6.
99 http fetch GET 304 https://registry.npmjs.org/@types%2fpify 141ms (from cache)
100 silly pacote tag manifest for @types/pify@ts3.6 fetched in 145ms
101 http fetch GET 304 https://registry.npmjs.org/@types%2fpostcss-flexbugs-fixes 144ms (from cache)
102 silly pacote tag manifest for @types/postcss-flexbugs-fixes@ts3.6 fetched in 147ms
103 http fetch GET 304 https://registry.npmjs.org/@types%2fpostcss-gap-properties 155ms (from cache)
104 silly pacote tag manifest for @types/postcss-gap-properties@ts3.6 fetched in 160ms
105 http fetch GET 304 https://registry.npmjs.org/@types%2fpostcss-modules-local-by-default 131ms (from cache)
106 silly pacote tag manifest for @types/postcss-modules-local-by-default@ts3.6 fetched in 134ms
107 http fetch GET 304 https://registry.npmjs.org/@types%2fpostcss-modules-scope 133ms (from cache)
108 silly pacote tag manifest for @types/postcss-modules-scope@ts3.6 fetched in 139ms
109 http fetch GET 304 https://registry.npmjs.org/@types%2fpostcss-modules-values 137ms (from cache)
110 silly pacote tag manifest for @types/postcss-modules-values@ts3.6 fetched in 142ms
111 http fetch GET 304 https://registry.npmjs.org/@types%2fpostcss-normalize 127ms (from cache)
112 silly pacote tag manifest for @types/postcss-normalize@ts3.6 fetched in 129ms
113 http fetch GET 304 https://registry.npmjs.org/@types%2fpostcss-safe-parser 147ms (from cache)
114 silly pacote tag manifest for @types/postcss-safe-parser@ts3.6 fetched in 150ms
115 http fetch GET 304 https://registry.npmjs.org/@types%2fprettier-linter-helpers 141ms (from cache)
116 silly pacote tag manifest for @types/prettier-linter-helpers@ts3.6 fetched in 145ms
117 http fetch GET 304 https://registry.npmjs.org/@types%2fprogress 189ms (from cache)
118 silly pacote tag manifest for @types/progress@ts3.6 fetched in 192ms
119 http fetch GET 304 https://registry.npmjs.org/@types%2fnwsapi 1550ms (from cache)
120 silly pacote tag manifest for @types/nwsapi@ts3.6 fetched in 1557ms
121 http fetch GET 304 https://registry.npmjs.org/@types%2fpath-is-inside 722ms (from cache)
122 http fetch GET 304 https://registry.npmjs.org/@types%2fprompts 146ms (from cache)
123 silly pacote tag manifest for @types/path-is-inside@ts3.6 fetched in 727ms
124 silly pacote tag manifest for @types/prompts@ts3.6 fetched in 153ms
125 http fetch GET 304 https://registry.npmjs.org/@types%2fprop-types 139ms (from cache)
126 silly pacote tag manifest for @types/prop-types@ts3.6 fetched in 142ms
127 http fetch GET 304 https://registry.npmjs.org/@types%2fpsl 140ms (from cache)
128 http fetch GET 304 https://registry.npmjs.org/@types%2fpump 138ms (from cache)
129 silly pacote tag manifest for @types/psl@ts3.6 fetched in 142ms
130 silly pacote tag manifest for @types/pump@ts3.6 fetched in 142ms
131 http fetch GET 304 https://registry.npmjs.org/@types%2fpunycode 158ms (from cache)
132 silly pacote tag manifest for @types/punycode@ts3.6 fetched in 161ms
133 http fetch GET 304 https://registry.npmjs.org/@types%2fnatural-compare 2378ms (from cache)
134 silly pacote tag manifest for @types/natural-compare@ts3.6 fetched in 2385ms
135 http fetch GET 304 https://registry.npmjs.org/@types%2fqs 153ms (from cache)
136 silly pacote tag manifest for @types/qs@ts3.6 fetched in 160ms
137 http fetch GET 304 https://registry.npmjs.org/@types%2fon-headers 1650ms (from cache)
138 silly pacote tag manifest for @types/on-headers@ts3.6 fetched in 1659ms
139 http fetch GET 304 https://registry.npmjs.org/@types%2fraf 130ms (from cache)
140 silly pacote tag manifest for @types/raf@ts3.6 fetched in 134ms
141 http fetch GET 304 https://registry.npmjs.org/@types%2frange-parser 156ms (from cache)
142 silly pacote tag manifest for @types/range-parser@ts3.6 fetched in 163ms
143 http fetch GET 304 https://registry.npmjs.org/@types%2freact-dev-utils 144ms (from cache)
144 silly pacote tag manifest for @types/react-dev-utils@ts3.6 fetched in 153ms
145 http fetch GET 304 https://registry.npmjs.org/@types%2fpbkdf2 1607ms (from cache)
146 silly pacote tag manifest for @types/pbkdf2@ts3.6 fetched in 1611ms
147 http fetch GET 304 https://registry.npmjs.org/@types%2freact-is 134ms (from cache)
148 silly pacote tag manifest for @types/react-is@ts3.6 fetched in 137ms
149 http fetch GET 304 https://registry.npmjs.org/@types%2freact-refresh 128ms (from cache)
150 silly registry:manifest no matching version for @types/react-refresh@ts3.6 in the cache. Forcing revalidation.
151 http fetch GET 304 https://registry.npmjs.org/@types%2freadable-stream 135ms (from cache)
152 silly pacote tag manifest for @types/readable-stream@ts3.6 fetched in 136ms
153 http fetch GET 304 https://registry.npmjs.org/@types%2frecursive-readdir 138ms (from cache)
154 silly pacote tag manifest for @types/recursive-readdir@ts3.6 fetched in 145ms
155 http fetch GET 304 https://registry.npmjs.org/@types%2fprelude-ls 1660ms (from cache)
156 silly pacote tag manifest for @types/prelude-ls@ts3.6 fetched in 1665ms
157 http fetch GET 304 https://registry.npmjs.org/@types%2fpromise-inflight 1592ms (from cache)
158 silly pacote tag manifest for @types/promise-inflight@ts3.6 fetched in 1594ms
159 http fetch GET 304 https://registry.npmjs.org/@types%2fq 1312ms (from cache)
160 silly pacote tag manifest for @types/q@ts3.6 fetched in 1317ms
161 http fetch GET 304 https://registry.npmjs.org/@types%2fregenerator-runtime 135ms (from cache)
162 silly pacote tag manifest for @types/regenerator-runtime@ts3.6 fetched in 139ms
163 http fetch GET 304 https://registry.npmjs.org/@types%2fregex-not 132ms (from cache)
164 silly registry:manifest no matching version for @types/regex-not@ts3.6 in the cache. Forcing revalidation.
165 http fetch GET 304 https://registry.npmjs.org/@types%2frelateurl 144ms (from cache)
166 silly pacote tag manifest for @types/relateurl@ts3.6 fetched in 148ms
167 http fetch GET 200 https://registry.npmjs.org/@types%2fregex-not 154ms
168 silly fetchPackageMetaData error for @types/regex-not@ts3.6 No matching version found for @types/regex-not@ts3.6.
169 http fetch GET 304 https://registry.npmjs.org/@types%2frepeat-string 153ms (from cache)
170 silly pacote tag manifest for @types/repeat-string@ts3.6 fetched in 157ms
171 http fetch GET 304 https://registry.npmjs.org/@types%2frequire-directory 138ms (from cache)
172 silly pacote tag manifest for @types/require-directory@ts3.6 fetched in 140ms
173 http fetch GET 304 https://registry.npmjs.org/@types%2frequire-from-string 132ms (from cache)
174 silly pacote tag manifest for @types/require-from-string@ts3.6 fetched in 135ms
175 http fetch GET 304 https://registry.npmjs.org/@types%2fquerystringify 1603ms (from cache)
176 silly pacote tag manifest for @types/querystringify@ts3.6 fetched in 1607ms
177 http fetch GET 304 https://registry.npmjs.org/@types%2fpostcss-modules-extract-imports 2420ms (from cache)
178 silly pacote tag manifest for @types/postcss-modules-extract-imports@ts3.6 fetched in 2423ms
179 http fetch GET 304 https://registry.npmjs.org/@types%2frequires-port 134ms (from cache)
180 silly pacote tag manifest for @types/requires-port@ts3.6 fetched in 136ms
181 http fetch GET 304 https://registry.npmjs.org/@types%2fretry 127ms (from cache)
182 silly pacote tag manifest for @types/retry@ts3.6 fetched in 130ms
183 http fetch GET 304 https://registry.npmjs.org/@types%2fresolve 167ms (from cache)
184 http fetch GET 304 https://registry.npmjs.org/@types%2fripemd160 143ms (from cache)
185 silly pacote tag manifest for @types/resolve@ts3.6 fetched in 169ms
186 silly pacote tag manifest for @types/ripemd160@ts3.6 fetched in 147ms
187 http fetch GET 304 https://registry.npmjs.org/@types%2frsvp 149ms (from cache)
188 silly pacote tag manifest for @types/rsvp@ts3.6 fetched in 151ms
189 http fetch GET 304 https://registry.npmjs.org/@types%2frandombytes 1571ms (from cache)
190 silly pacote tag manifest for @types/randombytes@ts3.6 fetched in 1574ms
191 http fetch GET 304 https://registry.npmjs.org/@types%2fsafe-regex 129ms (from cache)
192 http fetch GET 304 https://registry.npmjs.org/@types%2fsafe-regex-test 130ms (from cache)
193 silly registry:manifest no matching version for @types/safe-regex-test@ts3.6 in the cache. Forcing revalidation.
194 silly pacote tag manifest for @types/safe-regex@ts3.6 fetched in 133ms
195 http fetch GET 304 https://registry.npmjs.org/@types%2fsane 122ms (from cache)
196 silly pacote tag manifest for @types/sane@ts3.6 fetched in 124ms
197 http fetch GET 304 https://registry.npmjs.org/@types%2fsass-loader 136ms (from cache)
198 silly pacote tag manifest for @types/sass-loader@ts3.6 fetched in 139ms
199 http fetch GET 304 https://registry.npmjs.org/@types%2fproxy-addr 2411ms (from cache)
200 silly pacote tag manifest for @types/proxy-addr@ts3.6 fetched in 2414ms
201 http fetch GET 304 https://registry.npmjs.org/@types%2fsax 146ms (from cache)
202 silly pacote tag manifest for @types/sax@ts3.6 fetched in 149ms
203 http fetch GET 304 https://registry.npmjs.org/@types%2fscheduler 134ms (from cache)
204 silly pacote tag manifest for @types/scheduler@ts3.6 fetched in 137ms
205 http fetch GET 304 https://registry.npmjs.org/@types%2fpumpify 2425ms (from cache)
206 silly pacote tag manifest for @types/pumpify@ts3.6 fetched in 2429ms
207 http fetch GET 304 https://registry.npmjs.org/@types%2fselfsigned 143ms (from cache)
208 silly registry:manifest no matching version for @types/selfsigned@ts3.6 in the cache. Forcing revalidation.
209 http fetch GET 304 https://registry.npmjs.org/@types%2fsemver 135ms (from cache)
210 silly pacote tag manifest for @types/semver@ts3.6 fetched in 141ms
211 http fetch GET 200 https://registry.npmjs.org/@types%2freact-refresh 1545ms
212 silly fetchPackageMetaData error for @types/react-refresh@ts3.6 No matching version found for @types/react-refresh@ts3.6.
213 http fetch GET 304 https://registry.npmjs.org/@types%2fsend 162ms (from cache)
214 silly pacote tag manifest for @types/send@ts3.6 fetched in 170ms
215 http fetch GET 304 https://registry.npmjs.org/@types%2fserialize-javascript 137ms (from cache)
216 silly pacote tag manifest for @types/serialize-javascript@ts3.6 fetched in 140ms
217 http fetch GET 304 https://registry.npmjs.org/@types%2fserve-static 132ms (from cache)
218 silly pacote tag manifest for @types/serve-static@ts3.6 fetched in 137ms
219 http fetch GET 200 https://registry.npmjs.org/@types%2fset-blocking 139ms
220 silly fetchPackageMetaData error for @types/set-blocking@ts3.6 No matching version found for @types/set-blocking@ts3.6.
221 http fetch GET 304 https://registry.npmjs.org/@types%2fserve-index 218ms (from cache)
222 silly pacote tag manifest for @types/serve-index@ts3.6 fetched in 221ms
223 http fetch GET 304 https://registry.npmjs.org/@types%2fregenerate 1610ms (from cache)
224 silly registry:manifest no matching version for @types/regenerate@ts3.6 in the cache. Forcing revalidation.
225 http fetch GET 304 https://registry.npmjs.org/@types%2fsetimmediate 132ms (from cache)
226 silly pacote tag manifest for @types/setimmediate@ts3.6 fetched in 135ms
227 http fetch GET 304 https://registry.npmjs.org/@types%2fsha.js 136ms (from cache)
228 silly pacote tag manifest for @types/sha.js@ts3.6 fetched in 141ms
229 http fetch GET 200 https://registry.npmjs.org/@types%2fregenerate 133ms
230 silly fetchPackageMetaData error for @types/regenerate@ts3.6 No matching version found for @types/regenerate@ts3.6.
231 http fetch GET 304 https://registry.npmjs.org/@types%2fshebang-command 134ms (from cache)
232 silly pacote tag manifest for @types/shebang-command@ts3.6 fetched in 137ms
233 http fetch GET 304 https://registry.npmjs.org/@types%2fsignal-exit 138ms (from cache)
234 silly pacote tag manifest for @types/signal-exit@ts3.6 fetched in 141ms
235 http fetch GET 304 https://registry.npmjs.org/@types%2fsimple-swizzle 126ms (from cache)
236 silly registry:manifest no matching version for @types/simple-swizzle@ts3.6 in the cache. Forcing revalidation.
237 http fetch GET 304 https://registry.npmjs.org/@types%2fslice-ansi 132ms (from cache)
238 silly pacote tag manifest for @types/slice-ansi@ts3.6 fetched in 136ms
239 http fetch GET 200 https://registry.npmjs.org/@types%2fsimple-swizzle 130ms
240 silly fetchPackageMetaData error for @types/simple-swizzle@ts3.6 No matching version found for @types/simple-swizzle@ts3.6.
241 http fetch GET 304 https://registry.npmjs.org/@types%2fsockjs 161ms (from cache)
242 silly pacote tag manifest for @types/sockjs@ts3.6 fetched in 166ms
243 http fetch GET 304 https://registry.npmjs.org/@types%2fsockjs-client 150ms (from cache)
244 silly pacote tag manifest for @types/sockjs-client@ts3.6 fetched in 157ms
245 http fetch GET 304 https://registry.npmjs.org/@types%2frun-parallel 1499ms (from cache)
246 silly pacote tag manifest for @types/run-parallel@ts3.6 fetched in 1501ms
247 http fetch GET 304 https://registry.npmjs.org/@types%2fsource-map-support 154ms (from cache)
248 silly pacote tag manifest for @types/source-map-support@ts3.6 fetched in 160ms
249 http fetch GET 304 https://registry.npmjs.org/@types%2fsource-list-map 179ms (from cache)
250 silly pacote tag manifest for @types/source-list-map@ts3.6 fetched in 183ms
251 http fetch GET 200 https://registry.npmjs.org/@types%2fsafe-regex-test 1516ms
252 silly fetchPackageMetaData error for @types/safe-regex-test@ts3.6 No matching version found for @types/safe-regex-test@ts3.6.
253 http fetch GET 304 https://registry.npmjs.org/@types%2fspdx-expression-parse 137ms (from cache)
254 silly pacote tag manifest for @types/spdx-expression-parse@ts3.6 fetched in 145ms
255 http fetch GET 304 https://registry.npmjs.org/@types%2fspdy 145ms (from cache)
256 silly pacote tag manifest for @types/spdy@ts3.6 fetched in 149ms
257 http fetch GET 304 https://registry.npmjs.org/@types%2frepeat-element 2448ms (from cache)
258 silly pacote tag manifest for @types/repeat-element@ts3.6 fetched in 2452ms
259 http fetch GET 304 https://registry.npmjs.org/@types%2fsprintf-js 125ms (from cache)
260 silly pacote tag manifest for @types/sprintf-js@ts3.6 fetched in 128ms
261 http fetch GET 200 https://registry.npmjs.org/@types%2fselfsigned 1455ms
262 silly fetchPackageMetaData error for @types/selfsigned@ts3.6 No matching version found for @types/selfsigned@ts3.6.
263 http fetch GET 304 https://registry.npmjs.org/@types%2fssri 147ms (from cache)
264 silly pacote tag manifest for @types/ssri@ts3.6 fetched in 149ms
265 http fetch GET 304 https://registry.npmjs.org/@types%2fstack-utils 164ms (from cache)
266 http fetch GET 304 https://registry.npmjs.org/@types%2fstatuses 138ms (from cache)
267 silly pacote tag manifest for @types/stack-utils@ts3.6 fetched in 168ms
268 silly pacote tag manifest for @types/statuses@ts3.6 fetched in 144ms
269 http fetch GET 304 https://registry.npmjs.org/@types%2fstream-each 135ms (from cache)
270 silly pacote tag manifest for @types/stream-each@ts3.6 fetched in 140ms
271 http fetch GET 304 https://registry.npmjs.org/@types%2fstring-natural-compare 148ms (from cache)
272 http fetch GET 304 https://registry.npmjs.org/@types%2fstring.prototype.matchall 127ms (from cache)
273 silly pacote tag manifest for @types/string-natural-compare@ts3.6 fetched in 154ms
274 silly pacote tag manifest for @types/string.prototype.matchall@ts3.6 fetched in 134ms
275 http fetch GET 304 https://registry.npmjs.org/@types%2fset-value 1495ms (from cache)
276 silly pacote tag manifest for @types/set-value@ts3.6 fetched in 1499ms
277 http fetch GET 304 https://registry.npmjs.org/@types%2fstringify-object 161ms (from cache)
278 http fetch GET 304 https://registry.npmjs.org/@types%2fstrip-comments 159ms (from cache)
279 http fetch GET 304 https://registry.npmjs.org/@types%2fsprintf 709ms (from cache)
280 silly pacote tag manifest for @types/stringify-object@ts3.6 fetched in 165ms
281 silly pacote tag manifest for @types/strip-comments@ts3.6 fetched in 164ms
282 silly pacote tag manifest for @types/sprintf@ts3.6 fetched in 713ms
283 http fetch GET 304 https://registry.npmjs.org/@types%2fshell-quote 1515ms (from cache)
284 silly pacote tag manifest for @types/shell-quote@ts3.6 fetched in 1520ms
285 http fetch GET 304 https://registry.npmjs.org/@types%2fsafer-buffer 2447ms (from cache)
286 http fetch GET 304 https://registry.npmjs.org/@types%2fsvg-parser 143ms (from cache)
287 silly pacote tag manifest for @types/safer-buffer@ts3.6 fetched in 2450ms
288 silly pacote tag manifest for @types/svg-parser@ts3.6 fetched in 147ms
289 http fetch GET 304 https://registry.npmjs.org/@types%2ftapable 133ms (from cache)
290 silly pacote tag manifest for @types/tapable@ts3.6 fetched in 137ms
291 http fetch GET 304 https://registry.npmjs.org/@types%2ftar 147ms (from cache)
292 http fetch GET 304 https://registry.npmjs.org/@types%2ftest-exclude 144ms (from cache)
293 silly registry:manifest no matching version for @types/test-exclude@ts3.6 in the cache. Forcing revalidation.
294 silly pacote tag manifest for @types/tar@ts3.6 fetched in 151ms
295 http fetch GET 304 https://registry.npmjs.org/@types%2fstream-shift 743ms (from cache)
296 silly pacote tag manifest for @types/stream-shift@ts3.6 fetched in 747ms
297 http fetch GET 304 https://registry.npmjs.org/@types%2ftext-table 125ms (from cache)
298 silly pacote tag manifest for @types/text-table@ts3.6 fetched in 128ms
299 http fetch GET 200 https://registry.npmjs.org/@types%2ftest-exclude 127ms
300 silly fetchPackageMetaData error for @types/test-exclude@ts3.6 No matching version found for @types/test-exclude@ts3.6.
301 http fetch GET 304 https://registry.npmjs.org/@types%2fthrough 153ms (from cache)
302 silly pacote tag manifest for @types/through@ts3.6 fetched in 156ms
303 http fetch GET 304 https://registry.npmjs.org/@types%2fthrough2 135ms (from cache)
304 silly pacote tag manifest for @types/through2@ts3.6 fetched in 138ms
305 http fetch GET 304 https://registry.npmjs.org/@types%2fsemver-compare 2438ms (from cache)
306 silly pacote tag manifest for @types/semver-compare@ts3.6 fetched in 2441ms
307 http fetch GET 304 https://registry.npmjs.org/@types%2ftimsort 157ms (from cache)
308 silly pacote tag manifest for @types/timsort@ts3.6 fetched in 160ms
309 http fetch GET 200 https://registry.npmjs.org/@types%2fto-regex-range 163ms
310 silly fetchPackageMetaData error for @types/to-regex-range@ts3.6 No matching version found for @types/to-regex-range@ts3.6.
311 http fetch GET 304 https://registry.npmjs.org/@types%2ftmpl 202ms (from cache)
312 silly registry:manifest no matching version for @types/tmpl@ts3.6 in the cache. Forcing revalidation.
313 http fetch GET 304 https://registry.npmjs.org/@types%2fto-regex 197ms (from cache)
314 silly registry:manifest no matching version for @types/to-regex@ts3.6 in the cache. Forcing revalidation.
315 http fetch GET 304 https://registry.npmjs.org/@types%2fstrip-final-newline 773ms (from cache)
316 http fetch GET 304 https://registry.npmjs.org/@types%2fspdx-correct 1551ms (from cache)
317 silly pacote tag manifest for @types/strip-final-newline@ts3.6 fetched in 780ms
318 silly pacote tag manifest for @types/spdx-correct@ts3.6 fetched in 1555ms
319 http fetch GET 200 https://registry.npmjs.org/@types%2ftoidentifier 179ms
320 silly fetchPackageMetaData error for @types/toidentifier@ts3.6 No matching version found for @types/toidentifier@ts3.6.
321 http fetch GET 304 https://registry.npmjs.org/@types%2ftryer 177ms (from cache)
322 http fetch GET 304 https://registry.npmjs.org/@types%2ftr46 180ms (from cache)
323 silly registry:manifest no matching version for @types/tr46@ts3.6 in the cache. Forcing revalidation.
324 silly pacote tag manifest for @types/tryer@ts3.6 fetched in 186ms
325 http fetch GET 304 https://registry.npmjs.org/@types%2ftough-cookie 210ms (from cache)
326 silly pacote tag manifest for @types/tough-cookie@ts3.6 fetched in 216ms
327 http fetch GET 304 https://registry.npmjs.org/@types%2ftype-check 138ms (from cache)
328 silly pacote tag manifest for @types/type-check@ts3.6 fetched in 140ms
329 http fetch GET 304 https://registry.npmjs.org/@types%2ftype-detect 161ms (from cache)
330 http fetch GET 200 https://registry.npmjs.org/@types%2ftr46 169ms
331 silly fetchPackageMetaData error for @types/tr46@ts3.6 No matching version found for @types/tr46@ts3.6.
332 silly pacote tag manifest for @types/type-detect@ts3.6 fetched in 165ms
333 http fetch GET 304 https://registry.npmjs.org/@types%2ftype-is 197ms (from cache)
334 silly pacote tag manifest for @types/type-is@ts3.6 fetched in 201ms
335 http fetch GET 304 https://registry.npmjs.org/@types%2funiq 147ms (from cache)
336 http fetch GET 304 https://registry.npmjs.org/@types%2funbox-primitive 153ms (from cache)
337 silly registry:manifest no matching version for @types/unbox-primitive@ts3.6 in the cache. Forcing revalidation.
338 silly pacote tag manifest for @types/uniq@ts3.6 fetched in 151ms
339 http fetch GET 304 https://registry.npmjs.org/@types%2funiversalify 144ms (from cache)
340 silly pacote tag manifest for @types/universalify@ts3.6 fetched in 147ms
341 http fetch GET 200 https://registry.npmjs.org/@types%2funbox-primitive 130ms
342 silly fetchPackageMetaData error for @types/unbox-primitive@ts3.6 No matching version found for @types/unbox-primitive@ts3.6.
343 http fetch GET 304 https://registry.npmjs.org/@types%2furix 138ms (from cache)
344 silly pacote tag manifest for @types/urix@ts3.6 fetched in 142ms
345 http fetch GET 304 https://registry.npmjs.org/@types%2furl-parse 133ms (from cache)
346 silly pacote tag manifest for @types/url-parse@ts3.6 fetched in 137ms
347 http fetch GET 304 https://registry.npmjs.org/@types%2futil-deprecate 137ms (from cache)
348 silly pacote tag manifest for @types/util-deprecate@ts3.6 fetched in 149ms
349 http fetch GET 304 https://registry.npmjs.org/@types%2fsymbol-tree 1545ms (from cache)
350 silly pacote tag manifest for @types/symbol-tree@ts3.6 fetched in 1558ms
351 http fetch GET 304 https://registry.npmjs.org/@types%2fthunky 1522ms (from cache)
352 silly pacote tag manifest for @types/thunky@ts3.6 fetched in 1525ms
353 http fetch GET 304 https://registry.npmjs.org/@types%2fstrict-uri-encode 2333ms (from cache)
354 silly pacote tag manifest for @types/strict-uri-encode@ts3.6 fetched in 2342ms
355 http fetch GET 304 https://registry.npmjs.org/@types%2fvary 136ms (from cache)
356 silly pacote tag manifest for @types/vary@ts3.6 fetched in 140ms
357 http fetch GET 304 https://registry.npmjs.org/@types%2fw3c-hr-time 130ms (from cache)
358 silly pacote tag manifest for @types/w3c-hr-time@ts3.6 fetched in 137ms
359 http fetch GET 200 https://registry.npmjs.org/@types%2ftmpl 1597ms
360 silly fetchPackageMetaData error for @types/tmpl@ts3.6 No matching version found for @types/tmpl@ts3.6.
361 http fetch GET 304 https://registry.npmjs.org/@types%2fwatchpack 131ms (from cache)
362 silly pacote tag manifest for @types/watchpack@ts3.6 fetched in 134ms
363 http fetch GET 304 https://registry.npmjs.org/@types%2fsupports-color 2317ms (from cache)
364 silly pacote tag manifest for @types/supports-color@ts3.6 fetched in 2321ms
365 http fetch GET 200 https://registry.npmjs.org/@types%2ftypedarray-to-buffer 1498ms
366 silly fetchPackageMetaData error for @types/typedarray-to-buffer@ts3.6 No matching version found for @types/typedarray-to-buffer@ts3.6.
367 http fetch GET 304 https://registry.npmjs.org/@types%2fwebidl-conversions 153ms (from cache)
368 silly pacote tag manifest for @types/webidl-conversions@ts3.6 fetched in 157ms
369 http fetch GET 304 https://registry.npmjs.org/@types%2fwebpack 144ms (from cache)
370 silly pacote tag manifest for @types/webpack@ts3.6 fetched in 148ms
371 http fetch GET 304 https://registry.npmjs.org/@types%2fwebpack-sources 137ms (from cache)
372 silly pacote tag manifest for @types/webpack-sources@ts3.6 fetched in 144ms
373 http fetch GET 304 https://registry.npmjs.org/@types%2fwhatwg-encoding 177ms (from cache)
374 silly pacote tag manifest for @types/whatwg-encoding@ts3.6 fetched in 181ms
375 http fetch GET 304 https://registry.npmjs.org/@types%2fwhatwg-mimetype 160ms (from cache)
376 silly pacote tag manifest for @types/whatwg-mimetype@ts3.6 fetched in 165ms
377 http fetch GET 304 https://registry.npmjs.org/@types%2fwhatwg-url 165ms (from cache)
378 silly pacote tag manifest for @types/whatwg-url@ts3.6 fetched in 169ms
379 http fetch GET 304 https://registry.npmjs.org/@types%2fuuid 1268ms (from cache)
380 silly pacote tag manifest for @types/uuid@ts3.6 fetched in 1276ms
381 http fetch GET 304 https://registry.npmjs.org/@types%2fwhich 158ms (from cache)
382 silly pacote tag manifest for @types/which@ts3.6 fetched in 163ms
383 http fetch GET 304 https://registry.npmjs.org/@types%2fwhich-boxed-primitive 162ms (from cache)
384 silly registry:manifest no matching version for @types/which-boxed-primitive@ts3.6 in the cache. Forcing revalidation.
385 http fetch GET 304 https://registry.npmjs.org/@types%2futil.promisify 1467ms (from cache)
386 silly pacote tag manifest for @types/util.promisify@ts3.6 fetched in 1470ms
387 http fetch GET 304 https://registry.npmjs.org/@types%2fwhich-pm-runs 148ms (from cache)
388 silly pacote tag manifest for @types/which-pm-runs@ts3.6 fetched in 153ms
389 http fetch GET 304 https://registry.npmjs.org/@types%2fws 138ms (from cache)
390 silly pacote tag manifest for @types/ws@ts3.6 fetched in 144ms
391 http fetch GET 304 https://registry.npmjs.org/@types%2fvalidate-npm-package-license 1544ms (from cache)
392 silly pacote tag manifest for @types/validate-npm-package-license@ts3.6 fetched in 1549ms
393 http fetch GET 200 https://registry.npmjs.org/@types%2fto-regex 2461ms
394 silly fetchPackageMetaData error for @types/to-regex@ts3.6 No matching version found for @types/to-regex@ts3.6.
395 http fetch GET 304 https://registry.npmjs.org/@types%2fxml-name-validator 136ms (from cache)
396 silly registry:manifest no matching version for @types/xml-name-validator@ts3.6 in the cache. Forcing revalidation.
397 http fetch GET 304 https://registry.npmjs.org/@types%2fxtend 140ms (from cache)
398 silly pacote tag manifest for @types/xtend@ts3.6 fetched in 145ms
399 http fetch GET 304 https://registry.npmjs.org/@types%2fyallist 136ms (from cache)
400 silly pacote tag manifest for @types/yallist@ts3.6 fetched in 139ms
401 http fetch GET 200 https://registry.npmjs.org/@types%2fxml-name-validator 119ms
402 silly fetchPackageMetaData error for @types/xml-name-validator@ts3.6 No matching version found for @types/xml-name-validator@ts3.6.
403 http fetch GET 304 https://registry.npmjs.org/@types%2fyargs 135ms (from cache)
404 silly pacote tag manifest for @types/yargs@ts3.6 fetched in 138ms
405 http fetch GET 304 https://registry.npmjs.org/@types%2fyargs-parser 155ms (from cache)
406 silly pacote tag manifest for @types/yargs-parser@ts3.6 fetched in 158ms
407 http fetch GET 304 https://registry.npmjs.org/@types%2fw3c-xmlserializer 1618ms (from cache)
408 silly pacote tag manifest for @types/w3c-xmlserializer@ts3.6 fetched in 1622ms
409 http fetch GET 304 https://registry.npmjs.org/@types%2futils-merge 2469ms (from cache)
410 silly pacote tag manifest for @types/utils-merge@ts3.6 fetched in 2474ms
411 http fetch GET 304 https://registry.npmjs.org/@types%2fwebpack-manifest-plugin 1569ms (from cache)
412 silly pacote tag manifest for @types/webpack-manifest-plugin@ts3.6 fetched in 1572ms
413 http fetch GET 304 https://registry.npmjs.org/@types%2fwrap-ansi 1521ms (from cache)
414 silly pacote tag manifest for @types/wrap-ansi@ts3.6 fetched in 1526ms
415 http fetch GET 304 https://registry.npmjs.org/@types%2fwrite-file-atomic 1520ms (from cache)
416 silly pacote tag manifest for @types/write-file-atomic@ts3.6 fetched in 1525ms
417 http fetch GET 304 https://registry.npmjs.org/@types%2fworkbox-sw 2309ms (from cache)
418 silly pacote tag manifest for @types/workbox-sw@ts3.6 fetched in 2314ms
419 http fetch GET 200 https://registry.npmjs.org/@types%2fwhich-boxed-primitive 2396ms
420 silly fetchPackageMetaData error for @types/which-boxed-primitive@ts3.6 No matching version found for @types/which-boxed-primitive@ts3.6.
421 timing stage:rollbackFailedOptional Completed in 1ms
422 timing stage:runTopLevelLifecycles Completed in 12648ms
423 verbose type tag
424 verbose stack @types/neo-async: No matching version found for @types/neo-async@ts3.6.
424 verbose stack     at pickManifest (/usr/local/lib/node_modules/npm/node_modules/npm-pick-manifest/index.js:122:13)
424 verbose stack     at /usr/local/lib/node_modules/npm/node_modules/pacote/lib/fetchers/registry/manifest.js:43:18
424 verbose stack     at tryCatcher (/usr/local/lib/node_modules/npm/node_modules/bluebird/js/release/util.js:16:23)
424 verbose stack     at Promise._settlePromiseFromHandler (/usr/local/lib/node_modules/npm/node_modules/bluebird/js/release/promise.js:517:31)
424 verbose stack     at Promise._settlePromise (/usr/local/lib/node_modules/npm/node_modules/bluebird/js/release/promise.js:574:18)
424 verbose stack     at Promise._settlePromise0 (/usr/local/lib/node_modules/npm/node_modules/bluebird/js/release/promise.js:619:10)
424 verbose stack     at Promise._settlePromises (/usr/local/lib/node_modules/npm/node_modules/bluebird/js/release/promise.js:699:18)
424 verbose stack     at _drainQueueStep (/usr/local/lib/node_modules/npm/node_modules/bluebird/js/release/async.js:138:12)
424 verbose stack     at _drainQueue (/usr/local/lib/node_modules/npm/node_modules/bluebird/js/release/async.js:131:9)
424 verbose stack     at Async._drainQueues (/usr/local/lib/node_modules/npm/node_modules/bluebird/js/release/async.js:147:5)
424 verbose stack     at Immediate.Async.drainQueues [as _onImmediate] (/usr/local/lib/node_modules/npm/node_modules/bluebird/js/release/async.js:17:14)
424 verbose stack     at processImmediate (internal/timers.js:456:21)
425 verbose cwd /home/theia/.cache/typescript/3.6
426 verbose Linux 5.15.90.1-microsoft-standard-WSL2
427 verbose argv "/usr/local/bin/node" "/usr/local/bin/npm" "install" "--ignore-scripts" "@types/memorystream@ts3.6" "@types/merge-descriptors@ts3.6" "@types/merge-stream@ts3.6" "@types/merge2@ts3.6" "@types/methods@ts3.6" "@types/micromatch@ts3.6" "@types/mime@ts3.6" "@types/mime-db@ts3.6" "@types/mime-types@ts3.6" "@types/min-indent@ts3.6" "@types/minimalistic-assert@ts3.6" "@types/minimist@ts3.6" "@types/minizlib@ts3.6" "@types/move-concurrently@ts3.6" "@types/ms@ts3.6" "@types/multicast-dns@ts3.6" "@types/natural-compare@ts3.6" "@types/negotiator@ts3.6" "@types/neo-async@ts3.6" "@types/next-tick@ts3.6" "@types/nice-try@ts3.6" "@types/node-forge@ts3.6" "@types/node-int64@ts3.6" "@types/node-notifier@ts3.6" "@types/normalize-package-data@ts3.6" "@types/normalize-path@ts3.6" "@types/num2fraction@ts3.6" "@types/nwsapi@ts3.6" "@types/object-assign@ts3.6" "@types/object-inspect@ts3.6" "@types/object-keys@ts3.6" "@types/object.fromentries@ts3.6" "@types/object.getownpropertydescriptors@ts3.6" "@types/object.pick@ts3.6" "@types/on-finished@ts3.6" "@types/on-headers@ts3.6" "@types/once@ts3.6" "@types/optimize-css-assets-webpack-plugin@ts3.6" "@types/pako@ts3.6" "@types/parallel-transform@ts3.6" "@types/parse-json@ts3.6" "@types/parseurl@ts3.6" "@types/pascalcase@ts3.6" "@types/path-browserify@ts3.6" "@types/path-is-absolute@ts3.6" "@types/path-is-inside@ts3.6" "@types/path-parse@ts3.6" "@types/pbkdf2@ts3.6" "@types/picomatch@ts3.6" "@types/pify@ts3.6" "@types/postcss-flexbugs-fixes@ts3.6" "@types/postcss-gap-properties@ts3.6" "@types/postcss-modules-extract-imports@ts3.6" "@types/postcss-modules-local-by-default@ts3.6" "@types/postcss-modules-scope@ts3.6" "@types/postcss-modules-values@ts3.6" "@types/postcss-normalize@ts3.6" "@types/postcss-safe-parser@ts3.6" "@types/prelude-ls@ts3.6" "@types/prettier-linter-helpers@ts3.6" "@types/progress@ts3.6" "@types/promise-inflight@ts3.6" "@types/prompts@ts3.6" "@types/prop-types@ts3.6" "@types/proxy-addr@ts3.6" "@types/psl@ts3.6" "@types/pump@ts3.6" "@types/pumpify@ts3.6" "@types/punycode@ts3.6" "@types/q@ts3.6" "@types/qs@ts3.6" "@types/querystringify@ts3.6" "@types/raf@ts3.6" "@types/randombytes@ts3.6" "@types/range-parser@ts3.6" "@types/react-dev-utils@ts3.6" "@types/react-is@ts3.6" "@types/react-refresh@ts3.6" "@types/readable-stream@ts3.6" "@types/recursive-readdir@ts3.6" "@types/regenerate@ts3.6" "@types/regenerator-runtime@ts3.6" "@types/regex-not@ts3.6" "@types/relateurl@ts3.6" "@types/repeat-element@ts3.6" "@types/repeat-string@ts3.6" "@types/require-directory@ts3.6" "@types/require-from-string@ts3.6" "@types/requires-port@ts3.6" "@types/resolve@ts3.6" "@types/retry@ts3.6" "@types/ripemd160@ts3.6" "@types/rsvp@ts3.6" "@types/run-parallel@ts3.6" "@types/safe-regex@ts3.6" "@types/safe-regex-test@ts3.6" "@types/safer-buffer@ts3.6" "@types/sane@ts3.6" "@types/sass-loader@ts3.6" "@types/sax@ts3.6" "@types/scheduler@ts3.6" "@types/selfsigned@ts3.6" "@types/semver@ts3.6" "@types/semver-compare@ts3.6" "@types/send@ts3.6" "@types/serialize-javascript@ts3.6" "@types/serve-index@ts3.6" "@types/serve-static@ts3.6" "@types/set-blocking@ts3.6" "@types/set-value@ts3.6" "@types/setimmediate@ts3.6" "@types/sha.js@ts3.6" "@types/shebang-command@ts3.6" "@types/shell-quote@ts3.6" "@types/signal-exit@ts3.6" "@types/simple-swizzle@ts3.6" "@types/slice-ansi@ts3.6" "@types/sockjs@ts3.6" "@types/sockjs-client@ts3.6" "@types/source-list-map@ts3.6" "@types/source-map-support@ts3.6" "@types/spdx-correct@ts3.6" "@types/spdx-expression-parse@ts3.6" "@types/spdy@ts3.6" "@types/sprintf@ts3.6" "@types/sprintf-js@ts3.6" "@types/ssri@ts3.6" "@types/stack-utils@ts3.6" "@types/statuses@ts3.6" "@types/stream-each@ts3.6" "@types/stream-shift@ts3.6" "@types/strict-uri-encode@ts3.6" "@types/string-natural-compare@ts3.6" "@types/string.prototype.matchall@ts3.6" "@types/stringify-object@ts3.6" "@types/strip-comments@ts3.6" "@types/strip-final-newline@ts3.6" "@types/supports-color@ts3.6" "@types/svg-parser@ts3.6" "@types/symbol-tree@ts3.6" "@types/tapable@ts3.6" "@types/tar@ts3.6" "@types/test-exclude@ts3.6" "@types/text-table@ts3.6" "@types/through@ts3.6" "@types/through2@ts3.6" "@types/thunky@ts3.6" "@types/timsort@ts3.6" "@types/tmpl@ts3.6" "@types/to-regex@ts3.6" "@types/to-regex-range@ts3.6" "@types/toidentifier@ts3.6" "@types/tough-cookie@ts3.6" "@types/tr46@ts3.6" "@types/tryer@ts3.6" "@types/type-check@ts3.6" "@types/type-detect@ts3.6" "@types/type-is@ts3.6" "@types/typedarray-to-buffer@ts3.6" "@types/unbox-primitive@ts3.6" "@types/uniq@ts3.6" "@types/universalify@ts3.6" "@types/urix@ts3.6" "@types/url-parse@ts3.6" "@types/util-deprecate@ts3.6" "@types/util.promisify@ts3.6" "@types/utils-merge@ts3.6" "@types/uuid@ts3.6" "@types/validate-npm-package-license@ts3.6" "@types/vary@ts3.6" "@types/w3c-hr-time@ts3.6" "@types/w3c-xmlserializer@ts3.6" "@types/watchpack@ts3.6" "@types/webidl-conversions@ts3.6" "@types/webpack@ts3.6" "@types/webpack-manifest-plugin@ts3.6" "@types/webpack-sources@ts3.6" "@types/whatwg-encoding@ts3.6" "@types/whatwg-mimetype@ts3.6" "@types/whatwg-url@ts3.6" "@types/which@ts3.6" "@types/which-boxed-primitive@ts3.6" "@types/which-pm-runs@ts3.6" "@types/workbox-sw@ts3.6" "@types/wrap-ansi@ts3.6" "@types/write-file-atomic@ts3.6" "@types/ws@ts3.6" "@types/xml-name-validator@ts3.6" "@types/xtend@ts3.6" "@types/yallist@ts3.6" "@types/yargs@ts3.6" "@types/yargs-parser@ts3.6" "--save-dev" "--user-agent=typesInstaller/3.6.3"
428 verbose node v12.18.3
429 verbose npm  v6.14.6
430 error code ETARGET
431 error notarget No matching version found for @types/neo-async@ts3.6.
432 error notarget In most cases you or one of your dependencies are requesting
432 error notarget a package version that doesn't exist.
433 verbose exit [ 1, true ]
